ARM GAS  C:\Users\Alan\AppData\Local\Temp\cc069I1E.s 			page 1


   1              		.cpu cortex-m0plus
   2              		.fpu softvfp
   3              		.eabi_attribute 20, 1
   4              		.eabi_attribute 21, 1
   5              		.eabi_attribute 23, 3
   6              		.eabi_attribute 24, 1
   7              		.eabi_attribute 25, 1
   8              		.eabi_attribute 26, 1
   9              		.eabi_attribute 30, 1
  10              		.eabi_attribute 34, 0
  11              		.eabi_attribute 18, 4
  12              		.code	16
  13              		.file	"main.c"
  14              		.text
  15              	.Ltext0:
  16              		.cfi_sections	.debug_frame
  17              		.section	.text.main,"ax",%progbits
  18              		.align	2
  19              		.global	main
  20              		.code	16
  21              		.thumb_func
  22              		.type	main, %function
  23              	main:
  24              	.LFB35:
  25              		.file 1 ".\\main.c"
   1:.\main.c      **** 
   2:.\main.c      **** #include <project.h>
   3:.\main.c      **** 
   4:.\main.c      **** #define LED_OFF 1
   5:.\main.c      **** #define LED_ON 0
   6:.\main.c      **** 
   7:.\main.c      **** int main()
   8:.\main.c      **** {
  26              		.loc 1 8 0
  27              		.cfi_startproc
  28 0000 10B5     		push	{r4, lr}
  29              		.cfi_def_cfa_offset 8
  30              		.cfi_offset 4, -8
  31              		.cfi_offset 14, -4
   9:.\main.c      ****     CyGlobalIntEnable; 
  32              		.loc 1 9 0
  33              	@ 9 ".\main.c" 1
  34 0002 62B6     		CPSIE   i
  35              	@ 0 "" 2
  10:.\main.c      ****     capsense_Start();
  36              		.loc 1 10 0
  37              		.code	16
  38 0004 FFF7FEFF 		bl	capsense_Start
  39              	.LVL0:
  11:.\main.c      ****     capsense_InitializeAllBaselines();
  40              		.loc 1 11 0
  41 0008 FFF7FEFF 		bl	capsense_InitializeAllBaselines
  42              	.LVL1:
  12:.\main.c      ****     uart_Start();
  43              		.loc 1 12 0
  44 000c FFF7FEFF 		bl	uart_Start
  45              	.LVL2:
ARM GAS  C:\Users\Alan\AppData\Local\Temp\cc069I1E.s 			page 2


  46              	.L14:
  13:.\main.c      ****    
  14:.\main.c      ****     for(;;)
  15:.\main.c      ****     {
  16:.\main.c      ****         if(!capsense_IsBusy()) {
  47              		.loc 1 16 0
  48 0010 FFF7FEFF 		bl	capsense_IsBusy
  49              	.LVL3:
  50 0014 0028     		cmp	r0, #0
  51 0016 50D1     		bne	.L2
  52              	.LBB2:
  17:.\main.c      ****             capsense_ProcessAllWidgets();
  53              		.loc 1 17 0
  54 0018 FFF7FEFF 		bl	capsense_ProcessAllWidgets
  55              	.LVL4:
  18:.\main.c      ****             uint32 rval = capsense_GetCentroidPos(capsense_LINEARSLIDER0_WDGT_ID);
  56              		.loc 1 18 0
  57 001c 0020     		mov	r0, #0
  58 001e FFF7FEFF 		bl	capsense_GetCentroidPos
  59              	.LVL5:
  60 0022 041E     		sub	r4, r0, #0
  61              	.LVL6:
  19:.\main.c      ****             if(rval !=0xFFFF)
  62              		.loc 1 19 0
  63 0024 2B4B     		ldr	r3, .L16
  64 0026 9C42     		cmp	r4, r3
  65 0028 2DD0     		beq	.L3
  20:.\main.c      ****             {
  21:.\main.c      ****                 // the 10,30,50,70,90 were found empiracally to "feel" right
  22:.\main.c      ****                 (rval>10?led0_Write(LED_ON):led0_Write(LED_OFF));
  66              		.loc 1 22 0
  67 002a 0A28     		cmp	r0, #10
  68 002c 03D9     		bls	.L4
  69              		.loc 1 22 0 is_stmt 0 discriminator 1
  70 002e 0020     		mov	r0, #0
  71              	.LVL7:
  72 0030 FFF7FEFF 		bl	led0_Write
  73              	.LVL8:
  74 0034 02E0     		b	.L5
  75              	.LVL9:
  76              	.L4:
  77              		.loc 1 22 0 discriminator 2
  78 0036 0120     		mov	r0, #1
  79              	.LVL10:
  80 0038 FFF7FEFF 		bl	led0_Write
  81              	.LVL11:
  82              	.L5:
  23:.\main.c      ****                 (rval>30?led1_Write(LED_ON):led1_Write(LED_OFF));
  83              		.loc 1 23 0 is_stmt 1
  84 003c 1E2C     		cmp	r4, #30
  85 003e 03D9     		bls	.L6
  86              		.loc 1 23 0 is_stmt 0 discriminator 1
  87 0040 0020     		mov	r0, #0
  88 0042 FFF7FEFF 		bl	led1_Write
  89              	.LVL12:
  90 0046 02E0     		b	.L7
  91              	.L6:
ARM GAS  C:\Users\Alan\AppData\Local\Temp\cc069I1E.s 			page 3


  92              		.loc 1 23 0 discriminator 2
  93 0048 0120     		mov	r0, #1
  94 004a FFF7FEFF 		bl	led1_Write
  95              	.LVL13:
  96              	.L7:
  24:.\main.c      ****                 (rval>50?led2_Write(LED_ON):led2_Write(LED_OFF));
  97              		.loc 1 24 0 is_stmt 1
  98 004e 322C     		cmp	r4, #50
  99 0050 03D9     		bls	.L8
 100              		.loc 1 24 0 is_stmt 0 discriminator 1
 101 0052 0020     		mov	r0, #0
 102 0054 FFF7FEFF 		bl	led2_Write
 103              	.LVL14:
 104 0058 02E0     		b	.L9
 105              	.L8:
 106              		.loc 1 24 0 discriminator 2
 107 005a 0120     		mov	r0, #1
 108 005c FFF7FEFF 		bl	led2_Write
 109              	.LVL15:
 110              	.L9:
  25:.\main.c      ****                 (rval>70?led3_Write(LED_ON):led3_Write(LED_OFF));
 111              		.loc 1 25 0 is_stmt 1
 112 0060 462C     		cmp	r4, #70
 113 0062 03D9     		bls	.L10
 114              		.loc 1 25 0 is_stmt 0 discriminator 1
 115 0064 0020     		mov	r0, #0
 116 0066 FFF7FEFF 		bl	led3_Write
 117              	.LVL16:
 118 006a 02E0     		b	.L11
 119              	.L10:
 120              		.loc 1 25 0 discriminator 2
 121 006c 0120     		mov	r0, #1
 122 006e FFF7FEFF 		bl	led3_Write
 123              	.LVL17:
 124              	.L11:
  26:.\main.c      ****                 (rval>90?led4_Write(LED_ON):led4_Write(LED_OFF));
 125              		.loc 1 26 0 is_stmt 1
 126 0072 5A2C     		cmp	r4, #90
 127 0074 03D9     		bls	.L12
 128              		.loc 1 26 0 is_stmt 0 discriminator 1
 129 0076 0020     		mov	r0, #0
 130 0078 FFF7FEFF 		bl	led4_Write
 131              	.LVL18:
 132 007c 12E0     		b	.L13
 133              	.L12:
 134              		.loc 1 26 0 discriminator 2
 135 007e 0120     		mov	r0, #1
 136 0080 FFF7FEFF 		bl	led4_Write
 137              	.LVL19:
 138 0084 0EE0     		b	.L13
 139              	.LVL20:
 140              	.L3:
  27:.\main.c      ****             }
  28:.\main.c      ****             else
  29:.\main.c      ****             {
  30:.\main.c      ****                 led0_Write(LED_OFF); 
 141              		.loc 1 30 0 is_stmt 1
ARM GAS  C:\Users\Alan\AppData\Local\Temp\cc069I1E.s 			page 4


 142 0086 0120     		mov	r0, #1
 143              	.LVL21:
 144 0088 FFF7FEFF 		bl	led0_Write
 145              	.LVL22:
  31:.\main.c      ****                 led1_Write(LED_OFF);
 146              		.loc 1 31 0
 147 008c 0120     		mov	r0, #1
 148 008e FFF7FEFF 		bl	led1_Write
 149              	.LVL23:
  32:.\main.c      ****                 led2_Write(LED_OFF);
 150              		.loc 1 32 0
 151 0092 0120     		mov	r0, #1
 152 0094 FFF7FEFF 		bl	led2_Write
 153              	.LVL24:
  33:.\main.c      ****                 led3_Write(LED_OFF);
 154              		.loc 1 33 0
 155 0098 0120     		mov	r0, #1
 156 009a FFF7FEFF 		bl	led3_Write
 157              	.LVL25:
  34:.\main.c      ****                 led4_Write(LED_OFF);    
 158              		.loc 1 34 0
 159 009e 0120     		mov	r0, #1
 160 00a0 FFF7FEFF 		bl	led4_Write
 161              	.LVL26:
 162              	.L13:
  35:.\main.c      ****             }
  36:.\main.c      ****             capsense_UpdateAllBaselines();
 163              		.loc 1 36 0
 164 00a4 FFF7FEFF 		bl	capsense_UpdateAllBaselines
 165              	.LVL27:
  37:.\main.c      ****             capsense_ScanAllWidgets();
 166              		.loc 1 37 0
 167 00a8 FFF7FEFF 		bl	capsense_ScanAllWidgets
 168              	.LVL28:
  38:.\main.c      ****             if(!uart_SpiUartGetTxBufferSize())
 169              		.loc 1 38 0
 170 00ac FFF7FEFF 		bl	uart_SpiUartGetTxBufferSize
 171              	.LVL29:
 172 00b0 0028     		cmp	r0, #0
 173 00b2 02D1     		bne	.L2
  39:.\main.c      ****                 uart_SpiUartWriteTxData(rval);
 174              		.loc 1 39 0
 175 00b4 201C     		mov	r0, r4
 176 00b6 FFF7FEFF 		bl	uart_SpiUartWriteTxData
 177              	.LVL30:
 178              	.L2:
 179              	.LBE2:
  40:.\main.c      ****         }  
  41:.\main.c      ****         if(uart_SpiUartGetRxBufferSize())
 180              		.loc 1 41 0
 181 00ba FFF7FEFF 		bl	uart_SpiUartGetRxBufferSize
 182              	.LVL31:
 183 00be 0028     		cmp	r0, #0
 184 00c0 A6D0     		beq	.L14
  42:.\main.c      ****             blue_Write(!uart_SpiUartReadRxData());
 185              		.loc 1 42 0
 186 00c2 FFF7FEFF 		bl	uart_SpiUartReadRxData
ARM GAS  C:\Users\Alan\AppData\Local\Temp\cc069I1E.s 			page 5


 187              	.LVL32:
 188 00c6 4342     		neg	r3, r0
 189 00c8 5841     		adc	r0, r0, r3
 190 00ca C0B2     		uxtb	r0, r0
 191 00cc FFF7FEFF 		bl	blue_Write
 192              	.LVL33:
 193 00d0 9EE7     		b	.L14
 194              	.L17:
 195 00d2 C046     		.align	2
 196              	.L16:
 197 00d4 FFFF0000 		.word	65535
 198              		.cfi_endproc
 199              	.LFE35:
 200              		.size	main, .-main
 201              		.text
 202              	.Letext0:
 203              		.file 2 "Generated_Source\\PSoC4/cytypes.h"
 204              		.file 3 "Generated_Source\\PSoC4/led0.h"
 205              		.file 4 "Generated_Source\\PSoC4/led1.h"
 206              		.file 5 "Generated_Source\\PSoC4/led2.h"
 207              		.file 6 "Generated_Source\\PSoC4/led3.h"
 208              		.file 7 "Generated_Source\\PSoC4/led4.h"
 209              		.file 8 "Generated_Source\\PSoC4/capsense_Control.h"
 210              		.file 9 "Generated_Source\\PSoC4/capsense_Filter.h"
 211              		.file 10 "Generated_Source\\PSoC4/capsense_Sensing.h"
 212              		.file 11 "Generated_Source\\PSoC4/uart_SPI_UART.h"
 213              		.file 12 "Generated_Source\\PSoC4/uart.h"
 214              		.file 13 "Generated_Source\\PSoC4/capsense_Structure.h"
 215              		.file 14 "Generated_Source\\PSoC4/blue.h"
 216              		.section	.debug_info,"",%progbits
 217              	.Ldebug_info0:
 218 0000 75030000 		.4byte	0x375
 219 0004 0400     		.2byte	0x4
 220 0006 00000000 		.4byte	.Ldebug_abbrev0
 221 000a 04       		.byte	0x4
 222 000b 01       		.uleb128 0x1
 223 000c E4010000 		.4byte	.LASF32
 224 0010 01       		.byte	0x1
 225 0011 CC000000 		.4byte	.LASF33
 226 0015 B4020000 		.4byte	.LASF34
 227 0019 00000000 		.4byte	.Ldebug_ranges0+0
 228 001d 00000000 		.4byte	0
 229 0021 00000000 		.4byte	.Ldebug_line0
 230 0025 02       		.uleb128 0x2
 231 0026 01       		.byte	0x1
 232 0027 06       		.byte	0x6
 233 0028 0B000000 		.4byte	.LASF0
 234 002c 02       		.uleb128 0x2
 235 002d 01       		.byte	0x1
 236 002e 08       		.byte	0x8
 237 002f 47000000 		.4byte	.LASF1
 238 0033 02       		.uleb128 0x2
 239 0034 02       		.byte	0x2
 240 0035 05       		.byte	0x5
 241 0036 96010000 		.4byte	.LASF2
 242 003a 02       		.uleb128 0x2
 243 003b 02       		.byte	0x2
ARM GAS  C:\Users\Alan\AppData\Local\Temp\cc069I1E.s 			page 6


 244 003c 07       		.byte	0x7
 245 003d 92000000 		.4byte	.LASF3
 246 0041 02       		.uleb128 0x2
 247 0042 04       		.byte	0x4
 248 0043 05       		.byte	0x5
 249 0044 2D000000 		.4byte	.LASF4
 250 0048 02       		.uleb128 0x2
 251 0049 04       		.byte	0x4
 252 004a 07       		.byte	0x7
 253 004b 60000000 		.4byte	.LASF5
 254 004f 02       		.uleb128 0x2
 255 0050 08       		.byte	0x8
 256 0051 05       		.byte	0x5
 257 0052 67010000 		.4byte	.LASF6
 258 0056 02       		.uleb128 0x2
 259 0057 08       		.byte	0x8
 260 0058 07       		.byte	0x7
 261 0059 2F010000 		.4byte	.LASF7
 262 005d 03       		.uleb128 0x3
 263 005e 04       		.byte	0x4
 264 005f 05       		.byte	0x5
 265 0060 696E7400 		.ascii	"int\000"
 266 0064 02       		.uleb128 0x2
 267 0065 04       		.byte	0x4
 268 0066 07       		.byte	0x7
 269 0067 22010000 		.4byte	.LASF8
 270 006b 04       		.uleb128 0x4
 271 006c C7010000 		.4byte	.LASF9
 272 0070 02       		.byte	0x2
 273 0071 9201     		.2byte	0x192
 274 0073 2C000000 		.4byte	0x2c
 275 0077 04       		.uleb128 0x4
 276 0078 0B010000 		.4byte	.LASF10
 277 007c 02       		.byte	0x2
 278 007d 9401     		.2byte	0x194
 279 007f 48000000 		.4byte	0x48
 280 0083 02       		.uleb128 0x2
 281 0084 04       		.byte	0x4
 282 0085 04       		.byte	0x4
 283 0086 41000000 		.4byte	.LASF11
 284 008a 02       		.uleb128 0x2
 285 008b 08       		.byte	0x8
 286 008c 04       		.byte	0x4
 287 008d D5000000 		.4byte	.LASF12
 288 0091 02       		.uleb128 0x2
 289 0092 01       		.byte	0x1
 290 0093 08       		.byte	0x8
 291 0094 75010000 		.4byte	.LASF13
 292 0098 04       		.uleb128 0x4
 293 0099 02010000 		.4byte	.LASF14
 294 009d 02       		.byte	0x2
 295 009e 3402     		.2byte	0x234
 296 00a0 48000000 		.4byte	0x48
 297 00a4 02       		.uleb128 0x2
 298 00a5 04       		.byte	0x4
 299 00a6 07       		.byte	0x7
 300 00a7 5E010000 		.4byte	.LASF15
ARM GAS  C:\Users\Alan\AppData\Local\Temp\cc069I1E.s 			page 7


 301 00ab 05       		.uleb128 0x5
 302 00ac E1000000 		.4byte	.LASF35
 303 00b0 01       		.byte	0x1
 304 00b1 07       		.byte	0x7
 305 00b2 5D000000 		.4byte	0x5d
 306 00b6 00000000 		.4byte	.LFB35
 307 00ba D8000000 		.4byte	.LFE35-.LFB35
 308 00be 01       		.uleb128 0x1
 309 00bf 9C       		.byte	0x9c
 310 00c0 85020000 		.4byte	0x285
 311 00c4 06       		.uleb128 0x6
 312 00c5 18000000 		.4byte	.LBB2
 313 00c9 A2000000 		.4byte	.LBE2-.LBB2
 314 00cd 45020000 		.4byte	0x245
 315 00d1 07       		.uleb128 0x7
 316 00d2 DC000000 		.4byte	.LASF36
 317 00d6 01       		.byte	0x1
 318 00d7 12       		.byte	0x12
 319 00d8 77000000 		.4byte	0x77
 320 00dc 00000000 		.4byte	.LLST0
 321 00e0 08       		.uleb128 0x8
 322 00e1 1C000000 		.4byte	.LVL4
 323 00e5 85020000 		.4byte	0x285
 324 00e9 09       		.uleb128 0x9
 325 00ea 22000000 		.4byte	.LVL5
 326 00ee 90020000 		.4byte	0x290
 327 00f2 FC000000 		.4byte	0xfc
 328 00f6 0A       		.uleb128 0xa
 329 00f7 01       		.uleb128 0x1
 330 00f8 50       		.byte	0x50
 331 00f9 01       		.uleb128 0x1
 332 00fa 30       		.byte	0x30
 333 00fb 00       		.byte	0
 334 00fc 09       		.uleb128 0x9
 335 00fd 34000000 		.4byte	.LVL8
 336 0101 A6020000 		.4byte	0x2a6
 337 0105 0F010000 		.4byte	0x10f
 338 0109 0A       		.uleb128 0xa
 339 010a 01       		.uleb128 0x1
 340 010b 50       		.byte	0x50
 341 010c 01       		.uleb128 0x1
 342 010d 30       		.byte	0x30
 343 010e 00       		.byte	0
 344 010f 09       		.uleb128 0x9
 345 0110 3C000000 		.4byte	.LVL11
 346 0114 A6020000 		.4byte	0x2a6
 347 0118 22010000 		.4byte	0x122
 348 011c 0A       		.uleb128 0xa
 349 011d 01       		.uleb128 0x1
 350 011e 50       		.byte	0x50
 351 011f 01       		.uleb128 0x1
 352 0120 31       		.byte	0x31
 353 0121 00       		.byte	0
 354 0122 09       		.uleb128 0x9
 355 0123 46000000 		.4byte	.LVL12
 356 0127 B7020000 		.4byte	0x2b7
 357 012b 35010000 		.4byte	0x135
ARM GAS  C:\Users\Alan\AppData\Local\Temp\cc069I1E.s 			page 8


 358 012f 0A       		.uleb128 0xa
 359 0130 01       		.uleb128 0x1
 360 0131 50       		.byte	0x50
 361 0132 01       		.uleb128 0x1
 362 0133 30       		.byte	0x30
 363 0134 00       		.byte	0
 364 0135 09       		.uleb128 0x9
 365 0136 4E000000 		.4byte	.LVL13
 366 013a B7020000 		.4byte	0x2b7
 367 013e 48010000 		.4byte	0x148
 368 0142 0A       		.uleb128 0xa
 369 0143 01       		.uleb128 0x1
 370 0144 50       		.byte	0x50
 371 0145 01       		.uleb128 0x1
 372 0146 31       		.byte	0x31
 373 0147 00       		.byte	0
 374 0148 09       		.uleb128 0x9
 375 0149 58000000 		.4byte	.LVL14
 376 014d C8020000 		.4byte	0x2c8
 377 0151 5B010000 		.4byte	0x15b
 378 0155 0A       		.uleb128 0xa
 379 0156 01       		.uleb128 0x1
 380 0157 50       		.byte	0x50
 381 0158 01       		.uleb128 0x1
 382 0159 30       		.byte	0x30
 383 015a 00       		.byte	0
 384 015b 09       		.uleb128 0x9
 385 015c 60000000 		.4byte	.LVL15
 386 0160 C8020000 		.4byte	0x2c8
 387 0164 6E010000 		.4byte	0x16e
 388 0168 0A       		.uleb128 0xa
 389 0169 01       		.uleb128 0x1
 390 016a 50       		.byte	0x50
 391 016b 01       		.uleb128 0x1
 392 016c 31       		.byte	0x31
 393 016d 00       		.byte	0
 394 016e 09       		.uleb128 0x9
 395 016f 6A000000 		.4byte	.LVL16
 396 0173 D9020000 		.4byte	0x2d9
 397 0177 81010000 		.4byte	0x181
 398 017b 0A       		.uleb128 0xa
 399 017c 01       		.uleb128 0x1
 400 017d 50       		.byte	0x50
 401 017e 01       		.uleb128 0x1
 402 017f 30       		.byte	0x30
 403 0180 00       		.byte	0
 404 0181 09       		.uleb128 0x9
 405 0182 72000000 		.4byte	.LVL17
 406 0186 D9020000 		.4byte	0x2d9
 407 018a 94010000 		.4byte	0x194
 408 018e 0A       		.uleb128 0xa
 409 018f 01       		.uleb128 0x1
 410 0190 50       		.byte	0x50
 411 0191 01       		.uleb128 0x1
 412 0192 31       		.byte	0x31
 413 0193 00       		.byte	0
 414 0194 09       		.uleb128 0x9
ARM GAS  C:\Users\Alan\AppData\Local\Temp\cc069I1E.s 			page 9


 415 0195 7C000000 		.4byte	.LVL18
 416 0199 EA020000 		.4byte	0x2ea
 417 019d A7010000 		.4byte	0x1a7
 418 01a1 0A       		.uleb128 0xa
 419 01a2 01       		.uleb128 0x1
 420 01a3 50       		.byte	0x50
 421 01a4 01       		.uleb128 0x1
 422 01a5 30       		.byte	0x30
 423 01a6 00       		.byte	0
 424 01a7 09       		.uleb128 0x9
 425 01a8 84000000 		.4byte	.LVL19
 426 01ac EA020000 		.4byte	0x2ea
 427 01b0 BA010000 		.4byte	0x1ba
 428 01b4 0A       		.uleb128 0xa
 429 01b5 01       		.uleb128 0x1
 430 01b6 50       		.byte	0x50
 431 01b7 01       		.uleb128 0x1
 432 01b8 31       		.byte	0x31
 433 01b9 00       		.byte	0
 434 01ba 09       		.uleb128 0x9
 435 01bb 8C000000 		.4byte	.LVL22
 436 01bf A6020000 		.4byte	0x2a6
 437 01c3 CD010000 		.4byte	0x1cd
 438 01c7 0A       		.uleb128 0xa
 439 01c8 01       		.uleb128 0x1
 440 01c9 50       		.byte	0x50
 441 01ca 01       		.uleb128 0x1
 442 01cb 31       		.byte	0x31
 443 01cc 00       		.byte	0
 444 01cd 09       		.uleb128 0x9
 445 01ce 92000000 		.4byte	.LVL23
 446 01d2 B7020000 		.4byte	0x2b7
 447 01d6 E0010000 		.4byte	0x1e0
 448 01da 0A       		.uleb128 0xa
 449 01db 01       		.uleb128 0x1
 450 01dc 50       		.byte	0x50
 451 01dd 01       		.uleb128 0x1
 452 01de 31       		.byte	0x31
 453 01df 00       		.byte	0
 454 01e0 09       		.uleb128 0x9
 455 01e1 98000000 		.4byte	.LVL24
 456 01e5 C8020000 		.4byte	0x2c8
 457 01e9 F3010000 		.4byte	0x1f3
 458 01ed 0A       		.uleb128 0xa
 459 01ee 01       		.uleb128 0x1
 460 01ef 50       		.byte	0x50
 461 01f0 01       		.uleb128 0x1
 462 01f1 31       		.byte	0x31
 463 01f2 00       		.byte	0
 464 01f3 09       		.uleb128 0x9
 465 01f4 9E000000 		.4byte	.LVL25
 466 01f8 D9020000 		.4byte	0x2d9
 467 01fc 06020000 		.4byte	0x206
 468 0200 0A       		.uleb128 0xa
 469 0201 01       		.uleb128 0x1
 470 0202 50       		.byte	0x50
 471 0203 01       		.uleb128 0x1
ARM GAS  C:\Users\Alan\AppData\Local\Temp\cc069I1E.s 			page 10


 472 0204 31       		.byte	0x31
 473 0205 00       		.byte	0
 474 0206 09       		.uleb128 0x9
 475 0207 A4000000 		.4byte	.LVL26
 476 020b EA020000 		.4byte	0x2ea
 477 020f 19020000 		.4byte	0x219
 478 0213 0A       		.uleb128 0xa
 479 0214 01       		.uleb128 0x1
 480 0215 50       		.byte	0x50
 481 0216 01       		.uleb128 0x1
 482 0217 31       		.byte	0x31
 483 0218 00       		.byte	0
 484 0219 08       		.uleb128 0x8
 485 021a A8000000 		.4byte	.LVL27
 486 021e FB020000 		.4byte	0x2fb
 487 0222 08       		.uleb128 0x8
 488 0223 AC000000 		.4byte	.LVL28
 489 0227 06030000 		.4byte	0x306
 490 022b 08       		.uleb128 0x8
 491 022c B0000000 		.4byte	.LVL29
 492 0230 11030000 		.4byte	0x311
 493 0234 0B       		.uleb128 0xb
 494 0235 BA000000 		.4byte	.LVL30
 495 0239 1D030000 		.4byte	0x31d
 496 023d 0A       		.uleb128 0xa
 497 023e 01       		.uleb128 0x1
 498 023f 50       		.byte	0x50
 499 0240 02       		.uleb128 0x2
 500 0241 74       		.byte	0x74
 501 0242 00       		.sleb128 0
 502 0243 00       		.byte	0
 503 0244 00       		.byte	0
 504 0245 08       		.uleb128 0x8
 505 0246 08000000 		.4byte	.LVL0
 506 024a 2F030000 		.4byte	0x32f
 507 024e 08       		.uleb128 0x8
 508 024f 0C000000 		.4byte	.LVL1
 509 0253 3A030000 		.4byte	0x33a
 510 0257 08       		.uleb128 0x8
 511 0258 10000000 		.4byte	.LVL2
 512 025c 41030000 		.4byte	0x341
 513 0260 08       		.uleb128 0x8
 514 0261 14000000 		.4byte	.LVL3
 515 0265 48030000 		.4byte	0x348
 516 0269 08       		.uleb128 0x8
 517 026a BE000000 		.4byte	.LVL31
 518 026e 53030000 		.4byte	0x353
 519 0272 08       		.uleb128 0x8
 520 0273 C6000000 		.4byte	.LVL32
 521 0277 5F030000 		.4byte	0x35f
 522 027b 08       		.uleb128 0x8
 523 027c D0000000 		.4byte	.LVL33
 524 0280 6B030000 		.4byte	0x36b
 525 0284 00       		.byte	0
 526 0285 0C       		.uleb128 0xc
 527 0286 76020000 		.4byte	.LASF21
 528 028a 08       		.byte	0x8
ARM GAS  C:\Users\Alan\AppData\Local\Temp\cc069I1E.s 			page 11


 529 028b 3D       		.byte	0x3d
 530 028c 98000000 		.4byte	0x98
 531 0290 0D       		.uleb128 0xd
 532 0291 A5000000 		.4byte	.LASF37
 533 0295 0D       		.byte	0xd
 534 0296 C103     		.2byte	0x3c1
 535 0298 77000000 		.4byte	0x77
 536 029c A6020000 		.4byte	0x2a6
 537 02a0 0E       		.uleb128 0xe
 538 02a1 77000000 		.4byte	0x77
 539 02a5 00       		.byte	0
 540 02a6 0F       		.uleb128 0xf
 541 02a7 BC010000 		.4byte	.LASF16
 542 02ab 03       		.byte	0x3
 543 02ac 33       		.byte	0x33
 544 02ad B7020000 		.4byte	0x2b7
 545 02b1 0E       		.uleb128 0xe
 546 02b2 6B000000 		.4byte	0x6b
 547 02b6 00       		.byte	0
 548 02b7 0F       		.uleb128 0xf
 549 02b8 91020000 		.4byte	.LASF17
 550 02bc 04       		.byte	0x4
 551 02bd 33       		.byte	0x33
 552 02be C8020000 		.4byte	0x2c8
 553 02c2 0E       		.uleb128 0xe
 554 02c3 6B000000 		.4byte	0x6b
 555 02c7 00       		.byte	0
 556 02c8 0F       		.uleb128 0xf
 557 02c9 00000000 		.4byte	.LASF18
 558 02cd 05       		.byte	0x5
 559 02ce 33       		.byte	0x33
 560 02cf D9020000 		.4byte	0x2d9
 561 02d3 0E       		.uleb128 0xe
 562 02d4 6B000000 		.4byte	0x6b
 563 02d8 00       		.byte	0
 564 02d9 0F       		.uleb128 0xf
 565 02da 22000000 		.4byte	.LASF19
 566 02de 06       		.byte	0x6
 567 02df 33       		.byte	0x33
 568 02e0 EA020000 		.4byte	0x2ea
 569 02e4 0E       		.uleb128 0xe
 570 02e5 6B000000 		.4byte	0x6b
 571 02e9 00       		.byte	0
 572 02ea 0F       		.uleb128 0xf
 573 02eb 36000000 		.4byte	.LASF20
 574 02ef 07       		.byte	0x7
 575 02f0 33       		.byte	0x33
 576 02f1 FB020000 		.4byte	0x2fb
 577 02f5 0E       		.uleb128 0xe
 578 02f6 6B000000 		.4byte	0x6b
 579 02fa 00       		.byte	0
 580 02fb 0C       		.uleb128 0xc
 581 02fc E6000000 		.4byte	.LASF22
 582 0300 09       		.byte	0x9
 583 0301 4D       		.byte	0x4d
 584 0302 98000000 		.4byte	0x98
 585 0306 0C       		.uleb128 0xc
ARM GAS  C:\Users\Alan\AppData\Local\Temp\cc069I1E.s 			page 12


 586 0307 46010000 		.4byte	.LASF23
 587 030b 0A       		.byte	0xa
 588 030c 5C       		.byte	0x5c
 589 030d 98000000 		.4byte	0x98
 590 0311 10       		.uleb128 0x10
 591 0312 A0010000 		.4byte	.LASF24
 592 0316 0B       		.byte	0xb
 593 0317 8301     		.2byte	0x183
 594 0319 77000000 		.4byte	0x77
 595 031d 11       		.uleb128 0x11
 596 031e 9C020000 		.4byte	.LASF25
 597 0322 0B       		.byte	0xb
 598 0323 8101     		.2byte	0x181
 599 0325 2F030000 		.4byte	0x32f
 600 0329 0E       		.uleb128 0xe
 601 032a 77000000 		.4byte	0x77
 602 032e 00       		.byte	0
 603 032f 0C       		.uleb128 0xc
 604 0330 BD000000 		.4byte	.LASF26
 605 0334 08       		.byte	0x8
 606 0335 39       		.byte	0x39
 607 0336 98000000 		.4byte	0x98
 608 033a 12       		.uleb128 0x12
 609 033b 72000000 		.4byte	.LASF27
 610 033f 09       		.byte	0x9
 611 0340 52       		.byte	0x52
 612 0341 12       		.uleb128 0x12
 613 0342 17000000 		.4byte	.LASF28
 614 0346 0C       		.byte	0xc
 615 0347 68       		.byte	0x68
 616 0348 0C       		.uleb128 0xc
 617 0349 12010000 		.4byte	.LASF29
 618 034d 0A       		.byte	0xa
 619 034e 5D       		.byte	0x5d
 620 034f 77000000 		.4byte	0x77
 621 0353 10       		.uleb128 0x10
 622 0354 7A010000 		.4byte	.LASF30
 623 0358 0B       		.byte	0xb
 624 0359 7B01     		.2byte	0x17b
 625 035b 77000000 		.4byte	0x77
 626 035f 10       		.uleb128 0x10
 627 0360 CD010000 		.4byte	.LASF31
 628 0364 0B       		.byte	0xb
 629 0365 7A01     		.2byte	0x17a
 630 0367 77000000 		.4byte	0x77
 631 036b 13       		.uleb128 0x13
 632 036c 55000000 		.4byte	.LASF38
 633 0370 0E       		.byte	0xe
 634 0371 33       		.byte	0x33
 635 0372 0E       		.uleb128 0xe
 636 0373 6B000000 		.4byte	0x6b
 637 0377 00       		.byte	0
 638 0378 00       		.byte	0
 639              		.section	.debug_abbrev,"",%progbits
 640              	.Ldebug_abbrev0:
 641 0000 01       		.uleb128 0x1
 642 0001 11       		.uleb128 0x11
ARM GAS  C:\Users\Alan\AppData\Local\Temp\cc069I1E.s 			page 13


 643 0002 01       		.byte	0x1
 644 0003 25       		.uleb128 0x25
 645 0004 0E       		.uleb128 0xe
 646 0005 13       		.uleb128 0x13
 647 0006 0B       		.uleb128 0xb
 648 0007 03       		.uleb128 0x3
 649 0008 0E       		.uleb128 0xe
 650 0009 1B       		.uleb128 0x1b
 651 000a 0E       		.uleb128 0xe
 652 000b 55       		.uleb128 0x55
 653 000c 17       		.uleb128 0x17
 654 000d 11       		.uleb128 0x11
 655 000e 01       		.uleb128 0x1
 656 000f 10       		.uleb128 0x10
 657 0010 17       		.uleb128 0x17
 658 0011 00       		.byte	0
 659 0012 00       		.byte	0
 660 0013 02       		.uleb128 0x2
 661 0014 24       		.uleb128 0x24
 662 0015 00       		.byte	0
 663 0016 0B       		.uleb128 0xb
 664 0017 0B       		.uleb128 0xb
 665 0018 3E       		.uleb128 0x3e
 666 0019 0B       		.uleb128 0xb
 667 001a 03       		.uleb128 0x3
 668 001b 0E       		.uleb128 0xe
 669 001c 00       		.byte	0
 670 001d 00       		.byte	0
 671 001e 03       		.uleb128 0x3
 672 001f 24       		.uleb128 0x24
 673 0020 00       		.byte	0
 674 0021 0B       		.uleb128 0xb
 675 0022 0B       		.uleb128 0xb
 676 0023 3E       		.uleb128 0x3e
 677 0024 0B       		.uleb128 0xb
 678 0025 03       		.uleb128 0x3
 679 0026 08       		.uleb128 0x8
 680 0027 00       		.byte	0
 681 0028 00       		.byte	0
 682 0029 04       		.uleb128 0x4
 683 002a 16       		.uleb128 0x16
 684 002b 00       		.byte	0
 685 002c 03       		.uleb128 0x3
 686 002d 0E       		.uleb128 0xe
 687 002e 3A       		.uleb128 0x3a
 688 002f 0B       		.uleb128 0xb
 689 0030 3B       		.uleb128 0x3b
 690 0031 05       		.uleb128 0x5
 691 0032 49       		.uleb128 0x49
 692 0033 13       		.uleb128 0x13
 693 0034 00       		.byte	0
 694 0035 00       		.byte	0
 695 0036 05       		.uleb128 0x5
 696 0037 2E       		.uleb128 0x2e
 697 0038 01       		.byte	0x1
 698 0039 3F       		.uleb128 0x3f
 699 003a 19       		.uleb128 0x19
ARM GAS  C:\Users\Alan\AppData\Local\Temp\cc069I1E.s 			page 14


 700 003b 03       		.uleb128 0x3
 701 003c 0E       		.uleb128 0xe
 702 003d 3A       		.uleb128 0x3a
 703 003e 0B       		.uleb128 0xb
 704 003f 3B       		.uleb128 0x3b
 705 0040 0B       		.uleb128 0xb
 706 0041 49       		.uleb128 0x49
 707 0042 13       		.uleb128 0x13
 708 0043 11       		.uleb128 0x11
 709 0044 01       		.uleb128 0x1
 710 0045 12       		.uleb128 0x12
 711 0046 06       		.uleb128 0x6
 712 0047 40       		.uleb128 0x40
 713 0048 18       		.uleb128 0x18
 714 0049 9742     		.uleb128 0x2117
 715 004b 19       		.uleb128 0x19
 716 004c 01       		.uleb128 0x1
 717 004d 13       		.uleb128 0x13
 718 004e 00       		.byte	0
 719 004f 00       		.byte	0
 720 0050 06       		.uleb128 0x6
 721 0051 0B       		.uleb128 0xb
 722 0052 01       		.byte	0x1
 723 0053 11       		.uleb128 0x11
 724 0054 01       		.uleb128 0x1
 725 0055 12       		.uleb128 0x12
 726 0056 06       		.uleb128 0x6
 727 0057 01       		.uleb128 0x1
 728 0058 13       		.uleb128 0x13
 729 0059 00       		.byte	0
 730 005a 00       		.byte	0
 731 005b 07       		.uleb128 0x7
 732 005c 34       		.uleb128 0x34
 733 005d 00       		.byte	0
 734 005e 03       		.uleb128 0x3
 735 005f 0E       		.uleb128 0xe
 736 0060 3A       		.uleb128 0x3a
 737 0061 0B       		.uleb128 0xb
 738 0062 3B       		.uleb128 0x3b
 739 0063 0B       		.uleb128 0xb
 740 0064 49       		.uleb128 0x49
 741 0065 13       		.uleb128 0x13
 742 0066 02       		.uleb128 0x2
 743 0067 17       		.uleb128 0x17
 744 0068 00       		.byte	0
 745 0069 00       		.byte	0
 746 006a 08       		.uleb128 0x8
 747 006b 898201   		.uleb128 0x4109
 748 006e 00       		.byte	0
 749 006f 11       		.uleb128 0x11
 750 0070 01       		.uleb128 0x1
 751 0071 31       		.uleb128 0x31
 752 0072 13       		.uleb128 0x13
 753 0073 00       		.byte	0
 754 0074 00       		.byte	0
 755 0075 09       		.uleb128 0x9
 756 0076 898201   		.uleb128 0x4109
ARM GAS  C:\Users\Alan\AppData\Local\Temp\cc069I1E.s 			page 15


 757 0079 01       		.byte	0x1
 758 007a 11       		.uleb128 0x11
 759 007b 01       		.uleb128 0x1
 760 007c 31       		.uleb128 0x31
 761 007d 13       		.uleb128 0x13
 762 007e 01       		.uleb128 0x1
 763 007f 13       		.uleb128 0x13
 764 0080 00       		.byte	0
 765 0081 00       		.byte	0
 766 0082 0A       		.uleb128 0xa
 767 0083 8A8201   		.uleb128 0x410a
 768 0086 00       		.byte	0
 769 0087 02       		.uleb128 0x2
 770 0088 18       		.uleb128 0x18
 771 0089 9142     		.uleb128 0x2111
 772 008b 18       		.uleb128 0x18
 773 008c 00       		.byte	0
 774 008d 00       		.byte	0
 775 008e 0B       		.uleb128 0xb
 776 008f 898201   		.uleb128 0x4109
 777 0092 01       		.byte	0x1
 778 0093 11       		.uleb128 0x11
 779 0094 01       		.uleb128 0x1
 780 0095 31       		.uleb128 0x31
 781 0096 13       		.uleb128 0x13
 782 0097 00       		.byte	0
 783 0098 00       		.byte	0
 784 0099 0C       		.uleb128 0xc
 785 009a 2E       		.uleb128 0x2e
 786 009b 00       		.byte	0
 787 009c 3F       		.uleb128 0x3f
 788 009d 19       		.uleb128 0x19
 789 009e 03       		.uleb128 0x3
 790 009f 0E       		.uleb128 0xe
 791 00a0 3A       		.uleb128 0x3a
 792 00a1 0B       		.uleb128 0xb
 793 00a2 3B       		.uleb128 0x3b
 794 00a3 0B       		.uleb128 0xb
 795 00a4 27       		.uleb128 0x27
 796 00a5 19       		.uleb128 0x19
 797 00a6 49       		.uleb128 0x49
 798 00a7 13       		.uleb128 0x13
 799 00a8 3C       		.uleb128 0x3c
 800 00a9 19       		.uleb128 0x19
 801 00aa 00       		.byte	0
 802 00ab 00       		.byte	0
 803 00ac 0D       		.uleb128 0xd
 804 00ad 2E       		.uleb128 0x2e
 805 00ae 01       		.byte	0x1
 806 00af 3F       		.uleb128 0x3f
 807 00b0 19       		.uleb128 0x19
 808 00b1 03       		.uleb128 0x3
 809 00b2 0E       		.uleb128 0xe
 810 00b3 3A       		.uleb128 0x3a
 811 00b4 0B       		.uleb128 0xb
 812 00b5 3B       		.uleb128 0x3b
 813 00b6 05       		.uleb128 0x5
ARM GAS  C:\Users\Alan\AppData\Local\Temp\cc069I1E.s 			page 16


 814 00b7 27       		.uleb128 0x27
 815 00b8 19       		.uleb128 0x19
 816 00b9 49       		.uleb128 0x49
 817 00ba 13       		.uleb128 0x13
 818 00bb 3C       		.uleb128 0x3c
 819 00bc 19       		.uleb128 0x19
 820 00bd 01       		.uleb128 0x1
 821 00be 13       		.uleb128 0x13
 822 00bf 00       		.byte	0
 823 00c0 00       		.byte	0
 824 00c1 0E       		.uleb128 0xe
 825 00c2 05       		.uleb128 0x5
 826 00c3 00       		.byte	0
 827 00c4 49       		.uleb128 0x49
 828 00c5 13       		.uleb128 0x13
 829 00c6 00       		.byte	0
 830 00c7 00       		.byte	0
 831 00c8 0F       		.uleb128 0xf
 832 00c9 2E       		.uleb128 0x2e
 833 00ca 01       		.byte	0x1
 834 00cb 3F       		.uleb128 0x3f
 835 00cc 19       		.uleb128 0x19
 836 00cd 03       		.uleb128 0x3
 837 00ce 0E       		.uleb128 0xe
 838 00cf 3A       		.uleb128 0x3a
 839 00d0 0B       		.uleb128 0xb
 840 00d1 3B       		.uleb128 0x3b
 841 00d2 0B       		.uleb128 0xb
 842 00d3 27       		.uleb128 0x27
 843 00d4 19       		.uleb128 0x19
 844 00d5 3C       		.uleb128 0x3c
 845 00d6 19       		.uleb128 0x19
 846 00d7 01       		.uleb128 0x1
 847 00d8 13       		.uleb128 0x13
 848 00d9 00       		.byte	0
 849 00da 00       		.byte	0
 850 00db 10       		.uleb128 0x10
 851 00dc 2E       		.uleb128 0x2e
 852 00dd 00       		.byte	0
 853 00de 3F       		.uleb128 0x3f
 854 00df 19       		.uleb128 0x19
 855 00e0 03       		.uleb128 0x3
 856 00e1 0E       		.uleb128 0xe
 857 00e2 3A       		.uleb128 0x3a
 858 00e3 0B       		.uleb128 0xb
 859 00e4 3B       		.uleb128 0x3b
 860 00e5 05       		.uleb128 0x5
 861 00e6 27       		.uleb128 0x27
 862 00e7 19       		.uleb128 0x19
 863 00e8 49       		.uleb128 0x49
 864 00e9 13       		.uleb128 0x13
 865 00ea 3C       		.uleb128 0x3c
 866 00eb 19       		.uleb128 0x19
 867 00ec 00       		.byte	0
 868 00ed 00       		.byte	0
 869 00ee 11       		.uleb128 0x11
 870 00ef 2E       		.uleb128 0x2e
ARM GAS  C:\Users\Alan\AppData\Local\Temp\cc069I1E.s 			page 17


 871 00f0 01       		.byte	0x1
 872 00f1 3F       		.uleb128 0x3f
 873 00f2 19       		.uleb128 0x19
 874 00f3 03       		.uleb128 0x3
 875 00f4 0E       		.uleb128 0xe
 876 00f5 3A       		.uleb128 0x3a
 877 00f6 0B       		.uleb128 0xb
 878 00f7 3B       		.uleb128 0x3b
 879 00f8 05       		.uleb128 0x5
 880 00f9 27       		.uleb128 0x27
 881 00fa 19       		.uleb128 0x19
 882 00fb 3C       		.uleb128 0x3c
 883 00fc 19       		.uleb128 0x19
 884 00fd 01       		.uleb128 0x1
 885 00fe 13       		.uleb128 0x13
 886 00ff 00       		.byte	0
 887 0100 00       		.byte	0
 888 0101 12       		.uleb128 0x12
 889 0102 2E       		.uleb128 0x2e
 890 0103 00       		.byte	0
 891 0104 3F       		.uleb128 0x3f
 892 0105 19       		.uleb128 0x19
 893 0106 03       		.uleb128 0x3
 894 0107 0E       		.uleb128 0xe
 895 0108 3A       		.uleb128 0x3a
 896 0109 0B       		.uleb128 0xb
 897 010a 3B       		.uleb128 0x3b
 898 010b 0B       		.uleb128 0xb
 899 010c 27       		.uleb128 0x27
 900 010d 19       		.uleb128 0x19
 901 010e 3C       		.uleb128 0x3c
 902 010f 19       		.uleb128 0x19
 903 0110 00       		.byte	0
 904 0111 00       		.byte	0
 905 0112 13       		.uleb128 0x13
 906 0113 2E       		.uleb128 0x2e
 907 0114 01       		.byte	0x1
 908 0115 3F       		.uleb128 0x3f
 909 0116 19       		.uleb128 0x19
 910 0117 03       		.uleb128 0x3
 911 0118 0E       		.uleb128 0xe
 912 0119 3A       		.uleb128 0x3a
 913 011a 0B       		.uleb128 0xb
 914 011b 3B       		.uleb128 0x3b
 915 011c 0B       		.uleb128 0xb
 916 011d 27       		.uleb128 0x27
 917 011e 19       		.uleb128 0x19
 918 011f 3C       		.uleb128 0x3c
 919 0120 19       		.uleb128 0x19
 920 0121 00       		.byte	0
 921 0122 00       		.byte	0
 922 0123 00       		.byte	0
 923              		.section	.debug_loc,"",%progbits
 924              	.Ldebug_loc0:
 925              	.LLST0:
 926 0000 24000000 		.4byte	.LVL6
 927 0004 30000000 		.4byte	.LVL7
ARM GAS  C:\Users\Alan\AppData\Local\Temp\cc069I1E.s 			page 18


 928 0008 0100     		.2byte	0x1
 929 000a 50       		.byte	0x50
 930 000b 30000000 		.4byte	.LVL7
 931 000f 36000000 		.4byte	.LVL9
 932 0013 0100     		.2byte	0x1
 933 0015 54       		.byte	0x54
 934 0016 36000000 		.4byte	.LVL9
 935 001a 38000000 		.4byte	.LVL10
 936 001e 0100     		.2byte	0x1
 937 0020 50       		.byte	0x50
 938 0021 38000000 		.4byte	.LVL10
 939 0025 86000000 		.4byte	.LVL20
 940 0029 0100     		.2byte	0x1
 941 002b 54       		.byte	0x54
 942 002c 86000000 		.4byte	.LVL20
 943 0030 88000000 		.4byte	.LVL21
 944 0034 0100     		.2byte	0x1
 945 0036 50       		.byte	0x50
 946 0037 88000000 		.4byte	.LVL21
 947 003b BA000000 		.4byte	.LVL30
 948 003f 0100     		.2byte	0x1
 949 0041 54       		.byte	0x54
 950 0042 00000000 		.4byte	0
 951 0046 00000000 		.4byte	0
 952              		.section	.debug_aranges,"",%progbits
 953 0000 1C000000 		.4byte	0x1c
 954 0004 0200     		.2byte	0x2
 955 0006 00000000 		.4byte	.Ldebug_info0
 956 000a 04       		.byte	0x4
 957 000b 00       		.byte	0
 958 000c 0000     		.2byte	0
 959 000e 0000     		.2byte	0
 960 0010 00000000 		.4byte	.LFB35
 961 0014 D8000000 		.4byte	.LFE35-.LFB35
 962 0018 00000000 		.4byte	0
 963 001c 00000000 		.4byte	0
 964              		.section	.debug_ranges,"",%progbits
 965              	.Ldebug_ranges0:
 966 0000 00000000 		.4byte	.LFB35
 967 0004 D8000000 		.4byte	.LFE35
 968 0008 00000000 		.4byte	0
 969 000c 00000000 		.4byte	0
 970              		.section	.debug_line,"",%progbits
 971              	.Ldebug_line0:
 972 0000 5C010000 		.section	.debug_str,"MS",%progbits,1
 972      0200F500 
 972      00000201 
 972      FB0E0D00 
 972      01010101 
 973              	.LASF18:
 974 0000 6C656432 		.ascii	"led2_Write\000"
 974      5F577269 
 974      746500
 975              	.LASF0:
 976 000b 7369676E 		.ascii	"signed char\000"
 976      65642063 
 976      68617200 
ARM GAS  C:\Users\Alan\AppData\Local\Temp\cc069I1E.s 			page 19


 977              	.LASF28:
 978 0017 75617274 		.ascii	"uart_Start\000"
 978      5F537461 
 978      727400
 979              	.LASF19:
 980 0022 6C656433 		.ascii	"led3_Write\000"
 980      5F577269 
 980      746500
 981              	.LASF4:
 982 002d 6C6F6E67 		.ascii	"long int\000"
 982      20696E74 
 982      00
 983              	.LASF20:
 984 0036 6C656434 		.ascii	"led4_Write\000"
 984      5F577269 
 984      746500
 985              	.LASF11:
 986 0041 666C6F61 		.ascii	"float\000"
 986      7400
 987              	.LASF1:
 988 0047 756E7369 		.ascii	"unsigned char\000"
 988      676E6564 
 988      20636861 
 988      7200
 989              	.LASF38:
 990 0055 626C7565 		.ascii	"blue_Write\000"
 990      5F577269 
 990      746500
 991              	.LASF5:
 992 0060 6C6F6E67 		.ascii	"long unsigned int\000"
 992      20756E73 
 992      69676E65 
 992      6420696E 
 992      7400
 993              	.LASF27:
 994 0072 63617073 		.ascii	"capsense_InitializeAllBaselines\000"
 994      656E7365 
 994      5F496E69 
 994      7469616C 
 994      697A6541 
 995              	.LASF3:
 996 0092 73686F72 		.ascii	"short unsigned int\000"
 996      7420756E 
 996      7369676E 
 996      65642069 
 996      6E7400
 997              	.LASF37:
 998 00a5 63617073 		.ascii	"capsense_GetCentroidPos\000"
 998      656E7365 
 998      5F476574 
 998      43656E74 
 998      726F6964 
 999              	.LASF26:
 1000 00bd 63617073 		.ascii	"capsense_Start\000"
 1000      656E7365 
 1000      5F537461 
 1000      727400
ARM GAS  C:\Users\Alan\AppData\Local\Temp\cc069I1E.s 			page 20


 1001              	.LASF33:
 1002 00cc 2E5C6D61 		.ascii	".\\main.c\000"
 1002      696E2E63 
 1002      00
 1003              	.LASF12:
 1004 00d5 646F7562 		.ascii	"double\000"
 1004      6C6500
 1005              	.LASF36:
 1006 00dc 7276616C 		.ascii	"rval\000"
 1006      00
 1007              	.LASF35:
 1008 00e1 6D61696E 		.ascii	"main\000"
 1008      00
 1009              	.LASF22:
 1010 00e6 63617073 		.ascii	"capsense_UpdateAllBaselines\000"
 1010      656E7365 
 1010      5F557064 
 1010      61746541 
 1010      6C6C4261 
 1011              	.LASF14:
 1012 0102 63797374 		.ascii	"cystatus\000"
 1012      61747573 
 1012      00
 1013              	.LASF10:
 1014 010b 75696E74 		.ascii	"uint32\000"
 1014      333200
 1015              	.LASF29:
 1016 0112 63617073 		.ascii	"capsense_IsBusy\000"
 1016      656E7365 
 1016      5F497342 
 1016      75737900 
 1017              	.LASF8:
 1018 0122 756E7369 		.ascii	"unsigned int\000"
 1018      676E6564 
 1018      20696E74 
 1018      00
 1019              	.LASF7:
 1020 012f 6C6F6E67 		.ascii	"long long unsigned int\000"
 1020      206C6F6E 
 1020      6720756E 
 1020      7369676E 
 1020      65642069 
 1021              	.LASF23:
 1022 0146 63617073 		.ascii	"capsense_ScanAllWidgets\000"
 1022      656E7365 
 1022      5F536361 
 1022      6E416C6C 
 1022      57696467 
 1023              	.LASF15:
 1024 015e 73697A65 		.ascii	"sizetype\000"
 1024      74797065 
 1024      00
 1025              	.LASF6:
 1026 0167 6C6F6E67 		.ascii	"long long int\000"
 1026      206C6F6E 
 1026      6720696E 
 1026      7400
ARM GAS  C:\Users\Alan\AppData\Local\Temp\cc069I1E.s 			page 21


 1027              	.LASF13:
 1028 0175 63686172 		.ascii	"char\000"
 1028      00
 1029              	.LASF30:
 1030 017a 75617274 		.ascii	"uart_SpiUartGetRxBufferSize\000"
 1030      5F537069 
 1030      55617274 
 1030      47657452 
 1030      78427566 
 1031              	.LASF2:
 1032 0196 73686F72 		.ascii	"short int\000"
 1032      7420696E 
 1032      7400
 1033              	.LASF24:
 1034 01a0 75617274 		.ascii	"uart_SpiUartGetTxBufferSize\000"
 1034      5F537069 
 1034      55617274 
 1034      47657454 
 1034      78427566 
 1035              	.LASF16:
 1036 01bc 6C656430 		.ascii	"led0_Write\000"
 1036      5F577269 
 1036      746500
 1037              	.LASF9:
 1038 01c7 75696E74 		.ascii	"uint8\000"
 1038      3800
 1039              	.LASF31:
 1040 01cd 75617274 		.ascii	"uart_SpiUartReadRxData\000"
 1040      5F537069 
 1040      55617274 
 1040      52656164 
 1040      52784461 
 1041              	.LASF32:
 1042 01e4 474E5520 		.ascii	"GNU C 4.9.3 20150303 (release) [ARM/embedded-4_9-br"
 1042      4320342E 
 1042      392E3320 
 1042      32303135 
 1042      30333033 
 1043 0217 616E6368 		.ascii	"anch revision 221220] -mcpu=cortex-m0plus -mthumb -"
 1043      20726576 
 1043      6973696F 
 1043      6E203232 
 1043      31323230 
 1044 024a 67202D4F 		.ascii	"g -Og -ffunction-sections -ffat-lto-objects\000"
 1044      67202D66 
 1044      66756E63 
 1044      74696F6E 
 1044      2D736563 
 1045              	.LASF21:
 1046 0276 63617073 		.ascii	"capsense_ProcessAllWidgets\000"
 1046      656E7365 
 1046      5F50726F 
 1046      63657373 
 1046      416C6C57 
 1047              	.LASF17:
 1048 0291 6C656431 		.ascii	"led1_Write\000"
 1048      5F577269 
ARM GAS  C:\Users\Alan\AppData\Local\Temp\cc069I1E.s 			page 22


 1048      746500
 1049              	.LASF25:
 1050 029c 75617274 		.ascii	"uart_SpiUartWriteTxData\000"
 1050      5F537069 
 1050      55617274 
 1050      57726974 
 1050      65547844 
 1051              	.LASF34:
 1052 02b4 5C5C766D 		.ascii	"\\\\vmware-host\\Shared Folders\\Documents\\BLEIOSA"
 1052      77617265 
 1052      2D686F73 
 1052      745C5368 
 1052      61726564 
 1053 02e2 50505C50 		.ascii	"PP\\PSoC_Creator\\capsenseled\\145capsenseled.cydsn"
 1053      536F435F 
 1053      43726561 
 1053      746F725C 
 1053      63617073 
 1054 0312 00       		.ascii	"\000"
 1055              		.ident	"GCC: (GNU Tools for ARM Embedded Processors) 4.9.3 20150303 (release) [ARM/embedded-4_9-br
