#***************************************************************************

#sjplacer

#Version:            1.1

#Build Date:         Nov  4 2015 13:58:26

#File Generated:     Feb 27 2016 10:44:29

#Purpose:            

#Copyright (C) 2010-2011 by Softjin Technologies Pvt Ltd. All rights reserved.

#***************************************************************************

Executing : C:\Program Files (x86)\Cypress\PSoC Creator\3.3\PSoC Creator\bin/sjplacer.exe --proj-name 145i2ccapsenseled-ble --netlist-vh2 145i2ccapsenseled-ble_p.vh2 --arch-file C:\Program Files (x86)\Cypress\PSoC Creator\3.3\PSoC Creator\dev/arch/p4_udb2x2.ark --rrg-file C:\Program Files (x86)\Cypress\PSoC Creator\3.3\PSoC Creator\dev/psoc4/3/proc_route_arch-rrg.cydata --irq-file C:\Program Files (x86)\Cypress\PSoC Creator\3.3\PSoC Creator\dev/psoc4/3/irqconn.cydata --dsi-conn-file C:\Program Files (x86)\Cypress\PSoC Creator\3.3\PSoC Creator\dev/psoc4/3/dsiconn.cydata --pins-file pins_21-SMT.xml --lib-file 145i2ccapsenseled-ble_p.lib --sdc-file 145i2ccapsenseled-ble.sdc --io-pcf 145i2ccapsenseled-ble.pci --outdir .

		Softjin Techologies Placer, Version 1.1

Build Date : Dec  1 2015	12:26:32

D2004: Option and Settings Summary
=============================================================
Netlist vh2 file          - 145i2ccapsenseled-ble_p.vh2
Architecture file         - C:\Program Files (x86)\Cypress\PSoC Creator\3.3\PSoC Creator\dev/arch/p4_udb2x2.ark
Package                   - 
Defparam file             - 
SDC file                  - 145i2ccapsenseled-ble.sdc
Output directory          - .
Timing library            - 145i2ccapsenseled-ble_p.lib
IO Placement file         - 145i2ccapsenseled-ble.pci

D2050: Starting reading inputs for placer
=============================================================
D2065: Reading netlist file : "145i2ccapsenseled-ble_p.vh2"
D2065: Reading arch file : "C:\Program Files (x86)\Cypress\PSoC Creator\3.3\PSoC Creator\dev/arch/p4_udb2x2.ark"
D2051: Reading of inputs for placer completed successfully

D2053: Starting placement of the design
=============================================================

Phase 2
Phase 3
I2659: No Constrained paths were found. The placer will run in non-timing driven mode.

Design Statistics after Packing
    Number of Combinational MCs 	:	0
    Number of Sequential MCs    	:	0
    Number of DPs               	:	0
    Number of Controls          	:	0
    Number of Status            	:	0
    Number of SyncCells         	:	0
    Number of count7cells       	:	0

Device Utilization Summary after Packing
    Macrocells                  :	0/32
    UDBS                        :	0/4
    IOs                         :	3/36


D2088: Phase 3, elapsed time : 0.0 (sec)

Phase 4
D2088: Phase 4, elapsed time : 0.0 (sec)

Phase 8
D2088: Phase 8, elapsed time : 0.0 (sec)

D2054: Placement of the design completed successfully

I2076: Total run-time: 0.3 sec.

