ARM GAS  C:\Users\Alan\AppData\Local\Temp\ccnuOlFc.s 			page 1


   1              		.cpu cortex-m0
   2              		.fpu softvfp
   3              		.eabi_attribute 20, 1
   4              		.eabi_attribute 21, 1
   5              		.eabi_attribute 23, 3
   6              		.eabi_attribute 24, 1
   7              		.eabi_attribute 25, 1
   8              		.eabi_attribute 26, 1
   9              		.eabi_attribute 30, 6
  10              		.eabi_attribute 34, 0
  11              		.eabi_attribute 18, 4
  12              		.code	16
  13              		.file	"cyfitter_cfg.c"
  14              		.text
  15              	.Ltext0:
  16              		.cfi_sections	.debug_frame
  17              		.section	.text.CYMEMZERO,"ax",%progbits
  18              		.align	2
  19              		.code	16
  20              		.thumb_func
  21              		.type	CYMEMZERO, %function
  22              	CYMEMZERO:
  23              	.LFB2:
  24              		.file 1 ".\\Generated_Source\\PSoC4\\cyfitter_cfg.c"
   1:.\Generated_Source\PSoC4/cyfitter_cfg.c **** /*******************************************************************************
   2:.\Generated_Source\PSoC4/cyfitter_cfg.c **** * File Name: cyfitter_cfg.c
   3:.\Generated_Source\PSoC4/cyfitter_cfg.c **** * 
   4:.\Generated_Source\PSoC4/cyfitter_cfg.c **** * PSoC Creator  3.3 SP2.2
   5:.\Generated_Source\PSoC4/cyfitter_cfg.c **** *
   6:.\Generated_Source\PSoC4/cyfitter_cfg.c **** * Description:
   7:.\Generated_Source\PSoC4/cyfitter_cfg.c **** * This file contains device initialization code.
   8:.\Generated_Source\PSoC4/cyfitter_cfg.c **** * Except for the user defined sections in CyClockStartupError(), this file should not be modified.
   9:.\Generated_Source\PSoC4/cyfitter_cfg.c **** * This file is automatically generated by PSoC Creator.
  10:.\Generated_Source\PSoC4/cyfitter_cfg.c **** *
  11:.\Generated_Source\PSoC4/cyfitter_cfg.c **** ********************************************************************************
  12:.\Generated_Source\PSoC4/cyfitter_cfg.c **** * Copyright (c) 2007-2016 Cypress Semiconductor.  All rights reserved.
  13:.\Generated_Source\PSoC4/cyfitter_cfg.c **** * You may use this file only in accordance with the license, terms, conditions, 
  14:.\Generated_Source\PSoC4/cyfitter_cfg.c **** * disclaimers, and limitations in the end user license agreement accompanying 
  15:.\Generated_Source\PSoC4/cyfitter_cfg.c **** * the software package with which this file was provided.
  16:.\Generated_Source\PSoC4/cyfitter_cfg.c **** ********************************************************************************/
  17:.\Generated_Source\PSoC4/cyfitter_cfg.c **** 
  18:.\Generated_Source\PSoC4/cyfitter_cfg.c **** #include <string.h>
  19:.\Generated_Source\PSoC4/cyfitter_cfg.c **** #include "cytypes.h"
  20:.\Generated_Source\PSoC4/cyfitter_cfg.c **** #include "cydevice_trm.h"
  21:.\Generated_Source\PSoC4/cyfitter_cfg.c **** #include "cyfitter.h"
  22:.\Generated_Source\PSoC4/cyfitter_cfg.c **** #include "CyLib.h"
  23:.\Generated_Source\PSoC4/cyfitter_cfg.c **** #include "CyLFClk.h"
  24:.\Generated_Source\PSoC4/cyfitter_cfg.c **** #include "cyfitter_cfg.h"
  25:.\Generated_Source\PSoC4/cyfitter_cfg.c **** 
  26:.\Generated_Source\PSoC4/cyfitter_cfg.c **** 
  27:.\Generated_Source\PSoC4/cyfitter_cfg.c **** #if defined(__GNUC__) || defined(__ARMCC_VERSION)
  28:.\Generated_Source\PSoC4/cyfitter_cfg.c ****     #define CYPACKED 
  29:.\Generated_Source\PSoC4/cyfitter_cfg.c ****     #define CYPACKED_ATTR __attribute__ ((packed))
  30:.\Generated_Source\PSoC4/cyfitter_cfg.c ****     #define CYALIGNED __attribute__ ((aligned))
  31:.\Generated_Source\PSoC4/cyfitter_cfg.c ****     #define CY_CFG_UNUSED __attribute__ ((unused))
  32:.\Generated_Source\PSoC4/cyfitter_cfg.c ****     #ifndef CY_CFG_SECTION
  33:.\Generated_Source\PSoC4/cyfitter_cfg.c ****         #define CY_CFG_SECTION __attribute__ ((section(".psocinit")))
ARM GAS  C:\Users\Alan\AppData\Local\Temp\ccnuOlFc.s 			page 2


  34:.\Generated_Source\PSoC4/cyfitter_cfg.c ****     #endif
  35:.\Generated_Source\PSoC4/cyfitter_cfg.c ****     
  36:.\Generated_Source\PSoC4/cyfitter_cfg.c ****     #if defined(__ARMCC_VERSION)
  37:.\Generated_Source\PSoC4/cyfitter_cfg.c ****         #define CY_CFG_MEMORY_BARRIER() __memory_changed()
  38:.\Generated_Source\PSoC4/cyfitter_cfg.c ****     #else
  39:.\Generated_Source\PSoC4/cyfitter_cfg.c ****         #define CY_CFG_MEMORY_BARRIER() __sync_synchronize()
  40:.\Generated_Source\PSoC4/cyfitter_cfg.c ****     #endif
  41:.\Generated_Source\PSoC4/cyfitter_cfg.c ****     
  42:.\Generated_Source\PSoC4/cyfitter_cfg.c **** #elif defined(__ICCARM__)
  43:.\Generated_Source\PSoC4/cyfitter_cfg.c ****     #include <intrinsics.h>
  44:.\Generated_Source\PSoC4/cyfitter_cfg.c **** 
  45:.\Generated_Source\PSoC4/cyfitter_cfg.c ****     #define CYPACKED __packed
  46:.\Generated_Source\PSoC4/cyfitter_cfg.c ****     #define CYPACKED_ATTR 
  47:.\Generated_Source\PSoC4/cyfitter_cfg.c ****     #define CYALIGNED _Pragma("data_alignment=4")
  48:.\Generated_Source\PSoC4/cyfitter_cfg.c ****     #define CY_CFG_UNUSED _Pragma("diag_suppress=Pe177")
  49:.\Generated_Source\PSoC4/cyfitter_cfg.c ****     #define CY_CFG_SECTION _Pragma("location=\".psocinit\"")
  50:.\Generated_Source\PSoC4/cyfitter_cfg.c ****     
  51:.\Generated_Source\PSoC4/cyfitter_cfg.c ****     #define CY_CFG_MEMORY_BARRIER() __DMB()
  52:.\Generated_Source\PSoC4/cyfitter_cfg.c ****     
  53:.\Generated_Source\PSoC4/cyfitter_cfg.c **** #else
  54:.\Generated_Source\PSoC4/cyfitter_cfg.c ****     #error Unsupported toolchain
  55:.\Generated_Source\PSoC4/cyfitter_cfg.c **** #endif
  56:.\Generated_Source\PSoC4/cyfitter_cfg.c **** 
  57:.\Generated_Source\PSoC4/cyfitter_cfg.c **** 
  58:.\Generated_Source\PSoC4/cyfitter_cfg.c **** CY_CFG_UNUSED
  59:.\Generated_Source\PSoC4/cyfitter_cfg.c **** static void CYMEMZERO(void *s, size_t n);
  60:.\Generated_Source\PSoC4/cyfitter_cfg.c **** CY_CFG_UNUSED
  61:.\Generated_Source\PSoC4/cyfitter_cfg.c **** static void CYMEMZERO(void *s, size_t n)
  62:.\Generated_Source\PSoC4/cyfitter_cfg.c **** {
  25              		.loc 1 62 0
  26              		.cfi_startproc
  27 0000 80B5     		push	{r7, lr}
  28              		.cfi_def_cfa_offset 8
  29              		.cfi_offset 7, -8
  30              		.cfi_offset 14, -4
  31 0002 82B0     		sub	sp, sp, #8
  32              		.cfi_def_cfa_offset 16
  33 0004 00AF     		add	r7, sp, #0
  34              		.cfi_def_cfa_register 7
  35 0006 7860     		str	r0, [r7, #4]
  36 0008 3960     		str	r1, [r7]
  63:.\Generated_Source\PSoC4/cyfitter_cfg.c **** 	(void)memset(s, 0, n);
  37              		.loc 1 63 0
  38 000a 7A68     		ldr	r2, [r7, #4]
  39 000c 3B68     		ldr	r3, [r7]
  40 000e 101C     		mov	r0, r2
  41 0010 0021     		mov	r1, #0
  42 0012 1A1C     		mov	r2, r3
  43 0014 FFF7FEFF 		bl	memset
  64:.\Generated_Source\PSoC4/cyfitter_cfg.c **** }
  44              		.loc 1 64 0
  45 0018 BD46     		mov	sp, r7
  46 001a 02B0     		add	sp, sp, #8
  47              		@ sp needed
  48 001c 80BD     		pop	{r7, pc}
  49              		.cfi_endproc
  50              	.LFE2:
ARM GAS  C:\Users\Alan\AppData\Local\Temp\ccnuOlFc.s 			page 3


  51              		.size	CYMEMZERO, .-CYMEMZERO
  52 001e C046     		.section	.text.CYCONFIGCPY,"ax",%progbits
  53              		.align	2
  54              		.code	16
  55              		.thumb_func
  56              		.type	CYCONFIGCPY, %function
  57              	CYCONFIGCPY:
  58              	.LFB3:
  65:.\Generated_Source\PSoC4/cyfitter_cfg.c **** CY_CFG_UNUSED
  66:.\Generated_Source\PSoC4/cyfitter_cfg.c **** static void CYCONFIGCPY(void *dest, const void *src, size_t n);
  67:.\Generated_Source\PSoC4/cyfitter_cfg.c **** CY_CFG_UNUSED
  68:.\Generated_Source\PSoC4/cyfitter_cfg.c **** static void CYCONFIGCPY(void *dest, const void *src, size_t n)
  69:.\Generated_Source\PSoC4/cyfitter_cfg.c **** {
  59              		.loc 1 69 0
  60              		.cfi_startproc
  61 0000 80B5     		push	{r7, lr}
  62              		.cfi_def_cfa_offset 8
  63              		.cfi_offset 7, -8
  64              		.cfi_offset 14, -4
  65 0002 84B0     		sub	sp, sp, #16
  66              		.cfi_def_cfa_offset 24
  67 0004 00AF     		add	r7, sp, #0
  68              		.cfi_def_cfa_register 7
  69 0006 F860     		str	r0, [r7, #12]
  70 0008 B960     		str	r1, [r7, #8]
  71 000a 7A60     		str	r2, [r7, #4]
  70:.\Generated_Source\PSoC4/cyfitter_cfg.c **** 	(void)memcpy(dest, src, n);
  72              		.loc 1 70 0
  73 000c F968     		ldr	r1, [r7, #12]
  74 000e BA68     		ldr	r2, [r7, #8]
  75 0010 7B68     		ldr	r3, [r7, #4]
  76 0012 081C     		mov	r0, r1
  77 0014 111C     		mov	r1, r2
  78 0016 1A1C     		mov	r2, r3
  79 0018 FFF7FEFF 		bl	memcpy
  71:.\Generated_Source\PSoC4/cyfitter_cfg.c **** }
  80              		.loc 1 71 0
  81 001c BD46     		mov	sp, r7
  82 001e 04B0     		add	sp, sp, #16
  83              		@ sp needed
  84 0020 80BD     		pop	{r7, pc}
  85              		.cfi_endproc
  86              	.LFE3:
  87              		.size	CYCONFIGCPY, .-CYCONFIGCPY
  88 0022 C046     		.section	.text.CYCONFIGCPYCODE,"ax",%progbits
  89              		.align	2
  90              		.code	16
  91              		.thumb_func
  92              		.type	CYCONFIGCPYCODE, %function
  93              	CYCONFIGCPYCODE:
  94              	.LFB4:
  72:.\Generated_Source\PSoC4/cyfitter_cfg.c **** CY_CFG_UNUSED
  73:.\Generated_Source\PSoC4/cyfitter_cfg.c **** static void CYCONFIGCPYCODE(void *dest, const void *src, size_t n);
  74:.\Generated_Source\PSoC4/cyfitter_cfg.c **** CY_CFG_UNUSED
  75:.\Generated_Source\PSoC4/cyfitter_cfg.c **** static void CYCONFIGCPYCODE(void *dest, const void *src, size_t n)
  76:.\Generated_Source\PSoC4/cyfitter_cfg.c **** {
  95              		.loc 1 76 0
ARM GAS  C:\Users\Alan\AppData\Local\Temp\ccnuOlFc.s 			page 4


  96              		.cfi_startproc
  97 0000 80B5     		push	{r7, lr}
  98              		.cfi_def_cfa_offset 8
  99              		.cfi_offset 7, -8
 100              		.cfi_offset 14, -4
 101 0002 84B0     		sub	sp, sp, #16
 102              		.cfi_def_cfa_offset 24
 103 0004 00AF     		add	r7, sp, #0
 104              		.cfi_def_cfa_register 7
 105 0006 F860     		str	r0, [r7, #12]
 106 0008 B960     		str	r1, [r7, #8]
 107 000a 7A60     		str	r2, [r7, #4]
  77:.\Generated_Source\PSoC4/cyfitter_cfg.c **** 	(void)memcpy(dest, src, n);
 108              		.loc 1 77 0
 109 000c F968     		ldr	r1, [r7, #12]
 110 000e BA68     		ldr	r2, [r7, #8]
 111 0010 7B68     		ldr	r3, [r7, #4]
 112 0012 081C     		mov	r0, r1
 113 0014 111C     		mov	r1, r2
 114 0016 1A1C     		mov	r2, r3
 115 0018 FFF7FEFF 		bl	memcpy
  78:.\Generated_Source\PSoC4/cyfitter_cfg.c **** }
 116              		.loc 1 78 0
 117 001c BD46     		mov	sp, r7
 118 001e 04B0     		add	sp, sp, #16
 119              		@ sp needed
 120 0020 80BD     		pop	{r7, pc}
 121              		.cfi_endproc
 122              	.LFE4:
 123              		.size	CYCONFIGCPYCODE, .-CYCONFIGCPYCODE
 124 0022 C046     		.section	.psocinit,"ax",%progbits
 125              		.align	2
 126              		.code	16
 127              		.thumb_func
 128              		.type	ClockSetup, %function
 129              	ClockSetup:
 130              	.LFB5:
  79:.\Generated_Source\PSoC4/cyfitter_cfg.c **** 
  80:.\Generated_Source\PSoC4/cyfitter_cfg.c **** 
  81:.\Generated_Source\PSoC4/cyfitter_cfg.c **** 
  82:.\Generated_Source\PSoC4/cyfitter_cfg.c **** /* Clock startup error codes                                                   */
  83:.\Generated_Source\PSoC4/cyfitter_cfg.c **** #define CYCLOCKSTART_NO_ERROR    0u
  84:.\Generated_Source\PSoC4/cyfitter_cfg.c **** #define CYCLOCKSTART_XTAL_ERROR  1u
  85:.\Generated_Source\PSoC4/cyfitter_cfg.c **** #define CYCLOCKSTART_32KHZ_ERROR 2u
  86:.\Generated_Source\PSoC4/cyfitter_cfg.c **** #define CYCLOCKSTART_PLL_ERROR   3u
  87:.\Generated_Source\PSoC4/cyfitter_cfg.c **** 
  88:.\Generated_Source\PSoC4/cyfitter_cfg.c **** #ifdef CY_NEED_CYCLOCKSTARTUPERROR
  89:.\Generated_Source\PSoC4/cyfitter_cfg.c **** /*******************************************************************************
  90:.\Generated_Source\PSoC4/cyfitter_cfg.c **** * Function Name: CyClockStartupError
  91:.\Generated_Source\PSoC4/cyfitter_cfg.c **** ********************************************************************************
  92:.\Generated_Source\PSoC4/cyfitter_cfg.c **** * Summary:
  93:.\Generated_Source\PSoC4/cyfitter_cfg.c **** *  If an error is encountered during clock configuration (crystal startup error,
  94:.\Generated_Source\PSoC4/cyfitter_cfg.c **** *  PLL lock error, etc.), the system will end up here.  Unless reimplemented by
  95:.\Generated_Source\PSoC4/cyfitter_cfg.c **** *  the customer, this function will stop in an infinite loop.
  96:.\Generated_Source\PSoC4/cyfitter_cfg.c **** *
  97:.\Generated_Source\PSoC4/cyfitter_cfg.c **** * Parameters:
  98:.\Generated_Source\PSoC4/cyfitter_cfg.c **** *   void
ARM GAS  C:\Users\Alan\AppData\Local\Temp\ccnuOlFc.s 			page 5


  99:.\Generated_Source\PSoC4/cyfitter_cfg.c **** *
 100:.\Generated_Source\PSoC4/cyfitter_cfg.c **** * Return:
 101:.\Generated_Source\PSoC4/cyfitter_cfg.c **** *   void
 102:.\Generated_Source\PSoC4/cyfitter_cfg.c **** *
 103:.\Generated_Source\PSoC4/cyfitter_cfg.c **** *******************************************************************************/
 104:.\Generated_Source\PSoC4/cyfitter_cfg.c **** CY_CFG_UNUSED
 105:.\Generated_Source\PSoC4/cyfitter_cfg.c **** static void CyClockStartupError(uint8 errorCode);
 106:.\Generated_Source\PSoC4/cyfitter_cfg.c **** CY_CFG_UNUSED
 107:.\Generated_Source\PSoC4/cyfitter_cfg.c **** static void CyClockStartupError(uint8 errorCode)
 108:.\Generated_Source\PSoC4/cyfitter_cfg.c **** {
 109:.\Generated_Source\PSoC4/cyfitter_cfg.c ****     /* To remove the compiler warning if errorCode not used.                */
 110:.\Generated_Source\PSoC4/cyfitter_cfg.c ****     errorCode = errorCode;
 111:.\Generated_Source\PSoC4/cyfitter_cfg.c **** 
 112:.\Generated_Source\PSoC4/cyfitter_cfg.c ****     /* `#START CyClockStartupError` */
 113:.\Generated_Source\PSoC4/cyfitter_cfg.c **** 
 114:.\Generated_Source\PSoC4/cyfitter_cfg.c ****     /* If we have a clock startup error (bad MHz crystal, PLL lock, etc.),  */
 115:.\Generated_Source\PSoC4/cyfitter_cfg.c ****     /* we will end up here to allow the customer to implement something to  */
 116:.\Generated_Source\PSoC4/cyfitter_cfg.c ****     /* deal with the clock condition.                                       */
 117:.\Generated_Source\PSoC4/cyfitter_cfg.c **** 
 118:.\Generated_Source\PSoC4/cyfitter_cfg.c ****     /* `#END` */
 119:.\Generated_Source\PSoC4/cyfitter_cfg.c **** 
 120:.\Generated_Source\PSoC4/cyfitter_cfg.c ****     /* If nothing else, stop here since the clocks have not started         */
 121:.\Generated_Source\PSoC4/cyfitter_cfg.c ****     /* correctly.                                                           */
 122:.\Generated_Source\PSoC4/cyfitter_cfg.c ****     while(1) {}
 123:.\Generated_Source\PSoC4/cyfitter_cfg.c **** }
 124:.\Generated_Source\PSoC4/cyfitter_cfg.c **** #endif
 125:.\Generated_Source\PSoC4/cyfitter_cfg.c **** 
 126:.\Generated_Source\PSoC4/cyfitter_cfg.c **** 
 127:.\Generated_Source\PSoC4/cyfitter_cfg.c **** 
 128:.\Generated_Source\PSoC4/cyfitter_cfg.c **** /*******************************************************************************
 129:.\Generated_Source\PSoC4/cyfitter_cfg.c **** * Function Name: ClockSetup
 130:.\Generated_Source\PSoC4/cyfitter_cfg.c **** ********************************************************************************
 131:.\Generated_Source\PSoC4/cyfitter_cfg.c **** *
 132:.\Generated_Source\PSoC4/cyfitter_cfg.c **** * Summary:
 133:.\Generated_Source\PSoC4/cyfitter_cfg.c **** *   Performs the initialization of all of the clocks in the device based on the
 134:.\Generated_Source\PSoC4/cyfitter_cfg.c **** *   settings in the Clock tab of the DWR.  This includes enabling the requested
 135:.\Generated_Source\PSoC4/cyfitter_cfg.c **** *   clocks and setting the necessary dividers to produce the desired frequency. 
 136:.\Generated_Source\PSoC4/cyfitter_cfg.c **** *
 137:.\Generated_Source\PSoC4/cyfitter_cfg.c **** * Parameters:
 138:.\Generated_Source\PSoC4/cyfitter_cfg.c **** *   void
 139:.\Generated_Source\PSoC4/cyfitter_cfg.c **** *
 140:.\Generated_Source\PSoC4/cyfitter_cfg.c **** * Return:
 141:.\Generated_Source\PSoC4/cyfitter_cfg.c **** *   void
 142:.\Generated_Source\PSoC4/cyfitter_cfg.c **** *
 143:.\Generated_Source\PSoC4/cyfitter_cfg.c **** *******************************************************************************/
 144:.\Generated_Source\PSoC4/cyfitter_cfg.c **** static void ClockSetup(void);
 145:.\Generated_Source\PSoC4/cyfitter_cfg.c **** CY_CFG_SECTION
 146:.\Generated_Source\PSoC4/cyfitter_cfg.c **** static void ClockSetup(void)
 147:.\Generated_Source\PSoC4/cyfitter_cfg.c **** {
 131              		.loc 1 147 0
 132              		.cfi_startproc
 133 0000 80B5     		push	{r7, lr}
 134              		.cfi_def_cfa_offset 8
 135              		.cfi_offset 7, -8
 136              		.cfi_offset 14, -4
 137 0002 00AF     		add	r7, sp, #0
 138              		.cfi_def_cfa_register 7
ARM GAS  C:\Users\Alan\AppData\Local\Temp\ccnuOlFc.s 			page 6


 148:.\Generated_Source\PSoC4/cyfitter_cfg.c **** 
 149:.\Generated_Source\PSoC4/cyfitter_cfg.c **** 	/* Set Flash Cycles based on max possible frequency in case a glitch occurs during ClockSetup(). *
 150:.\Generated_Source\PSoC4/cyfitter_cfg.c **** 	CY_SET_REG32((void CYXDATA *)(CYREG_CPUSS_FLASH_CTL), (0x0012u));
 139              		.loc 1 150 0
 140 0004 264B     		ldr	r3, .L5
 141 0006 1222     		mov	r2, #18
 142 0008 1A60     		str	r2, [r3]
 151:.\Generated_Source\PSoC4/cyfitter_cfg.c **** 
 152:.\Generated_Source\PSoC4/cyfitter_cfg.c **** 	/* Start the WCO */
 153:.\Generated_Source\PSoC4/cyfitter_cfg.c **** 	CySysClkWcoStart();
 143              		.loc 1 153 0
 144 000a FFF7FEFF 		bl	CySysClkWcoStart
 154:.\Generated_Source\PSoC4/cyfitter_cfg.c **** 	CyDelayCycles(12000000u); /* WCO may take up to 500ms to start */
 145              		.loc 1 154 0
 146 000e 254B     		ldr	r3, .L5+4
 147 0010 181C     		mov	r0, r3
 148 0012 FFF7FEFF 		bl	CyDelayCycles
 155:.\Generated_Source\PSoC4/cyfitter_cfg.c **** 	(void)CySysClkWcoSetPowerMode(CY_SYS_CLK_WCO_LPM);    /* Switch to the low power mode */
 149              		.loc 1 155 0
 150 0016 0120     		mov	r0, #1
 151 0018 FFF7FEFF 		bl	CySysClkWcoSetPowerMode
 156:.\Generated_Source\PSoC4/cyfitter_cfg.c **** 
 157:.\Generated_Source\PSoC4/cyfitter_cfg.c **** 	/* Setup and trim IMO based on desired frequency. */
 158:.\Generated_Source\PSoC4/cyfitter_cfg.c **** 	CySysClkWriteImoFreq(48u);
 152              		.loc 1 158 0
 153 001c 3020     		mov	r0, #48
 154 001e FFF7FEFF 		bl	CySysClkWriteImoFreq
 159:.\Generated_Source\PSoC4/cyfitter_cfg.c **** 	/* CYDEV_CLK_ILO_CONFIG Starting address: CYDEV_CLK_ILO_CONFIG */
 160:.\Generated_Source\PSoC4/cyfitter_cfg.c **** 	CY_SET_XTND_REG32((void CYFAR *)(CYREG_CLK_ILO_CONFIG), 0x80000006u);
 155              		.loc 1 160 0
 156 0022 214B     		ldr	r3, .L5+8
 157 0024 214A     		ldr	r2, .L5+12
 158 0026 1A60     		str	r2, [r3]
 161:.\Generated_Source\PSoC4/cyfitter_cfg.c **** 
 162:.\Generated_Source\PSoC4/cyfitter_cfg.c **** 	/* CYDEV_WDT_CONFIG Starting address: CYDEV_WDT_CONFIG */
 163:.\Generated_Source\PSoC4/cyfitter_cfg.c **** 	CY_SET_XTND_REG32((void CYFAR *)(CYREG_WDT_CONFIG), 0x40000000u);
 159              		.loc 1 163 0
 160 0028 214B     		ldr	r3, .L5+16
 161 002a 8022     		mov	r2, #128
 162 002c D205     		lsl	r2, r2, #23
 163 002e 1A60     		str	r2, [r3]
 164:.\Generated_Source\PSoC4/cyfitter_cfg.c **** 
 165:.\Generated_Source\PSoC4/cyfitter_cfg.c **** 
 166:.\Generated_Source\PSoC4/cyfitter_cfg.c **** 	/* Enable fast start mode for XO */
 167:.\Generated_Source\PSoC4/cyfitter_cfg.c **** 	CY_SET_REG32((void*)CYREG_BLE_BLERD_BB_XO, CY_GET_REG32((void*)CYREG_BLE_BLERD_BB_XO) | (uint32)0x
 164              		.loc 1 167 0
 165 0030 204B     		ldr	r3, .L5+20
 166 0032 204A     		ldr	r2, .L5+20
 167 0034 1268     		ldr	r2, [r2]
 168 0036 0221     		mov	r1, #2
 169 0038 0A43     		orr	r2, r1
 170 003a 1A60     		str	r2, [r3]
 168:.\Generated_Source\PSoC4/cyfitter_cfg.c **** 	CY_SET_XTND_REG32((void CYFAR *)(CYREG_BLE_BLERD_BB_XO_CAPTRIM), 0x00003E2Du);
 171              		.loc 1 168 0
 172 003c 1E4B     		ldr	r3, .L5+24
 173 003e 1F4A     		ldr	r2, .L5+28
 174 0040 1A60     		str	r2, [r3]
ARM GAS  C:\Users\Alan\AppData\Local\Temp\ccnuOlFc.s 			page 7


 169:.\Generated_Source\PSoC4/cyfitter_cfg.c **** 	/* Disable Crystal Stable Interrupt before enabling ECO */
 170:.\Generated_Source\PSoC4/cyfitter_cfg.c **** 	CY_SET_REG32((void*)CYREG_BLE_BLESS_LL_DSM_CTRL, CY_GET_REG32((void*)CYREG_BLE_BLESS_LL_DSM_CTRL) 
 175              		.loc 1 170 0
 176 0042 1F4B     		ldr	r3, .L5+32
 177 0044 1E4A     		ldr	r2, .L5+32
 178 0046 1268     		ldr	r2, [r2]
 179 0048 0821     		mov	r1, #8
 180 004a 8A43     		bic	r2, r1
 181 004c 1A60     		str	r2, [r3]
 171:.\Generated_Source\PSoC4/cyfitter_cfg.c **** 	/* Start the ECO and do not check status since it is not needed for HFCLK */
 172:.\Generated_Source\PSoC4/cyfitter_cfg.c **** 	(void)CySysClkEcoStart(2000u);
 182              		.loc 1 172 0
 183 004e FA23     		mov	r3, #250
 184 0050 DB00     		lsl	r3, r3, #3
 185 0052 181C     		mov	r0, r3
 186 0054 FFF7FEFF 		bl	CySysClkEcoStart
 173:.\Generated_Source\PSoC4/cyfitter_cfg.c **** 	CyDelayUs(1500u); /* Wait to stabalize */
 187              		.loc 1 173 0
 188 0058 1A4B     		ldr	r3, .L5+36
 189 005a 181C     		mov	r0, r3
 190 005c FFF7FEFF 		bl	CyDelayUs
 174:.\Generated_Source\PSoC4/cyfitter_cfg.c **** 
 175:.\Generated_Source\PSoC4/cyfitter_cfg.c **** 	/* Setup phase aligned clocks */
 176:.\Generated_Source\PSoC4/cyfitter_cfg.c **** 	CY_SET_REG32((void *)CYREG_PERI_DIV_16_CTL0, 0x00001D00u);
 191              		.loc 1 176 0
 192 0060 194B     		ldr	r3, .L5+40
 193 0062 E822     		mov	r2, #232
 194 0064 5201     		lsl	r2, r2, #5
 195 0066 1A60     		str	r2, [r3]
 177:.\Generated_Source\PSoC4/cyfitter_cfg.c **** 	CY_SET_REG32((void *)CYREG_PERI_DIV_CMD, 0x8000FF40u);
 196              		.loc 1 177 0
 197 0068 184B     		ldr	r3, .L5+44
 198 006a 194A     		ldr	r2, .L5+48
 199 006c 1A60     		str	r2, [r3]
 178:.\Generated_Source\PSoC4/cyfitter_cfg.c **** 
 179:.\Generated_Source\PSoC4/cyfitter_cfg.c **** 	/* CYDEV_CLK_IMO_CONFIG Starting address: CYDEV_CLK_IMO_CONFIG */
 180:.\Generated_Source\PSoC4/cyfitter_cfg.c **** 	CY_SET_XTND_REG32((void CYFAR *)(CYREG_CLK_IMO_CONFIG), 0x80000000u);
 200              		.loc 1 180 0
 201 006e 194B     		ldr	r3, .L5+52
 202 0070 8022     		mov	r2, #128
 203 0072 1206     		lsl	r2, r2, #24
 204 0074 1A60     		str	r2, [r3]
 181:.\Generated_Source\PSoC4/cyfitter_cfg.c **** 
 182:.\Generated_Source\PSoC4/cyfitter_cfg.c **** 	/* CYDEV_CLK_SELECT Starting address: CYDEV_CLK_SELECT */
 183:.\Generated_Source\PSoC4/cyfitter_cfg.c **** 	CY_SET_XTND_REG32((void CYFAR *)(CYREG_CLK_SELECT), 0x00040000u);
 205              		.loc 1 183 0
 206 0076 184B     		ldr	r3, .L5+56
 207 0078 8022     		mov	r2, #128
 208 007a D202     		lsl	r2, r2, #11
 209 007c 1A60     		str	r2, [r3]
 184:.\Generated_Source\PSoC4/cyfitter_cfg.c **** 
 185:.\Generated_Source\PSoC4/cyfitter_cfg.c **** 	/* CYDEV_PERI_PCLK_CTL2 Starting address: CYDEV_PERI_PCLK_CTL2 */
 186:.\Generated_Source\PSoC4/cyfitter_cfg.c **** 	CY_SET_XTND_REG32((void CYFAR *)(CYREG_PERI_PCLK_CTL2), 0x00000040u);
 210              		.loc 1 186 0
 211 007e 174B     		ldr	r3, .L5+60
 212 0080 4022     		mov	r2, #64
 213 0082 1A60     		str	r2, [r3]
ARM GAS  C:\Users\Alan\AppData\Local\Temp\ccnuOlFc.s 			page 8


 187:.\Generated_Source\PSoC4/cyfitter_cfg.c **** 
 188:.\Generated_Source\PSoC4/cyfitter_cfg.c **** 	(void)CyIntSetVector(8u, &CySysWdtIsr);
 214              		.loc 1 188 0
 215 0084 164B     		ldr	r3, .L5+64
 216 0086 0820     		mov	r0, #8
 217 0088 191C     		mov	r1, r3
 218 008a FFF7FEFF 		bl	CyIntSetVector
 189:.\Generated_Source\PSoC4/cyfitter_cfg.c **** 	CyIntEnable(8u);
 219              		.loc 1 189 0
 220 008e 0820     		mov	r0, #8
 221 0090 FFF7FEFF 		bl	CyIntEnable
 190:.\Generated_Source\PSoC4/cyfitter_cfg.c **** 	CY_SET_XTND_REG32((void CYFAR *)(CYREG_WDT_CONFIG), 0x40000000u);
 222              		.loc 1 190 0
 223 0094 064B     		ldr	r3, .L5+16
 224 0096 8022     		mov	r2, #128
 225 0098 D205     		lsl	r2, r2, #23
 226 009a 1A60     		str	r2, [r3]
 191:.\Generated_Source\PSoC4/cyfitter_cfg.c **** }
 227              		.loc 1 191 0
 228 009c BD46     		mov	sp, r7
 229              		@ sp needed
 230 009e 80BD     		pop	{r7, pc}
 231              	.L6:
 232              		.align	2
 233              	.L5:
 234 00a0 30001040 		.word	1074790448
 235 00a4 001BB700 		.word	12000000
 236 00a8 04010B40 		.word	1074462980
 237 00ac 06000080 		.word	-2147483642
 238 00b0 0C020B40 		.word	1074463244
 239 00b4 78002E40 		.word	1076756600
 240 00b8 7C002E40 		.word	1076756604
 241 00bc 2D3E0000 		.word	15917
 242 00c0 6CF02E40 		.word	1076818028
 243 00c4 DC050000 		.word	1500
 244 00c8 00030140 		.word	1073808128
 245 00cc 00000140 		.word	1073807360
 246 00d0 40FF0080 		.word	-2147418304
 247 00d4 08010B40 		.word	1074462984
 248 00d8 00010B40 		.word	1074462976
 249 00dc 08010140 		.word	1073807624
 250 00e0 00000000 		.word	CySysWdtIsr
 251              		.cfi_endproc
 252              	.LFE5:
 253              		.size	ClockSetup, .-ClockSetup
 254              		.section	.text.AnalogSetDefault,"ax",%progbits
 255              		.align	2
 256              		.code	16
 257              		.thumb_func
 258              		.type	AnalogSetDefault, %function
 259              	AnalogSetDefault:
 260              	.LFB6:
 192:.\Generated_Source\PSoC4/cyfitter_cfg.c **** 
 193:.\Generated_Source\PSoC4/cyfitter_cfg.c **** 
 194:.\Generated_Source\PSoC4/cyfitter_cfg.c **** /* Analog API Functions */
 195:.\Generated_Source\PSoC4/cyfitter_cfg.c **** 
 196:.\Generated_Source\PSoC4/cyfitter_cfg.c **** 
ARM GAS  C:\Users\Alan\AppData\Local\Temp\ccnuOlFc.s 			page 9


 197:.\Generated_Source\PSoC4/cyfitter_cfg.c **** /*******************************************************************************
 198:.\Generated_Source\PSoC4/cyfitter_cfg.c **** * Function Name: AnalogSetDefault
 199:.\Generated_Source\PSoC4/cyfitter_cfg.c **** ********************************************************************************
 200:.\Generated_Source\PSoC4/cyfitter_cfg.c **** *
 201:.\Generated_Source\PSoC4/cyfitter_cfg.c **** * Summary:
 202:.\Generated_Source\PSoC4/cyfitter_cfg.c **** *  Sets up the analog portions of the chip to default values based on chip
 203:.\Generated_Source\PSoC4/cyfitter_cfg.c **** *  configuration options from the project.
 204:.\Generated_Source\PSoC4/cyfitter_cfg.c **** *
 205:.\Generated_Source\PSoC4/cyfitter_cfg.c **** * Parameters:
 206:.\Generated_Source\PSoC4/cyfitter_cfg.c **** *  void
 207:.\Generated_Source\PSoC4/cyfitter_cfg.c **** *
 208:.\Generated_Source\PSoC4/cyfitter_cfg.c **** * Return:
 209:.\Generated_Source\PSoC4/cyfitter_cfg.c **** *  void
 210:.\Generated_Source\PSoC4/cyfitter_cfg.c **** *
 211:.\Generated_Source\PSoC4/cyfitter_cfg.c **** *******************************************************************************/
 212:.\Generated_Source\PSoC4/cyfitter_cfg.c **** static void AnalogSetDefault(void);
 213:.\Generated_Source\PSoC4/cyfitter_cfg.c **** static void AnalogSetDefault(void)
 214:.\Generated_Source\PSoC4/cyfitter_cfg.c **** {
 261              		.loc 1 214 0
 262              		.cfi_startproc
 263 0000 80B5     		push	{r7, lr}
 264              		.cfi_def_cfa_offset 8
 265              		.cfi_offset 7, -8
 266              		.cfi_offset 14, -4
 267 0002 00AF     		add	r7, sp, #0
 268              		.cfi_def_cfa_register 7
 215:.\Generated_Source\PSoC4/cyfitter_cfg.c **** 	CY_SET_XTND_REG32((void CYFAR *)CYREG_CTBM0_DFT_CTRL, 0x00000003u);
 269              		.loc 1 215 0
 270 0004 054B     		ldr	r3, .L8
 271 0006 0322     		mov	r2, #3
 272 0008 1A60     		str	r2, [r3]
 216:.\Generated_Source\PSoC4/cyfitter_cfg.c **** 	CY_SET_XTND_REG32((void CYFAR *)CYREG_CTBM1_DFT_CTRL, 0x00000003u);
 273              		.loc 1 216 0
 274 000a 054B     		ldr	r3, .L8+4
 275 000c 0322     		mov	r2, #3
 276 000e 1A60     		str	r2, [r3]
 217:.\Generated_Source\PSoC4/cyfitter_cfg.c **** 	CY_SET_XTND_REG32((void CYFAR *)CYREG_PASS_DSAB_DSAB_CTRL, 0x00000000u);
 277              		.loc 1 217 0
 278 0010 044B     		ldr	r3, .L8+8
 279 0012 0022     		mov	r2, #0
 280 0014 1A60     		str	r2, [r3]
 218:.\Generated_Source\PSoC4/cyfitter_cfg.c **** }
 281              		.loc 1 218 0
 282 0016 BD46     		mov	sp, r7
 283              		@ sp needed
 284 0018 80BD     		pop	{r7, pc}
 285              	.L9:
 286 001a C046     		.align	2
 287              	.L8:
 288 001c 30003040 		.word	1076887600
 289 0020 30003140 		.word	1076953136
 290 0024 000E3F40 		.word	1077874176
 291              		.cfi_endproc
 292              	.LFE6:
 293              		.size	AnalogSetDefault, .-AnalogSetDefault
 294              		.section	.psocinit
 295              		.align	2
ARM GAS  C:\Users\Alan\AppData\Local\Temp\ccnuOlFc.s 			page 10


 296              		.global	cyfitter_cfg
 297              		.code	16
 298              		.thumb_func
 299              		.type	cyfitter_cfg, %function
 300              	cyfitter_cfg:
 301              	.LFB7:
 219:.\Generated_Source\PSoC4/cyfitter_cfg.c **** 
 220:.\Generated_Source\PSoC4/cyfitter_cfg.c **** #define CY_AMUX_UNUSED CYREG_CM0_ROM_DWT
 221:.\Generated_Source\PSoC4/cyfitter_cfg.c **** 
 222:.\Generated_Source\PSoC4/cyfitter_cfg.c **** 
 223:.\Generated_Source\PSoC4/cyfitter_cfg.c **** /*******************************************************************************
 224:.\Generated_Source\PSoC4/cyfitter_cfg.c **** * Function Name: cyfitter_cfg
 225:.\Generated_Source\PSoC4/cyfitter_cfg.c **** ********************************************************************************
 226:.\Generated_Source\PSoC4/cyfitter_cfg.c **** * Summary:
 227:.\Generated_Source\PSoC4/cyfitter_cfg.c **** *  This function is called by the start-up code for the selected device. It
 228:.\Generated_Source\PSoC4/cyfitter_cfg.c **** *  performs all of the necessary device configuration based on the design
 229:.\Generated_Source\PSoC4/cyfitter_cfg.c **** *  settings.  This includes settings from the Design Wide Resources (DWR) such
 230:.\Generated_Source\PSoC4/cyfitter_cfg.c **** *  as Clocks and Pins as well as any component configuration that is necessary.
 231:.\Generated_Source\PSoC4/cyfitter_cfg.c **** *
 232:.\Generated_Source\PSoC4/cyfitter_cfg.c **** * Parameters:  
 233:.\Generated_Source\PSoC4/cyfitter_cfg.c **** *   void
 234:.\Generated_Source\PSoC4/cyfitter_cfg.c **** *
 235:.\Generated_Source\PSoC4/cyfitter_cfg.c **** * Return:
 236:.\Generated_Source\PSoC4/cyfitter_cfg.c **** *   void
 237:.\Generated_Source\PSoC4/cyfitter_cfg.c **** *
 238:.\Generated_Source\PSoC4/cyfitter_cfg.c **** *******************************************************************************/
 239:.\Generated_Source\PSoC4/cyfitter_cfg.c **** CY_CFG_SECTION
 240:.\Generated_Source\PSoC4/cyfitter_cfg.c **** void cyfitter_cfg(void)
 241:.\Generated_Source\PSoC4/cyfitter_cfg.c **** {
 302              		.loc 1 241 0
 303              		.cfi_startproc
 304 00e4 80B5     		push	{r7, lr}
 305              		.cfi_def_cfa_offset 8
 306              		.cfi_offset 7, -8
 307              		.cfi_offset 14, -4
 308 00e6 82B0     		sub	sp, sp, #8
 309              		.cfi_def_cfa_offset 16
 310 00e8 00AF     		add	r7, sp, #0
 311              		.cfi_def_cfa_register 7
 242:.\Generated_Source\PSoC4/cyfitter_cfg.c **** 	/* Disable interrupts by default. Let user enable if/when they want. */
 243:.\Generated_Source\PSoC4/cyfitter_cfg.c **** 	CyGlobalIntDisable;
 312              		.loc 1 243 0
 313              	@ 243 ".\Generated_Source\PSoC4\cyfitter_cfg.c" 1
 314 00ea 72B6     		CPSID   i
 315              	@ 0 "" 2
 244:.\Generated_Source\PSoC4/cyfitter_cfg.c **** 
 245:.\Generated_Source\PSoC4/cyfitter_cfg.c **** 	CY_SET_XTND_REG32((void CYFAR *)(CYREG_BLE_BLESS_LL_DSM_CTRL), 0x00000000u);
 316              		.loc 1 245 0
 317              		.code	16
 318 00ec 364B     		ldr	r3, .L13
 319 00ee 0022     		mov	r2, #0
 320 00f0 1A60     		str	r2, [r3]
 321              	.LBB2:
 246:.\Generated_Source\PSoC4/cyfitter_cfg.c **** 
 247:.\Generated_Source\PSoC4/cyfitter_cfg.c **** 	{
 248:.\Generated_Source\PSoC4/cyfitter_cfg.c **** 
 249:.\Generated_Source\PSoC4/cyfitter_cfg.c **** 		CYPACKED typedef struct {
ARM GAS  C:\Users\Alan\AppData\Local\Temp\ccnuOlFc.s 			page 11


 250:.\Generated_Source\PSoC4/cyfitter_cfg.c **** 			void CYFAR *address;
 251:.\Generated_Source\PSoC4/cyfitter_cfg.c **** 			uint16 size;
 252:.\Generated_Source\PSoC4/cyfitter_cfg.c **** 		} CYPACKED_ATTR cfg_memset_t;
 253:.\Generated_Source\PSoC4/cyfitter_cfg.c **** 
 254:.\Generated_Source\PSoC4/cyfitter_cfg.c **** 		static const cfg_memset_t CYCODE cfg_memset_list [] = {
 255:.\Generated_Source\PSoC4/cyfitter_cfg.c **** 			/* address, size */
 256:.\Generated_Source\PSoC4/cyfitter_cfg.c **** 			{(void CYFAR *)(CYDEV_UDB_P0_U0_BASE), 1024u},
 257:.\Generated_Source\PSoC4/cyfitter_cfg.c **** 			{(void CYFAR *)(CYDEV_UDB_DSI0_BASE), 1024u},
 258:.\Generated_Source\PSoC4/cyfitter_cfg.c **** 		};
 259:.\Generated_Source\PSoC4/cyfitter_cfg.c **** 
 260:.\Generated_Source\PSoC4/cyfitter_cfg.c **** 		uint8 CYDATA i;
 261:.\Generated_Source\PSoC4/cyfitter_cfg.c **** 
 262:.\Generated_Source\PSoC4/cyfitter_cfg.c **** 		/* Zero out critical memory blocks before beginning configuration */
 263:.\Generated_Source\PSoC4/cyfitter_cfg.c **** 		for (i = 0u; i < (sizeof(cfg_memset_list)/sizeof(cfg_memset_list[0])); i++)
 322              		.loc 1 263 0
 323 00f2 FB1D     		add	r3, r7, #7
 324 00f4 0022     		mov	r2, #0
 325 00f6 1A70     		strb	r2, [r3]
 326 00f8 23E0     		b	.L11
 327              	.L12:
 328              	.LBB3:
 264:.\Generated_Source\PSoC4/cyfitter_cfg.c **** 		{
 265:.\Generated_Source\PSoC4/cyfitter_cfg.c **** 			const cfg_memset_t CYCODE * CYDATA ms = &cfg_memset_list[i];
 329              		.loc 1 265 0 discriminator 3
 330 00fa FB1D     		add	r3, r7, #7
 331 00fc 1A78     		ldrb	r2, [r3]
 332 00fe 131C     		mov	r3, r2
 333 0100 5B00     		lsl	r3, r3, #1
 334 0102 9B18     		add	r3, r3, r2
 335 0104 5B00     		lsl	r3, r3, #1
 336 0106 314A     		ldr	r2, .L13+4
 337 0108 9B18     		add	r3, r3, r2
 338 010a 3B60     		str	r3, [r7]
 266:.\Generated_Source\PSoC4/cyfitter_cfg.c **** 			CYMEMZERO(ms->address, (size_t)(uint32)(ms->size));
 339              		.loc 1 266 0 discriminator 3
 340 010c 3B68     		ldr	r3, [r7]
 341 010e 1A78     		ldrb	r2, [r3]
 342 0110 5978     		ldrb	r1, [r3, #1]
 343 0112 0902     		lsl	r1, r1, #8
 344 0114 0A43     		orr	r2, r1
 345 0116 9978     		ldrb	r1, [r3, #2]
 346 0118 0904     		lsl	r1, r1, #16
 347 011a 0A43     		orr	r2, r1
 348 011c DB78     		ldrb	r3, [r3, #3]
 349 011e 1B06     		lsl	r3, r3, #24
 350 0120 1343     		orr	r3, r2
 351 0122 191C     		mov	r1, r3
 352 0124 3B68     		ldr	r3, [r7]
 353 0126 1A79     		ldrb	r2, [r3, #4]
 354 0128 5B79     		ldrb	r3, [r3, #5]
 355 012a 1B02     		lsl	r3, r3, #8
 356 012c 1343     		orr	r3, r2
 357 012e 9BB2     		uxth	r3, r3
 358 0130 081C     		mov	r0, r1
 359 0132 191C     		mov	r1, r3
 360 0134 FFF7FEFF 		bl	CYMEMZERO
 361              	.LBE3:
ARM GAS  C:\Users\Alan\AppData\Local\Temp\ccnuOlFc.s 			page 12


 263:.\Generated_Source\PSoC4/cyfitter_cfg.c **** 		{
 362              		.loc 1 263 0 discriminator 3
 363 0138 FB1D     		add	r3, r7, #7
 364 013a 1A78     		ldrb	r2, [r3]
 365 013c FB1D     		add	r3, r7, #7
 366 013e 0132     		add	r2, r2, #1
 367 0140 1A70     		strb	r2, [r3]
 368              	.L11:
 263:.\Generated_Source\PSoC4/cyfitter_cfg.c **** 		{
 369              		.loc 1 263 0 is_stmt 0 discriminator 1
 370 0142 FB1D     		add	r3, r7, #7
 371 0144 1B78     		ldrb	r3, [r3]
 372 0146 012B     		cmp	r3, #1
 373 0148 D7D9     		bls	.L12
 267:.\Generated_Source\PSoC4/cyfitter_cfg.c **** 		}
 268:.\Generated_Source\PSoC4/cyfitter_cfg.c **** 
 269:.\Generated_Source\PSoC4/cyfitter_cfg.c **** 		/* HSIOM Starting address: CYDEV_HSIOM_BASE */
 270:.\Generated_Source\PSoC4/cyfitter_cfg.c **** 		CY_SET_XTND_REG32((void CYFAR *)(CYDEV_HSIOM_BASE), 0xEE000000u);
 374              		.loc 1 270 0 is_stmt 1
 375 014a 214B     		ldr	r3, .L13+8
 376 014c EE22     		mov	r2, #238
 377 014e 1206     		lsl	r2, r2, #24
 378 0150 1A60     		str	r2, [r3]
 271:.\Generated_Source\PSoC4/cyfitter_cfg.c **** 		CY_SET_XTND_REG32((void CYFAR *)(CYREG_HSIOM_PORT_SEL5), 0x000000EEu);
 379              		.loc 1 271 0
 380 0152 204B     		ldr	r3, .L13+12
 381 0154 EE22     		mov	r2, #238
 382 0156 1A60     		str	r2, [r3]
 272:.\Generated_Source\PSoC4/cyfitter_cfg.c **** 
 273:.\Generated_Source\PSoC4/cyfitter_cfg.c **** 		/* UDB_PA_0 Starting address: CYDEV_UDB_PA0_BASE */
 274:.\Generated_Source\PSoC4/cyfitter_cfg.c **** 		CY_SET_XTND_REG32((void CYFAR *)(CYDEV_UDB_PA0_BASE), 0x00990000u);
 383              		.loc 1 274 0
 384 0158 1F4B     		ldr	r3, .L13+16
 385 015a 9922     		mov	r2, #153
 386 015c 1204     		lsl	r2, r2, #16
 387 015e 1A60     		str	r2, [r3]
 275:.\Generated_Source\PSoC4/cyfitter_cfg.c **** 
 276:.\Generated_Source\PSoC4/cyfitter_cfg.c **** 		/* UDB_PA_1 Starting address: CYDEV_UDB_PA1_BASE */
 277:.\Generated_Source\PSoC4/cyfitter_cfg.c **** 		CY_SET_XTND_REG32((void CYFAR *)(CYDEV_UDB_PA1_BASE), 0x00990000u);
 388              		.loc 1 277 0
 389 0160 1E4B     		ldr	r3, .L13+20
 390 0162 9922     		mov	r2, #153
 391 0164 1204     		lsl	r2, r2, #16
 392 0166 1A60     		str	r2, [r3]
 278:.\Generated_Source\PSoC4/cyfitter_cfg.c **** 
 279:.\Generated_Source\PSoC4/cyfitter_cfg.c **** 		/* Enable digital routing */
 280:.\Generated_Source\PSoC4/cyfitter_cfg.c **** 		CY_SET_XTND_REG8((void *)CYREG_UDB_UDBIF_BANK_CTL, CY_GET_XTND_REG8((void *)CYREG_UDB_UDBIF_BANK_
 393              		.loc 1 280 0
 394 0168 1D4A     		ldr	r2, .L13+24
 395 016a 1D4B     		ldr	r3, .L13+24
 396 016c 1B78     		ldrb	r3, [r3]
 397 016e DBB2     		uxtb	r3, r3
 398 0170 0221     		mov	r1, #2
 399 0172 0B43     		orr	r3, r1
 400 0174 DBB2     		uxtb	r3, r3
 401 0176 1370     		strb	r3, [r2]
 281:.\Generated_Source\PSoC4/cyfitter_cfg.c **** 
ARM GAS  C:\Users\Alan\AppData\Local\Temp\ccnuOlFc.s 			page 13


 282:.\Generated_Source\PSoC4/cyfitter_cfg.c **** 		/* Enable UDB array */
 283:.\Generated_Source\PSoC4/cyfitter_cfg.c **** 		CY_SET_XTND_REG8((void *)CYREG_UDB_UDBIF_WAIT_CFG, (uint8)((CY_GET_XTND_REG8((void *)CYREG_UDB_UD
 402              		.loc 1 283 0
 403 0178 1A4A     		ldr	r2, .L13+28
 404 017a 1A4B     		ldr	r3, .L13+28
 405 017c 1B78     		ldrb	r3, [r3]
 406 017e DBB2     		uxtb	r3, r3
 407 0180 3C21     		mov	r1, #60
 408 0182 8B43     		bic	r3, r1
 409 0184 DBB2     		uxtb	r3, r3
 410 0186 1421     		mov	r1, #20
 411 0188 0B43     		orr	r3, r1
 412 018a DBB2     		uxtb	r3, r3
 413 018c 1370     		strb	r3, [r2]
 284:.\Generated_Source\PSoC4/cyfitter_cfg.c **** 		CY_SET_XTND_REG8((void *)CYREG_UDB_UDBIF_BANK_CTL, (uint8)(CY_GET_XTND_REG8((void *)CYREG_UDB_UDB
 414              		.loc 1 284 0
 415 018e 144A     		ldr	r2, .L13+24
 416 0190 134B     		ldr	r3, .L13+24
 417 0192 1B78     		ldrb	r3, [r3]
 418 0194 DBB2     		uxtb	r3, r3
 419 0196 1621     		mov	r1, #22
 420 0198 0B43     		orr	r3, r1
 421 019a DBB2     		uxtb	r3, r3
 422 019c 1370     		strb	r3, [r2]
 423              	.LBE2:
 285:.\Generated_Source\PSoC4/cyfitter_cfg.c **** 	}
 286:.\Generated_Source\PSoC4/cyfitter_cfg.c **** 
 287:.\Generated_Source\PSoC4/cyfitter_cfg.c **** 	/* Perform second pass device configuration. These items must be configured in specific order afte
 288:.\Generated_Source\PSoC4/cyfitter_cfg.c **** 	/* IOPINS0_0 Starting address: CYDEV_GPIO_PRT0_BASE */
 289:.\Generated_Source\PSoC4/cyfitter_cfg.c **** 	CY_SET_XTND_REG32((void CYFAR *)(CYREG_GPIO_PRT0_PC), 0x00D80000u);
 424              		.loc 1 289 0
 425 019e 124B     		ldr	r3, .L13+32
 426 01a0 D822     		mov	r2, #216
 427 01a2 1204     		lsl	r2, r2, #16
 428 01a4 1A60     		str	r2, [r3]
 290:.\Generated_Source\PSoC4/cyfitter_cfg.c **** 
 291:.\Generated_Source\PSoC4/cyfitter_cfg.c **** 	/* IOPINS0_1 Starting address: CYDEV_GPIO_PRT1_BASE */
 292:.\Generated_Source\PSoC4/cyfitter_cfg.c **** 	CY_SET_XTND_REG32((void CYFAR *)(CYREG_GPIO_PRT1_PC), 0x00030000u);
 429              		.loc 1 292 0
 430 01a6 114B     		ldr	r3, .L13+36
 431 01a8 C022     		mov	r2, #192
 432 01aa 9202     		lsl	r2, r2, #10
 433 01ac 1A60     		str	r2, [r3]
 293:.\Generated_Source\PSoC4/cyfitter_cfg.c **** 
 294:.\Generated_Source\PSoC4/cyfitter_cfg.c **** 	/* IOPINS0_5 Starting address: CYDEV_GPIO_PRT5_BASE */
 295:.\Generated_Source\PSoC4/cyfitter_cfg.c **** 	CY_SET_XTND_REG32((void CYFAR *)(CYDEV_GPIO_PRT5_BASE), 0x00000003u);
 434              		.loc 1 295 0
 435 01ae 104B     		ldr	r3, .L13+40
 436 01b0 0322     		mov	r2, #3
 437 01b2 1A60     		str	r2, [r3]
 296:.\Generated_Source\PSoC4/cyfitter_cfg.c **** 	CY_SET_XTND_REG32((void CYFAR *)(CYREG_GPIO_PRT5_PC), 0x00000024u);
 438              		.loc 1 296 0
 439 01b4 0F4B     		ldr	r3, .L13+44
 440 01b6 2422     		mov	r2, #36
 441 01b8 1A60     		str	r2, [r3]
 297:.\Generated_Source\PSoC4/cyfitter_cfg.c **** 
 298:.\Generated_Source\PSoC4/cyfitter_cfg.c **** 
ARM GAS  C:\Users\Alan\AppData\Local\Temp\ccnuOlFc.s 			page 14


 299:.\Generated_Source\PSoC4/cyfitter_cfg.c **** 	/* Setup clocks based on selections from Clock DWR */
 300:.\Generated_Source\PSoC4/cyfitter_cfg.c **** 	ClockSetup();
 442              		.loc 1 300 0
 443 01ba FFF721FF 		bl	ClockSetup
 301:.\Generated_Source\PSoC4/cyfitter_cfg.c **** 
 302:.\Generated_Source\PSoC4/cyfitter_cfg.c **** 	/* Perform basic analog initialization to defaults */
 303:.\Generated_Source\PSoC4/cyfitter_cfg.c **** 	AnalogSetDefault();
 444              		.loc 1 303 0
 445 01be FFF7FEFF 		bl	AnalogSetDefault
 304:.\Generated_Source\PSoC4/cyfitter_cfg.c **** 
 305:.\Generated_Source\PSoC4/cyfitter_cfg.c **** }
 446              		.loc 1 305 0
 447 01c2 BD46     		mov	sp, r7
 448 01c4 02B0     		add	sp, sp, #8
 449              		@ sp needed
 450 01c6 80BD     		pop	{r7, pc}
 451              	.L14:
 452              		.align	2
 453              	.L13:
 454 01c8 6CF02E40 		.word	1076818028
 455 01cc 00000000 		.word	cfg_memset_list.4758
 456 01d0 00000240 		.word	1073872896
 457 01d4 00050240 		.word	1073874176
 458 01d8 00500F40 		.word	1074745344
 459 01dc 10500F40 		.word	1074745360
 460 01e0 00700F40 		.word	1074753536
 461 01e4 01700F40 		.word	1074753537
 462 01e8 08000440 		.word	1074003976
 463 01ec 08010440 		.word	1074004232
 464 01f0 00050440 		.word	1074005248
 465 01f4 08050440 		.word	1074005256
 466              		.cfi_endproc
 467              	.LFE7:
 468              		.size	cyfitter_cfg, .-cyfitter_cfg
 469              		.section	.rodata
 470              		.align	2
 471              		.type	cfg_memset_list.4758, %object
 472              		.size	cfg_memset_list.4758, 12
 473              	cfg_memset_list.4758:
 474 0000 00300F40 		.word	1074737152
 475 0004 0004     		.short	1024
 476 0006 00400F40 		.4byte	1074741248
 477 000a 0004     		.short	1024
 478              		.text
 479              	.Letext0:
 480              		.file 2 "c:\\program files (x86)\\cypress\\psoc creator\\3.3\\psoc creator\\import\\gnu\\arm\\4.9.
 481              		.file 3 ".\\Generated_Source\\PSoC4\\cytypes.h"
 482              		.section	.debug_info,"",%progbits
 483              	.Ldebug_info0:
 484 0000 48020000 		.4byte	0x248
 485 0004 0400     		.2byte	0x4
 486 0006 00000000 		.4byte	.Ldebug_abbrev0
 487 000a 04       		.byte	0x4
 488 000b 01       		.uleb128 0x1
 489 000c 19010000 		.4byte	.LASF29
 490 0010 01       		.byte	0x1
 491 0011 E0010000 		.4byte	.LASF30
ARM GAS  C:\Users\Alan\AppData\Local\Temp\ccnuOlFc.s 			page 15


 492 0015 A5000000 		.4byte	.LASF31
 493 0019 00000000 		.4byte	.Ldebug_ranges0+0
 494 001d 00000000 		.4byte	0
 495 0021 00000000 		.4byte	.Ldebug_line0
 496 0025 02       		.uleb128 0x2
 497 0026 04       		.byte	0x4
 498 0027 05       		.byte	0x5
 499 0028 696E7400 		.ascii	"int\000"
 500 002c 03       		.uleb128 0x3
 501 002d 06000000 		.4byte	.LASF11
 502 0031 02       		.byte	0x2
 503 0032 D4       		.byte	0xd4
 504 0033 37000000 		.4byte	0x37
 505 0037 04       		.uleb128 0x4
 506 0038 04       		.byte	0x4
 507 0039 07       		.byte	0x7
 508 003a A7010000 		.4byte	.LASF0
 509 003e 04       		.uleb128 0x4
 510 003f 01       		.byte	0x1
 511 0040 06       		.byte	0x6
 512 0041 37020000 		.4byte	.LASF1
 513 0045 04       		.uleb128 0x4
 514 0046 01       		.byte	0x1
 515 0047 08       		.byte	0x8
 516 0048 83000000 		.4byte	.LASF2
 517 004c 04       		.uleb128 0x4
 518 004d 02       		.byte	0x2
 519 004e 05       		.byte	0x5
 520 004f 24020000 		.4byte	.LASF3
 521 0053 04       		.uleb128 0x4
 522 0054 02       		.byte	0x2
 523 0055 07       		.byte	0x7
 524 0056 39000000 		.4byte	.LASF4
 525 005a 04       		.uleb128 0x4
 526 005b 04       		.byte	0x4
 527 005c 05       		.byte	0x5
 528 005d 2E020000 		.4byte	.LASF5
 529 0061 04       		.uleb128 0x4
 530 0062 04       		.byte	0x4
 531 0063 07       		.byte	0x7
 532 0064 61000000 		.4byte	.LASF6
 533 0068 04       		.uleb128 0x4
 534 0069 08       		.byte	0x8
 535 006a 05       		.byte	0x5
 536 006b 11020000 		.4byte	.LASF7
 537 006f 04       		.uleb128 0x4
 538 0070 08       		.byte	0x8
 539 0071 07       		.byte	0x7
 540 0072 BC010000 		.4byte	.LASF8
 541 0076 04       		.uleb128 0x4
 542 0077 04       		.byte	0x4
 543 0078 07       		.byte	0x7
 544 0079 08020000 		.4byte	.LASF9
 545 007d 05       		.uleb128 0x5
 546 007e 04       		.byte	0x4
 547 007f 04       		.uleb128 0x4
 548 0080 01       		.byte	0x1
ARM GAS  C:\Users\Alan\AppData\Local\Temp\ccnuOlFc.s 			page 16


 549 0081 08       		.byte	0x8
 550 0082 1F020000 		.4byte	.LASF10
 551 0086 06       		.uleb128 0x6
 552 0087 73000000 		.4byte	.LASF12
 553 008b 03       		.byte	0x3
 554 008c 9201     		.2byte	0x192
 555 008e 45000000 		.4byte	0x45
 556 0092 06       		.uleb128 0x6
 557 0093 0B010000 		.4byte	.LASF13
 558 0097 03       		.byte	0x3
 559 0098 9301     		.2byte	0x193
 560 009a 53000000 		.4byte	0x53
 561 009e 06       		.uleb128 0x6
 562 009f 12010000 		.4byte	.LASF14
 563 00a3 03       		.byte	0x3
 564 00a4 9401     		.2byte	0x194
 565 00a6 61000000 		.4byte	0x61
 566 00aa 04       		.uleb128 0x4
 567 00ab 04       		.byte	0x4
 568 00ac 04       		.byte	0x4
 569 00ad 4C000000 		.4byte	.LASF15
 570 00b1 04       		.uleb128 0x4
 571 00b2 08       		.byte	0x8
 572 00b3 04       		.byte	0x4
 573 00b4 91000000 		.4byte	.LASF16
 574 00b8 06       		.uleb128 0x6
 575 00b9 5C000000 		.4byte	.LASF17
 576 00bd 03       		.byte	0x3
 577 00be 3C02     		.2byte	0x23c
 578 00c0 C4000000 		.4byte	0xc4
 579 00c4 07       		.uleb128 0x7
 580 00c5 86000000 		.4byte	0x86
 581 00c9 06       		.uleb128 0x6
 582 00ca 00000000 		.4byte	.LASF18
 583 00ce 03       		.byte	0x3
 584 00cf 3E02     		.2byte	0x23e
 585 00d1 D5000000 		.4byte	0xd5
 586 00d5 07       		.uleb128 0x7
 587 00d6 9E000000 		.4byte	0x9e
 588 00da 08       		.uleb128 0x8
 589 00db 79000000 		.4byte	.LASF19
 590 00df 01       		.byte	0x1
 591 00e0 3D       		.byte	0x3d
 592 00e1 00000000 		.4byte	.LFB2
 593 00e5 1E000000 		.4byte	.LFE2-.LFB2
 594 00e9 01       		.uleb128 0x1
 595 00ea 9C       		.byte	0x9c
 596 00eb 08010000 		.4byte	0x108
 597 00ef 09       		.uleb128 0x9
 598 00f0 7300     		.ascii	"s\000"
 599 00f2 01       		.byte	0x1
 600 00f3 3D       		.byte	0x3d
 601 00f4 7D000000 		.4byte	0x7d
 602 00f8 02       		.uleb128 0x2
 603 00f9 91       		.byte	0x91
 604 00fa 74       		.sleb128 -12
 605 00fb 09       		.uleb128 0x9
ARM GAS  C:\Users\Alan\AppData\Local\Temp\ccnuOlFc.s 			page 17


 606 00fc 6E00     		.ascii	"n\000"
 607 00fe 01       		.byte	0x1
 608 00ff 3D       		.byte	0x3d
 609 0100 2C000000 		.4byte	0x2c
 610 0104 02       		.uleb128 0x2
 611 0105 91       		.byte	0x91
 612 0106 70       		.sleb128 -16
 613 0107 00       		.byte	0
 614 0108 08       		.uleb128 0x8
 615 0109 53020000 		.4byte	.LASF20
 616 010d 01       		.byte	0x1
 617 010e 44       		.byte	0x44
 618 010f 00000000 		.4byte	.LFB3
 619 0113 22000000 		.4byte	.LFE3-.LFB3
 620 0117 01       		.uleb128 0x1
 621 0118 9C       		.byte	0x9c
 622 0119 46010000 		.4byte	0x146
 623 011d 0A       		.uleb128 0xa
 624 011e 52000000 		.4byte	.LASF21
 625 0122 01       		.byte	0x1
 626 0123 44       		.byte	0x44
 627 0124 7D000000 		.4byte	0x7d
 628 0128 02       		.uleb128 0x2
 629 0129 91       		.byte	0x91
 630 012a 74       		.sleb128 -12
 631 012b 09       		.uleb128 0x9
 632 012c 73726300 		.ascii	"src\000"
 633 0130 01       		.byte	0x1
 634 0131 44       		.byte	0x44
 635 0132 46010000 		.4byte	0x146
 636 0136 02       		.uleb128 0x2
 637 0137 91       		.byte	0x91
 638 0138 70       		.sleb128 -16
 639 0139 09       		.uleb128 0x9
 640 013a 6E00     		.ascii	"n\000"
 641 013c 01       		.byte	0x1
 642 013d 44       		.byte	0x44
 643 013e 2C000000 		.4byte	0x2c
 644 0142 02       		.uleb128 0x2
 645 0143 91       		.byte	0x91
 646 0144 6C       		.sleb128 -20
 647 0145 00       		.byte	0
 648 0146 0B       		.uleb128 0xb
 649 0147 04       		.byte	0x4
 650 0148 4C010000 		.4byte	0x14c
 651 014c 0C       		.uleb128 0xc
 652 014d 08       		.uleb128 0x8
 653 014e 43020000 		.4byte	.LASF22
 654 0152 01       		.byte	0x1
 655 0153 4B       		.byte	0x4b
 656 0154 00000000 		.4byte	.LFB4
 657 0158 22000000 		.4byte	.LFE4-.LFB4
 658 015c 01       		.uleb128 0x1
 659 015d 9C       		.byte	0x9c
 660 015e 8B010000 		.4byte	0x18b
 661 0162 0A       		.uleb128 0xa
 662 0163 52000000 		.4byte	.LASF21
ARM GAS  C:\Users\Alan\AppData\Local\Temp\ccnuOlFc.s 			page 18


 663 0167 01       		.byte	0x1
 664 0168 4B       		.byte	0x4b
 665 0169 7D000000 		.4byte	0x7d
 666 016d 02       		.uleb128 0x2
 667 016e 91       		.byte	0x91
 668 016f 74       		.sleb128 -12
 669 0170 09       		.uleb128 0x9
 670 0171 73726300 		.ascii	"src\000"
 671 0175 01       		.byte	0x1
 672 0176 4B       		.byte	0x4b
 673 0177 46010000 		.4byte	0x146
 674 017b 02       		.uleb128 0x2
 675 017c 91       		.byte	0x91
 676 017d 70       		.sleb128 -16
 677 017e 09       		.uleb128 0x9
 678 017f 6E00     		.ascii	"n\000"
 679 0181 01       		.byte	0x1
 680 0182 4B       		.byte	0x4b
 681 0183 2C000000 		.4byte	0x2c
 682 0187 02       		.uleb128 0x2
 683 0188 91       		.byte	0x91
 684 0189 6C       		.sleb128 -20
 685 018a 00       		.byte	0
 686 018b 0D       		.uleb128 0xd
 687 018c 2E000000 		.4byte	.LASF23
 688 0190 01       		.byte	0x1
 689 0191 92       		.byte	0x92
 690 0192 00000000 		.4byte	.LFB5
 691 0196 E4000000 		.4byte	.LFE5-.LFB5
 692 019a 01       		.uleb128 0x1
 693 019b 9C       		.byte	0x9c
 694 019c 0E       		.uleb128 0xe
 695 019d 0D000000 		.4byte	.LASF24
 696 01a1 01       		.byte	0x1
 697 01a2 D5       		.byte	0xd5
 698 01a3 00000000 		.4byte	.LFB6
 699 01a7 28000000 		.4byte	.LFE6-.LFB6
 700 01ab 01       		.uleb128 0x1
 701 01ac 9C       		.byte	0x9c
 702 01ad 0F       		.uleb128 0xf
 703 01ae 98000000 		.4byte	.LASF32
 704 01b2 01       		.byte	0x1
 705 01b3 F0       		.byte	0xf0
 706 01b4 E4000000 		.4byte	.LFB7
 707 01b8 14010000 		.4byte	.LFE7-.LFB7
 708 01bc 01       		.uleb128 0x1
 709 01bd 9C       		.byte	0x9c
 710 01be 10       		.uleb128 0x10
 711 01bf F2000000 		.4byte	.LBB2
 712 01c3 AC000000 		.4byte	.LBE2-.LBB2
 713 01c7 11       		.uleb128 0x11
 714 01c8 06       		.byte	0x6
 715 01c9 01       		.byte	0x1
 716 01ca F9       		.byte	0xf9
 717 01cb E8010000 		.4byte	0x1e8
 718 01cf 12       		.uleb128 0x12
 719 01d0 B4010000 		.4byte	.LASF25
ARM GAS  C:\Users\Alan\AppData\Local\Temp\ccnuOlFc.s 			page 19


 720 01d4 01       		.byte	0x1
 721 01d5 FA       		.byte	0xfa
 722 01d6 7D000000 		.4byte	0x7d
 723 01da 00       		.byte	0
 724 01db 12       		.uleb128 0x12
 725 01dc 57000000 		.4byte	.LASF26
 726 01e0 01       		.byte	0x1
 727 01e1 FB       		.byte	0xfb
 728 01e2 92000000 		.4byte	0x92
 729 01e6 04       		.byte	0x4
 730 01e7 00       		.byte	0
 731 01e8 03       		.uleb128 0x3
 732 01e9 D3010000 		.4byte	.LASF27
 733 01ed 01       		.byte	0x1
 734 01ee FC       		.byte	0xfc
 735 01ef C7010000 		.4byte	0x1c7
 736 01f3 13       		.uleb128 0x13
 737 01f4 E8010000 		.4byte	0x1e8
 738 01f8 03020000 		.4byte	0x203
 739 01fc 14       		.uleb128 0x14
 740 01fd 76000000 		.4byte	0x76
 741 0201 01       		.byte	0x1
 742 0202 00       		.byte	0
 743 0203 15       		.uleb128 0x15
 744 0204 1E000000 		.4byte	.LASF28
 745 0208 01       		.byte	0x1
 746 0209 FE       		.byte	0xfe
 747 020a 14020000 		.4byte	0x214
 748 020e 05       		.uleb128 0x5
 749 020f 03       		.byte	0x3
 750 0210 00000000 		.4byte	cfg_memset_list.4758
 751 0214 16       		.uleb128 0x16
 752 0215 F3010000 		.4byte	0x1f3
 753 0219 17       		.uleb128 0x17
 754 021a 6900     		.ascii	"i\000"
 755 021c 01       		.byte	0x1
 756 021d 0401     		.2byte	0x104
 757 021f 86000000 		.4byte	0x86
 758 0223 02       		.uleb128 0x2
 759 0224 91       		.byte	0x91
 760 0225 77       		.sleb128 -9
 761 0226 10       		.uleb128 0x10
 762 0227 FA000000 		.4byte	.LBB3
 763 022b 3E000000 		.4byte	.LBE3-.LBB3
 764 022f 17       		.uleb128 0x17
 765 0230 6D7300   		.ascii	"ms\000"
 766 0233 01       		.byte	0x1
 767 0234 0901     		.2byte	0x109
 768 0236 3D020000 		.4byte	0x23d
 769 023a 02       		.uleb128 0x2
 770 023b 91       		.byte	0x91
 771 023c 70       		.sleb128 -16
 772 023d 0B       		.uleb128 0xb
 773 023e 04       		.byte	0x4
 774 023f 43020000 		.4byte	0x243
 775 0243 16       		.uleb128 0x16
 776 0244 E8010000 		.4byte	0x1e8
ARM GAS  C:\Users\Alan\AppData\Local\Temp\ccnuOlFc.s 			page 20


 777 0248 00       		.byte	0
 778 0249 00       		.byte	0
 779 024a 00       		.byte	0
 780 024b 00       		.byte	0
 781              		.section	.debug_abbrev,"",%progbits
 782              	.Ldebug_abbrev0:
 783 0000 01       		.uleb128 0x1
 784 0001 11       		.uleb128 0x11
 785 0002 01       		.byte	0x1
 786 0003 25       		.uleb128 0x25
 787 0004 0E       		.uleb128 0xe
 788 0005 13       		.uleb128 0x13
 789 0006 0B       		.uleb128 0xb
 790 0007 03       		.uleb128 0x3
 791 0008 0E       		.uleb128 0xe
 792 0009 1B       		.uleb128 0x1b
 793 000a 0E       		.uleb128 0xe
 794 000b 55       		.uleb128 0x55
 795 000c 17       		.uleb128 0x17
 796 000d 11       		.uleb128 0x11
 797 000e 01       		.uleb128 0x1
 798 000f 10       		.uleb128 0x10
 799 0010 17       		.uleb128 0x17
 800 0011 00       		.byte	0
 801 0012 00       		.byte	0
 802 0013 02       		.uleb128 0x2
 803 0014 24       		.uleb128 0x24
 804 0015 00       		.byte	0
 805 0016 0B       		.uleb128 0xb
 806 0017 0B       		.uleb128 0xb
 807 0018 3E       		.uleb128 0x3e
 808 0019 0B       		.uleb128 0xb
 809 001a 03       		.uleb128 0x3
 810 001b 08       		.uleb128 0x8
 811 001c 00       		.byte	0
 812 001d 00       		.byte	0
 813 001e 03       		.uleb128 0x3
 814 001f 16       		.uleb128 0x16
 815 0020 00       		.byte	0
 816 0021 03       		.uleb128 0x3
 817 0022 0E       		.uleb128 0xe
 818 0023 3A       		.uleb128 0x3a
 819 0024 0B       		.uleb128 0xb
 820 0025 3B       		.uleb128 0x3b
 821 0026 0B       		.uleb128 0xb
 822 0027 49       		.uleb128 0x49
 823 0028 13       		.uleb128 0x13
 824 0029 00       		.byte	0
 825 002a 00       		.byte	0
 826 002b 04       		.uleb128 0x4
 827 002c 24       		.uleb128 0x24
 828 002d 00       		.byte	0
 829 002e 0B       		.uleb128 0xb
 830 002f 0B       		.uleb128 0xb
 831 0030 3E       		.uleb128 0x3e
 832 0031 0B       		.uleb128 0xb
 833 0032 03       		.uleb128 0x3
ARM GAS  C:\Users\Alan\AppData\Local\Temp\ccnuOlFc.s 			page 21


 834 0033 0E       		.uleb128 0xe
 835 0034 00       		.byte	0
 836 0035 00       		.byte	0
 837 0036 05       		.uleb128 0x5
 838 0037 0F       		.uleb128 0xf
 839 0038 00       		.byte	0
 840 0039 0B       		.uleb128 0xb
 841 003a 0B       		.uleb128 0xb
 842 003b 00       		.byte	0
 843 003c 00       		.byte	0
 844 003d 06       		.uleb128 0x6
 845 003e 16       		.uleb128 0x16
 846 003f 00       		.byte	0
 847 0040 03       		.uleb128 0x3
 848 0041 0E       		.uleb128 0xe
 849 0042 3A       		.uleb128 0x3a
 850 0043 0B       		.uleb128 0xb
 851 0044 3B       		.uleb128 0x3b
 852 0045 05       		.uleb128 0x5
 853 0046 49       		.uleb128 0x49
 854 0047 13       		.uleb128 0x13
 855 0048 00       		.byte	0
 856 0049 00       		.byte	0
 857 004a 07       		.uleb128 0x7
 858 004b 35       		.uleb128 0x35
 859 004c 00       		.byte	0
 860 004d 49       		.uleb128 0x49
 861 004e 13       		.uleb128 0x13
 862 004f 00       		.byte	0
 863 0050 00       		.byte	0
 864 0051 08       		.uleb128 0x8
 865 0052 2E       		.uleb128 0x2e
 866 0053 01       		.byte	0x1
 867 0054 03       		.uleb128 0x3
 868 0055 0E       		.uleb128 0xe
 869 0056 3A       		.uleb128 0x3a
 870 0057 0B       		.uleb128 0xb
 871 0058 3B       		.uleb128 0x3b
 872 0059 0B       		.uleb128 0xb
 873 005a 27       		.uleb128 0x27
 874 005b 19       		.uleb128 0x19
 875 005c 11       		.uleb128 0x11
 876 005d 01       		.uleb128 0x1
 877 005e 12       		.uleb128 0x12
 878 005f 06       		.uleb128 0x6
 879 0060 40       		.uleb128 0x40
 880 0061 18       		.uleb128 0x18
 881 0062 9642     		.uleb128 0x2116
 882 0064 19       		.uleb128 0x19
 883 0065 01       		.uleb128 0x1
 884 0066 13       		.uleb128 0x13
 885 0067 00       		.byte	0
 886 0068 00       		.byte	0
 887 0069 09       		.uleb128 0x9
 888 006a 05       		.uleb128 0x5
 889 006b 00       		.byte	0
 890 006c 03       		.uleb128 0x3
ARM GAS  C:\Users\Alan\AppData\Local\Temp\ccnuOlFc.s 			page 22


 891 006d 08       		.uleb128 0x8
 892 006e 3A       		.uleb128 0x3a
 893 006f 0B       		.uleb128 0xb
 894 0070 3B       		.uleb128 0x3b
 895 0071 0B       		.uleb128 0xb
 896 0072 49       		.uleb128 0x49
 897 0073 13       		.uleb128 0x13
 898 0074 02       		.uleb128 0x2
 899 0075 18       		.uleb128 0x18
 900 0076 00       		.byte	0
 901 0077 00       		.byte	0
 902 0078 0A       		.uleb128 0xa
 903 0079 05       		.uleb128 0x5
 904 007a 00       		.byte	0
 905 007b 03       		.uleb128 0x3
 906 007c 0E       		.uleb128 0xe
 907 007d 3A       		.uleb128 0x3a
 908 007e 0B       		.uleb128 0xb
 909 007f 3B       		.uleb128 0x3b
 910 0080 0B       		.uleb128 0xb
 911 0081 49       		.uleb128 0x49
 912 0082 13       		.uleb128 0x13
 913 0083 02       		.uleb128 0x2
 914 0084 18       		.uleb128 0x18
 915 0085 00       		.byte	0
 916 0086 00       		.byte	0
 917 0087 0B       		.uleb128 0xb
 918 0088 0F       		.uleb128 0xf
 919 0089 00       		.byte	0
 920 008a 0B       		.uleb128 0xb
 921 008b 0B       		.uleb128 0xb
 922 008c 49       		.uleb128 0x49
 923 008d 13       		.uleb128 0x13
 924 008e 00       		.byte	0
 925 008f 00       		.byte	0
 926 0090 0C       		.uleb128 0xc
 927 0091 26       		.uleb128 0x26
 928 0092 00       		.byte	0
 929 0093 00       		.byte	0
 930 0094 00       		.byte	0
 931 0095 0D       		.uleb128 0xd
 932 0096 2E       		.uleb128 0x2e
 933 0097 00       		.byte	0
 934 0098 03       		.uleb128 0x3
 935 0099 0E       		.uleb128 0xe
 936 009a 3A       		.uleb128 0x3a
 937 009b 0B       		.uleb128 0xb
 938 009c 3B       		.uleb128 0x3b
 939 009d 0B       		.uleb128 0xb
 940 009e 27       		.uleb128 0x27
 941 009f 19       		.uleb128 0x19
 942 00a0 11       		.uleb128 0x11
 943 00a1 01       		.uleb128 0x1
 944 00a2 12       		.uleb128 0x12
 945 00a3 06       		.uleb128 0x6
 946 00a4 40       		.uleb128 0x40
 947 00a5 18       		.uleb128 0x18
ARM GAS  C:\Users\Alan\AppData\Local\Temp\ccnuOlFc.s 			page 23


 948 00a6 9642     		.uleb128 0x2116
 949 00a8 19       		.uleb128 0x19
 950 00a9 00       		.byte	0
 951 00aa 00       		.byte	0
 952 00ab 0E       		.uleb128 0xe
 953 00ac 2E       		.uleb128 0x2e
 954 00ad 00       		.byte	0
 955 00ae 03       		.uleb128 0x3
 956 00af 0E       		.uleb128 0xe
 957 00b0 3A       		.uleb128 0x3a
 958 00b1 0B       		.uleb128 0xb
 959 00b2 3B       		.uleb128 0x3b
 960 00b3 0B       		.uleb128 0xb
 961 00b4 27       		.uleb128 0x27
 962 00b5 19       		.uleb128 0x19
 963 00b6 11       		.uleb128 0x11
 964 00b7 01       		.uleb128 0x1
 965 00b8 12       		.uleb128 0x12
 966 00b9 06       		.uleb128 0x6
 967 00ba 40       		.uleb128 0x40
 968 00bb 18       		.uleb128 0x18
 969 00bc 9742     		.uleb128 0x2117
 970 00be 19       		.uleb128 0x19
 971 00bf 00       		.byte	0
 972 00c0 00       		.byte	0
 973 00c1 0F       		.uleb128 0xf
 974 00c2 2E       		.uleb128 0x2e
 975 00c3 01       		.byte	0x1
 976 00c4 3F       		.uleb128 0x3f
 977 00c5 19       		.uleb128 0x19
 978 00c6 03       		.uleb128 0x3
 979 00c7 0E       		.uleb128 0xe
 980 00c8 3A       		.uleb128 0x3a
 981 00c9 0B       		.uleb128 0xb
 982 00ca 3B       		.uleb128 0x3b
 983 00cb 0B       		.uleb128 0xb
 984 00cc 27       		.uleb128 0x27
 985 00cd 19       		.uleb128 0x19
 986 00ce 11       		.uleb128 0x11
 987 00cf 01       		.uleb128 0x1
 988 00d0 12       		.uleb128 0x12
 989 00d1 06       		.uleb128 0x6
 990 00d2 40       		.uleb128 0x40
 991 00d3 18       		.uleb128 0x18
 992 00d4 9642     		.uleb128 0x2116
 993 00d6 19       		.uleb128 0x19
 994 00d7 00       		.byte	0
 995 00d8 00       		.byte	0
 996 00d9 10       		.uleb128 0x10
 997 00da 0B       		.uleb128 0xb
 998 00db 01       		.byte	0x1
 999 00dc 11       		.uleb128 0x11
 1000 00dd 01       		.uleb128 0x1
 1001 00de 12       		.uleb128 0x12
 1002 00df 06       		.uleb128 0x6
 1003 00e0 00       		.byte	0
 1004 00e1 00       		.byte	0
ARM GAS  C:\Users\Alan\AppData\Local\Temp\ccnuOlFc.s 			page 24


 1005 00e2 11       		.uleb128 0x11
 1006 00e3 13       		.uleb128 0x13
 1007 00e4 01       		.byte	0x1
 1008 00e5 0B       		.uleb128 0xb
 1009 00e6 0B       		.uleb128 0xb
 1010 00e7 3A       		.uleb128 0x3a
 1011 00e8 0B       		.uleb128 0xb
 1012 00e9 3B       		.uleb128 0x3b
 1013 00ea 0B       		.uleb128 0xb
 1014 00eb 01       		.uleb128 0x1
 1015 00ec 13       		.uleb128 0x13
 1016 00ed 00       		.byte	0
 1017 00ee 00       		.byte	0
 1018 00ef 12       		.uleb128 0x12
 1019 00f0 0D       		.uleb128 0xd
 1020 00f1 00       		.byte	0
 1021 00f2 03       		.uleb128 0x3
 1022 00f3 0E       		.uleb128 0xe
 1023 00f4 3A       		.uleb128 0x3a
 1024 00f5 0B       		.uleb128 0xb
 1025 00f6 3B       		.uleb128 0x3b
 1026 00f7 0B       		.uleb128 0xb
 1027 00f8 49       		.uleb128 0x49
 1028 00f9 13       		.uleb128 0x13
 1029 00fa 38       		.uleb128 0x38
 1030 00fb 0B       		.uleb128 0xb
 1031 00fc 00       		.byte	0
 1032 00fd 00       		.byte	0
 1033 00fe 13       		.uleb128 0x13
 1034 00ff 01       		.uleb128 0x1
 1035 0100 01       		.byte	0x1
 1036 0101 49       		.uleb128 0x49
 1037 0102 13       		.uleb128 0x13
 1038 0103 01       		.uleb128 0x1
 1039 0104 13       		.uleb128 0x13
 1040 0105 00       		.byte	0
 1041 0106 00       		.byte	0
 1042 0107 14       		.uleb128 0x14
 1043 0108 21       		.uleb128 0x21
 1044 0109 00       		.byte	0
 1045 010a 49       		.uleb128 0x49
 1046 010b 13       		.uleb128 0x13
 1047 010c 2F       		.uleb128 0x2f
 1048 010d 0B       		.uleb128 0xb
 1049 010e 00       		.byte	0
 1050 010f 00       		.byte	0
 1051 0110 15       		.uleb128 0x15
 1052 0111 34       		.uleb128 0x34
 1053 0112 00       		.byte	0
 1054 0113 03       		.uleb128 0x3
 1055 0114 0E       		.uleb128 0xe
 1056 0115 3A       		.uleb128 0x3a
 1057 0116 0B       		.uleb128 0xb
 1058 0117 3B       		.uleb128 0x3b
 1059 0118 0B       		.uleb128 0xb
 1060 0119 49       		.uleb128 0x49
 1061 011a 13       		.uleb128 0x13
ARM GAS  C:\Users\Alan\AppData\Local\Temp\ccnuOlFc.s 			page 25


 1062 011b 02       		.uleb128 0x2
 1063 011c 18       		.uleb128 0x18
 1064 011d 00       		.byte	0
 1065 011e 00       		.byte	0
 1066 011f 16       		.uleb128 0x16
 1067 0120 26       		.uleb128 0x26
 1068 0121 00       		.byte	0
 1069 0122 49       		.uleb128 0x49
 1070 0123 13       		.uleb128 0x13
 1071 0124 00       		.byte	0
 1072 0125 00       		.byte	0
 1073 0126 17       		.uleb128 0x17
 1074 0127 34       		.uleb128 0x34
 1075 0128 00       		.byte	0
 1076 0129 03       		.uleb128 0x3
 1077 012a 08       		.uleb128 0x8
 1078 012b 3A       		.uleb128 0x3a
 1079 012c 0B       		.uleb128 0xb
 1080 012d 3B       		.uleb128 0x3b
 1081 012e 05       		.uleb128 0x5
 1082 012f 49       		.uleb128 0x49
 1083 0130 13       		.uleb128 0x13
 1084 0131 02       		.uleb128 0x2
 1085 0132 18       		.uleb128 0x18
 1086 0133 00       		.byte	0
 1087 0134 00       		.byte	0
 1088 0135 00       		.byte	0
 1089              		.section	.debug_aranges,"",%progbits
 1090 0000 44000000 		.4byte	0x44
 1091 0004 0200     		.2byte	0x2
 1092 0006 00000000 		.4byte	.Ldebug_info0
 1093 000a 04       		.byte	0x4
 1094 000b 00       		.byte	0
 1095 000c 0000     		.2byte	0
 1096 000e 0000     		.2byte	0
 1097 0010 00000000 		.4byte	.LFB2
 1098 0014 1E000000 		.4byte	.LFE2-.LFB2
 1099 0018 00000000 		.4byte	.LFB3
 1100 001c 22000000 		.4byte	.LFE3-.LFB3
 1101 0020 00000000 		.4byte	.LFB4
 1102 0024 22000000 		.4byte	.LFE4-.LFB4
 1103 0028 00000000 		.4byte	.LFB5
 1104 002c E4000000 		.4byte	.LFE5-.LFB5
 1105 0030 00000000 		.4byte	.LFB6
 1106 0034 28000000 		.4byte	.LFE6-.LFB6
 1107 0038 E4000000 		.4byte	.LFB7
 1108 003c 14010000 		.4byte	.LFE7-.LFB7
 1109 0040 00000000 		.4byte	0
 1110 0044 00000000 		.4byte	0
 1111              		.section	.debug_ranges,"",%progbits
 1112              	.Ldebug_ranges0:
 1113 0000 00000000 		.4byte	.LFB2
 1114 0004 1E000000 		.4byte	.LFE2
 1115 0008 00000000 		.4byte	.LFB3
 1116 000c 22000000 		.4byte	.LFE3
 1117 0010 00000000 		.4byte	.LFB4
 1118 0014 22000000 		.4byte	.LFE4
ARM GAS  C:\Users\Alan\AppData\Local\Temp\ccnuOlFc.s 			page 26


 1119 0018 00000000 		.4byte	.LFB5
 1120 001c E4000000 		.4byte	.LFE5
 1121 0020 00000000 		.4byte	.LFB6
 1122 0024 28000000 		.4byte	.LFE6
 1123 0028 E4000000 		.4byte	.LFB7
 1124 002c F8010000 		.4byte	.LFE7
 1125 0030 00000000 		.4byte	0
 1126 0034 00000000 		.4byte	0
 1127              		.section	.debug_line,"",%progbits
 1128              	.Ldebug_line0:
 1129 0000 70010000 		.section	.debug_str,"MS",%progbits,1
 1129      0200CD00 
 1129      00000201 
 1129      FB0E0D00 
 1129      01010101 
 1130              	.LASF18:
 1131 0000 72656733 		.ascii	"reg32\000"
 1131      3200
 1132              	.LASF11:
 1133 0006 73697A65 		.ascii	"size_t\000"
 1133      5F7400
 1134              	.LASF24:
 1135 000d 416E616C 		.ascii	"AnalogSetDefault\000"
 1135      6F675365 
 1135      74446566 
 1135      61756C74 
 1135      00
 1136              	.LASF28:
 1137 001e 6366675F 		.ascii	"cfg_memset_list\000"
 1137      6D656D73 
 1137      65745F6C 
 1137      69737400 
 1138              	.LASF23:
 1139 002e 436C6F63 		.ascii	"ClockSetup\000"
 1139      6B536574 
 1139      757000
 1140              	.LASF4:
 1141 0039 73686F72 		.ascii	"short unsigned int\000"
 1141      7420756E 
 1141      7369676E 
 1141      65642069 
 1141      6E7400
 1142              	.LASF15:
 1143 004c 666C6F61 		.ascii	"float\000"
 1143      7400
 1144              	.LASF21:
 1145 0052 64657374 		.ascii	"dest\000"
 1145      00
 1146              	.LASF26:
 1147 0057 73697A65 		.ascii	"size\000"
 1147      00
 1148              	.LASF17:
 1149 005c 72656738 		.ascii	"reg8\000"
 1149      00
 1150              	.LASF6:
 1151 0061 6C6F6E67 		.ascii	"long unsigned int\000"
 1151      20756E73 
ARM GAS  C:\Users\Alan\AppData\Local\Temp\ccnuOlFc.s 			page 27


 1151      69676E65 
 1151      6420696E 
 1151      7400
 1152              	.LASF12:
 1153 0073 75696E74 		.ascii	"uint8\000"
 1153      3800
 1154              	.LASF19:
 1155 0079 43594D45 		.ascii	"CYMEMZERO\000"
 1155      4D5A4552 
 1155      4F00
 1156              	.LASF2:
 1157 0083 756E7369 		.ascii	"unsigned char\000"
 1157      676E6564 
 1157      20636861 
 1157      7200
 1158              	.LASF16:
 1159 0091 646F7562 		.ascii	"double\000"
 1159      6C6500
 1160              	.LASF32:
 1161 0098 63796669 		.ascii	"cyfitter_cfg\000"
 1161      74746572 
 1161      5F636667 
 1161      00
 1162              	.LASF31:
 1163 00a5 5C5C766D 		.ascii	"\\\\vmware-host\\Shared Folders\\Documents\\BLEIOSA"
 1163      77617265 
 1163      2D686F73 
 1163      745C5368 
 1163      61726564 
 1164 00d3 50505C50 		.ascii	"PP\\PSoC_Creator\\capsenseled\\145i2ccapsenseled-bl"
 1164      536F435F 
 1164      43726561 
 1164      746F725C 
 1164      63617073 
 1165 0103 652E6379 		.ascii	"e.cydsn\000"
 1165      64736E00 
 1166              	.LASF13:
 1167 010b 75696E74 		.ascii	"uint16\000"
 1167      313600
 1168              	.LASF14:
 1169 0112 75696E74 		.ascii	"uint32\000"
 1169      333200
 1170              	.LASF29:
 1171 0119 474E5520 		.ascii	"GNU C 4.9.3 20150303 (release) [ARM/embedded-4_9-br"
 1171      4320342E 
 1171      392E3320 
 1171      32303135 
 1171      30333033 
 1172 014c 616E6368 		.ascii	"anch revision 221220] -mcpu=cortex-m0 -mthumb -g -O"
 1172      20726576 
 1172      6973696F 
 1172      6E203232 
 1172      31323230 
 1173 017f 30202D66 		.ascii	"0 -ffunction-sections -ffat-lto-objects\000"
 1173      66756E63 
 1173      74696F6E 
 1173      2D736563 
ARM GAS  C:\Users\Alan\AppData\Local\Temp\ccnuOlFc.s 			page 28


 1173      74696F6E 
 1174              	.LASF0:
 1175 01a7 756E7369 		.ascii	"unsigned int\000"
 1175      676E6564 
 1175      20696E74 
 1175      00
 1176              	.LASF25:
 1177 01b4 61646472 		.ascii	"address\000"
 1177      65737300 
 1178              	.LASF8:
 1179 01bc 6C6F6E67 		.ascii	"long long unsigned int\000"
 1179      206C6F6E 
 1179      6720756E 
 1179      7369676E 
 1179      65642069 
 1180              	.LASF27:
 1181 01d3 6366675F 		.ascii	"cfg_memset_t\000"
 1181      6D656D73 
 1181      65745F74 
 1181      00
 1182              	.LASF30:
 1183 01e0 2E5C4765 		.ascii	".\\Generated_Source\\PSoC4\\cyfitter_cfg.c\000"
 1183      6E657261 
 1183      7465645F 
 1183      536F7572 
 1183      63655C50 
 1184              	.LASF9:
 1185 0208 73697A65 		.ascii	"sizetype\000"
 1185      74797065 
 1185      00
 1186              	.LASF7:
 1187 0211 6C6F6E67 		.ascii	"long long int\000"
 1187      206C6F6E 
 1187      6720696E 
 1187      7400
 1188              	.LASF10:
 1189 021f 63686172 		.ascii	"char\000"
 1189      00
 1190              	.LASF3:
 1191 0224 73686F72 		.ascii	"short int\000"
 1191      7420696E 
 1191      7400
 1192              	.LASF5:
 1193 022e 6C6F6E67 		.ascii	"long int\000"
 1193      20696E74 
 1193      00
 1194              	.LASF1:
 1195 0237 7369676E 		.ascii	"signed char\000"
 1195      65642063 
 1195      68617200 
 1196              	.LASF22:
 1197 0243 4359434F 		.ascii	"CYCONFIGCPYCODE\000"
 1197      4E464947 
 1197      43505943 
 1197      4F444500 
 1198              	.LASF20:
 1199 0253 4359434F 		.ascii	"CYCONFIGCPY\000"
ARM GAS  C:\Users\Alan\AppData\Local\Temp\ccnuOlFc.s 			page 29


 1199      4E464947 
 1199      43505900 
 1200              		.ident	"GCC: (GNU Tools for ARM Embedded Processors) 4.9.3 20150303 (release) [ARM/embedded-4_9-br
