--------------- Build Started: 03/05/2016 08:51:41 Project: SmartIOCountUp, Configuration: ARM GCC 4.9-2015-q1-update Debug ---------------
cydsfit.exe -.appdatapath "C:\Users\Alan\AppData\Local\Cypress Semiconductor\PSoC Creator\3.3" -.fdsnotice -.fdswarpdepfile=warp_dependencies.txt -.fdselabdepfile=elab_dependencies.txt -.fdsbldfile=generated_files.txt -p "\\vmware-host\Shared Folders\Documents\PSoC Creator\SmartIO\SmartIOCountUp.cydsn\SmartIOCountUp.cyprj" -d CY8C4045AZI-S413 -s "\\vmware-host\Shared Folders\Documents\PSoC Creator\SmartIO\SmartIOCountUp.cydsn\Generated_Source\PSoC4" -- -yv2 -q10 -ygs -o2 -v3 -.fftcfgtype=LE
Elaborating Design...
HDL Generation ...
Synthesis ...
Place and Route ...
Tech mapping ...
Analog Placement ...
Analog Routing ...
Analog Code Generation ...
Digital Placement ...
Digital Routing ...
Info: pft.M0077: There is no timing information available for the selected device. Static timing checks will not be applied and digital routing will not be timing-driven. (App=cydsfit)
Bitstream Generation ...
Static timing analysis ...
API Generation ...
Dependency Generation ...
Clean Temporary Files ...
arm-none-eabi-gcc.exe -mcpu=cortex-m0plus -mthumb -Wno-main -I. -IGenerated_Source\PSoC4 -Wa,-alh=.\CortexM0p\ARM_GCC_493\Debug/main.lst -g -D DEBUG -Wall -ffunction-sections -Og -ffat-lto-objects -c .\main.c -o .\CortexM0p\ARM_GCC_493\Debug\main.o
arm-none-eabi-gcc.exe -mcpu=cortex-m0plus -mthumb -Wno-main -I. -IGenerated_Source\PSoC4 -Wa,-alh=.\CortexM0p\ARM_GCC_493\Debug/CapSense_Control.lst -g -D DEBUG -Wall -ffunction-sections -Og -ffat-lto-objects -c .\Generated_Source\PSoC4\CapSense_Control.c -o .\CortexM0p\ARM_GCC_493\Debug\CapSense_Control.o
arm-none-eabi-gcc.exe -mcpu=cortex-m0plus -mthumb -Wno-main -I. -IGenerated_Source\PSoC4 -Wa,-alh=.\CortexM0p\ARM_GCC_493\Debug/cyPm.lst -g -D DEBUG -Wall -ffunction-sections -Og -ffat-lto-objects -c .\Generated_Source\PSoC4\cyPm.c -o .\CortexM0p\ARM_GCC_493\Debug\cyPm.o
arm-none-eabi-ar.exe -rs .\CortexM0p\ARM_GCC_493\Debug\SmartIOCountUp.a .\CortexM0p\ARM_GCC_493\Debug\cyfitter_cfg.o .\CortexM0p\ARM_GCC_493\Debug\CapSense_Control.o .\CortexM0p\ARM_GCC_493\Debug\CapSense_Processing.o .\CortexM0p\ARM_GCC_493\Debug\CapSense_Structure.o .\CortexM0p\ARM_GCC_493\Debug\CapSense_Tuner.o .\CortexM0p\ARM_GCC_493\Debug\CapSense_Filter.o .\CortexM0p\ARM_GCC_493\Debug\CapSense_Sensing.o .\CortexM0p\ARM_GCC_493\Debug\CapSense_INT.o .\CortexM0p\ARM_GCC_493\Debug\CapSense_SensingCSX_LL.o .\CortexM0p\ARM_GCC_493\Debug\LED10.o .\CortexM0p\ARM_GCC_493\Debug\LED10_PM.o .\CortexM0p\ARM_GCC_493\Debug\LED11.o .\CortexM0p\ARM_GCC_493\Debug\LED11_PM.o .\CortexM0p\ARM_GCC_493\Debug\LED9.o .\CortexM0p\ARM_GCC_493\Debug\LED9_PM.o .\CortexM0p\ARM_GCC_493\Debug\SmartIO.o .\CortexM0p\ARM_GCC_493\Debug\P23.o .\CortexM0p\ARM_GCC_493\Debug\P23_PM.o .\CortexM0p\ARM_GCC_493\Debug\PWM.o .\CortexM0p\ARM_GCC_493\Debug\PWM_PM.o .\CortexM0p\ARM_GCC_493\Debug\Clock_1.o .\CortexM0p\ARM_GCC_493\Debug\P27.o .\CortexM0p\ARM_GCC_493\Debug\P27_PM.o .\CortexM0p\ARM_GCC_493\Debug\P26.o .\CortexM0p\ARM_GCC_493\Debug\P26_PM.o .\CortexM0p\ARM_GCC_493\Debug\P25.o .\CortexM0p\ARM_GCC_493\Debug\P25_PM.o .\CortexM0p\ARM_GCC_493\Debug\CapSense_ISR.o .\CortexM0p\ARM_GCC_493\Debug\CyBootAsmGnu.o .\CortexM0p\ARM_GCC_493\Debug\CyFlash.o .\CortexM0p\ARM_GCC_493\Debug\CyLib.o .\CortexM0p\ARM_GCC_493\Debug\cyPm.o .\CortexM0p\ARM_GCC_493\Debug\cyutils.o .\CortexM0p\ARM_GCC_493\Debug\CyLFClk.o
arm-none-eabi-ar.exe: creating .\CortexM0p\ARM_GCC_493\Debug\SmartIOCountUp.a
arm-none-eabi-gcc.exe -Wl,--start-group -o .\CortexM0p\ARM_GCC_493\Debug\SmartIOCountUp.elf .\CortexM0p\ARM_GCC_493\Debug\main.o .\CortexM0p\ARM_GCC_493\Debug\cymetadata.o .\CortexM0p\ARM_GCC_493\Debug\Cm0plusStart.o .\CortexM0p\ARM_GCC_493\Debug\SmartIOCountUp.a "C:\Program Files (x86)\Cypress\PSoC Creator\3.3\PSoC Creator\psoc\content\cycomponentlibrary\CyComponentLibrary.cylib\CapSense_P4_v3_0\PSoC4\Library\Capsense_P4Library_GCCp.a" -mcpu=cortex-m0plus -mthumb -g -ffunction-sections -Og -ffat-lto-objects -L Generated_Source\PSoC4 -Wl,-Map,.\CortexM0p\ARM_GCC_493\Debug/SmartIOCountUp.map -T Generated_Source\PSoC4\cm0plusgcc.ld -specs=nano.specs -Wl,--gc-sections -Wl,--end-group
cyelftool.exe -C "\\vmware-host\Shared Folders\Documents\PSoC Creator\SmartIO\SmartIOCountUp.cydsn\CortexM0p\ARM_GCC_493\Debug\SmartIOCountUp.elf" --flash_row_size 128 --flash_size 32768
cyelftool.exe -S "\\vmware-host\Shared Folders\Documents\PSoC Creator\SmartIO\SmartIOCountUp.cydsn\CortexM0p\ARM_GCC_493\Debug\SmartIOCountUp.elf"
Flash used: 6144 of 32768 bytes (18.8 %).
SRAM used: 1516 of 4096 bytes (37.0 %). Stack: 1024 bytes. Heap: 128 bytes.
--------------- Build Succeeded: 03/05/2016 08:51:56 ---------------
