ARM GAS  C:\Users\Alan\AppData\Local\Temp\cckHjzq0.s 			page 1


   1              		.cpu cortex-m0plus
   2              		.fpu softvfp
   3              		.eabi_attribute 20, 1
   4              		.eabi_attribute 21, 1
   5              		.eabi_attribute 23, 3
   6              		.eabi_attribute 24, 1
   7              		.eabi_attribute 25, 1
   8              		.eabi_attribute 26, 1
   9              		.eabi_attribute 30, 1
  10              		.eabi_attribute 34, 0
  11              		.eabi_attribute 18, 4
  12              		.code	16
  13              		.file	"main.c"
  14              		.text
  15              	.Ltext0:
  16              		.cfi_sections	.debug_frame
  17              		.section	.text.main,"ax",%progbits
  18              		.align	2
  19              		.global	main
  20              		.code	16
  21              		.thumb_func
  22              		.type	main, %function
  23              	main:
  24              	.LFB35:
  25              		.file 1 ".\\main.c"
   1:.\main.c      **** 
   2:.\main.c      **** #include <project.h>
   3:.\main.c      **** 
   4:.\main.c      **** int main()
   5:.\main.c      **** {
  26              		.loc 1 5 0
  27              		.cfi_startproc
  28 0000 08B5     		push	{r3, lr}
  29              		.cfi_def_cfa_offset 8
  30              		.cfi_offset 3, -8
  31              		.cfi_offset 14, -4
   6:.\main.c      ****     CyGlobalIntEnable; /* Enable global interrupts. */
  32              		.loc 1 6 0
  33              	@ 6 ".\main.c" 1
  34 0002 62B6     		CPSIE   i
  35              	@ 0 "" 2
   7:.\main.c      ****     SmartIO_Start();
  36              		.loc 1 7 0
  37              		.code	16
  38 0004 FFF7FEFF 		bl	SmartIO_Start
  39              	.LVL0:
   8:.\main.c      ****     
   9:.\main.c      ****     PWM_Start();
  40              		.loc 1 9 0
  41 0008 FFF7FEFF 		bl	PWM_Start
  42              	.LVL1:
  10:.\main.c      ****   
  11:.\main.c      ****     CapSense_Start();
  43              		.loc 1 11 0
  44 000c FFF7FEFF 		bl	CapSense_Start
  45              	.LVL2:
  12:.\main.c      ****     CapSense_InitializeAllBaselines();
ARM GAS  C:\Users\Alan\AppData\Local\Temp\cckHjzq0.s 			page 2


  46              		.loc 1 12 0
  47 0010 FFF7FEFF 		bl	CapSense_InitializeAllBaselines
  48              	.LVL3:
  13:.\main.c      ****     CapSense_ScanAllWidgets();
  49              		.loc 1 13 0
  50 0014 FFF7FEFF 		bl	CapSense_ScanAllWidgets
  51              	.LVL4:
  52              	.L2:
  14:.\main.c      **** 
  15:.\main.c      ****     for(;;)
  16:.\main.c      ****     {
  17:.\main.c      ****         if(!CapSense_IsBusy())
  53              		.loc 1 17 0
  54 0018 FFF7FEFF 		bl	CapSense_IsBusy
  55              	.LVL5:
  56 001c 0028     		cmp	r0, #0
  57 001e FBD1     		bne	.L2
  18:.\main.c      ****         {
  19:.\main.c      ****             CapSense_ProcessAllWidgets();
  58              		.loc 1 19 0
  59 0020 FFF7FEFF 		bl	CapSense_ProcessAllWidgets
  60              	.LVL6:
  20:.\main.c      ****         
  21:.\main.c      ****             LED10_Write(!CapSense_IsWidgetActive(CapSense_BUTTON0_WDGT_ID));
  61              		.loc 1 21 0
  62 0024 0020     		mov	r0, #0
  63 0026 FFF7FEFF 		bl	CapSense_IsWidgetActive
  64              	.LVL7:
  65 002a 4342     		neg	r3, r0
  66 002c 5841     		adc	r0, r0, r3
  67 002e C0B2     		uxtb	r0, r0
  68 0030 FFF7FEFF 		bl	LED10_Write
  69              	.LVL8:
  22:.\main.c      ****             LED11_Write(!CapSense_IsWidgetActive(CapSense_BUTTON1_WDGT_ID));
  70              		.loc 1 22 0
  71 0034 0120     		mov	r0, #1
  72 0036 FFF7FEFF 		bl	CapSense_IsWidgetActive
  73              	.LVL9:
  74 003a 4342     		neg	r3, r0
  75 003c 5841     		adc	r0, r0, r3
  76 003e C0B2     		uxtb	r0, r0
  77 0040 FFF7FEFF 		bl	LED11_Write
  78              	.LVL10:
  23:.\main.c      ****             LED9_Write(!CapSense_IsWidgetActive(CapSense_BUTTON2_WDGT_ID));
  79              		.loc 1 23 0
  80 0044 0220     		mov	r0, #2
  81 0046 FFF7FEFF 		bl	CapSense_IsWidgetActive
  82              	.LVL11:
  83 004a 4342     		neg	r3, r0
  84 004c 5841     		adc	r0, r0, r3
  85 004e C0B2     		uxtb	r0, r0
  86 0050 FFF7FEFF 		bl	LED9_Write
  87              	.LVL12:
  24:.\main.c      ****                       
  25:.\main.c      ****             CapSense_UpdateAllBaselines();
  88              		.loc 1 25 0
  89 0054 FFF7FEFF 		bl	CapSense_UpdateAllBaselines
ARM GAS  C:\Users\Alan\AppData\Local\Temp\cckHjzq0.s 			page 3


  90              	.LVL13:
  26:.\main.c      ****             CapSense_ScanAllWidgets();
  91              		.loc 1 26 0
  92 0058 FFF7FEFF 		bl	CapSense_ScanAllWidgets
  93              	.LVL14:
  94 005c DCE7     		b	.L2
  95              		.cfi_endproc
  96              	.LFE35:
  97              		.size	main, .-main
  98 005e C046     		.text
  99              	.Letext0:
 100              		.file 2 "Generated_Source\\PSoC4/cytypes.h"
 101              		.file 3 "Generated_Source\\PSoC4/SmartIO.h"
 102              		.file 4 "Generated_Source\\PSoC4/PWM.h"
 103              		.file 5 "Generated_Source\\PSoC4/CapSense_Filter.h"
 104              		.file 6 "Generated_Source\\PSoC4/CapSense_Control.h"
 105              		.file 7 "Generated_Source\\PSoC4/CapSense_Sensing.h"
 106              		.file 8 "Generated_Source\\PSoC4/LED10.h"
 107              		.file 9 "Generated_Source\\PSoC4/LED11.h"
 108              		.file 10 "Generated_Source\\PSoC4/LED9.h"
 109              		.file 11 "Generated_Source\\PSoC4/CapSense_Structure.h"
 110              		.section	.debug_info,"",%progbits
 111              	.Ldebug_info0:
 112 0000 FD010000 		.4byte	0x1fd
 113 0004 0400     		.2byte	0x4
 114 0006 00000000 		.4byte	.Ldebug_abbrev0
 115 000a 04       		.byte	0x4
 116 000b 01       		.uleb128 0x1
 117 000c BA010000 		.4byte	.LASF27
 118 0010 01       		.byte	0x1
 119 0011 03010000 		.4byte	.LASF28
 120 0015 00000000 		.4byte	.LASF29
 121 0019 00000000 		.4byte	.Ldebug_ranges0+0
 122 001d 00000000 		.4byte	0
 123 0021 00000000 		.4byte	.Ldebug_line0
 124 0025 02       		.uleb128 0x2
 125 0026 01       		.byte	0x1
 126 0027 06       		.byte	0x6
 127 0028 4C020000 		.4byte	.LASF0
 128 002c 02       		.uleb128 0x2
 129 002d 01       		.byte	0x1
 130 002e 08       		.byte	0x8
 131 002f C0000000 		.4byte	.LASF1
 132 0033 02       		.uleb128 0x2
 133 0034 02       		.byte	0x2
 134 0035 05       		.byte	0x5
 135 0036 A6010000 		.4byte	.LASF2
 136 003a 02       		.uleb128 0x2
 137 003b 02       		.byte	0x2
 138 003c 07       		.byte	0x7
 139 003d F0000000 		.4byte	.LASF3
 140 0041 02       		.uleb128 0x2
 141 0042 04       		.byte	0x4
 142 0043 05       		.byte	0x5
 143 0044 5F000000 		.4byte	.LASF4
 144 0048 02       		.uleb128 0x2
 145 0049 04       		.byte	0x4
ARM GAS  C:\Users\Alan\AppData\Local\Temp\cckHjzq0.s 			page 4


 146 004a 07       		.byte	0x7
 147 004b DE000000 		.4byte	.LASF5
 148 004f 02       		.uleb128 0x2
 149 0050 08       		.byte	0x8
 150 0051 05       		.byte	0x5
 151 0052 88010000 		.4byte	.LASF6
 152 0056 02       		.uleb128 0x2
 153 0057 08       		.byte	0x8
 154 0058 07       		.byte	0x7
 155 0059 41010000 		.4byte	.LASF7
 156 005d 03       		.uleb128 0x3
 157 005e 04       		.byte	0x4
 158 005f 05       		.byte	0x5
 159 0060 696E7400 		.ascii	"int\000"
 160 0064 02       		.uleb128 0x2
 161 0065 04       		.byte	0x4
 162 0066 07       		.byte	0x7
 163 0067 34010000 		.4byte	.LASF8
 164 006b 04       		.uleb128 0x4
 165 006c A2000000 		.4byte	.LASF9
 166 0070 02       		.byte	0x2
 167 0071 9801     		.2byte	0x198
 168 0073 2C000000 		.4byte	0x2c
 169 0077 04       		.uleb128 0x4
 170 0078 21010000 		.4byte	.LASF10
 171 007c 02       		.byte	0x2
 172 007d 9A01     		.2byte	0x19a
 173 007f 48000000 		.4byte	0x48
 174 0083 02       		.uleb128 0x2
 175 0084 04       		.byte	0x4
 176 0085 04       		.byte	0x4
 177 0086 9C000000 		.4byte	.LASF11
 178 008a 02       		.uleb128 0x2
 179 008b 08       		.byte	0x8
 180 008c 04       		.byte	0x4
 181 008d 0C010000 		.4byte	.LASF12
 182 0091 02       		.uleb128 0x2
 183 0092 01       		.byte	0x1
 184 0093 08       		.byte	0x8
 185 0094 96010000 		.4byte	.LASF13
 186 0098 04       		.uleb128 0x4
 187 0099 18010000 		.4byte	.LASF14
 188 009d 02       		.byte	0x2
 189 009e 3A02     		.2byte	0x23a
 190 00a0 48000000 		.4byte	0x48
 191 00a4 02       		.uleb128 0x2
 192 00a5 04       		.byte	0x4
 193 00a6 07       		.byte	0x7
 194 00a7 7F010000 		.4byte	.LASF15
 195 00ab 05       		.uleb128 0x5
 196 00ac 13010000 		.4byte	.LASF30
 197 00b0 01       		.byte	0x1
 198 00b1 04       		.byte	0x4
 199 00b2 5D000000 		.4byte	0x5d
 200 00b6 00000000 		.4byte	.LFB35
 201 00ba 5E000000 		.4byte	.LFE35-.LFB35
 202 00be 01       		.uleb128 0x1
ARM GAS  C:\Users\Alan\AppData\Local\Temp\cckHjzq0.s 			page 5


 203 00bf 9C       		.byte	0x9c
 204 00c0 6A010000 		.4byte	0x16a
 205 00c4 06       		.uleb128 0x6
 206 00c5 08000000 		.4byte	.LVL0
 207 00c9 6A010000 		.4byte	0x16a
 208 00cd 06       		.uleb128 0x6
 209 00ce 0C000000 		.4byte	.LVL1
 210 00d2 71010000 		.4byte	0x171
 211 00d6 06       		.uleb128 0x6
 212 00d7 10000000 		.4byte	.LVL2
 213 00db 79010000 		.4byte	0x179
 214 00df 06       		.uleb128 0x6
 215 00e0 14000000 		.4byte	.LVL3
 216 00e4 84010000 		.4byte	0x184
 217 00e8 06       		.uleb128 0x6
 218 00e9 18000000 		.4byte	.LVL4
 219 00ed 8B010000 		.4byte	0x18b
 220 00f1 06       		.uleb128 0x6
 221 00f2 1C000000 		.4byte	.LVL5
 222 00f6 96010000 		.4byte	0x196
 223 00fa 06       		.uleb128 0x6
 224 00fb 24000000 		.4byte	.LVL6
 225 00ff A1010000 		.4byte	0x1a1
 226 0103 07       		.uleb128 0x7
 227 0104 2A000000 		.4byte	.LVL7
 228 0108 AC010000 		.4byte	0x1ac
 229 010c 16010000 		.4byte	0x116
 230 0110 08       		.uleb128 0x8
 231 0111 01       		.uleb128 0x1
 232 0112 50       		.byte	0x50
 233 0113 01       		.uleb128 0x1
 234 0114 30       		.byte	0x30
 235 0115 00       		.byte	0
 236 0116 06       		.uleb128 0x6
 237 0117 34000000 		.4byte	.LVL8
 238 011b C2010000 		.4byte	0x1c2
 239 011f 07       		.uleb128 0x7
 240 0120 3A000000 		.4byte	.LVL9
 241 0124 AC010000 		.4byte	0x1ac
 242 0128 32010000 		.4byte	0x132
 243 012c 08       		.uleb128 0x8
 244 012d 01       		.uleb128 0x1
 245 012e 50       		.byte	0x50
 246 012f 01       		.uleb128 0x1
 247 0130 31       		.byte	0x31
 248 0131 00       		.byte	0
 249 0132 06       		.uleb128 0x6
 250 0133 44000000 		.4byte	.LVL10
 251 0137 D3010000 		.4byte	0x1d3
 252 013b 07       		.uleb128 0x7
 253 013c 4A000000 		.4byte	.LVL11
 254 0140 AC010000 		.4byte	0x1ac
 255 0144 4E010000 		.4byte	0x14e
 256 0148 08       		.uleb128 0x8
 257 0149 01       		.uleb128 0x1
 258 014a 50       		.byte	0x50
 259 014b 01       		.uleb128 0x1
ARM GAS  C:\Users\Alan\AppData\Local\Temp\cckHjzq0.s 			page 6


 260 014c 32       		.byte	0x32
 261 014d 00       		.byte	0
 262 014e 06       		.uleb128 0x6
 263 014f 54000000 		.4byte	.LVL12
 264 0153 E4010000 		.4byte	0x1e4
 265 0157 06       		.uleb128 0x6
 266 0158 58000000 		.4byte	.LVL13
 267 015c F5010000 		.4byte	0x1f5
 268 0160 06       		.uleb128 0x6
 269 0161 5C000000 		.4byte	.LVL14
 270 0165 8B010000 		.4byte	0x18b
 271 0169 00       		.byte	0
 272 016a 09       		.uleb128 0x9
 273 016b 51000000 		.4byte	.LASF16
 274 016f 03       		.byte	0x3
 275 0170 1F       		.byte	0x1f
 276 0171 0A       		.uleb128 0xa
 277 0172 B0010000 		.4byte	.LASF17
 278 0176 04       		.byte	0x4
 279 0177 3201     		.2byte	0x132
 280 0179 0B       		.uleb128 0xb
 281 017a 78020000 		.4byte	.LASF19
 282 017e 06       		.byte	0x6
 283 017f 39       		.byte	0x39
 284 0180 98000000 		.4byte	0x98
 285 0184 09       		.uleb128 0x9
 286 0185 58020000 		.4byte	.LASF18
 287 0189 05       		.byte	0x5
 288 018a 52       		.byte	0x52
 289 018b 0B       		.uleb128 0xb
 290 018c A8000000 		.4byte	.LASF20
 291 0190 07       		.byte	0x7
 292 0191 5C       		.byte	0x5c
 293 0192 98000000 		.4byte	0x98
 294 0196 0B       		.uleb128 0xb
 295 0197 CE000000 		.4byte	.LASF21
 296 019b 07       		.byte	0x7
 297 019c 5D       		.byte	0x5d
 298 019d 77000000 		.4byte	0x77
 299 01a1 0B       		.uleb128 0xb
 300 01a2 58010000 		.4byte	.LASF22
 301 01a6 06       		.byte	0x6
 302 01a7 3D       		.byte	0x3d
 303 01a8 98000000 		.4byte	0x98
 304 01ac 0C       		.uleb128 0xc
 305 01ad 68000000 		.4byte	.LASF31
 306 01b1 0B       		.byte	0xb
 307 01b2 8B03     		.2byte	0x38b
 308 01b4 77000000 		.4byte	0x77
 309 01b8 C2010000 		.4byte	0x1c2
 310 01bc 0D       		.uleb128 0xd
 311 01bd 77000000 		.4byte	0x77
 312 01c1 00       		.byte	0
 313 01c2 0E       		.uleb128 0xe
 314 01c3 28010000 		.4byte	.LASF23
 315 01c7 08       		.byte	0x8
 316 01c8 33       		.byte	0x33
ARM GAS  C:\Users\Alan\AppData\Local\Temp\cckHjzq0.s 			page 7


 317 01c9 D3010000 		.4byte	0x1d3
 318 01cd 0D       		.uleb128 0xd
 319 01ce 6B000000 		.4byte	0x6b
 320 01d2 00       		.byte	0
 321 01d3 0E       		.uleb128 0xe
 322 01d4 73010000 		.4byte	.LASF24
 323 01d8 09       		.byte	0x9
 324 01d9 33       		.byte	0x33
 325 01da E4010000 		.4byte	0x1e4
 326 01de 0D       		.uleb128 0xd
 327 01df 6B000000 		.4byte	0x6b
 328 01e3 00       		.byte	0
 329 01e4 0E       		.uleb128 0xe
 330 01e5 9B010000 		.4byte	.LASF25
 331 01e9 0A       		.byte	0xa
 332 01ea 33       		.byte	0x33
 333 01eb F5010000 		.4byte	0x1f5
 334 01ef 0D       		.uleb128 0xd
 335 01f0 6B000000 		.4byte	0x6b
 336 01f4 00       		.byte	0
 337 01f5 0B       		.uleb128 0xb
 338 01f6 80000000 		.4byte	.LASF26
 339 01fa 05       		.byte	0x5
 340 01fb 4D       		.byte	0x4d
 341 01fc 98000000 		.4byte	0x98
 342 0200 00       		.byte	0
 343              		.section	.debug_abbrev,"",%progbits
 344              	.Ldebug_abbrev0:
 345 0000 01       		.uleb128 0x1
 346 0001 11       		.uleb128 0x11
 347 0002 01       		.byte	0x1
 348 0003 25       		.uleb128 0x25
 349 0004 0E       		.uleb128 0xe
 350 0005 13       		.uleb128 0x13
 351 0006 0B       		.uleb128 0xb
 352 0007 03       		.uleb128 0x3
 353 0008 0E       		.uleb128 0xe
 354 0009 1B       		.uleb128 0x1b
 355 000a 0E       		.uleb128 0xe
 356 000b 55       		.uleb128 0x55
 357 000c 17       		.uleb128 0x17
 358 000d 11       		.uleb128 0x11
 359 000e 01       		.uleb128 0x1
 360 000f 10       		.uleb128 0x10
 361 0010 17       		.uleb128 0x17
 362 0011 00       		.byte	0
 363 0012 00       		.byte	0
 364 0013 02       		.uleb128 0x2
 365 0014 24       		.uleb128 0x24
 366 0015 00       		.byte	0
 367 0016 0B       		.uleb128 0xb
 368 0017 0B       		.uleb128 0xb
 369 0018 3E       		.uleb128 0x3e
 370 0019 0B       		.uleb128 0xb
 371 001a 03       		.uleb128 0x3
 372 001b 0E       		.uleb128 0xe
 373 001c 00       		.byte	0
ARM GAS  C:\Users\Alan\AppData\Local\Temp\cckHjzq0.s 			page 8


 374 001d 00       		.byte	0
 375 001e 03       		.uleb128 0x3
 376 001f 24       		.uleb128 0x24
 377 0020 00       		.byte	0
 378 0021 0B       		.uleb128 0xb
 379 0022 0B       		.uleb128 0xb
 380 0023 3E       		.uleb128 0x3e
 381 0024 0B       		.uleb128 0xb
 382 0025 03       		.uleb128 0x3
 383 0026 08       		.uleb128 0x8
 384 0027 00       		.byte	0
 385 0028 00       		.byte	0
 386 0029 04       		.uleb128 0x4
 387 002a 16       		.uleb128 0x16
 388 002b 00       		.byte	0
 389 002c 03       		.uleb128 0x3
 390 002d 0E       		.uleb128 0xe
 391 002e 3A       		.uleb128 0x3a
 392 002f 0B       		.uleb128 0xb
 393 0030 3B       		.uleb128 0x3b
 394 0031 05       		.uleb128 0x5
 395 0032 49       		.uleb128 0x49
 396 0033 13       		.uleb128 0x13
 397 0034 00       		.byte	0
 398 0035 00       		.byte	0
 399 0036 05       		.uleb128 0x5
 400 0037 2E       		.uleb128 0x2e
 401 0038 01       		.byte	0x1
 402 0039 3F       		.uleb128 0x3f
 403 003a 19       		.uleb128 0x19
 404 003b 03       		.uleb128 0x3
 405 003c 0E       		.uleb128 0xe
 406 003d 3A       		.uleb128 0x3a
 407 003e 0B       		.uleb128 0xb
 408 003f 3B       		.uleb128 0x3b
 409 0040 0B       		.uleb128 0xb
 410 0041 49       		.uleb128 0x49
 411 0042 13       		.uleb128 0x13
 412 0043 11       		.uleb128 0x11
 413 0044 01       		.uleb128 0x1
 414 0045 12       		.uleb128 0x12
 415 0046 06       		.uleb128 0x6
 416 0047 40       		.uleb128 0x40
 417 0048 18       		.uleb128 0x18
 418 0049 9742     		.uleb128 0x2117
 419 004b 19       		.uleb128 0x19
 420 004c 01       		.uleb128 0x1
 421 004d 13       		.uleb128 0x13
 422 004e 00       		.byte	0
 423 004f 00       		.byte	0
 424 0050 06       		.uleb128 0x6
 425 0051 898201   		.uleb128 0x4109
 426 0054 00       		.byte	0
 427 0055 11       		.uleb128 0x11
 428 0056 01       		.uleb128 0x1
 429 0057 31       		.uleb128 0x31
 430 0058 13       		.uleb128 0x13
ARM GAS  C:\Users\Alan\AppData\Local\Temp\cckHjzq0.s 			page 9


 431 0059 00       		.byte	0
 432 005a 00       		.byte	0
 433 005b 07       		.uleb128 0x7
 434 005c 898201   		.uleb128 0x4109
 435 005f 01       		.byte	0x1
 436 0060 11       		.uleb128 0x11
 437 0061 01       		.uleb128 0x1
 438 0062 31       		.uleb128 0x31
 439 0063 13       		.uleb128 0x13
 440 0064 01       		.uleb128 0x1
 441 0065 13       		.uleb128 0x13
 442 0066 00       		.byte	0
 443 0067 00       		.byte	0
 444 0068 08       		.uleb128 0x8
 445 0069 8A8201   		.uleb128 0x410a
 446 006c 00       		.byte	0
 447 006d 02       		.uleb128 0x2
 448 006e 18       		.uleb128 0x18
 449 006f 9142     		.uleb128 0x2111
 450 0071 18       		.uleb128 0x18
 451 0072 00       		.byte	0
 452 0073 00       		.byte	0
 453 0074 09       		.uleb128 0x9
 454 0075 2E       		.uleb128 0x2e
 455 0076 00       		.byte	0
 456 0077 3F       		.uleb128 0x3f
 457 0078 19       		.uleb128 0x19
 458 0079 03       		.uleb128 0x3
 459 007a 0E       		.uleb128 0xe
 460 007b 3A       		.uleb128 0x3a
 461 007c 0B       		.uleb128 0xb
 462 007d 3B       		.uleb128 0x3b
 463 007e 0B       		.uleb128 0xb
 464 007f 27       		.uleb128 0x27
 465 0080 19       		.uleb128 0x19
 466 0081 3C       		.uleb128 0x3c
 467 0082 19       		.uleb128 0x19
 468 0083 00       		.byte	0
 469 0084 00       		.byte	0
 470 0085 0A       		.uleb128 0xa
 471 0086 2E       		.uleb128 0x2e
 472 0087 00       		.byte	0
 473 0088 3F       		.uleb128 0x3f
 474 0089 19       		.uleb128 0x19
 475 008a 03       		.uleb128 0x3
 476 008b 0E       		.uleb128 0xe
 477 008c 3A       		.uleb128 0x3a
 478 008d 0B       		.uleb128 0xb
 479 008e 3B       		.uleb128 0x3b
 480 008f 05       		.uleb128 0x5
 481 0090 27       		.uleb128 0x27
 482 0091 19       		.uleb128 0x19
 483 0092 3C       		.uleb128 0x3c
 484 0093 19       		.uleb128 0x19
 485 0094 00       		.byte	0
 486 0095 00       		.byte	0
 487 0096 0B       		.uleb128 0xb
ARM GAS  C:\Users\Alan\AppData\Local\Temp\cckHjzq0.s 			page 10


 488 0097 2E       		.uleb128 0x2e
 489 0098 00       		.byte	0
 490 0099 3F       		.uleb128 0x3f
 491 009a 19       		.uleb128 0x19
 492 009b 03       		.uleb128 0x3
 493 009c 0E       		.uleb128 0xe
 494 009d 3A       		.uleb128 0x3a
 495 009e 0B       		.uleb128 0xb
 496 009f 3B       		.uleb128 0x3b
 497 00a0 0B       		.uleb128 0xb
 498 00a1 27       		.uleb128 0x27
 499 00a2 19       		.uleb128 0x19
 500 00a3 49       		.uleb128 0x49
 501 00a4 13       		.uleb128 0x13
 502 00a5 3C       		.uleb128 0x3c
 503 00a6 19       		.uleb128 0x19
 504 00a7 00       		.byte	0
 505 00a8 00       		.byte	0
 506 00a9 0C       		.uleb128 0xc
 507 00aa 2E       		.uleb128 0x2e
 508 00ab 01       		.byte	0x1
 509 00ac 3F       		.uleb128 0x3f
 510 00ad 19       		.uleb128 0x19
 511 00ae 03       		.uleb128 0x3
 512 00af 0E       		.uleb128 0xe
 513 00b0 3A       		.uleb128 0x3a
 514 00b1 0B       		.uleb128 0xb
 515 00b2 3B       		.uleb128 0x3b
 516 00b3 05       		.uleb128 0x5
 517 00b4 27       		.uleb128 0x27
 518 00b5 19       		.uleb128 0x19
 519 00b6 49       		.uleb128 0x49
 520 00b7 13       		.uleb128 0x13
 521 00b8 3C       		.uleb128 0x3c
 522 00b9 19       		.uleb128 0x19
 523 00ba 01       		.uleb128 0x1
 524 00bb 13       		.uleb128 0x13
 525 00bc 00       		.byte	0
 526 00bd 00       		.byte	0
 527 00be 0D       		.uleb128 0xd
 528 00bf 05       		.uleb128 0x5
 529 00c0 00       		.byte	0
 530 00c1 49       		.uleb128 0x49
 531 00c2 13       		.uleb128 0x13
 532 00c3 00       		.byte	0
 533 00c4 00       		.byte	0
 534 00c5 0E       		.uleb128 0xe
 535 00c6 2E       		.uleb128 0x2e
 536 00c7 01       		.byte	0x1
 537 00c8 3F       		.uleb128 0x3f
 538 00c9 19       		.uleb128 0x19
 539 00ca 03       		.uleb128 0x3
 540 00cb 0E       		.uleb128 0xe
 541 00cc 3A       		.uleb128 0x3a
 542 00cd 0B       		.uleb128 0xb
 543 00ce 3B       		.uleb128 0x3b
 544 00cf 0B       		.uleb128 0xb
ARM GAS  C:\Users\Alan\AppData\Local\Temp\cckHjzq0.s 			page 11


 545 00d0 27       		.uleb128 0x27
 546 00d1 19       		.uleb128 0x19
 547 00d2 3C       		.uleb128 0x3c
 548 00d3 19       		.uleb128 0x19
 549 00d4 01       		.uleb128 0x1
 550 00d5 13       		.uleb128 0x13
 551 00d6 00       		.byte	0
 552 00d7 00       		.byte	0
 553 00d8 00       		.byte	0
 554              		.section	.debug_aranges,"",%progbits
 555 0000 1C000000 		.4byte	0x1c
 556 0004 0200     		.2byte	0x2
 557 0006 00000000 		.4byte	.Ldebug_info0
 558 000a 04       		.byte	0x4
 559 000b 00       		.byte	0
 560 000c 0000     		.2byte	0
 561 000e 0000     		.2byte	0
 562 0010 00000000 		.4byte	.LFB35
 563 0014 5E000000 		.4byte	.LFE35-.LFB35
 564 0018 00000000 		.4byte	0
 565 001c 00000000 		.4byte	0
 566              		.section	.debug_ranges,"",%progbits
 567              	.Ldebug_ranges0:
 568 0000 00000000 		.4byte	.LFB35
 569 0004 5E000000 		.4byte	.LFE35
 570 0008 00000000 		.4byte	0
 571 000c 00000000 		.4byte	0
 572              		.section	.debug_line,"",%progbits
 573              	.Ldebug_line0:
 574 0000 F2000000 		.section	.debug_str,"MS",%progbits,1
 574      0200D200 
 574      00000201 
 574      FB0E0D00 
 574      01010101 
 575              	.LASF29:
 576 0000 5C5C766D 		.ascii	"\\\\vmware-host\\Shared Folders\\Documents\\PSoC Cr"
 576      77617265 
 576      2D686F73 
 576      745C5368 
 576      61726564 
 577 002e 6561746F 		.ascii	"eator\\SmartIO\\SmartIOCountUp.cydsn\000"
 577      725C536D 
 577      61727449 
 577      4F5C536D 
 577      61727449 
 578              	.LASF16:
 579 0051 536D6172 		.ascii	"SmartIO_Start\000"
 579      74494F5F 
 579      53746172 
 579      7400
 580              	.LASF4:
 581 005f 6C6F6E67 		.ascii	"long int\000"
 581      20696E74 
 581      00
 582              	.LASF31:
 583 0068 43617053 		.ascii	"CapSense_IsWidgetActive\000"
 583      656E7365 
ARM GAS  C:\Users\Alan\AppData\Local\Temp\cckHjzq0.s 			page 12


 583      5F497357 
 583      69646765 
 583      74416374 
 584              	.LASF26:
 585 0080 43617053 		.ascii	"CapSense_UpdateAllBaselines\000"
 585      656E7365 
 585      5F557064 
 585      61746541 
 585      6C6C4261 
 586              	.LASF11:
 587 009c 666C6F61 		.ascii	"float\000"
 587      7400
 588              	.LASF9:
 589 00a2 75696E74 		.ascii	"uint8\000"
 589      3800
 590              	.LASF20:
 591 00a8 43617053 		.ascii	"CapSense_ScanAllWidgets\000"
 591      656E7365 
 591      5F536361 
 591      6E416C6C 
 591      57696467 
 592              	.LASF1:
 593 00c0 756E7369 		.ascii	"unsigned char\000"
 593      676E6564 
 593      20636861 
 593      7200
 594              	.LASF21:
 595 00ce 43617053 		.ascii	"CapSense_IsBusy\000"
 595      656E7365 
 595      5F497342 
 595      75737900 
 596              	.LASF5:
 597 00de 6C6F6E67 		.ascii	"long unsigned int\000"
 597      20756E73 
 597      69676E65 
 597      6420696E 
 597      7400
 598              	.LASF3:
 599 00f0 73686F72 		.ascii	"short unsigned int\000"
 599      7420756E 
 599      7369676E 
 599      65642069 
 599      6E7400
 600              	.LASF28:
 601 0103 2E5C6D61 		.ascii	".\\main.c\000"
 601      696E2E63 
 601      00
 602              	.LASF12:
 603 010c 646F7562 		.ascii	"double\000"
 603      6C6500
 604              	.LASF30:
 605 0113 6D61696E 		.ascii	"main\000"
 605      00
 606              	.LASF14:
 607 0118 63797374 		.ascii	"cystatus\000"
 607      61747573 
 607      00
ARM GAS  C:\Users\Alan\AppData\Local\Temp\cckHjzq0.s 			page 13


 608              	.LASF10:
 609 0121 75696E74 		.ascii	"uint32\000"
 609      333200
 610              	.LASF23:
 611 0128 4C454431 		.ascii	"LED10_Write\000"
 611      305F5772 
 611      69746500 
 612              	.LASF8:
 613 0134 756E7369 		.ascii	"unsigned int\000"
 613      676E6564 
 613      20696E74 
 613      00
 614              	.LASF7:
 615 0141 6C6F6E67 		.ascii	"long long unsigned int\000"
 615      206C6F6E 
 615      6720756E 
 615      7369676E 
 615      65642069 
 616              	.LASF22:
 617 0158 43617053 		.ascii	"CapSense_ProcessAllWidgets\000"
 617      656E7365 
 617      5F50726F 
 617      63657373 
 617      416C6C57 
 618              	.LASF24:
 619 0173 4C454431 		.ascii	"LED11_Write\000"
 619      315F5772 
 619      69746500 
 620              	.LASF15:
 621 017f 73697A65 		.ascii	"sizetype\000"
 621      74797065 
 621      00
 622              	.LASF6:
 623 0188 6C6F6E67 		.ascii	"long long int\000"
 623      206C6F6E 
 623      6720696E 
 623      7400
 624              	.LASF13:
 625 0196 63686172 		.ascii	"char\000"
 625      00
 626              	.LASF25:
 627 019b 4C454439 		.ascii	"LED9_Write\000"
 627      5F577269 
 627      746500
 628              	.LASF2:
 629 01a6 73686F72 		.ascii	"short int\000"
 629      7420696E 
 629      7400
 630              	.LASF17:
 631 01b0 50574D5F 		.ascii	"PWM_Start\000"
 631      53746172 
 631      7400
 632              	.LASF27:
 633 01ba 474E5520 		.ascii	"GNU C 4.9.3 20150303 (release) [ARM/embedded-4_9-br"
 633      4320342E 
 633      392E3320 
 633      32303135 
ARM GAS  C:\Users\Alan\AppData\Local\Temp\cckHjzq0.s 			page 14


 633      30333033 
 634 01ed 616E6368 		.ascii	"anch revision 221220] -mcpu=cortex-m0plus -mthumb -"
 634      20726576 
 634      6973696F 
 634      6E203232 
 634      31323230 
 635 0220 67202D4F 		.ascii	"g -Og -ffunction-sections -ffat-lto-objects\000"
 635      67202D66 
 635      66756E63 
 635      74696F6E 
 635      2D736563 
 636              	.LASF0:
 637 024c 7369676E 		.ascii	"signed char\000"
 637      65642063 
 637      68617200 
 638              	.LASF18:
 639 0258 43617053 		.ascii	"CapSense_InitializeAllBaselines\000"
 639      656E7365 
 639      5F496E69 
 639      7469616C 
 639      697A6541 
 640              	.LASF19:
 641 0278 43617053 		.ascii	"CapSense_Start\000"
 641      656E7365 
 641      5F537461 
 641      727400
 642              		.ident	"GCC: (GNU Tools for ARM Embedded Processors) 4.9.3 20150303 (release) [ARM/embedded-4_9-br
