--------------- Build Started: 03/05/2016 08:56:50 Project: SmartIOCountUpExtClock, Configuration: ARM GCC 4.9-2015-q1-update Debug ---------------
cydsfit.exe -.appdatapath "C:\Users\Alan\AppData\Local\Cypress Semiconductor\PSoC Creator\3.3" -.fdsnotice -.fdswarpdepfile=warp_dependencies.txt -.fdselabdepfile=elab_dependencies.txt -.fdsbldfile=generated_files.txt -p "\\vmware-host\Shared Folders\Documents\PSoC Creator\SmartIO\SmartIOCountUpExtClock.cydsn\SmartIOCountUpExtClock.cyprj" -d CY8C4045AZI-S413 -s "\\vmware-host\Shared Folders\Documents\PSoC Creator\SmartIO\SmartIOCountUpExtClock.cydsn\Generated_Source\PSoC4" -- -yv2 -q10 -ygs -o2 -v3 -.fftcfgtype=LE
Elaborating Design...
HDL Generation ...
Synthesis ...
Place and Route ...
Tech mapping ...
Analog Placement ...
Analog Routing ...
Analog Code Generation ...
Digital Placement ...
Digital Routing ...
Info: pft.M0077: There is no timing information available for the selected device. Static timing checks will not be applied and digital routing will not be timing-driven. (App=cydsfit)
Bitstream Generation ...
Static timing analysis ...
API Generation ...
Dependency Generation ...
Clean Temporary Files ...
arm-none-eabi-gcc.exe -mcpu=cortex-m0plus -mthumb -Wno-main -I. -IGenerated_Source\PSoC4 -Wa,-alh=.\CortexM0p\ARM_GCC_493\Debug/main.lst -g -D DEBUG -Wall -ffunction-sections -Og -ffat-lto-objects -c .\main.c -o .\CortexM0p\ARM_GCC_493\Debug\main.o
arm-none-eabi-gcc.exe -mcpu=cortex-m0plus -mthumb -Wno-main -I. -IGenerated_Source\PSoC4 -Wa,-alh=.\CortexM0p\ARM_GCC_493\Debug/cyfitter_cfg.lst -g -D DEBUG -Wall -ffunction-sections -Og -ffat-lto-objects -c .\Generated_Source\PSoC4\cyfitter_cfg.c -o .\CortexM0p\ARM_GCC_493\Debug\cyfitter_cfg.o
arm-none-eabi-gcc.exe -mcpu=cortex-m0plus -mthumb -Wno-main -I. -IGenerated_Source\PSoC4 -Wa,-alh=.\CortexM0p\ARM_GCC_493\Debug/cymetadata.lst -g -D DEBUG -Wall -ffunction-sections -Og -ffat-lto-objects -c .\Generated_Source\PSoC4\cymetadata.c -o .\CortexM0p\ARM_GCC_493\Debug\cymetadata.o
arm-none-eabi-gcc.exe -mcpu=cortex-m0plus -mthumb -Wno-main -I. -IGenerated_Source\PSoC4 -Wa,-alh=.\CortexM0p\ARM_GCC_493\Debug/CapSense_Control.lst -g -D DEBUG -Wall -ffunction-sections -Og -ffat-lto-objects -c .\Generated_Source\PSoC4\CapSense_Control.c -o .\CortexM0p\ARM_GCC_493\Debug\CapSense_Control.o
arm-none-eabi-gcc.exe -mcpu=cortex-m0plus -mthumb -Wno-main -I. -IGenerated_Source\PSoC4 -Wa,-alh=.\CortexM0p\ARM_GCC_493\Debug/CapSense_Processing.lst -g -D DEBUG -Wall -ffunction-sections -Og -ffat-lto-objects -c .\Generated_Source\PSoC4\CapSense_Processing.c -o .\CortexM0p\ARM_GCC_493\Debug\CapSense_Processing.o
arm-none-eabi-gcc.exe -mcpu=cortex-m0plus -mthumb -Wno-main -I. -IGenerated_Source\PSoC4 -Wa,-alh=.\CortexM0p\ARM_GCC_493\Debug/CapSense_Structure.lst -g -D DEBUG -Wall -ffunction-sections -Og -ffat-lto-objects -c .\Generated_Source\PSoC4\CapSense_Structure.c -o .\CortexM0p\ARM_GCC_493\Debug\CapSense_Structure.o
arm-none-eabi-gcc.exe -mcpu=cortex-m0plus -mthumb -Wno-main -I. -IGenerated_Source\PSoC4 -Wa,-alh=.\CortexM0p\ARM_GCC_493\Debug/CapSense_Tuner.lst -g -D DEBUG -Wall -ffunction-sections -Og -ffat-lto-objects -c .\Generated_Source\PSoC4\CapSense_Tuner.c -o .\CortexM0p\ARM_GCC_493\Debug\CapSense_Tuner.o
arm-none-eabi-gcc.exe -mcpu=cortex-m0plus -mthumb -Wno-main -I. -IGenerated_Source\PSoC4 -Wa,-alh=.\CortexM0p\ARM_GCC_493\Debug/CapSense_Filter.lst -g -D DEBUG -Wall -ffunction-sections -Og -ffat-lto-objects -c .\Generated_Source\PSoC4\CapSense_Filter.c -o .\CortexM0p\ARM_GCC_493\Debug\CapSense_Filter.o
arm-none-eabi-gcc.exe -mcpu=cortex-m0plus -mthumb -Wno-main -I. -IGenerated_Source\PSoC4 -Wa,-alh=.\CortexM0p\ARM_GCC_493\Debug/CapSense_Sensing.lst -g -D DEBUG -Wall -ffunction-sections -Og -ffat-lto-objects -c .\Generated_Source\PSoC4\CapSense_Sensing.c -o .\CortexM0p\ARM_GCC_493\Debug\CapSense_Sensing.o
arm-none-eabi-gcc.exe -mcpu=cortex-m0plus -mthumb -Wno-main -I. -IGenerated_Source\PSoC4 -Wa,-alh=.\CortexM0p\ARM_GCC_493\Debug/CapSense_INT.lst -g -D DEBUG -Wall -ffunction-sections -Og -ffat-lto-objects -c .\Generated_Source\PSoC4\CapSense_INT.c -o .\CortexM0p\ARM_GCC_493\Debug\CapSense_INT.o
arm-none-eabi-gcc.exe -mcpu=cortex-m0plus -mthumb -Wno-main -I. -IGenerated_Source\PSoC4 -Wa,-alh=.\CortexM0p\ARM_GCC_493\Debug/CapSense_SensingCSX_LL.lst -g -D DEBUG -Wall -ffunction-sections -Og -ffat-lto-objects -c .\Generated_Source\PSoC4\CapSense_SensingCSX_LL.c -o .\CortexM0p\ARM_GCC_493\Debug\CapSense_SensingCSX_LL.o
arm-none-eabi-gcc.exe -mcpu=cortex-m0plus -mthumb -Wno-main -I. -IGenerated_Source\PSoC4 -Wa,-alh=.\CortexM0p\ARM_GCC_493\Debug/LED10.lst -g -D DEBUG -Wall -ffunction-sections -Og -ffat-lto-objects -c .\Generated_Source\PSoC4\LED10.c -o .\CortexM0p\ARM_GCC_493\Debug\LED10.o
arm-none-eabi-gcc.exe -mcpu=cortex-m0plus -mthumb -Wno-main -I. -IGenerated_Source\PSoC4 -Wa,-alh=.\CortexM0p\ARM_GCC_493\Debug/LED10_PM.lst -g -D DEBUG -Wall -ffunction-sections -Og -ffat-lto-objects -c .\Generated_Source\PSoC4\LED10_PM.c -o .\CortexM0p\ARM_GCC_493\Debug\LED10_PM.o
arm-none-eabi-gcc.exe -mcpu=cortex-m0plus -mthumb -Wno-main -I. -IGenerated_Source\PSoC4 -Wa,-alh=.\CortexM0p\ARM_GCC_493\Debug/LED11.lst -g -D DEBUG -Wall -ffunction-sections -Og -ffat-lto-objects -c .\Generated_Source\PSoC4\LED11.c -o .\CortexM0p\ARM_GCC_493\Debug\LED11.o
arm-none-eabi-gcc.exe -mcpu=cortex-m0plus -mthumb -Wno-main -I. -IGenerated_Source\PSoC4 -Wa,-alh=.\CortexM0p\ARM_GCC_493\Debug/LED11_PM.lst -g -D DEBUG -Wall -ffunction-sections -Og -ffat-lto-objects -c .\Generated_Source\PSoC4\LED11_PM.c -o .\CortexM0p\ARM_GCC_493\Debug\LED11_PM.o
arm-none-eabi-gcc.exe -mcpu=cortex-m0plus -mthumb -Wno-main -I. -IGenerated_Source\PSoC4 -Wa,-alh=.\CortexM0p\ARM_GCC_493\Debug/LED9.lst -g -D DEBUG -Wall -ffunction-sections -Og -ffat-lto-objects -c .\Generated_Source\PSoC4\LED9.c -o .\CortexM0p\ARM_GCC_493\Debug\LED9.o
arm-none-eabi-gcc.exe -mcpu=cortex-m0plus -mthumb -Wno-main -I. -IGenerated_Source\PSoC4 -Wa,-alh=.\CortexM0p\ARM_GCC_493\Debug/LED9_PM.lst -g -D DEBUG -Wall -ffunction-sections -Og -ffat-lto-objects -c .\Generated_Source\PSoC4\LED9_PM.c -o .\CortexM0p\ARM_GCC_493\Debug\LED9_PM.o
arm-none-eabi-gcc.exe -mcpu=cortex-m0plus -mthumb -Wno-main -I. -IGenerated_Source\PSoC4 -Wa,-alh=.\CortexM0p\ARM_GCC_493\Debug/SmartIO.lst -g -D DEBUG -Wall -ffunction-sections -Og -ffat-lto-objects -c .\Generated_Source\PSoC4\SmartIO.c -o .\CortexM0p\ARM_GCC_493\Debug\SmartIO.o
arm-none-eabi-gcc.exe -mcpu=cortex-m0plus -mthumb -Wno-main -I. -IGenerated_Source\PSoC4 -Wa,-alh=.\CortexM0p\ARM_GCC_493\Debug/P23.lst -g -D DEBUG -Wall -ffunction-sections -Og -ffat-lto-objects -c .\Generated_Source\PSoC4\P23.c -o .\CortexM0p\ARM_GCC_493\Debug\P23.o
arm-none-eabi-gcc.exe -mcpu=cortex-m0plus -mthumb -Wno-main -I. -IGenerated_Source\PSoC4 -Wa,-alh=.\CortexM0p\ARM_GCC_493\Debug/P23_PM.lst -g -D DEBUG -Wall -ffunction-sections -Og -ffat-lto-objects -c .\Generated_Source\PSoC4\P23_PM.c -o .\CortexM0p\ARM_GCC_493\Debug\P23_PM.o
arm-none-eabi-gcc.exe -mcpu=cortex-m0plus -mthumb -Wno-main -I. -IGenerated_Source\PSoC4 -Wa,-alh=.\CortexM0p\ARM_GCC_493\Debug/PWM.lst -g -D DEBUG -Wall -ffunction-sections -Og -ffat-lto-objects -c .\Generated_Source\PSoC4\PWM.c -o .\CortexM0p\ARM_GCC_493\Debug\PWM.o
arm-none-eabi-gcc.exe -mcpu=cortex-m0plus -mthumb -Wno-main -I. -IGenerated_Source\PSoC4 -Wa,-alh=.\CortexM0p\ARM_GCC_493\Debug/PWM_PM.lst -g -D DEBUG -Wall -ffunction-sections -Og -ffat-lto-objects -c .\Generated_Source\PSoC4\PWM_PM.c -o .\CortexM0p\ARM_GCC_493\Debug\PWM_PM.o
arm-none-eabi-gcc.exe -mcpu=cortex-m0plus -mthumb -Wno-main -I. -IGenerated_Source\PSoC4 -Wa,-alh=.\CortexM0p\ARM_GCC_493\Debug/Clock_1.lst -g -D DEBUG -Wall -ffunction-sections -Og -ffat-lto-objects -c .\Generated_Source\PSoC4\Clock_1.c -o .\CortexM0p\ARM_GCC_493\Debug\Clock_1.o
arm-none-eabi-gcc.exe -mcpu=cortex-m0plus -mthumb -Wno-main -I. -IGenerated_Source\PSoC4 -Wa,-alh=.\CortexM0p\ARM_GCC_493\Debug/P27.lst -g -D DEBUG -Wall -ffunction-sections -Og -ffat-lto-objects -c .\Generated_Source\PSoC4\P27.c -o .\CortexM0p\ARM_GCC_493\Debug\P27.o
arm-none-eabi-gcc.exe -mcpu=cortex-m0plus -mthumb -Wno-main -I. -IGenerated_Source\PSoC4 -Wa,-alh=.\CortexM0p\ARM_GCC_493\Debug/P27_PM.lst -g -D DEBUG -Wall -ffunction-sections -Og -ffat-lto-objects -c .\Generated_Source\PSoC4\P27_PM.c -o .\CortexM0p\ARM_GCC_493\Debug\P27_PM.o
arm-none-eabi-gcc.exe -mcpu=cortex-m0plus -mthumb -Wno-main -I. -IGenerated_Source\PSoC4 -Wa,-alh=.\CortexM0p\ARM_GCC_493\Debug/P26.lst -g -D DEBUG -Wall -ffunction-sections -Og -ffat-lto-objects -c .\Generated_Source\PSoC4\P26.c -o .\CortexM0p\ARM_GCC_493\Debug\P26.o
arm-none-eabi-gcc.exe -mcpu=cortex-m0plus -mthumb -Wno-main -I. -IGenerated_Source\PSoC4 -Wa,-alh=.\CortexM0p\ARM_GCC_493\Debug/P26_PM.lst -g -D DEBUG -Wall -ffunction-sections -Og -ffat-lto-objects -c .\Generated_Source\PSoC4\P26_PM.c -o .\CortexM0p\ARM_GCC_493\Debug\P26_PM.o
arm-none-eabi-gcc.exe -mcpu=cortex-m0plus -mthumb -Wno-main -I. -IGenerated_Source\PSoC4 -Wa,-alh=.\CortexM0p\ARM_GCC_493\Debug/P25.lst -g -D DEBUG -Wall -ffunction-sections -Og -ffat-lto-objects -c .\Generated_Source\PSoC4\P25.c -o .\CortexM0p\ARM_GCC_493\Debug\P25.o
arm-none-eabi-gcc.exe -mcpu=cortex-m0plus -mthumb -Wno-main -I. -IGenerated_Source\PSoC4 -Wa,-alh=.\CortexM0p\ARM_GCC_493\Debug/P25_PM.lst -g -D DEBUG -Wall -ffunction-sections -Og -ffat-lto-objects -c .\Generated_Source\PSoC4\P25_PM.c -o .\CortexM0p\ARM_GCC_493\Debug\P25_PM.o
arm-none-eabi-gcc.exe -mcpu=cortex-m0plus -mthumb -Wno-main -I. -IGenerated_Source\PSoC4 -Wa,-alh=.\CortexM0p\ARM_GCC_493\Debug/CapSense_ISR.lst -g -D DEBUG -Wall -ffunction-sections -Og -ffat-lto-objects -c .\Generated_Source\PSoC4\CapSense_ISR.c -o .\CortexM0p\ARM_GCC_493\Debug\CapSense_ISR.o
arm-none-eabi-gcc.exe -mcpu=cortex-m0plus -mthumb -Wno-main -I. -IGenerated_Source\PSoC4 -Wa,-alh=.\CortexM0p\ARM_GCC_493\Debug/Cm0plusStart.lst -g -D DEBUG -Wall -ffunction-sections -Og -ffat-lto-objects -c .\Generated_Source\PSoC4\Cm0plusStart.c -o .\CortexM0p\ARM_GCC_493\Debug\Cm0plusStart.o
arm-none-eabi-as.exe -mcpu=cortex-m0plus -mthumb -I. -IGenerated_Source\PSoC4 -alh=.\CortexM0p\ARM_GCC_493\Debug/CyBootAsmGnu.lst -g -W -o .\CortexM0p\ARM_GCC_493\Debug\CyBootAsmGnu.o .\Generated_Source\PSoC4\CyBootAsmGnu.s
arm-none-eabi-gcc.exe -mcpu=cortex-m0plus -mthumb -Wno-main -I. -IGenerated_Source\PSoC4 -Wa,-alh=.\CortexM0p\ARM_GCC_493\Debug/CyFlash.lst -g -D DEBUG -Wall -ffunction-sections -Og -ffat-lto-objects -c .\Generated_Source\PSoC4\CyFlash.c -o .\CortexM0p\ARM_GCC_493\Debug\CyFlash.o
arm-none-eabi-gcc.exe -mcpu=cortex-m0plus -mthumb -Wno-main -I. -IGenerated_Source\PSoC4 -Wa,-alh=.\CortexM0p\ARM_GCC_493\Debug/CyLib.lst -g -D DEBUG -Wall -ffunction-sections -Og -ffat-lto-objects -c .\Generated_Source\PSoC4\CyLib.c -o .\CortexM0p\ARM_GCC_493\Debug\CyLib.o
arm-none-eabi-gcc.exe -mcpu=cortex-m0plus -mthumb -Wno-main -I. -IGenerated_Source\PSoC4 -Wa,-alh=.\CortexM0p\ARM_GCC_493\Debug/cyPm.lst -g -D DEBUG -Wall -ffunction-sections -Og -ffat-lto-objects -c .\Generated_Source\PSoC4\cyPm.c -o .\CortexM0p\ARM_GCC_493\Debug\cyPm.o
arm-none-eabi-gcc.exe -mcpu=cortex-m0plus -mthumb -Wno-main -I. -IGenerated_Source\PSoC4 -Wa,-alh=.\CortexM0p\ARM_GCC_493\Debug/cyutils.lst -g -D DEBUG -Wall -ffunction-sections -Og -ffat-lto-objects -c .\Generated_Source\PSoC4\cyutils.c -o .\CortexM0p\ARM_GCC_493\Debug\cyutils.o
arm-none-eabi-gcc.exe -mcpu=cortex-m0plus -mthumb -Wno-main -I. -IGenerated_Source\PSoC4 -Wa,-alh=.\CortexM0p\ARM_GCC_493\Debug/CyLFClk.lst -g -D DEBUG -Wall -ffunction-sections -Og -ffat-lto-objects -c .\Generated_Source\PSoC4\CyLFClk.c -o .\CortexM0p\ARM_GCC_493\Debug\CyLFClk.o
arm-none-eabi-gcc.exe -mcpu=cortex-m0plus -mthumb -Wno-main -I. -IGenerated_Source\PSoC4 -Wa,-alh=.\CortexM0p\ARM_GCC_493\Debug/P20.lst -g -D DEBUG -Wall -ffunction-sections -Og -ffat-lto-objects -c .\Generated_Source\PSoC4\P20.c -o .\CortexM0p\ARM_GCC_493\Debug\P20.o
arm-none-eabi-gcc.exe -mcpu=cortex-m0plus -mthumb -Wno-main -I. -IGenerated_Source\PSoC4 -Wa,-alh=.\CortexM0p\ARM_GCC_493\Debug/P20_PM.lst -g -D DEBUG -Wall -ffunction-sections -Og -ffat-lto-objects -c .\Generated_Source\PSoC4\P20_PM.c -o .\CortexM0p\ARM_GCC_493\Debug\P20_PM.o
arm-none-eabi-gcc.exe -mcpu=cortex-m0plus -mthumb -Wno-main -I. -IGenerated_Source\PSoC4 -Wa,-alh=.\CortexM0p\ARM_GCC_493\Debug/P21.lst -g -D DEBUG -Wall -ffunction-sections -Og -ffat-lto-objects -c .\Generated_Source\PSoC4\P21.c -o .\CortexM0p\ARM_GCC_493\Debug\P21.o
arm-none-eabi-gcc.exe -mcpu=cortex-m0plus -mthumb -Wno-main -I. -IGenerated_Source\PSoC4 -Wa,-alh=.\CortexM0p\ARM_GCC_493\Debug/P21_PM.lst -g -D DEBUG -Wall -ffunction-sections -Og -ffat-lto-objects -c .\Generated_Source\PSoC4\P21_PM.c -o .\CortexM0p\ARM_GCC_493\Debug\P21_PM.o
arm-none-eabi-ar.exe -rs .\CortexM0p\ARM_GCC_493\Debug\SmartIOCountUpExtClock.a .\CortexM0p\ARM_GCC_493\Debug\cyfitter_cfg.o .\CortexM0p\ARM_GCC_493\Debug\CapSense_Control.o .\CortexM0p\ARM_GCC_493\Debug\CapSense_Processing.o .\CortexM0p\ARM_GCC_493\Debug\CapSense_Structure.o .\CortexM0p\ARM_GCC_493\Debug\CapSense_Tuner.o .\CortexM0p\ARM_GCC_493\Debug\CapSense_Filter.o .\CortexM0p\ARM_GCC_493\Debug\CapSense_Sensing.o .\CortexM0p\ARM_GCC_493\Debug\CapSense_INT.o .\CortexM0p\ARM_GCC_493\Debug\CapSense_SensingCSX_LL.o .\CortexM0p\ARM_GCC_493\Debug\LED10.o .\CortexM0p\ARM_GCC_493\Debug\LED10_PM.o .\CortexM0p\ARM_GCC_493\Debug\LED11.o .\CortexM0p\ARM_GCC_493\Debug\LED11_PM.o .\CortexM0p\ARM_GCC_493\Debug\LED9.o .\CortexM0p\ARM_GCC_493\Debug\LED9_PM.o .\CortexM0p\ARM_GCC_493\Debug\SmartIO.o .\CortexM0p\ARM_GCC_493\Debug\P23.o .\CortexM0p\ARM_GCC_493\Debug\P23_PM.o .\CortexM0p\ARM_GCC_493\Debug\PWM.o .\CortexM0p\ARM_GCC_493\Debug\PWM_PM.o .\CortexM0p\ARM_GCC_493\Debug\Clock_1.o .\CortexM0p\ARM_GCC_493\Debug\P27.o .\CortexM0p\ARM_GCC_493\Debug\P27_PM.o .\CortexM0p\ARM_GCC_493\Debug\P26.o .\CortexM0p\ARM_GCC_493\Debug\P26_PM.o .\CortexM0p\ARM_GCC_493\Debug\P25.o .\CortexM0p\ARM_GCC_493\Debug\P25_PM.o .\CortexM0p\ARM_GCC_493\Debug\CapSense_ISR.o .\CortexM0p\ARM_GCC_493\Debug\CyBootAsmGnu.o .\CortexM0p\ARM_GCC_493\Debug\CyFlash.o .\CortexM0p\ARM_GCC_493\Debug\CyLib.o .\CortexM0p\ARM_GCC_493\Debug\cyPm.o .\CortexM0p\ARM_GCC_493\Debug\cyutils.o .\CortexM0p\ARM_GCC_493\Debug\CyLFClk.o .\CortexM0p\ARM_GCC_493\Debug\P20.o .\CortexM0p\ARM_GCC_493\Debug\P20_PM.o .\CortexM0p\ARM_GCC_493\Debug\P21.o .\CortexM0p\ARM_GCC_493\Debug\P21_PM.o
arm-none-eabi-ar.exe: creating .\CortexM0p\ARM_GCC_493\Debug\SmartIOCountUpExtClock.a
arm-none-eabi-gcc.exe -Wl,--start-group -o .\CortexM0p\ARM_GCC_493\Debug\SmartIOCountUpExtClock.elf .\CortexM0p\ARM_GCC_493\Debug\main.o .\CortexM0p\ARM_GCC_493\Debug\cymetadata.o .\CortexM0p\ARM_GCC_493\Debug\Cm0plusStart.o .\CortexM0p\ARM_GCC_493\Debug\SmartIOCountUpExtClock.a "C:\Program Files (x86)\Cypress\PSoC Creator\3.3\PSoC Creator\psoc\content\cycomponentlibrary\CyComponentLibrary.cylib\CapSense_P4_v3_0\PSoC4\Library\Capsense_P4Library_GCCp.a" -mcpu=cortex-m0plus -mthumb -g -ffunction-sections -Og -ffat-lto-objects -L Generated_Source\PSoC4 -Wl,-Map,.\CortexM0p\ARM_GCC_493\Debug/SmartIOCountUpExtClock.map -T Generated_Source\PSoC4\cm0plusgcc.ld -specs=nano.specs -Wl,--gc-sections -Wl,--end-group
cyelftool.exe -C "\\vmware-host\Shared Folders\Documents\PSoC Creator\SmartIO\SmartIOCountUpExtClock.cydsn\CortexM0p\ARM_GCC_493\Debug\SmartIOCountUpExtClock.elf" --flash_row_size 128 --flash_size 32768
cyelftool.exe -S "\\vmware-host\Shared Folders\Documents\PSoC Creator\SmartIO\SmartIOCountUpExtClock.cydsn\CortexM0p\ARM_GCC_493\Debug\SmartIOCountUpExtClock.elf"
Flash used: 6144 of 32768 bytes (18.8 %).
SRAM used: 1516 of 4096 bytes (37.0 %). Stack: 1024 bytes. Heap: 128 bytes.
--------------- Build Succeeded: 03/05/2016 08:57:24 ---------------
