ARM GAS  C:\Users\Alan\AppData\Local\Temp\ccuEQKMk.s 			page 1


   1              		.cpu cortex-m0plus
   2              		.fpu softvfp
   3              		.eabi_attribute 20, 1
   4              		.eabi_attribute 21, 1
   5              		.eabi_attribute 23, 3
   6              		.eabi_attribute 24, 1
   7              		.eabi_attribute 25, 1
   8              		.eabi_attribute 26, 1
   9              		.eabi_attribute 30, 1
  10              		.eabi_attribute 34, 0
  11              		.eabi_attribute 18, 4
  12              		.code	16
  13              		.file	"CapSense_Tuner.c"
  14              		.text
  15              	.Ltext0:
  16              		.cfi_sections	.debug_frame
  17              		.section	.text.CapSense_TuInitialize,"ax",%progbits
  18              		.align	2
  19              		.global	CapSense_TuInitialize
  20              		.code	16
  21              		.thumb_func
  22              		.type	CapSense_TuInitialize, %function
  23              	CapSense_TuInitialize:
  24              	.LFB1:
  25              		.file 1 ".\\Generated_Source\\PSoC4\\CapSense_Tuner.c"
   1:.\Generated_Source\PSoC4/CapSense_Tuner.c **** /***************************************************************************//**
   2:.\Generated_Source\PSoC4/CapSense_Tuner.c **** * \file CapSense_Tuner.c
   3:.\Generated_Source\PSoC4/CapSense_Tuner.c **** * \version 3.0
   4:.\Generated_Source\PSoC4/CapSense_Tuner.c **** *
   5:.\Generated_Source\PSoC4/CapSense_Tuner.c **** * \brief
   6:.\Generated_Source\PSoC4/CapSense_Tuner.c **** * This file provides the source code for the Tuner module API of the Component.
   7:.\Generated_Source\PSoC4/CapSense_Tuner.c **** *
   8:.\Generated_Source\PSoC4/CapSense_Tuner.c **** * \see CapSense P4 v3.0 Datasheet
   9:.\Generated_Source\PSoC4/CapSense_Tuner.c **** * 
  10:.\Generated_Source\PSoC4/CapSense_Tuner.c **** *//*****************************************************************************
  11:.\Generated_Source\PSoC4/CapSense_Tuner.c **** * Copyright (2016), Cypress Semiconductor Corporation.
  12:.\Generated_Source\PSoC4/CapSense_Tuner.c **** ********************************************************************************
  13:.\Generated_Source\PSoC4/CapSense_Tuner.c **** * This software is owned by Cypress Semiconductor Corporation (Cypress) and is
  14:.\Generated_Source\PSoC4/CapSense_Tuner.c **** * protected by and subject to worldwide patent protection (United States and
  15:.\Generated_Source\PSoC4/CapSense_Tuner.c **** * foreign), United States copyright laws and international treaty provisions.
  16:.\Generated_Source\PSoC4/CapSense_Tuner.c **** * Cypress hereby grants to licensee a personal, non-exclusive, non-transferable
  17:.\Generated_Source\PSoC4/CapSense_Tuner.c **** * license to copy, use, modify, create derivative works of, and compile the
  18:.\Generated_Source\PSoC4/CapSense_Tuner.c **** * Cypress Source Code and derivative works for the sole purpose of creating
  19:.\Generated_Source\PSoC4/CapSense_Tuner.c **** * custom software in support of licensee product to be used only in conjunction
  20:.\Generated_Source\PSoC4/CapSense_Tuner.c **** * with a Cypress integrated circuit as specified in the applicable agreement.
  21:.\Generated_Source\PSoC4/CapSense_Tuner.c **** * Any reproduction, modification, translation, compilation, or representation of
  22:.\Generated_Source\PSoC4/CapSense_Tuner.c **** * this software except as specified above is prohibited without the express
  23:.\Generated_Source\PSoC4/CapSense_Tuner.c **** * written permission of Cypress.
  24:.\Generated_Source\PSoC4/CapSense_Tuner.c **** *
  25:.\Generated_Source\PSoC4/CapSense_Tuner.c **** * Disclaimer: CYPRESS MAKES NO WARRANTY OF ANY KIND, EXPRESS OR IMPLIED, WITH
  26:.\Generated_Source\PSoC4/CapSense_Tuner.c **** * REGARD TO THIS MATERIAL, INCLUDING, BUT NOT LIMITED TO, THE IMPLIED
  27:.\Generated_Source\PSoC4/CapSense_Tuner.c **** * WARRANTIES OF MERCHANTABILITY AND FITNESS FOR A PARTICULAR PURPOSE.
  28:.\Generated_Source\PSoC4/CapSense_Tuner.c **** * Cypress reserves the right to make changes without further notice to the
  29:.\Generated_Source\PSoC4/CapSense_Tuner.c **** * materials described herein. Cypress does not assume any liability arising out
  30:.\Generated_Source\PSoC4/CapSense_Tuner.c **** * of the application or use of any product or circuit described herein. Cypress
  31:.\Generated_Source\PSoC4/CapSense_Tuner.c **** * does not authorize its products for use as critical components in life-support
  32:.\Generated_Source\PSoC4/CapSense_Tuner.c **** * systems where a malfunction or failure may reasonably be expected to result in
ARM GAS  C:\Users\Alan\AppData\Local\Temp\ccuEQKMk.s 			page 2


  33:.\Generated_Source\PSoC4/CapSense_Tuner.c **** * significant injury to the user. The inclusion of Cypress' product in a life-
  34:.\Generated_Source\PSoC4/CapSense_Tuner.c **** * support systems application implies that the manufacturer assumes all risk of
  35:.\Generated_Source\PSoC4/CapSense_Tuner.c **** * such use and in doing so indemnifies Cypress against all charges. Use may be
  36:.\Generated_Source\PSoC4/CapSense_Tuner.c **** * limited by and subject to the applicable Cypress software license agreement.
  37:.\Generated_Source\PSoC4/CapSense_Tuner.c **** *******************************************************************************/
  38:.\Generated_Source\PSoC4/CapSense_Tuner.c **** 
  39:.\Generated_Source\PSoC4/CapSense_Tuner.c **** #include "cytypes.h"
  40:.\Generated_Source\PSoC4/CapSense_Tuner.c **** #include "CyLib.h"
  41:.\Generated_Source\PSoC4/CapSense_Tuner.c **** #include "CapSense_Structure.h"
  42:.\Generated_Source\PSoC4/CapSense_Tuner.c **** #include "CapSense_Tuner.h"
  43:.\Generated_Source\PSoC4/CapSense_Tuner.c **** #include "CapSense_Control.h"
  44:.\Generated_Source\PSoC4/CapSense_Tuner.c **** 
  45:.\Generated_Source\PSoC4/CapSense_Tuner.c **** /* Tuner states definition */
  46:.\Generated_Source\PSoC4/CapSense_Tuner.c **** #define TU_FSM_RUNNING      (0u)
  47:.\Generated_Source\PSoC4/CapSense_Tuner.c **** #define TU_FSM_SUSPENDED    (1u)
  48:.\Generated_Source\PSoC4/CapSense_Tuner.c **** #define TU_FSM_SNR_TEST     (2u)
  49:.\Generated_Source\PSoC4/CapSense_Tuner.c **** 
  50:.\Generated_Source\PSoC4/CapSense_Tuner.c **** /* Tuner state variable */
  51:.\Generated_Source\PSoC4/CapSense_Tuner.c **** static uint32 tunerFsm = TU_FSM_RUNNING;
  52:.\Generated_Source\PSoC4/CapSense_Tuner.c **** 
  53:.\Generated_Source\PSoC4/CapSense_Tuner.c **** 
  54:.\Generated_Source\PSoC4/CapSense_Tuner.c **** /*******************************************************************************
  55:.\Generated_Source\PSoC4/CapSense_Tuner.c **** * Function Name: CapSense_TuInitialize
  56:.\Generated_Source\PSoC4/CapSense_Tuner.c **** ****************************************************************************//**
  57:.\Generated_Source\PSoC4/CapSense_Tuner.c **** *
  58:.\Generated_Source\PSoC4/CapSense_Tuner.c **** * \brief
  59:.\Generated_Source\PSoC4/CapSense_Tuner.c **** *   This function initializes the communication interface with the Tuner GUI.
  60:.\Generated_Source\PSoC4/CapSense_Tuner.c **** *
  61:.\Generated_Source\PSoC4/CapSense_Tuner.c **** * \details
  62:.\Generated_Source\PSoC4/CapSense_Tuner.c **** *   This API sets the tuner state machine to the default state. It is called by
  63:.\Generated_Source\PSoC4/CapSense_Tuner.c **** *   the CapSense_Start() API.
  64:.\Generated_Source\PSoC4/CapSense_Tuner.c **** *
  65:.\Generated_Source\PSoC4/CapSense_Tuner.c **** *******************************************************************************/
  66:.\Generated_Source\PSoC4/CapSense_Tuner.c **** void CapSense_TuInitialize(void)
  67:.\Generated_Source\PSoC4/CapSense_Tuner.c **** {
  26              		.loc 1 67 0
  27              		.cfi_startproc
  28              	.LVL0:
  68:.\Generated_Source\PSoC4/CapSense_Tuner.c ****     volatile CapSense_RAM_STRUCT *ptrDsRam = &CapSense_dsRam;
  69:.\Generated_Source\PSoC4/CapSense_Tuner.c ****     
  70:.\Generated_Source\PSoC4/CapSense_Tuner.c ****     ptrDsRam->tunerCmd = (uint16)CapSense_TU_CMD_NONE_E;
  29              		.loc 1 70 0
  30 0000 0023     		mov	r3, #0
  31 0002 024A     		ldr	r2, .L2
  32 0004 9380     		strh	r3, [r2, #4]
  71:.\Generated_Source\PSoC4/CapSense_Tuner.c ****     tunerFsm = TU_FSM_RUNNING;
  33              		.loc 1 71 0
  34 0006 024A     		ldr	r2, .L2+4
  35 0008 1360     		str	r3, [r2]
  72:.\Generated_Source\PSoC4/CapSense_Tuner.c **** }
  36              		.loc 1 72 0
  37              		@ sp needed
  38 000a 7047     		bx	lr
  39              	.L3:
  40              		.align	2
  41              	.L2:
  42 000c 00000000 		.word	CapSense_dsRam
ARM GAS  C:\Users\Alan\AppData\Local\Temp\ccuEQKMk.s 			page 3


  43 0010 00000000 		.word	.LANCHOR0
  44              		.cfi_endproc
  45              	.LFE1:
  46              		.size	CapSense_TuInitialize, .-CapSense_TuInitialize
  47              		.section	.text.CapSense_RunTuner,"ax",%progbits
  48              		.align	2
  49              		.global	CapSense_RunTuner
  50              		.code	16
  51              		.thumb_func
  52              		.type	CapSense_RunTuner, %function
  53              	CapSense_RunTuner:
  54              	.LFB2:
  73:.\Generated_Source\PSoC4/CapSense_Tuner.c **** 
  74:.\Generated_Source\PSoC4/CapSense_Tuner.c **** /*******************************************************************************
  75:.\Generated_Source\PSoC4/CapSense_Tuner.c **** * Function Name: CapSense_RunTuner
  76:.\Generated_Source\PSoC4/CapSense_Tuner.c **** ****************************************************************************//**
  77:.\Generated_Source\PSoC4/CapSense_Tuner.c **** *
  78:.\Generated_Source\PSoC4/CapSense_Tuner.c **** * \brief
  79:.\Generated_Source\PSoC4/CapSense_Tuner.c **** *   This function should be called to establish synchronized communication
  80:.\Generated_Source\PSoC4/CapSense_Tuner.c **** *   with the Tuner application.
  81:.\Generated_Source\PSoC4/CapSense_Tuner.c **** *
  82:.\Generated_Source\PSoC4/CapSense_Tuner.c **** * \details
  83:.\Generated_Source\PSoC4/CapSense_Tuner.c **** *   This API should be periodically called by the application layer to service
  84:.\Generated_Source\PSoC4/CapSense_Tuner.c **** *   the host requests in the command register.
  85:.\Generated_Source\PSoC4/CapSense_Tuner.c **** *
  86:.\Generated_Source\PSoC4/CapSense_Tuner.c **** *   This API blocks the CPU if the host sends the "Suspend" command. The 
  87:.\Generated_Source\PSoC4/CapSense_Tuner.c **** *   execution is suspended until any different command is sent by the host.
  88:.\Generated_Source\PSoC4/CapSense_Tuner.c **** *
  89:.\Generated_Source\PSoC4/CapSense_Tuner.c **** *   If the SNR TEST mode is initiated by the host, this API copies the
  90:.\Generated_Source\PSoC4/CapSense_Tuner.c **** *   raw count data of the widget indicated in the snrTestWidgetId and
  91:.\Generated_Source\PSoC4/CapSense_Tuner.c **** *   snrTestSensorId registers into the snrTestRawCount register.
  92:.\Generated_Source\PSoC4/CapSense_Tuner.c **** *
  93:.\Generated_Source\PSoC4/CapSense_Tuner.c **** *   This API calls the CapSense_Start() function every  if restart
  94:.\Generated_Source\PSoC4/CapSense_Tuner.c **** *   command is received from a host.
  95:.\Generated_Source\PSoC4/CapSense_Tuner.c **** *
  96:.\Generated_Source\PSoC4/CapSense_Tuner.c **** * \return
  97:.\Generated_Source\PSoC4/CapSense_Tuner.c **** *   Indicates if restart command was executed or not: \n
  98:.\Generated_Source\PSoC4/CapSense_Tuner.c **** *   CapSense_TU_STS_NONE restart was no performed \n
  99:.\Generated_Source\PSoC4/CapSense_Tuner.c **** *   CapSense_TU_STS_RESTART_DONE restart was done by calling 
 100:.\Generated_Source\PSoC4/CapSense_Tuner.c **** *   CapSense_Start() API
 101:.\Generated_Source\PSoC4/CapSense_Tuner.c **** *
 102:.\Generated_Source\PSoC4/CapSense_Tuner.c **** *******************************************************************************/
 103:.\Generated_Source\PSoC4/CapSense_Tuner.c **** uint32 CapSense_RunTuner(void)
 104:.\Generated_Source\PSoC4/CapSense_Tuner.c **** {
  55              		.loc 1 104 0
  56              		.cfi_startproc
  57 0000 38B5     		push	{r3, r4, r5, lr}
  58              		.cfi_def_cfa_offset 16
  59              		.cfi_offset 3, -16
  60              		.cfi_offset 4, -12
  61              		.cfi_offset 5, -8
  62              		.cfi_offset 14, -4
  63              	.LVL1:
 105:.\Generated_Source\PSoC4/CapSense_Tuner.c ****     uint8  critSect;
 106:.\Generated_Source\PSoC4/CapSense_Tuner.c ****     uint32 widgetId;
 107:.\Generated_Source\PSoC4/CapSense_Tuner.c ****     uint32 sensorId;
 108:.\Generated_Source\PSoC4/CapSense_Tuner.c ****     uint32 updateFlag = 0Lu;
ARM GAS  C:\Users\Alan\AppData\Local\Temp\ccuEQKMk.s 			page 4


 109:.\Generated_Source\PSoC4/CapSense_Tuner.c ****     CapSense_TU_CMD_ENUM command;
 110:.\Generated_Source\PSoC4/CapSense_Tuner.c ****     uint32 status = CapSense_STATUS_RESTART_NONE;
  64              		.loc 1 110 0
  65 0002 0025     		mov	r5, #0
 108:.\Generated_Source\PSoC4/CapSense_Tuner.c ****     CapSense_TU_CMD_ENUM command;
  66              		.loc 1 108 0
  67 0004 0022     		mov	r2, #0
  68              	.LVL2:
  69              	.L14:
 111:.\Generated_Source\PSoC4/CapSense_Tuner.c ****     
 112:.\Generated_Source\PSoC4/CapSense_Tuner.c ****     volatile CapSense_RAM_STRUCT *ptrDsRam;
 113:.\Generated_Source\PSoC4/CapSense_Tuner.c ****     volatile CapSense_RAM_SNS_STRUCT *ptrSns;
 114:.\Generated_Source\PSoC4/CapSense_Tuner.c ****     
 115:.\Generated_Source\PSoC4/CapSense_Tuner.c ****     ptrDsRam = &CapSense_dsRam;
 116:.\Generated_Source\PSoC4/CapSense_Tuner.c ****     
 117:.\Generated_Source\PSoC4/CapSense_Tuner.c ****     do 
 118:.\Generated_Source\PSoC4/CapSense_Tuner.c ****     {
 119:.\Generated_Source\PSoC4/CapSense_Tuner.c ****         command = (CapSense_TU_CMD_ENUM)ptrDsRam->tunerCmd;
  70              		.loc 1 119 0
  71 0006 344B     		ldr	r3, .L17
  72 0008 9C88     		ldrh	r4, [r3, #4]
  73 000a E4B2     		uxtb	r4, r4
  74              	.LVL3:
 120:.\Generated_Source\PSoC4/CapSense_Tuner.c ****         
 121:.\Generated_Source\PSoC4/CapSense_Tuner.c ****         /* Check command register */
 122:.\Generated_Source\PSoC4/CapSense_Tuner.c ****         switch (command)
  75              		.loc 1 122 0
  76 000c 052C     		cmp	r4, #5
  77 000e 1AD8     		bhi	.L11
  78 0010 A300     		lsl	r3, r4, #2
  79 0012 3249     		ldr	r1, .L17+4
  80 0014 CB58     		ldr	r3, [r1, r3]
  81 0016 9F46     		mov	pc, r3
  82              		.section	.rodata
  83              		.align	2
  84              	.L7:
  85 0000 46000000 		.word	.L11
  86 0004 18000000 		.word	.L6
  87 0008 20000000 		.word	.L8
  88 000c 2A000000 		.word	.L9
  89 0010 3A000000 		.word	.L10
  90 0014 44000000 		.word	.L16
  91              		.section	.text.CapSense_RunTuner
  92              	.L6:
 123:.\Generated_Source\PSoC4/CapSense_Tuner.c ****         {
 124:.\Generated_Source\PSoC4/CapSense_Tuner.c ****         case CapSense_TU_CMD_SUSPEND_E:
 125:.\Generated_Source\PSoC4/CapSense_Tuner.c ****             tunerFsm = TU_FSM_SUSPENDED;
  93              		.loc 1 125 0
  94 0018 0122     		mov	r2, #1
  95              	.LVL4:
  96 001a 314B     		ldr	r3, .L17+8
  97 001c 1A60     		str	r2, [r3]
  98              	.LVL5:
 126:.\Generated_Source\PSoC4/CapSense_Tuner.c ****             updateFlag = 1Lu;
 127:.\Generated_Source\PSoC4/CapSense_Tuner.c ****             break;
  99              		.loc 1 127 0
 100 001e 12E0     		b	.L11
ARM GAS  C:\Users\Alan\AppData\Local\Temp\ccuEQKMk.s 			page 5


 101              	.LVL6:
 102              	.L8:
 128:.\Generated_Source\PSoC4/CapSense_Tuner.c ****             
 129:.\Generated_Source\PSoC4/CapSense_Tuner.c ****         case CapSense_TU_CMD_RESUME_E:    
 130:.\Generated_Source\PSoC4/CapSense_Tuner.c ****             tunerFsm = TU_FSM_RUNNING;
 103              		.loc 1 130 0
 104 0020 0022     		mov	r2, #0
 105              	.LVL7:
 106 0022 2F4B     		ldr	r3, .L17+8
 107 0024 1A60     		str	r2, [r3]
 108              	.LVL8:
 131:.\Generated_Source\PSoC4/CapSense_Tuner.c ****             updateFlag = 1Lu;
 109              		.loc 1 131 0
 110 0026 0132     		add	r2, r2, #1
 132:.\Generated_Source\PSoC4/CapSense_Tuner.c ****             break;
 111              		.loc 1 132 0
 112 0028 0DE0     		b	.L11
 113              	.LVL9:
 114              	.L9:
 133:.\Generated_Source\PSoC4/CapSense_Tuner.c ****             
 134:.\Generated_Source\PSoC4/CapSense_Tuner.c ****         case CapSense_TU_CMD_RESTART_E:
 135:.\Generated_Source\PSoC4/CapSense_Tuner.c ****             (void)CapSense_Start();
 115              		.loc 1 135 0
 116 002a FFF7FEFF 		bl	CapSense_Start
 117              	.LVL10:
 136:.\Generated_Source\PSoC4/CapSense_Tuner.c ****             status = CapSense_STATUS_RESTART_DONE;
 137:.\Generated_Source\PSoC4/CapSense_Tuner.c ****             tunerFsm = TU_FSM_RUNNING;
 118              		.loc 1 137 0
 119 002e 0022     		mov	r2, #0
 120 0030 2B4B     		ldr	r3, .L17+8
 121 0032 1A60     		str	r2, [r3]
 122              	.LVL11:
 136:.\Generated_Source\PSoC4/CapSense_Tuner.c ****             status = CapSense_STATUS_RESTART_DONE;
 123              		.loc 1 136 0
 124 0034 0125     		mov	r5, #1
 138:.\Generated_Source\PSoC4/CapSense_Tuner.c ****             updateFlag = 1Lu;
 125              		.loc 1 138 0
 126 0036 0132     		add	r2, r2, #1
 139:.\Generated_Source\PSoC4/CapSense_Tuner.c ****             break;
 127              		.loc 1 139 0
 128 0038 05E0     		b	.L11
 129              	.LVL12:
 130              	.L10:
 140:.\Generated_Source\PSoC4/CapSense_Tuner.c ****             
 141:.\Generated_Source\PSoC4/CapSense_Tuner.c ****         case CapSense_TU_CMD_RUN_SNR_TEST_E:
 142:.\Generated_Source\PSoC4/CapSense_Tuner.c ****             tunerFsm = TU_FSM_SNR_TEST;
 131              		.loc 1 142 0
 132 003a 0222     		mov	r2, #2
 133              	.LVL13:
 134 003c 284B     		ldr	r3, .L17+8
 135 003e 1A60     		str	r2, [r3]
 136              	.LVL14:
 143:.\Generated_Source\PSoC4/CapSense_Tuner.c ****             updateFlag = 1Lu;
 137              		.loc 1 143 0
 138 0040 013A     		sub	r2, r2, #1
 144:.\Generated_Source\PSoC4/CapSense_Tuner.c ****             break;
 139              		.loc 1 144 0
ARM GAS  C:\Users\Alan\AppData\Local\Temp\ccuEQKMk.s 			page 6


 140 0042 00E0     		b	.L11
 141              	.LVL15:
 142              	.L16:
 145:.\Generated_Source\PSoC4/CapSense_Tuner.c ****             
 146:.\Generated_Source\PSoC4/CapSense_Tuner.c ****         case CapSense_TU_CMD_PING_E:
 147:.\Generated_Source\PSoC4/CapSense_Tuner.c ****             updateFlag = 1Lu;
 143              		.loc 1 147 0
 144 0044 0122     		mov	r2, #1
 145              	.LVL16:
 146              	.L11:
 148:.\Generated_Source\PSoC4/CapSense_Tuner.c ****             break;
 149:.\Generated_Source\PSoC4/CapSense_Tuner.c ****             
 150:.\Generated_Source\PSoC4/CapSense_Tuner.c ****         default:
 151:.\Generated_Source\PSoC4/CapSense_Tuner.c ****             break;
 152:.\Generated_Source\PSoC4/CapSense_Tuner.c ****         }
 153:.\Generated_Source\PSoC4/CapSense_Tuner.c ****         
 154:.\Generated_Source\PSoC4/CapSense_Tuner.c ****         /* Set Complete flag in command register if needed */
 155:.\Generated_Source\PSoC4/CapSense_Tuner.c ****         if (0Lu != updateFlag)
 147              		.loc 1 155 0
 148 0046 002A     		cmp	r2, #0
 149 0048 0FD0     		beq	.L12
 156:.\Generated_Source\PSoC4/CapSense_Tuner.c ****         {
 157:.\Generated_Source\PSoC4/CapSense_Tuner.c ****             critSect = CyEnterCriticalSection();
 150              		.loc 1 157 0
 151 004a FFF7FEFF 		bl	CyEnterCriticalSection
 152              	.LVL17:
 158:.\Generated_Source\PSoC4/CapSense_Tuner.c ****             
 159:.\Generated_Source\PSoC4/CapSense_Tuner.c ****             /* Check if command wasn't overwritten with new command */
 160:.\Generated_Source\PSoC4/CapSense_Tuner.c ****             if (command == (CapSense_TU_CMD_ENUM)ptrDsRam->tunerCmd)
 153              		.loc 1 160 0
 154 004e 224B     		ldr	r3, .L17
 155 0050 9B88     		ldrh	r3, [r3, #4]
 156 0052 DBB2     		uxtb	r3, r3
 157 0054 A342     		cmp	r3, r4
 158 0056 05D1     		bne	.L13
 161:.\Generated_Source\PSoC4/CapSense_Tuner.c ****             {
 162:.\Generated_Source\PSoC4/CapSense_Tuner.c ****                 ptrDsRam->tunerCmd |= CapSense_TU_CMD_COMPLETE_BIT;
 159              		.loc 1 162 0
 160 0058 1F4A     		ldr	r2, .L17
 161 005a 9188     		ldrh	r1, [r2, #4]
 162 005c 8023     		mov	r3, #128
 163 005e 1B02     		lsl	r3, r3, #8
 164 0060 0B43     		orr	r3, r1
 165 0062 9380     		strh	r3, [r2, #4]
 166              	.L13:
 163:.\Generated_Source\PSoC4/CapSense_Tuner.c ****             }
 164:.\Generated_Source\PSoC4/CapSense_Tuner.c ****             CyExitCriticalSection(critSect);
 167              		.loc 1 164 0
 168 0064 FFF7FEFF 		bl	CyExitCriticalSection
 169              	.LVL18:
 165:.\Generated_Source\PSoC4/CapSense_Tuner.c ****             
 166:.\Generated_Source\PSoC4/CapSense_Tuner.c ****             updateFlag = 0Lu;
 170              		.loc 1 166 0
 171 0068 0022     		mov	r2, #0
 172              	.LVL19:
 173              	.L12:
 167:.\Generated_Source\PSoC4/CapSense_Tuner.c ****         }
ARM GAS  C:\Users\Alan\AppData\Local\Temp\ccuEQKMk.s 			page 7


 168:.\Generated_Source\PSoC4/CapSense_Tuner.c ****     } while (TU_FSM_SUSPENDED == tunerFsm);
 174              		.loc 1 168 0
 175 006a 1D4B     		ldr	r3, .L17+8
 176 006c 1B68     		ldr	r3, [r3]
 177 006e 012B     		cmp	r3, #1
 178 0070 C9D0     		beq	.L14
 169:.\Generated_Source\PSoC4/CapSense_Tuner.c **** 
 170:.\Generated_Source\PSoC4/CapSense_Tuner.c ****     /* Check for SNR Test mode and do appropriate actions */
 171:.\Generated_Source\PSoC4/CapSense_Tuner.c ****     if (TU_FSM_SNR_TEST == tunerFsm)
 179              		.loc 1 171 0
 180 0072 022B     		cmp	r3, #2
 181 0074 2ED1     		bne	.L15
 172:.\Generated_Source\PSoC4/CapSense_Tuner.c ****     {
 173:.\Generated_Source\PSoC4/CapSense_Tuner.c ****         widgetId = ptrDsRam->snrTestWidgetId;
 182              		.loc 1 173 0
 183 0076 184A     		ldr	r2, .L17
 184              	.LVL20:
 185 0078 5C33     		add	r3, r3, #92
 186 007a D35C     		ldrb	r3, [r2, r3]
 187 007c DBB2     		uxtb	r3, r3
 188              	.LVL21:
 174:.\Generated_Source\PSoC4/CapSense_Tuner.c ****         sensorId = ptrDsRam->snrTestSensorId;
 189              		.loc 1 174 0
 190 007e 5F21     		mov	r1, #95
 191 0080 525C     		ldrb	r2, [r2, r1]
 192 0082 D2B2     		uxtb	r2, r2
 193              	.LVL22:
 175:.\Generated_Source\PSoC4/CapSense_Tuner.c ****         
 176:.\Generated_Source\PSoC4/CapSense_Tuner.c ****         /* Check if widgetId and sensorId are in range, 
 177:.\Generated_Source\PSoC4/CapSense_Tuner.c ****          * and data was updated in RAM (scan counter changed) 
 178:.\Generated_Source\PSoC4/CapSense_Tuner.c ****          */
 179:.\Generated_Source\PSoC4/CapSense_Tuner.c ****         if ((widgetId < CapSense_TOTAL_WIDGETS)              && 
 194              		.loc 1 179 0
 195 0084 022B     		cmp	r3, #2
 196 0086 25D8     		bhi	.L15
 180:.\Generated_Source\PSoC4/CapSense_Tuner.c ****             (sensorId < CapSense_GET_SENSOR_COUNT(widgetId)) &&
 197              		.loc 1 180 0 discriminator 1
 198 0088 D900     		lsl	r1, r3, #3
 199 008a C91A     		sub	r1, r1, r3
 200 008c 8900     		lsl	r1, r1, #2
 201 008e 1548     		ldr	r0, .L17+12
 202 0090 4118     		add	r1, r0, r1
 203 0092 C98A     		ldrh	r1, [r1, #22]
 179:.\Generated_Source\PSoC4/CapSense_Tuner.c ****             (sensorId < CapSense_GET_SENSOR_COUNT(widgetId)) &&
 204              		.loc 1 179 0 discriminator 1
 205 0094 9142     		cmp	r1, r2
 206 0096 1DD9     		bls	.L15
 181:.\Generated_Source\PSoC4/CapSense_Tuner.c ****             (ptrDsRam->scanCounter != ptrDsRam->snrTestScanCounter))
 207              		.loc 1 181 0
 208 0098 0F48     		ldr	r0, .L17
 209 009a C188     		ldrh	r1, [r0, #6]
 210 009c 6024     		mov	r4, #96
 211              	.LVL23:
 212 009e 005B     		ldrh	r0, [r0, r4]
 213 00a0 89B2     		uxth	r1, r1
 180:.\Generated_Source\PSoC4/CapSense_Tuner.c ****             (sensorId < CapSense_GET_SENSOR_COUNT(widgetId)) &&
 214              		.loc 1 180 0
ARM GAS  C:\Users\Alan\AppData\Local\Temp\ccuEQKMk.s 			page 8


 215 00a2 8142     		cmp	r1, r0
 216 00a4 16D0     		beq	.L15
 182:.\Generated_Source\PSoC4/CapSense_Tuner.c ****         {
 183:.\Generated_Source\PSoC4/CapSense_Tuner.c ****             /* Get access to the Sensor Object */
 184:.\Generated_Source\PSoC4/CapSense_Tuner.c ****             ptrSns = CapSense_dsFlash.wdgtArray[widgetId].ptr2SnsRam;
 217              		.loc 1 184 0
 218 00a6 D900     		lsl	r1, r3, #3
 219 00a8 CB1A     		sub	r3, r1, r3
 220              	.LVL24:
 221 00aa 9B00     		lsl	r3, r3, #2
 222 00ac 0D49     		ldr	r1, .L17+12
 223 00ae CB18     		add	r3, r1, r3
 224 00b0 9C68     		ldr	r4, [r3, #8]
 225              	.LVL25:
 185:.\Generated_Source\PSoC4/CapSense_Tuner.c ****             ptrSns += sensorId;
 226              		.loc 1 185 0
 227 00b2 9300     		lsl	r3, r2, #2
 228 00b4 9A18     		add	r2, r3, r2
 229              	.LVL26:
 230 00b6 5200     		lsl	r2, r2, #1
 231 00b8 A418     		add	r4, r4, r2
 232              	.LVL27:
 186:.\Generated_Source\PSoC4/CapSense_Tuner.c ****             
 187:.\Generated_Source\PSoC4/CapSense_Tuner.c ****             /* Update data in SNR Test Object */
 188:.\Generated_Source\PSoC4/CapSense_Tuner.c ****             critSect = CyEnterCriticalSection();
 233              		.loc 1 188 0
 234 00ba FFF7FEFF 		bl	CyEnterCriticalSection
 235              	.LVL28:
 189:.\Generated_Source\PSoC4/CapSense_Tuner.c ****             ptrDsRam->snrTestScanCounter = ptrDsRam->scanCounter;
 236              		.loc 1 189 0
 237 00be 064B     		ldr	r3, .L17
 238 00c0 DA88     		ldrh	r2, [r3, #6]
 239 00c2 92B2     		uxth	r2, r2
 240 00c4 6021     		mov	r1, #96
 241 00c6 5A52     		strh	r2, [r3, r1]
 190:.\Generated_Source\PSoC4/CapSense_Tuner.c ****             ptrDsRam->snrTestRawCount[0u] = ptrSns->raw[0u];
 242              		.loc 1 190 0
 243 00c8 2288     		ldrh	r2, [r4]
 244 00ca 92B2     		uxth	r2, r2
 245 00cc 0231     		add	r1, r1, #2
 246 00ce 5A52     		strh	r2, [r3, r1]
 191:.\Generated_Source\PSoC4/CapSense_Tuner.c ****             
 192:.\Generated_Source\PSoC4/CapSense_Tuner.c ****             #if (0u != CapSense_MULTI_FREQ_SCAN_EN)
 193:.\Generated_Source\PSoC4/CapSense_Tuner.c ****                 ptrDsRam->snrTestRawCount[1u] = ptrSns->raw[1u];
 194:.\Generated_Source\PSoC4/CapSense_Tuner.c ****                 ptrDsRam->snrTestRawCount[2u] = ptrSns->raw[2u];
 195:.\Generated_Source\PSoC4/CapSense_Tuner.c ****             #endif
 196:.\Generated_Source\PSoC4/CapSense_Tuner.c ****             
 197:.\Generated_Source\PSoC4/CapSense_Tuner.c ****             CyExitCriticalSection(critSect);
 247              		.loc 1 197 0
 248 00d0 FFF7FEFF 		bl	CyExitCriticalSection
 249              	.LVL29:
 250              	.L15:
 198:.\Generated_Source\PSoC4/CapSense_Tuner.c ****         } 
 199:.\Generated_Source\PSoC4/CapSense_Tuner.c ****     }
 200:.\Generated_Source\PSoC4/CapSense_Tuner.c ****     return status;
 201:.\Generated_Source\PSoC4/CapSense_Tuner.c **** }
 251              		.loc 1 201 0
ARM GAS  C:\Users\Alan\AppData\Local\Temp\ccuEQKMk.s 			page 9


 252 00d4 281C     		mov	r0, r5
 253              		@ sp needed
 254              	.LVL30:
 255 00d6 38BD     		pop	{r3, r4, r5, pc}
 256              	.L18:
 257              		.align	2
 258              	.L17:
 259 00d8 00000000 		.word	CapSense_dsRam
 260 00dc 00000000 		.word	.L7
 261 00e0 00000000 		.word	.LANCHOR0
 262 00e4 00000000 		.word	CapSense_dsFlash
 263              		.cfi_endproc
 264              	.LFE2:
 265              		.size	CapSense_RunTuner, .-CapSense_RunTuner
 266              		.bss
 267              		.align	2
 268              		.set	.LANCHOR0,. + 0
 269              		.type	tunerFsm, %object
 270              		.size	tunerFsm, 4
 271              	tunerFsm:
 272 0000 00000000 		.space	4
 273              		.text
 274              	.Letext0:
 275              		.file 2 ".\\Generated_Source\\PSoC4\\cytypes.h"
 276              		.file 3 ".\\Generated_Source\\PSoC4\\CapSense_Configuration.h"
 277              		.file 4 ".\\Generated_Source\\PSoC4\\CapSense_Structure.h"
 278              		.file 5 ".\\Generated_Source\\PSoC4\\CapSense_Tuner.h"
 279              		.file 6 ".\\Generated_Source\\PSoC4\\CapSense_Control.h"
 280              		.file 7 ".\\Generated_Source\\PSoC4\\CyLib.h"
 281              		.section	.debug_info,"",%progbits
 282              	.Ldebug_info0:
 283 0000 C4050000 		.4byte	0x5c4
 284 0004 0400     		.2byte	0x4
 285 0006 00000000 		.4byte	.Ldebug_abbrev0
 286 000a 04       		.byte	0x4
 287 000b 01       		.uleb128 0x1
 288 000c 65050000 		.4byte	.LASF89
 289 0010 01       		.byte	0x1
 290 0011 93020000 		.4byte	.LASF90
 291 0015 3A040000 		.4byte	.LASF91
 292 0019 00000000 		.4byte	.Ldebug_ranges0+0
 293 001d 00000000 		.4byte	0
 294 0021 00000000 		.4byte	.Ldebug_line0
 295 0025 02       		.uleb128 0x2
 296 0026 01       		.byte	0x1
 297 0027 06       		.byte	0x6
 298 0028 F5000000 		.4byte	.LASF0
 299 002c 02       		.uleb128 0x2
 300 002d 01       		.byte	0x1
 301 002e 08       		.byte	0x8
 302 002f 68030000 		.4byte	.LASF1
 303 0033 02       		.uleb128 0x2
 304 0034 02       		.byte	0x2
 305 0035 05       		.byte	0x5
 306 0036 8D030000 		.4byte	.LASF2
 307 003a 02       		.uleb128 0x2
 308 003b 02       		.byte	0x2
ARM GAS  C:\Users\Alan\AppData\Local\Temp\ccuEQKMk.s 			page 10


 309 003c 07       		.byte	0x7
 310 003d 28020000 		.4byte	.LASF3
 311 0041 02       		.uleb128 0x2
 312 0042 04       		.byte	0x4
 313 0043 05       		.byte	0x5
 314 0044 3D010000 		.4byte	.LASF4
 315 0048 02       		.uleb128 0x2
 316 0049 04       		.byte	0x4
 317 004a 07       		.byte	0x7
 318 004b E2010000 		.4byte	.LASF5
 319 004f 02       		.uleb128 0x2
 320 0050 08       		.byte	0x8
 321 0051 05       		.byte	0x5
 322 0052 E7000000 		.4byte	.LASF6
 323 0056 02       		.uleb128 0x2
 324 0057 08       		.byte	0x8
 325 0058 07       		.byte	0x7
 326 0059 58000000 		.4byte	.LASF7
 327 005d 03       		.uleb128 0x3
 328 005e 04       		.byte	0x4
 329 005f 05       		.byte	0x5
 330 0060 696E7400 		.ascii	"int\000"
 331 0064 02       		.uleb128 0x2
 332 0065 04       		.byte	0x4
 333 0066 07       		.byte	0x7
 334 0067 BD010000 		.4byte	.LASF8
 335 006b 04       		.uleb128 0x4
 336 006c 5A010000 		.4byte	.LASF9
 337 0070 02       		.byte	0x2
 338 0071 9801     		.2byte	0x198
 339 0073 2C000000 		.4byte	0x2c
 340 0077 04       		.uleb128 0x4
 341 0078 0A000000 		.4byte	.LASF10
 342 007c 02       		.byte	0x2
 343 007d 9901     		.2byte	0x199
 344 007f 3A000000 		.4byte	0x3a
 345 0083 04       		.uleb128 0x4
 346 0084 80010000 		.4byte	.LASF11
 347 0088 02       		.byte	0x2
 348 0089 9A01     		.2byte	0x19a
 349 008b 48000000 		.4byte	0x48
 350 008f 02       		.uleb128 0x2
 351 0090 04       		.byte	0x4
 352 0091 04       		.byte	0x4
 353 0092 27030000 		.4byte	.LASF12
 354 0096 02       		.uleb128 0x2
 355 0097 08       		.byte	0x8
 356 0098 04       		.byte	0x4
 357 0099 60010000 		.4byte	.LASF13
 358 009d 02       		.uleb128 0x2
 359 009e 01       		.byte	0x1
 360 009f 08       		.byte	0x8
 361 00a0 F1030000 		.4byte	.LASF14
 362 00a4 04       		.uleb128 0x4
 363 00a5 06050000 		.4byte	.LASF15
 364 00a9 02       		.byte	0x2
 365 00aa 3A02     		.2byte	0x23a
ARM GAS  C:\Users\Alan\AppData\Local\Temp\ccuEQKMk.s 			page 11


 366 00ac 48000000 		.4byte	0x48
 367 00b0 02       		.uleb128 0x2
 368 00b1 04       		.byte	0x4
 369 00b2 07       		.byte	0x7
 370 00b3 C5020000 		.4byte	.LASF16
 371 00b7 05       		.uleb128 0x5
 372 00b8 04       		.byte	0x4
 373 00b9 06       		.uleb128 0x6
 374 00ba CF000000 		.4byte	.LASF17
 375 00be 03       		.byte	0x3
 376 00bf DA       		.byte	0xda
 377 00c0 77000000 		.4byte	0x77
 378 00c4 06       		.uleb128 0x6
 379 00c5 93000000 		.4byte	.LASF18
 380 00c9 03       		.byte	0x3
 381 00ca DE       		.byte	0xde
 382 00cb 6B000000 		.4byte	0x6b
 383 00cf 07       		.uleb128 0x7
 384 00d0 0C       		.byte	0xc
 385 00d1 04       		.byte	0x4
 386 00d2 B2       		.byte	0xb2
 387 00d3 44010000 		.4byte	0x144
 388 00d7 08       		.uleb128 0x8
 389 00d8 A7030000 		.4byte	.LASF19
 390 00dc 04       		.byte	0x4
 391 00dd B8       		.byte	0xb8
 392 00de 77000000 		.4byte	0x77
 393 00e2 00       		.byte	0
 394 00e3 08       		.uleb128 0x8
 395 00e4 2D050000 		.4byte	.LASF20
 396 00e8 04       		.byte	0x4
 397 00e9 BD       		.byte	0xbd
 398 00ea B9000000 		.4byte	0xb9
 399 00ee 02       		.byte	0x2
 400 00ef 08       		.uleb128 0x8
 401 00f0 F7050000 		.4byte	.LASF21
 402 00f4 04       		.byte	0x4
 403 00f5 C2       		.byte	0xc2
 404 00f6 6B000000 		.4byte	0x6b
 405 00fa 04       		.byte	0x4
 406 00fb 08       		.uleb128 0x8
 407 00fc DB020000 		.4byte	.LASF22
 408 0100 04       		.byte	0x4
 409 0101 C7       		.byte	0xc7
 410 0102 6B000000 		.4byte	0x6b
 411 0106 05       		.byte	0x5
 412 0107 08       		.uleb128 0x8
 413 0108 87010000 		.4byte	.LASF23
 414 010c 04       		.byte	0x4
 415 010d CC       		.byte	0xcc
 416 010e 6B000000 		.4byte	0x6b
 417 0112 06       		.byte	0x6
 418 0113 08       		.uleb128 0x8
 419 0114 FD030000 		.4byte	.LASF24
 420 0118 04       		.byte	0x4
 421 0119 D1       		.byte	0xd1
 422 011a 6B000000 		.4byte	0x6b
ARM GAS  C:\Users\Alan\AppData\Local\Temp\ccuEQKMk.s 			page 12


 423 011e 07       		.byte	0x7
 424 011f 08       		.uleb128 0x8
 425 0120 16020000 		.4byte	.LASF25
 426 0124 04       		.byte	0x4
 427 0125 D7       		.byte	0xd7
 428 0126 C4000000 		.4byte	0xc4
 429 012a 08       		.byte	0x8
 430 012b 08       		.uleb128 0x8
 431 012c 2D030000 		.4byte	.LASF26
 432 0130 04       		.byte	0x4
 433 0131 DC       		.byte	0xdc
 434 0132 6B000000 		.4byte	0x6b
 435 0136 09       		.byte	0x9
 436 0137 08       		.uleb128 0x8
 437 0138 F6030000 		.4byte	.LASF27
 438 013c 04       		.byte	0x4
 439 013d E3       		.byte	0xe3
 440 013e 6B000000 		.4byte	0x6b
 441 0142 0A       		.byte	0xa
 442 0143 00       		.byte	0
 443 0144 06       		.uleb128 0x6
 444 0145 6C020000 		.4byte	.LASF28
 445 0149 04       		.byte	0x4
 446 014a E4       		.byte	0xe4
 447 014b CF000000 		.4byte	0xcf
 448 014f 07       		.uleb128 0x7
 449 0150 24       		.byte	0x24
 450 0151 04       		.byte	0x4
 451 0152 EA       		.byte	0xea
 452 0153 7C010000 		.4byte	0x17c
 453 0157 08       		.uleb128 0x8
 454 0158 01010000 		.4byte	.LASF29
 455 015c 04       		.byte	0x4
 456 015d EF       		.byte	0xef
 457 015e 44010000 		.4byte	0x144
 458 0162 00       		.byte	0
 459 0163 08       		.uleb128 0x8
 460 0164 09010000 		.4byte	.LASF30
 461 0168 04       		.byte	0x4
 462 0169 F4       		.byte	0xf4
 463 016a 44010000 		.4byte	0x144
 464 016e 0C       		.byte	0xc
 465 016f 08       		.uleb128 0x8
 466 0170 11010000 		.4byte	.LASF31
 467 0174 04       		.byte	0x4
 468 0175 F9       		.byte	0xf9
 469 0176 44010000 		.4byte	0x144
 470 017a 18       		.byte	0x18
 471 017b 00       		.byte	0
 472 017c 06       		.uleb128 0x6
 473 017d 36050000 		.4byte	.LASF32
 474 0181 04       		.byte	0x4
 475 0182 FA       		.byte	0xfa
 476 0183 4F010000 		.4byte	0x14f
 477 0187 09       		.uleb128 0x9
 478 0188 0A       		.byte	0xa
 479 0189 04       		.byte	0x4
ARM GAS  C:\Users\Alan\AppData\Local\Temp\ccuEQKMk.s 			page 13


 480 018a 0001     		.2byte	0x100
 481 018c DF010000 		.4byte	0x1df
 482 0190 0A       		.uleb128 0xa
 483 0191 72617700 		.ascii	"raw\000"
 484 0195 04       		.byte	0x4
 485 0196 0501     		.2byte	0x105
 486 0198 DF010000 		.4byte	0x1df
 487 019c 00       		.byte	0
 488 019d 0B       		.uleb128 0xb
 489 019e B8010000 		.4byte	.LASF33
 490 01a2 04       		.byte	0x4
 491 01a3 0A01     		.2byte	0x10a
 492 01a5 DF010000 		.4byte	0x1df
 493 01a9 02       		.byte	0x2
 494 01aa 0B       		.uleb128 0xb
 495 01ab 92010000 		.4byte	.LASF34
 496 01af 04       		.byte	0x4
 497 01b0 1001     		.2byte	0x110
 498 01b2 EF010000 		.4byte	0x1ef
 499 01b6 04       		.byte	0x4
 500 01b7 0B       		.uleb128 0xb
 501 01b8 17040000 		.4byte	.LASF35
 502 01bc 04       		.byte	0x4
 503 01bd 1601     		.2byte	0x116
 504 01bf EF010000 		.4byte	0x1ef
 505 01c3 05       		.byte	0x5
 506 01c4 0B       		.uleb128 0xb
 507 01c5 8E000000 		.4byte	.LASF36
 508 01c9 04       		.byte	0x4
 509 01ca 1B01     		.2byte	0x11b
 510 01cc B9000000 		.4byte	0xb9
 511 01d0 06       		.byte	0x6
 512 01d1 0B       		.uleb128 0xb
 513 01d2 20040000 		.4byte	.LASF37
 514 01d6 04       		.byte	0x4
 515 01d7 2001     		.2byte	0x120
 516 01d9 FF010000 		.4byte	0x1ff
 517 01dd 08       		.byte	0x8
 518 01de 00       		.byte	0
 519 01df 0C       		.uleb128 0xc
 520 01e0 77000000 		.4byte	0x77
 521 01e4 EF010000 		.4byte	0x1ef
 522 01e8 0D       		.uleb128 0xd
 523 01e9 B0000000 		.4byte	0xb0
 524 01ed 00       		.byte	0
 525 01ee 00       		.byte	0
 526 01ef 0C       		.uleb128 0xc
 527 01f0 6B000000 		.4byte	0x6b
 528 01f4 FF010000 		.4byte	0x1ff
 529 01f8 0D       		.uleb128 0xd
 530 01f9 B0000000 		.4byte	0xb0
 531 01fd 00       		.byte	0
 532 01fe 00       		.byte	0
 533 01ff 0C       		.uleb128 0xc
 534 0200 C4000000 		.4byte	0xc4
 535 0204 0F020000 		.4byte	0x20f
 536 0208 0D       		.uleb128 0xd
ARM GAS  C:\Users\Alan\AppData\Local\Temp\ccuEQKMk.s 			page 14


 537 0209 B0000000 		.4byte	0xb0
 538 020d 00       		.byte	0
 539 020e 00       		.byte	0
 540 020f 04       		.uleb128 0x4
 541 0210 40000000 		.4byte	.LASF38
 542 0214 04       		.byte	0x4
 543 0215 2101     		.2byte	0x121
 544 0217 87010000 		.4byte	0x187
 545 021b 09       		.uleb128 0x9
 546 021c 1E       		.byte	0x1e
 547 021d 04       		.byte	0x4
 548 021e 2701     		.2byte	0x127
 549 0220 4C020000 		.4byte	0x24c
 550 0224 0B       		.uleb128 0xb
 551 0225 01010000 		.4byte	.LASF29
 552 0229 04       		.byte	0x4
 553 022a 2C01     		.2byte	0x12c
 554 022c 4C020000 		.4byte	0x24c
 555 0230 00       		.byte	0
 556 0231 0B       		.uleb128 0xb
 557 0232 09010000 		.4byte	.LASF30
 558 0236 04       		.byte	0x4
 559 0237 3101     		.2byte	0x131
 560 0239 4C020000 		.4byte	0x24c
 561 023d 0A       		.byte	0xa
 562 023e 0B       		.uleb128 0xb
 563 023f 11010000 		.4byte	.LASF31
 564 0243 04       		.byte	0x4
 565 0244 3601     		.2byte	0x136
 566 0246 4C020000 		.4byte	0x24c
 567 024a 14       		.byte	0x14
 568 024b 00       		.byte	0
 569 024c 0C       		.uleb128 0xc
 570 024d 0F020000 		.4byte	0x20f
 571 0251 5C020000 		.4byte	0x25c
 572 0255 0D       		.uleb128 0xd
 573 0256 B0000000 		.4byte	0xb0
 574 025a 00       		.byte	0
 575 025b 00       		.byte	0
 576 025c 04       		.uleb128 0x4
 577 025d 37030000 		.4byte	.LASF39
 578 0261 04       		.byte	0x4
 579 0262 3701     		.2byte	0x137
 580 0264 1B020000 		.4byte	0x21b
 581 0268 09       		.uleb128 0x9
 582 0269 64       		.byte	0x64
 583 026a 04       		.byte	0x4
 584 026b 3D01     		.2byte	0x13d
 585 026d 42030000 		.4byte	0x342
 586 0271 0B       		.uleb128 0xb
 587 0272 43020000 		.4byte	.LASF40
 588 0276 04       		.byte	0x4
 589 0277 4301     		.2byte	0x143
 590 0279 77000000 		.4byte	0x77
 591 027d 00       		.byte	0
 592 027e 0B       		.uleb128 0xb
 593 027f 63020000 		.4byte	.LASF41
ARM GAS  C:\Users\Alan\AppData\Local\Temp\ccuEQKMk.s 			page 15


 594 0283 04       		.byte	0x4
 595 0284 4801     		.2byte	0x148
 596 0286 77000000 		.4byte	0x77
 597 028a 02       		.byte	0x2
 598 028b 0B       		.uleb128 0xb
 599 028c 1E030000 		.4byte	.LASF42
 600 0290 04       		.byte	0x4
 601 0291 4E01     		.2byte	0x14e
 602 0293 77000000 		.4byte	0x77
 603 0297 04       		.byte	0x4
 604 0298 0B       		.uleb128 0xb
 605 0299 03030000 		.4byte	.LASF43
 606 029d 04       		.byte	0x4
 607 029e 5301     		.2byte	0x153
 608 02a0 77000000 		.4byte	0x77
 609 02a4 06       		.byte	0x6
 610 02a5 0B       		.uleb128 0xb
 611 02a6 C2040000 		.4byte	.LASF44
 612 02aa 04       		.byte	0x4
 613 02ab 5801     		.2byte	0x158
 614 02ad 83000000 		.4byte	0x83
 615 02b1 08       		.byte	0x8
 616 02b2 0B       		.uleb128 0xb
 617 02b3 F4010000 		.4byte	.LASF45
 618 02b7 04       		.byte	0x4
 619 02b8 5E01     		.2byte	0x15e
 620 02ba 42030000 		.4byte	0x342
 621 02be 0C       		.byte	0xc
 622 02bf 0B       		.uleb128 0xb
 623 02c0 AD010000 		.4byte	.LASF46
 624 02c4 04       		.byte	0x4
 625 02c5 6401     		.2byte	0x164
 626 02c7 42030000 		.4byte	0x342
 627 02cb 10       		.byte	0x10
 628 02cc 0B       		.uleb128 0xb
 629 02cd 33010000 		.4byte	.LASF47
 630 02d1 04       		.byte	0x4
 631 02d2 7201     		.2byte	0x172
 632 02d4 52030000 		.4byte	0x352
 633 02d8 14       		.byte	0x14
 634 02d9 0B       		.uleb128 0xb
 635 02da 4C020000 		.4byte	.LASF48
 636 02de 04       		.byte	0x4
 637 02df 7701     		.2byte	0x177
 638 02e1 77000000 		.4byte	0x77
 639 02e5 18       		.byte	0x18
 640 02e6 0B       		.uleb128 0xb
 641 02e7 00000000 		.4byte	.LASF49
 642 02eb 04       		.byte	0x4
 643 02ec 7C01     		.2byte	0x17c
 644 02ee 6B000000 		.4byte	0x6b
 645 02f2 1A       		.byte	0x1a
 646 02f3 0B       		.uleb128 0xb
 647 02f4 B2030000 		.4byte	.LASF50
 648 02f8 04       		.byte	0x4
 649 02f9 8101     		.2byte	0x181
 650 02fb 7C010000 		.4byte	0x17c
ARM GAS  C:\Users\Alan\AppData\Local\Temp\ccuEQKMk.s 			page 16


 651 02ff 1C       		.byte	0x1c
 652 0300 0B       		.uleb128 0xb
 653 0301 3B020000 		.4byte	.LASF51
 654 0305 04       		.byte	0x4
 655 0306 8601     		.2byte	0x186
 656 0308 5C020000 		.4byte	0x25c
 657 030c 40       		.byte	0x40
 658 030d 0B       		.uleb128 0xb
 659 030e CA010000 		.4byte	.LASF52
 660 0312 04       		.byte	0x4
 661 0313 8B01     		.2byte	0x18b
 662 0315 6B000000 		.4byte	0x6b
 663 0319 5E       		.byte	0x5e
 664 031a 0B       		.uleb128 0xb
 665 031b AE000000 		.4byte	.LASF53
 666 031f 04       		.byte	0x4
 667 0320 9001     		.2byte	0x190
 668 0322 6B000000 		.4byte	0x6b
 669 0326 5F       		.byte	0x5f
 670 0327 0B       		.uleb128 0xb
 671 0328 52050000 		.4byte	.LASF54
 672 032c 04       		.byte	0x4
 673 032d 9501     		.2byte	0x195
 674 032f 77000000 		.4byte	0x77
 675 0333 60       		.byte	0x60
 676 0334 0B       		.uleb128 0xb
 677 0335 67010000 		.4byte	.LASF55
 678 0339 04       		.byte	0x4
 679 033a 9A01     		.2byte	0x19a
 680 033c DF010000 		.4byte	0x1df
 681 0340 62       		.byte	0x62
 682 0341 00       		.byte	0
 683 0342 0C       		.uleb128 0xc
 684 0343 83000000 		.4byte	0x83
 685 0347 52030000 		.4byte	0x352
 686 034b 0D       		.uleb128 0xd
 687 034c B0000000 		.4byte	0xb0
 688 0350 00       		.byte	0
 689 0351 00       		.byte	0
 690 0352 0C       		.uleb128 0xc
 691 0353 6B000000 		.4byte	0x6b
 692 0357 62030000 		.4byte	0x362
 693 035b 0D       		.uleb128 0xd
 694 035c B0000000 		.4byte	0xb0
 695 0360 02       		.byte	0x2
 696 0361 00       		.byte	0
 697 0362 04       		.uleb128 0x4
 698 0363 54030000 		.4byte	.LASF56
 699 0367 04       		.byte	0x4
 700 0368 9B01     		.2byte	0x19b
 701 036a 68020000 		.4byte	0x268
 702 036e 09       		.uleb128 0x9
 703 036f 1C       		.byte	0x1c
 704 0370 04       		.byte	0x4
 705 0371 FA01     		.2byte	0x1fa
 706 0373 FA030000 		.4byte	0x3fa
 707 0377 0B       		.uleb128 0xb
ARM GAS  C:\Users\Alan\AppData\Local\Temp\ccuEQKMk.s 			page 17


 708 0378 81000000 		.4byte	.LASF57
 709 037c 04       		.byte	0x4
 710 037d 0302     		.2byte	0x203
 711 037f FA030000 		.4byte	0x3fa
 712 0383 00       		.byte	0
 713 0384 0B       		.uleb128 0xb
 714 0385 57020000 		.4byte	.LASF58
 715 0389 04       		.byte	0x4
 716 038a 0902     		.2byte	0x209
 717 038c B7000000 		.4byte	0xb7
 718 0390 04       		.byte	0x4
 719 0391 0B       		.uleb128 0xb
 720 0392 46010000 		.4byte	.LASF59
 721 0396 04       		.byte	0x4
 722 0397 0F02     		.2byte	0x20f
 723 0399 01040000 		.4byte	0x401
 724 039d 08       		.byte	0x8
 725 039e 0B       		.uleb128 0xb
 726 039f 97030000 		.4byte	.LASF60
 727 03a3 04       		.byte	0x4
 728 03a4 1402     		.2byte	0x214
 729 03a6 B7000000 		.4byte	0xb7
 730 03aa 0C       		.byte	0xc
 731 03ab 0B       		.uleb128 0xb
 732 03ac 93040000 		.4byte	.LASF61
 733 03b0 04       		.byte	0x4
 734 03b1 1B02     		.2byte	0x21b
 735 03b3 07040000 		.4byte	0x407
 736 03b7 10       		.byte	0x10
 737 03b8 0B       		.uleb128 0xb
 738 03b9 CE020000 		.4byte	.LASF62
 739 03bd 04       		.byte	0x4
 740 03be 2002     		.2byte	0x220
 741 03c0 77000000 		.4byte	0x77
 742 03c4 14       		.byte	0x14
 743 03c5 0B       		.uleb128 0xb
 744 03c6 2E040000 		.4byte	.LASF63
 745 03ca 04       		.byte	0x4
 746 03cb 2702     		.2byte	0x227
 747 03cd 77000000 		.4byte	0x77
 748 03d1 16       		.byte	0x16
 749 03d2 0B       		.uleb128 0xb
 750 03d3 FA020000 		.4byte	.LASF64
 751 03d7 04       		.byte	0x4
 752 03d8 3202     		.2byte	0x232
 753 03da 6B000000 		.4byte	0x6b
 754 03de 18       		.byte	0x18
 755 03df 0B       		.uleb128 0xb
 756 03e0 BD020000 		.4byte	.LASF65
 757 03e4 04       		.byte	0x4
 758 03e5 3A02     		.2byte	0x23a
 759 03e7 6B000000 		.4byte	0x6b
 760 03eb 19       		.byte	0x19
 761 03ec 0B       		.uleb128 0xb
 762 03ed A5010000 		.4byte	.LASF66
 763 03f1 04       		.byte	0x4
 764 03f2 4102     		.2byte	0x241
ARM GAS  C:\Users\Alan\AppData\Local\Temp\ccuEQKMk.s 			page 18


 765 03f4 6B000000 		.4byte	0x6b
 766 03f8 1A       		.byte	0x1a
 767 03f9 00       		.byte	0
 768 03fa 0E       		.uleb128 0xe
 769 03fb 04       		.byte	0x4
 770 03fc 00040000 		.4byte	0x400
 771 0400 0F       		.uleb128 0xf
 772 0401 0E       		.uleb128 0xe
 773 0402 04       		.byte	0x4
 774 0403 0F020000 		.4byte	0x20f
 775 0407 0E       		.uleb128 0xe
 776 0408 04       		.byte	0x4
 777 0409 6B000000 		.4byte	0x6b
 778 040d 04       		.uleb128 0x4
 779 040e 27000000 		.4byte	.LASF67
 780 0412 04       		.byte	0x4
 781 0413 4202     		.2byte	0x242
 782 0415 6E030000 		.4byte	0x36e
 783 0419 09       		.uleb128 0x9
 784 041a 54       		.byte	0x54
 785 041b 04       		.byte	0x4
 786 041c 4802     		.2byte	0x248
 787 041e 30040000 		.4byte	0x430
 788 0422 0B       		.uleb128 0xb
 789 0423 C9040000 		.4byte	.LASF68
 790 0427 04       		.byte	0x4
 791 0428 4D02     		.2byte	0x24d
 792 042a 30040000 		.4byte	0x430
 793 042e 00       		.byte	0
 794 042f 00       		.byte	0
 795 0430 0C       		.uleb128 0xc
 796 0431 0D040000 		.4byte	0x40d
 797 0435 40040000 		.4byte	0x440
 798 0439 0D       		.uleb128 0xd
 799 043a B0000000 		.4byte	0xb0
 800 043e 02       		.byte	0x2
 801 043f 00       		.byte	0
 802 0440 04       		.uleb128 0x4
 803 0441 A3040000 		.4byte	.LASF69
 804 0445 04       		.byte	0x4
 805 0446 4E02     		.2byte	0x24e
 806 0448 19040000 		.4byte	0x419
 807 044c 10       		.uleb128 0x10
 808 044d 01       		.byte	0x1
 809 044e 05       		.byte	0x5
 810 044f 2C       		.byte	0x2c
 811 0450 79040000 		.4byte	0x479
 812 0454 11       		.uleb128 0x11
 813 0455 DA030000 		.4byte	.LASF70
 814 0459 00       		.sleb128 0
 815 045a 11       		.uleb128 0x11
 816 045b 19010000 		.4byte	.LASF71
 817 045f 01       		.sleb128 1
 818 0460 11       		.uleb128 0x11
 819 0461 ED040000 		.4byte	.LASF72
 820 0465 02       		.sleb128 2
 821 0466 11       		.uleb128 0x11
ARM GAS  C:\Users\Alan\AppData\Local\Temp\ccuEQKMk.s 			page 19


 822 0467 D3040000 		.4byte	.LASF73
 823 046b 03       		.sleb128 3
 824 046c 11       		.uleb128 0x11
 825 046d BB030000 		.4byte	.LASF74
 826 0471 04       		.sleb128 4
 827 0472 11       		.uleb128 0x11
 828 0473 76030000 		.4byte	.LASF75
 829 0477 05       		.sleb128 5
 830 0478 00       		.byte	0
 831 0479 06       		.uleb128 0x6
 832 047a 18050000 		.4byte	.LASF76
 833 047e 05       		.byte	0x5
 834 047f 33       		.byte	0x33
 835 0480 4C040000 		.4byte	0x44c
 836 0484 12       		.uleb128 0x12
 837 0485 E4020000 		.4byte	.LASF92
 838 0489 01       		.byte	0x1
 839 048a 42       		.byte	0x42
 840 048b 00000000 		.4byte	.LFB1
 841 048f 14000000 		.4byte	.LFE1-.LFB1
 842 0493 01       		.uleb128 0x1
 843 0494 9C       		.byte	0x9c
 844 0495 A5040000 		.4byte	0x4a5
 845 0499 13       		.uleb128 0x13
 846 049a 0F050000 		.4byte	.LASF82
 847 049e 01       		.byte	0x1
 848 049f 44       		.byte	0x44
 849 04a0 A5040000 		.4byte	0x4a5
 850 04a4 00       		.byte	0
 851 04a5 0E       		.uleb128 0xe
 852 04a6 04       		.byte	0x4
 853 04a7 AB040000 		.4byte	0x4ab
 854 04ab 14       		.uleb128 0x14
 855 04ac 62030000 		.4byte	0x362
 856 04b0 15       		.uleb128 0x15
 857 04b1 6F000000 		.4byte	.LASF93
 858 04b5 01       		.byte	0x1
 859 04b6 67       		.byte	0x67
 860 04b7 83000000 		.4byte	0x83
 861 04bb 00000000 		.4byte	.LFB2
 862 04bf E8000000 		.4byte	.LFE2-.LFB2
 863 04c3 01       		.uleb128 0x1
 864 04c4 9C       		.byte	0x9c
 865 04c5 6B050000 		.4byte	0x56b
 866 04c9 16       		.uleb128 0x16
 867 04ca 51010000 		.4byte	.LASF77
 868 04ce 01       		.byte	0x1
 869 04cf 69       		.byte	0x69
 870 04d0 6B000000 		.4byte	0x6b
 871 04d4 00000000 		.4byte	.LLST0
 872 04d8 16       		.uleb128 0x16
 873 04d9 8A020000 		.4byte	.LASF78
 874 04dd 01       		.byte	0x1
 875 04de 6A       		.byte	0x6a
 876 04df 83000000 		.4byte	0x83
 877 04e3 1E000000 		.4byte	.LLST1
 878 04e7 16       		.uleb128 0x16
ARM GAS  C:\Users\Alan\AppData\Local\Temp\ccuEQKMk.s 			page 20


 879 04e8 77010000 		.4byte	.LASF79
 880 04ec 01       		.byte	0x1
 881 04ed 6B       		.byte	0x6b
 882 04ee 83000000 		.4byte	0x83
 883 04f2 31000000 		.4byte	.LLST2
 884 04f6 16       		.uleb128 0x16
 885 04f7 9A010000 		.4byte	.LASF80
 886 04fb 01       		.byte	0x1
 887 04fc 6C       		.byte	0x6c
 888 04fd 83000000 		.4byte	0x83
 889 0501 44000000 		.4byte	.LLST3
 890 0505 16       		.uleb128 0x16
 891 0506 DA010000 		.4byte	.LASF81
 892 050a 01       		.byte	0x1
 893 050b 6D       		.byte	0x6d
 894 050c 79040000 		.4byte	0x479
 895 0510 D6000000 		.4byte	.LLST4
 896 0514 16       		.uleb128 0x16
 897 0515 C2040000 		.4byte	.LASF44
 898 0519 01       		.byte	0x1
 899 051a 6E       		.byte	0x6e
 900 051b 83000000 		.4byte	0x83
 901 051f E9000000 		.4byte	.LLST5
 902 0523 13       		.uleb128 0x13
 903 0524 0F050000 		.4byte	.LASF82
 904 0528 01       		.byte	0x1
 905 0529 70       		.byte	0x70
 906 052a A5040000 		.4byte	0x4a5
 907 052e 16       		.uleb128 0x16
 908 052f 21020000 		.4byte	.LASF83
 909 0533 01       		.byte	0x1
 910 0534 71       		.byte	0x71
 911 0535 6B050000 		.4byte	0x56b
 912 0539 2A010000 		.4byte	.LLST6
 913 053d 17       		.uleb128 0x17
 914 053e 2E000000 		.4byte	.LVL10
 915 0542 A4050000 		.4byte	0x5a4
 916 0546 17       		.uleb128 0x17
 917 0547 4E000000 		.4byte	.LVL17
 918 054b AF050000 		.4byte	0x5af
 919 054f 17       		.uleb128 0x17
 920 0550 68000000 		.4byte	.LVL18
 921 0554 BA050000 		.4byte	0x5ba
 922 0558 17       		.uleb128 0x17
 923 0559 BE000000 		.4byte	.LVL28
 924 055d AF050000 		.4byte	0x5af
 925 0561 17       		.uleb128 0x17
 926 0562 D4000000 		.4byte	.LVL29
 927 0566 BA050000 		.4byte	0x5ba
 928 056a 00       		.byte	0
 929 056b 0E       		.uleb128 0xe
 930 056c 04       		.byte	0x4
 931 056d 71050000 		.4byte	0x571
 932 0571 14       		.uleb128 0x14
 933 0572 0F020000 		.4byte	0x20f
 934 0576 18       		.uleb128 0x18
 935 0577 B9040000 		.4byte	.LASF84
ARM GAS  C:\Users\Alan\AppData\Local\Temp\ccuEQKMk.s 			page 21


 936 057b 01       		.byte	0x1
 937 057c 33       		.byte	0x33
 938 057d 83000000 		.4byte	0x83
 939 0581 05       		.uleb128 0x5
 940 0582 03       		.byte	0x3
 941 0583 00000000 		.4byte	tunerFsm
 942 0587 19       		.uleb128 0x19
 943 0588 0F030000 		.4byte	.LASF85
 944 058c 04       		.byte	0x4
 945 058d 7703     		.2byte	0x377
 946 058f 62030000 		.4byte	0x362
 947 0593 19       		.uleb128 0x19
 948 0594 BE000000 		.4byte	.LASF86
 949 0598 04       		.byte	0x4
 950 0599 7803     		.2byte	0x378
 951 059b 9F050000 		.4byte	0x59f
 952 059f 1A       		.uleb128 0x1a
 953 05a0 40040000 		.4byte	0x440
 954 05a4 1B       		.uleb128 0x1b
 955 05a5 08040000 		.4byte	.LASF87
 956 05a9 06       		.byte	0x6
 957 05aa 39       		.byte	0x39
 958 05ab A4000000 		.4byte	0xa4
 959 05af 1B       		.uleb128 0x1b
 960 05b0 FF010000 		.4byte	.LASF88
 961 05b4 07       		.byte	0x7
 962 05b5 E3       		.byte	0xe3
 963 05b6 6B000000 		.4byte	0x6b
 964 05ba 1C       		.uleb128 0x1c
 965 05bb 11000000 		.4byte	.LASF94
 966 05bf 07       		.byte	0x7
 967 05c0 E4       		.byte	0xe4
 968 05c1 1D       		.uleb128 0x1d
 969 05c2 6B000000 		.4byte	0x6b
 970 05c6 00       		.byte	0
 971 05c7 00       		.byte	0
 972              		.section	.debug_abbrev,"",%progbits
 973              	.Ldebug_abbrev0:
 974 0000 01       		.uleb128 0x1
 975 0001 11       		.uleb128 0x11
 976 0002 01       		.byte	0x1
 977 0003 25       		.uleb128 0x25
 978 0004 0E       		.uleb128 0xe
 979 0005 13       		.uleb128 0x13
 980 0006 0B       		.uleb128 0xb
 981 0007 03       		.uleb128 0x3
 982 0008 0E       		.uleb128 0xe
 983 0009 1B       		.uleb128 0x1b
 984 000a 0E       		.uleb128 0xe
 985 000b 55       		.uleb128 0x55
 986 000c 17       		.uleb128 0x17
 987 000d 11       		.uleb128 0x11
 988 000e 01       		.uleb128 0x1
 989 000f 10       		.uleb128 0x10
 990 0010 17       		.uleb128 0x17
 991 0011 00       		.byte	0
 992 0012 00       		.byte	0
ARM GAS  C:\Users\Alan\AppData\Local\Temp\ccuEQKMk.s 			page 22


 993 0013 02       		.uleb128 0x2
 994 0014 24       		.uleb128 0x24
 995 0015 00       		.byte	0
 996 0016 0B       		.uleb128 0xb
 997 0017 0B       		.uleb128 0xb
 998 0018 3E       		.uleb128 0x3e
 999 0019 0B       		.uleb128 0xb
 1000 001a 03       		.uleb128 0x3
 1001 001b 0E       		.uleb128 0xe
 1002 001c 00       		.byte	0
 1003 001d 00       		.byte	0
 1004 001e 03       		.uleb128 0x3
 1005 001f 24       		.uleb128 0x24
 1006 0020 00       		.byte	0
 1007 0021 0B       		.uleb128 0xb
 1008 0022 0B       		.uleb128 0xb
 1009 0023 3E       		.uleb128 0x3e
 1010 0024 0B       		.uleb128 0xb
 1011 0025 03       		.uleb128 0x3
 1012 0026 08       		.uleb128 0x8
 1013 0027 00       		.byte	0
 1014 0028 00       		.byte	0
 1015 0029 04       		.uleb128 0x4
 1016 002a 16       		.uleb128 0x16
 1017 002b 00       		.byte	0
 1018 002c 03       		.uleb128 0x3
 1019 002d 0E       		.uleb128 0xe
 1020 002e 3A       		.uleb128 0x3a
 1021 002f 0B       		.uleb128 0xb
 1022 0030 3B       		.uleb128 0x3b
 1023 0031 05       		.uleb128 0x5
 1024 0032 49       		.uleb128 0x49
 1025 0033 13       		.uleb128 0x13
 1026 0034 00       		.byte	0
 1027 0035 00       		.byte	0
 1028 0036 05       		.uleb128 0x5
 1029 0037 0F       		.uleb128 0xf
 1030 0038 00       		.byte	0
 1031 0039 0B       		.uleb128 0xb
 1032 003a 0B       		.uleb128 0xb
 1033 003b 00       		.byte	0
 1034 003c 00       		.byte	0
 1035 003d 06       		.uleb128 0x6
 1036 003e 16       		.uleb128 0x16
 1037 003f 00       		.byte	0
 1038 0040 03       		.uleb128 0x3
 1039 0041 0E       		.uleb128 0xe
 1040 0042 3A       		.uleb128 0x3a
 1041 0043 0B       		.uleb128 0xb
 1042 0044 3B       		.uleb128 0x3b
 1043 0045 0B       		.uleb128 0xb
 1044 0046 49       		.uleb128 0x49
 1045 0047 13       		.uleb128 0x13
 1046 0048 00       		.byte	0
 1047 0049 00       		.byte	0
 1048 004a 07       		.uleb128 0x7
 1049 004b 13       		.uleb128 0x13
ARM GAS  C:\Users\Alan\AppData\Local\Temp\ccuEQKMk.s 			page 23


 1050 004c 01       		.byte	0x1
 1051 004d 0B       		.uleb128 0xb
 1052 004e 0B       		.uleb128 0xb
 1053 004f 3A       		.uleb128 0x3a
 1054 0050 0B       		.uleb128 0xb
 1055 0051 3B       		.uleb128 0x3b
 1056 0052 0B       		.uleb128 0xb
 1057 0053 01       		.uleb128 0x1
 1058 0054 13       		.uleb128 0x13
 1059 0055 00       		.byte	0
 1060 0056 00       		.byte	0
 1061 0057 08       		.uleb128 0x8
 1062 0058 0D       		.uleb128 0xd
 1063 0059 00       		.byte	0
 1064 005a 03       		.uleb128 0x3
 1065 005b 0E       		.uleb128 0xe
 1066 005c 3A       		.uleb128 0x3a
 1067 005d 0B       		.uleb128 0xb
 1068 005e 3B       		.uleb128 0x3b
 1069 005f 0B       		.uleb128 0xb
 1070 0060 49       		.uleb128 0x49
 1071 0061 13       		.uleb128 0x13
 1072 0062 38       		.uleb128 0x38
 1073 0063 0B       		.uleb128 0xb
 1074 0064 00       		.byte	0
 1075 0065 00       		.byte	0
 1076 0066 09       		.uleb128 0x9
 1077 0067 13       		.uleb128 0x13
 1078 0068 01       		.byte	0x1
 1079 0069 0B       		.uleb128 0xb
 1080 006a 0B       		.uleb128 0xb
 1081 006b 3A       		.uleb128 0x3a
 1082 006c 0B       		.uleb128 0xb
 1083 006d 3B       		.uleb128 0x3b
 1084 006e 05       		.uleb128 0x5
 1085 006f 01       		.uleb128 0x1
 1086 0070 13       		.uleb128 0x13
 1087 0071 00       		.byte	0
 1088 0072 00       		.byte	0
 1089 0073 0A       		.uleb128 0xa
 1090 0074 0D       		.uleb128 0xd
 1091 0075 00       		.byte	0
 1092 0076 03       		.uleb128 0x3
 1093 0077 08       		.uleb128 0x8
 1094 0078 3A       		.uleb128 0x3a
 1095 0079 0B       		.uleb128 0xb
 1096 007a 3B       		.uleb128 0x3b
 1097 007b 05       		.uleb128 0x5
 1098 007c 49       		.uleb128 0x49
 1099 007d 13       		.uleb128 0x13
 1100 007e 38       		.uleb128 0x38
 1101 007f 0B       		.uleb128 0xb
 1102 0080 00       		.byte	0
 1103 0081 00       		.byte	0
 1104 0082 0B       		.uleb128 0xb
 1105 0083 0D       		.uleb128 0xd
 1106 0084 00       		.byte	0
ARM GAS  C:\Users\Alan\AppData\Local\Temp\ccuEQKMk.s 			page 24


 1107 0085 03       		.uleb128 0x3
 1108 0086 0E       		.uleb128 0xe
 1109 0087 3A       		.uleb128 0x3a
 1110 0088 0B       		.uleb128 0xb
 1111 0089 3B       		.uleb128 0x3b
 1112 008a 05       		.uleb128 0x5
 1113 008b 49       		.uleb128 0x49
 1114 008c 13       		.uleb128 0x13
 1115 008d 38       		.uleb128 0x38
 1116 008e 0B       		.uleb128 0xb
 1117 008f 00       		.byte	0
 1118 0090 00       		.byte	0
 1119 0091 0C       		.uleb128 0xc
 1120 0092 01       		.uleb128 0x1
 1121 0093 01       		.byte	0x1
 1122 0094 49       		.uleb128 0x49
 1123 0095 13       		.uleb128 0x13
 1124 0096 01       		.uleb128 0x1
 1125 0097 13       		.uleb128 0x13
 1126 0098 00       		.byte	0
 1127 0099 00       		.byte	0
 1128 009a 0D       		.uleb128 0xd
 1129 009b 21       		.uleb128 0x21
 1130 009c 00       		.byte	0
 1131 009d 49       		.uleb128 0x49
 1132 009e 13       		.uleb128 0x13
 1133 009f 2F       		.uleb128 0x2f
 1134 00a0 0B       		.uleb128 0xb
 1135 00a1 00       		.byte	0
 1136 00a2 00       		.byte	0
 1137 00a3 0E       		.uleb128 0xe
 1138 00a4 0F       		.uleb128 0xf
 1139 00a5 00       		.byte	0
 1140 00a6 0B       		.uleb128 0xb
 1141 00a7 0B       		.uleb128 0xb
 1142 00a8 49       		.uleb128 0x49
 1143 00a9 13       		.uleb128 0x13
 1144 00aa 00       		.byte	0
 1145 00ab 00       		.byte	0
 1146 00ac 0F       		.uleb128 0xf
 1147 00ad 26       		.uleb128 0x26
 1148 00ae 00       		.byte	0
 1149 00af 00       		.byte	0
 1150 00b0 00       		.byte	0
 1151 00b1 10       		.uleb128 0x10
 1152 00b2 04       		.uleb128 0x4
 1153 00b3 01       		.byte	0x1
 1154 00b4 0B       		.uleb128 0xb
 1155 00b5 0B       		.uleb128 0xb
 1156 00b6 3A       		.uleb128 0x3a
 1157 00b7 0B       		.uleb128 0xb
 1158 00b8 3B       		.uleb128 0x3b
 1159 00b9 0B       		.uleb128 0xb
 1160 00ba 01       		.uleb128 0x1
 1161 00bb 13       		.uleb128 0x13
 1162 00bc 00       		.byte	0
 1163 00bd 00       		.byte	0
ARM GAS  C:\Users\Alan\AppData\Local\Temp\ccuEQKMk.s 			page 25


 1164 00be 11       		.uleb128 0x11
 1165 00bf 28       		.uleb128 0x28
 1166 00c0 00       		.byte	0
 1167 00c1 03       		.uleb128 0x3
 1168 00c2 0E       		.uleb128 0xe
 1169 00c3 1C       		.uleb128 0x1c
 1170 00c4 0D       		.uleb128 0xd
 1171 00c5 00       		.byte	0
 1172 00c6 00       		.byte	0
 1173 00c7 12       		.uleb128 0x12
 1174 00c8 2E       		.uleb128 0x2e
 1175 00c9 01       		.byte	0x1
 1176 00ca 3F       		.uleb128 0x3f
 1177 00cb 19       		.uleb128 0x19
 1178 00cc 03       		.uleb128 0x3
 1179 00cd 0E       		.uleb128 0xe
 1180 00ce 3A       		.uleb128 0x3a
 1181 00cf 0B       		.uleb128 0xb
 1182 00d0 3B       		.uleb128 0x3b
 1183 00d1 0B       		.uleb128 0xb
 1184 00d2 27       		.uleb128 0x27
 1185 00d3 19       		.uleb128 0x19
 1186 00d4 11       		.uleb128 0x11
 1187 00d5 01       		.uleb128 0x1
 1188 00d6 12       		.uleb128 0x12
 1189 00d7 06       		.uleb128 0x6
 1190 00d8 40       		.uleb128 0x40
 1191 00d9 18       		.uleb128 0x18
 1192 00da 9742     		.uleb128 0x2117
 1193 00dc 19       		.uleb128 0x19
 1194 00dd 01       		.uleb128 0x1
 1195 00de 13       		.uleb128 0x13
 1196 00df 00       		.byte	0
 1197 00e0 00       		.byte	0
 1198 00e1 13       		.uleb128 0x13
 1199 00e2 34       		.uleb128 0x34
 1200 00e3 00       		.byte	0
 1201 00e4 03       		.uleb128 0x3
 1202 00e5 0E       		.uleb128 0xe
 1203 00e6 3A       		.uleb128 0x3a
 1204 00e7 0B       		.uleb128 0xb
 1205 00e8 3B       		.uleb128 0x3b
 1206 00e9 0B       		.uleb128 0xb
 1207 00ea 49       		.uleb128 0x49
 1208 00eb 13       		.uleb128 0x13
 1209 00ec 00       		.byte	0
 1210 00ed 00       		.byte	0
 1211 00ee 14       		.uleb128 0x14
 1212 00ef 35       		.uleb128 0x35
 1213 00f0 00       		.byte	0
 1214 00f1 49       		.uleb128 0x49
 1215 00f2 13       		.uleb128 0x13
 1216 00f3 00       		.byte	0
 1217 00f4 00       		.byte	0
 1218 00f5 15       		.uleb128 0x15
 1219 00f6 2E       		.uleb128 0x2e
 1220 00f7 01       		.byte	0x1
ARM GAS  C:\Users\Alan\AppData\Local\Temp\ccuEQKMk.s 			page 26


 1221 00f8 3F       		.uleb128 0x3f
 1222 00f9 19       		.uleb128 0x19
 1223 00fa 03       		.uleb128 0x3
 1224 00fb 0E       		.uleb128 0xe
 1225 00fc 3A       		.uleb128 0x3a
 1226 00fd 0B       		.uleb128 0xb
 1227 00fe 3B       		.uleb128 0x3b
 1228 00ff 0B       		.uleb128 0xb
 1229 0100 27       		.uleb128 0x27
 1230 0101 19       		.uleb128 0x19
 1231 0102 49       		.uleb128 0x49
 1232 0103 13       		.uleb128 0x13
 1233 0104 11       		.uleb128 0x11
 1234 0105 01       		.uleb128 0x1
 1235 0106 12       		.uleb128 0x12
 1236 0107 06       		.uleb128 0x6
 1237 0108 40       		.uleb128 0x40
 1238 0109 18       		.uleb128 0x18
 1239 010a 9742     		.uleb128 0x2117
 1240 010c 19       		.uleb128 0x19
 1241 010d 01       		.uleb128 0x1
 1242 010e 13       		.uleb128 0x13
 1243 010f 00       		.byte	0
 1244 0110 00       		.byte	0
 1245 0111 16       		.uleb128 0x16
 1246 0112 34       		.uleb128 0x34
 1247 0113 00       		.byte	0
 1248 0114 03       		.uleb128 0x3
 1249 0115 0E       		.uleb128 0xe
 1250 0116 3A       		.uleb128 0x3a
 1251 0117 0B       		.uleb128 0xb
 1252 0118 3B       		.uleb128 0x3b
 1253 0119 0B       		.uleb128 0xb
 1254 011a 49       		.uleb128 0x49
 1255 011b 13       		.uleb128 0x13
 1256 011c 02       		.uleb128 0x2
 1257 011d 17       		.uleb128 0x17
 1258 011e 00       		.byte	0
 1259 011f 00       		.byte	0
 1260 0120 17       		.uleb128 0x17
 1261 0121 898201   		.uleb128 0x4109
 1262 0124 00       		.byte	0
 1263 0125 11       		.uleb128 0x11
 1264 0126 01       		.uleb128 0x1
 1265 0127 31       		.uleb128 0x31
 1266 0128 13       		.uleb128 0x13
 1267 0129 00       		.byte	0
 1268 012a 00       		.byte	0
 1269 012b 18       		.uleb128 0x18
 1270 012c 34       		.uleb128 0x34
 1271 012d 00       		.byte	0
 1272 012e 03       		.uleb128 0x3
 1273 012f 0E       		.uleb128 0xe
 1274 0130 3A       		.uleb128 0x3a
 1275 0131 0B       		.uleb128 0xb
 1276 0132 3B       		.uleb128 0x3b
 1277 0133 0B       		.uleb128 0xb
ARM GAS  C:\Users\Alan\AppData\Local\Temp\ccuEQKMk.s 			page 27


 1278 0134 49       		.uleb128 0x49
 1279 0135 13       		.uleb128 0x13
 1280 0136 02       		.uleb128 0x2
 1281 0137 18       		.uleb128 0x18
 1282 0138 00       		.byte	0
 1283 0139 00       		.byte	0
 1284 013a 19       		.uleb128 0x19
 1285 013b 34       		.uleb128 0x34
 1286 013c 00       		.byte	0
 1287 013d 03       		.uleb128 0x3
 1288 013e 0E       		.uleb128 0xe
 1289 013f 3A       		.uleb128 0x3a
 1290 0140 0B       		.uleb128 0xb
 1291 0141 3B       		.uleb128 0x3b
 1292 0142 05       		.uleb128 0x5
 1293 0143 49       		.uleb128 0x49
 1294 0144 13       		.uleb128 0x13
 1295 0145 3F       		.uleb128 0x3f
 1296 0146 19       		.uleb128 0x19
 1297 0147 3C       		.uleb128 0x3c
 1298 0148 19       		.uleb128 0x19
 1299 0149 00       		.byte	0
 1300 014a 00       		.byte	0
 1301 014b 1A       		.uleb128 0x1a
 1302 014c 26       		.uleb128 0x26
 1303 014d 00       		.byte	0
 1304 014e 49       		.uleb128 0x49
 1305 014f 13       		.uleb128 0x13
 1306 0150 00       		.byte	0
 1307 0151 00       		.byte	0
 1308 0152 1B       		.uleb128 0x1b
 1309 0153 2E       		.uleb128 0x2e
 1310 0154 00       		.byte	0
 1311 0155 3F       		.uleb128 0x3f
 1312 0156 19       		.uleb128 0x19
 1313 0157 03       		.uleb128 0x3
 1314 0158 0E       		.uleb128 0xe
 1315 0159 3A       		.uleb128 0x3a
 1316 015a 0B       		.uleb128 0xb
 1317 015b 3B       		.uleb128 0x3b
 1318 015c 0B       		.uleb128 0xb
 1319 015d 27       		.uleb128 0x27
 1320 015e 19       		.uleb128 0x19
 1321 015f 49       		.uleb128 0x49
 1322 0160 13       		.uleb128 0x13
 1323 0161 3C       		.uleb128 0x3c
 1324 0162 19       		.uleb128 0x19
 1325 0163 00       		.byte	0
 1326 0164 00       		.byte	0
 1327 0165 1C       		.uleb128 0x1c
 1328 0166 2E       		.uleb128 0x2e
 1329 0167 01       		.byte	0x1
 1330 0168 3F       		.uleb128 0x3f
 1331 0169 19       		.uleb128 0x19
 1332 016a 03       		.uleb128 0x3
 1333 016b 0E       		.uleb128 0xe
 1334 016c 3A       		.uleb128 0x3a
ARM GAS  C:\Users\Alan\AppData\Local\Temp\ccuEQKMk.s 			page 28


 1335 016d 0B       		.uleb128 0xb
 1336 016e 3B       		.uleb128 0x3b
 1337 016f 0B       		.uleb128 0xb
 1338 0170 27       		.uleb128 0x27
 1339 0171 19       		.uleb128 0x19
 1340 0172 3C       		.uleb128 0x3c
 1341 0173 19       		.uleb128 0x19
 1342 0174 00       		.byte	0
 1343 0175 00       		.byte	0
 1344 0176 1D       		.uleb128 0x1d
 1345 0177 05       		.uleb128 0x5
 1346 0178 00       		.byte	0
 1347 0179 49       		.uleb128 0x49
 1348 017a 13       		.uleb128 0x13
 1349 017b 00       		.byte	0
 1350 017c 00       		.byte	0
 1351 017d 00       		.byte	0
 1352              		.section	.debug_loc,"",%progbits
 1353              	.Ldebug_loc0:
 1354              	.LLST0:
 1355 0000 4E000000 		.4byte	.LVL17
 1356 0004 67000000 		.4byte	.LVL18-1
 1357 0008 0100     		.2byte	0x1
 1358 000a 50       		.byte	0x50
 1359 000b BE000000 		.4byte	.LVL28
 1360 000f D3000000 		.4byte	.LVL29-1
 1361 0013 0100     		.2byte	0x1
 1362 0015 50       		.byte	0x50
 1363 0016 00000000 		.4byte	0
 1364 001a 00000000 		.4byte	0
 1365              	.LLST1:
 1366 001e 7E000000 		.4byte	.LVL21
 1367 0022 AA000000 		.4byte	.LVL24
 1368 0026 0100     		.2byte	0x1
 1369 0028 53       		.byte	0x53
 1370 0029 00000000 		.4byte	0
 1371 002d 00000000 		.4byte	0
 1372              	.LLST2:
 1373 0031 84000000 		.4byte	.LVL22
 1374 0035 B6000000 		.4byte	.LVL26
 1375 0039 0100     		.2byte	0x1
 1376 003b 52       		.byte	0x52
 1377 003c 00000000 		.4byte	0
 1378 0040 00000000 		.4byte	0
 1379              	.LLST3:
 1380 0044 02000000 		.4byte	.LVL1
 1381 0048 06000000 		.4byte	.LVL2
 1382 004c 0200     		.2byte	0x2
 1383 004e 30       		.byte	0x30
 1384 004f 9F       		.byte	0x9f
 1385 0050 06000000 		.4byte	.LVL2
 1386 0054 1A000000 		.4byte	.LVL4
 1387 0058 0100     		.2byte	0x1
 1388 005a 52       		.byte	0x52
 1389 005b 1E000000 		.4byte	.LVL5
 1390 005f 20000000 		.4byte	.LVL6
 1391 0063 0200     		.2byte	0x2
ARM GAS  C:\Users\Alan\AppData\Local\Temp\ccuEQKMk.s 			page 29


 1392 0065 31       		.byte	0x31
 1393 0066 9F       		.byte	0x9f
 1394 0067 20000000 		.4byte	.LVL6
 1395 006b 22000000 		.4byte	.LVL7
 1396 006f 0100     		.2byte	0x1
 1397 0071 52       		.byte	0x52
 1398 0072 26000000 		.4byte	.LVL8
 1399 0076 2A000000 		.4byte	.LVL9
 1400 007a 0200     		.2byte	0x2
 1401 007c 31       		.byte	0x31
 1402 007d 9F       		.byte	0x9f
 1403 007e 2A000000 		.4byte	.LVL9
 1404 0082 2D000000 		.4byte	.LVL10-1
 1405 0086 0100     		.2byte	0x1
 1406 0088 52       		.byte	0x52
 1407 0089 34000000 		.4byte	.LVL11
 1408 008d 3A000000 		.4byte	.LVL12
 1409 0091 0200     		.2byte	0x2
 1410 0093 31       		.byte	0x31
 1411 0094 9F       		.byte	0x9f
 1412 0095 3A000000 		.4byte	.LVL12
 1413 0099 3C000000 		.4byte	.LVL13
 1414 009d 0100     		.2byte	0x1
 1415 009f 52       		.byte	0x52
 1416 00a0 40000000 		.4byte	.LVL14
 1417 00a4 44000000 		.4byte	.LVL15
 1418 00a8 0200     		.2byte	0x2
 1419 00aa 31       		.byte	0x31
 1420 00ab 9F       		.byte	0x9f
 1421 00ac 44000000 		.4byte	.LVL15
 1422 00b0 4D000000 		.4byte	.LVL17-1
 1423 00b4 0100     		.2byte	0x1
 1424 00b6 52       		.byte	0x52
 1425 00b7 68000000 		.4byte	.LVL18
 1426 00bb 6A000000 		.4byte	.LVL19
 1427 00bf 0200     		.2byte	0x2
 1428 00c1 30       		.byte	0x30
 1429 00c2 9F       		.byte	0x9f
 1430 00c3 6A000000 		.4byte	.LVL19
 1431 00c7 78000000 		.4byte	.LVL20
 1432 00cb 0100     		.2byte	0x1
 1433 00cd 52       		.byte	0x52
 1434 00ce 00000000 		.4byte	0
 1435 00d2 00000000 		.4byte	0
 1436              	.LLST4:
 1437 00d6 0C000000 		.4byte	.LVL3
 1438 00da 9E000000 		.4byte	.LVL23
 1439 00de 0100     		.2byte	0x1
 1440 00e0 54       		.byte	0x54
 1441 00e1 00000000 		.4byte	0
 1442 00e5 00000000 		.4byte	0
 1443              	.LLST5:
 1444 00e9 02000000 		.4byte	.LVL1
 1445 00ed 06000000 		.4byte	.LVL2
 1446 00f1 0200     		.2byte	0x2
 1447 00f3 30       		.byte	0x30
 1448 00f4 9F       		.byte	0x9f
ARM GAS  C:\Users\Alan\AppData\Local\Temp\ccuEQKMk.s 			page 30


 1449 00f5 06000000 		.4byte	.LVL2
 1450 00f9 2E000000 		.4byte	.LVL10
 1451 00fd 0100     		.2byte	0x1
 1452 00ff 55       		.byte	0x55
 1453 0100 2E000000 		.4byte	.LVL10
 1454 0104 3A000000 		.4byte	.LVL12
 1455 0108 0200     		.2byte	0x2
 1456 010a 31       		.byte	0x31
 1457 010b 9F       		.byte	0x9f
 1458 010c 3A000000 		.4byte	.LVL12
 1459 0110 D6000000 		.4byte	.LVL30
 1460 0114 0100     		.2byte	0x1
 1461 0116 55       		.byte	0x55
 1462 0117 D6000000 		.4byte	.LVL30
 1463 011b E8000000 		.4byte	.LFE2
 1464 011f 0100     		.2byte	0x1
 1465 0121 50       		.byte	0x50
 1466 0122 00000000 		.4byte	0
 1467 0126 00000000 		.4byte	0
 1468              	.LLST6:
 1469 012a B2000000 		.4byte	.LVL25
 1470 012e D4000000 		.4byte	.LVL29
 1471 0132 0100     		.2byte	0x1
 1472 0134 54       		.byte	0x54
 1473 0135 00000000 		.4byte	0
 1474 0139 00000000 		.4byte	0
 1475              		.section	.debug_aranges,"",%progbits
 1476 0000 24000000 		.4byte	0x24
 1477 0004 0200     		.2byte	0x2
 1478 0006 00000000 		.4byte	.Ldebug_info0
 1479 000a 04       		.byte	0x4
 1480 000b 00       		.byte	0
 1481 000c 0000     		.2byte	0
 1482 000e 0000     		.2byte	0
 1483 0010 00000000 		.4byte	.LFB1
 1484 0014 14000000 		.4byte	.LFE1-.LFB1
 1485 0018 00000000 		.4byte	.LFB2
 1486 001c E8000000 		.4byte	.LFE2-.LFB2
 1487 0020 00000000 		.4byte	0
 1488 0024 00000000 		.4byte	0
 1489              		.section	.debug_ranges,"",%progbits
 1490              	.Ldebug_ranges0:
 1491 0000 00000000 		.4byte	.LFB1
 1492 0004 14000000 		.4byte	.LFE1
 1493 0008 00000000 		.4byte	.LFB2
 1494 000c E8000000 		.4byte	.LFE2
 1495 0010 00000000 		.4byte	0
 1496 0014 00000000 		.4byte	0
 1497              		.section	.debug_line,"",%progbits
 1498              	.Ldebug_line0:
 1499 0000 11010000 		.section	.debug_str,"MS",%progbits,1
 1499      0200B600 
 1499      00000201 
 1499      FB0E0D00 
 1499      01010101 
 1500              	.LASF49:
 1501 0000 6D6F6443 		.ascii	"modCsxClk\000"
ARM GAS  C:\Users\Alan\AppData\Local\Temp\ccuEQKMk.s 			page 31


 1501      7378436C 
 1501      6B00
 1502              	.LASF10:
 1503 000a 75696E74 		.ascii	"uint16\000"
 1503      313600
 1504              	.LASF94:
 1505 0011 43794578 		.ascii	"CyExitCriticalSection\000"
 1505      69744372 
 1505      69746963 
 1505      616C5365 
 1505      6374696F 
 1506              	.LASF67:
 1507 0027 43617053 		.ascii	"CapSense_FLASH_WD_STRUCT\000"
 1507      656E7365 
 1507      5F464C41 
 1507      53485F57 
 1507      445F5354 
 1508              	.LASF38:
 1509 0040 43617053 		.ascii	"CapSense_RAM_SNS_STRUCT\000"
 1509      656E7365 
 1509      5F52414D 
 1509      5F534E53 
 1509      5F535452 
 1510              	.LASF7:
 1511 0058 6C6F6E67 		.ascii	"long long unsigned int\000"
 1511      206C6F6E 
 1511      6720756E 
 1511      7369676E 
 1511      65642069 
 1512              	.LASF93:
 1513 006f 43617053 		.ascii	"CapSense_RunTuner\000"
 1513      656E7365 
 1513      5F52756E 
 1513      54756E65 
 1513      7200
 1514              	.LASF57:
 1515 0081 70747232 		.ascii	"ptr2SnsFlash\000"
 1515      536E7346 
 1515      6C617368 
 1515      00
 1516              	.LASF36:
 1517 008e 64696666 		.ascii	"diff\000"
 1517      00
 1518              	.LASF18:
 1519 0093 43617053 		.ascii	"CapSense_LOW_BSLN_RST_TYPE\000"
 1519      656E7365 
 1519      5F4C4F57 
 1519      5F42534C 
 1519      4E5F5253 
 1520              	.LASF53:
 1521 00ae 736E7254 		.ascii	"snrTestSensorId\000"
 1521      65737453 
 1521      656E736F 
 1521      72496400 
 1522              	.LASF86:
 1523 00be 43617053 		.ascii	"CapSense_dsFlash\000"
 1523      656E7365 
ARM GAS  C:\Users\Alan\AppData\Local\Temp\ccuEQKMk.s 			page 32


 1523      5F647346 
 1523      6C617368 
 1523      00
 1524              	.LASF17:
 1525 00cf 43617053 		.ascii	"CapSense_THRESHOLD_TYPE\000"
 1525      656E7365 
 1525      5F544852 
 1525      4553484F 
 1525      4C445F54 
 1526              	.LASF6:
 1527 00e7 6C6F6E67 		.ascii	"long long int\000"
 1527      206C6F6E 
 1527      6720696E 
 1527      7400
 1528              	.LASF0:
 1529 00f5 7369676E 		.ascii	"signed char\000"
 1529      65642063 
 1529      68617200 
 1530              	.LASF29:
 1531 0101 62757474 		.ascii	"button0\000"
 1531      6F6E3000 
 1532              	.LASF30:
 1533 0109 62757474 		.ascii	"button1\000"
 1533      6F6E3100 
 1534              	.LASF31:
 1535 0111 62757474 		.ascii	"button2\000"
 1535      6F6E3200 
 1536              	.LASF71:
 1537 0119 43617053 		.ascii	"CapSense_TU_CMD_SUSPEND_E\000"
 1537      656E7365 
 1537      5F54555F 
 1537      434D445F 
 1537      53555350 
 1538              	.LASF47:
 1539 0133 736E7353 		.ascii	"snsStatus\000"
 1539      74617475 
 1539      7300
 1540              	.LASF4:
 1541 013d 6C6F6E67 		.ascii	"long int\000"
 1541      20696E74 
 1541      00
 1542              	.LASF59:
 1543 0146 70747232 		.ascii	"ptr2SnsRam\000"
 1543      536E7352 
 1543      616D00
 1544              	.LASF77:
 1545 0151 63726974 		.ascii	"critSect\000"
 1545      53656374 
 1545      00
 1546              	.LASF9:
 1547 015a 75696E74 		.ascii	"uint8\000"
 1547      3800
 1548              	.LASF13:
 1549 0160 646F7562 		.ascii	"double\000"
 1549      6C6500
 1550              	.LASF55:
 1551 0167 736E7254 		.ascii	"snrTestRawCount\000"
ARM GAS  C:\Users\Alan\AppData\Local\Temp\ccuEQKMk.s 			page 33


 1551      65737452 
 1551      6177436F 
 1551      756E7400 
 1552              	.LASF79:
 1553 0177 73656E73 		.ascii	"sensorId\000"
 1553      6F724964 
 1553      00
 1554              	.LASF11:
 1555 0180 75696E74 		.ascii	"uint32\000"
 1555      333200
 1556              	.LASF23:
 1557 0187 68797374 		.ascii	"hysteresis\000"
 1557      65726573 
 1557      697300
 1558              	.LASF34:
 1559 0192 62736C6E 		.ascii	"bslnExt\000"
 1559      45787400 
 1560              	.LASF80:
 1561 019a 75706461 		.ascii	"updateFlag\000"
 1561      7465466C 
 1561      616700
 1562              	.LASF66:
 1563 01a5 6E756D52 		.ascii	"numRows\000"
 1563      6F777300 
 1564              	.LASF46:
 1565 01ad 77646774 		.ascii	"wdgtStatus\000"
 1565      53746174 
 1565      757300
 1566              	.LASF33:
 1567 01b8 62736C6E 		.ascii	"bsln\000"
 1567      00
 1568              	.LASF8:
 1569 01bd 756E7369 		.ascii	"unsigned int\000"
 1569      676E6564 
 1569      20696E74 
 1569      00
 1570              	.LASF52:
 1571 01ca 736E7254 		.ascii	"snrTestWidgetId\000"
 1571      65737457 
 1571      69646765 
 1571      74496400 
 1572              	.LASF81:
 1573 01da 636F6D6D 		.ascii	"command\000"
 1573      616E6400 
 1574              	.LASF5:
 1575 01e2 6C6F6E67 		.ascii	"long unsigned int\000"
 1575      20756E73 
 1575      69676E65 
 1575      6420696E 
 1575      7400
 1576              	.LASF45:
 1577 01f4 77646774 		.ascii	"wdgtEnable\000"
 1577      456E6162 
 1577      6C6500
 1578              	.LASF88:
 1579 01ff 4379456E 		.ascii	"CyEnterCriticalSection\000"
 1579      74657243 
ARM GAS  C:\Users\Alan\AppData\Local\Temp\ccuEQKMk.s 			page 34


 1579      72697469 
 1579      63616C53 
 1579      65637469 
 1580              	.LASF25:
 1581 0216 6C6F7742 		.ascii	"lowBslnRst\000"
 1581      736C6E52 
 1581      737400
 1582              	.LASF83:
 1583 0221 70747253 		.ascii	"ptrSns\000"
 1583      6E7300
 1584              	.LASF3:
 1585 0228 73686F72 		.ascii	"short unsigned int\000"
 1585      7420756E 
 1585      7369676E 
 1585      65642069 
 1585      6E7400
 1586              	.LASF51:
 1587 023b 736E734C 		.ascii	"snsList\000"
 1587      69737400 
 1588              	.LASF40:
 1589 0243 636F6E66 		.ascii	"configId\000"
 1589      69674964 
 1589      00
 1590              	.LASF48:
 1591 024c 63736430 		.ascii	"csd0Config\000"
 1591      436F6E66 
 1591      696700
 1592              	.LASF58:
 1593 0257 70747232 		.ascii	"ptr2WdgtRam\000"
 1593      57646774 
 1593      52616D00 
 1594              	.LASF41:
 1595 0263 64657669 		.ascii	"deviceId\000"
 1595      63654964 
 1595      00
 1596              	.LASF28:
 1597 026c 43617053 		.ascii	"CapSense_RAM_WD_BUTTON_STRUCT\000"
 1597      656E7365 
 1597      5F52414D 
 1597      5F57445F 
 1597      42555454 
 1598              	.LASF78:
 1599 028a 77696467 		.ascii	"widgetId\000"
 1599      65744964 
 1599      00
 1600              	.LASF90:
 1601 0293 2E5C4765 		.ascii	".\\Generated_Source\\PSoC4\\CapSense_Tuner.c\000"
 1601      6E657261 
 1601      7465645F 
 1601      536F7572 
 1601      63655C50 
 1602              	.LASF65:
 1603 02bd 6E756D43 		.ascii	"numCols\000"
 1603      6F6C7300 
 1604              	.LASF16:
 1605 02c5 73697A65 		.ascii	"sizetype\000"
 1605      74797065 
ARM GAS  C:\Users\Alan\AppData\Local\Temp\ccuEQKMk.s 			page 35


 1605      00
 1606              	.LASF62:
 1607 02ce 73746174 		.ascii	"staticConfig\000"
 1607      6963436F 
 1607      6E666967 
 1607      00
 1608              	.LASF22:
 1609 02db 6E4E6F69 		.ascii	"nNoiseTh\000"
 1609      73655468 
 1609      00
 1610              	.LASF92:
 1611 02e4 43617053 		.ascii	"CapSense_TuInitialize\000"
 1611      656E7365 
 1611      5F547549 
 1611      6E697469 
 1611      616C697A 
 1612              	.LASF64:
 1613 02fa 77646774 		.ascii	"wdgtType\000"
 1613      54797065 
 1613      00
 1614              	.LASF43:
 1615 0303 7363616E 		.ascii	"scanCounter\000"
 1615      436F756E 
 1615      74657200 
 1616              	.LASF85:
 1617 030f 43617053 		.ascii	"CapSense_dsRam\000"
 1617      656E7365 
 1617      5F647352 
 1617      616D00
 1618              	.LASF42:
 1619 031e 74756E65 		.ascii	"tunerCmd\000"
 1619      72436D64 
 1619      00
 1620              	.LASF12:
 1621 0327 666C6F61 		.ascii	"float\000"
 1621      7400
 1622              	.LASF26:
 1623 032d 62736C6E 		.ascii	"bslnCoeff\000"
 1623      436F6566 
 1623      6600
 1624              	.LASF39:
 1625 0337 43617053 		.ascii	"CapSense_RAM_SNS_LIST_STRUCT\000"
 1625      656E7365 
 1625      5F52414D 
 1625      5F534E53 
 1625      5F4C4953 
 1626              	.LASF56:
 1627 0354 43617053 		.ascii	"CapSense_RAM_STRUCT\000"
 1627      656E7365 
 1627      5F52414D 
 1627      5F535452 
 1627      55435400 
 1628              	.LASF1:
 1629 0368 756E7369 		.ascii	"unsigned char\000"
 1629      676E6564 
 1629      20636861 
 1629      7200
ARM GAS  C:\Users\Alan\AppData\Local\Temp\ccuEQKMk.s 			page 36


 1630              	.LASF75:
 1631 0376 43617053 		.ascii	"CapSense_TU_CMD_PING_E\000"
 1631      656E7365 
 1631      5F54555F 
 1631      434D445F 
 1631      50494E47 
 1632              	.LASF2:
 1633 038d 73686F72 		.ascii	"short int\000"
 1633      7420696E 
 1633      7400
 1634              	.LASF60:
 1635 0397 70747232 		.ascii	"ptr2FltrHistory\000"
 1635      466C7472 
 1635      48697374 
 1635      6F727900 
 1636              	.LASF19:
 1637 03a7 7265736F 		.ascii	"resolution\000"
 1637      6C757469 
 1637      6F6E00
 1638              	.LASF50:
 1639 03b2 77646774 		.ascii	"wdgtList\000"
 1639      4C697374 
 1639      00
 1640              	.LASF74:
 1641 03bb 43617053 		.ascii	"CapSense_TU_CMD_RUN_SNR_TEST_E\000"
 1641      656E7365 
 1641      5F54555F 
 1641      434D445F 
 1641      52554E5F 
 1642              	.LASF70:
 1643 03da 43617053 		.ascii	"CapSense_TU_CMD_NONE_E\000"
 1643      656E7365 
 1643      5F54555F 
 1643      434D445F 
 1643      4E4F4E45 
 1644              	.LASF14:
 1645 03f1 63686172 		.ascii	"char\000"
 1645      00
 1646              	.LASF27:
 1647 03f6 736E7343 		.ascii	"snsClk\000"
 1647      6C6B00
 1648              	.LASF24:
 1649 03fd 6F6E4465 		.ascii	"onDebounce\000"
 1649      626F756E 
 1649      636500
 1650              	.LASF87:
 1651 0408 43617053 		.ascii	"CapSense_Start\000"
 1651      656E7365 
 1651      5F537461 
 1651      727400
 1652              	.LASF35:
 1653 0417 69646163 		.ascii	"idacComp\000"
 1653      436F6D70 
 1653      00
 1654              	.LASF37:
 1655 0420 6E656742 		.ascii	"negBslnRstCnt\000"
 1655      736C6E52 
ARM GAS  C:\Users\Alan\AppData\Local\Temp\ccuEQKMk.s 			page 37


 1655      7374436E 
 1655      7400
 1656              	.LASF63:
 1657 042e 746F7461 		.ascii	"totalNumSns\000"
 1657      6C4E756D 
 1657      536E7300 
 1658              	.LASF91:
 1659 043a 5C5C766D 		.ascii	"\\\\vmware-host\\Shared Folders\\Documents\\PSoC Cr"
 1659      77617265 
 1659      2D686F73 
 1659      745C5368 
 1659      61726564 
 1660 0468 6561746F 		.ascii	"eator\\SmartIO\\SmartIOCountUpExtClock.cydsn\000"
 1660      725C536D 
 1660      61727449 
 1660      4F5C536D 
 1660      61727449 
 1661              	.LASF61:
 1662 0493 70747232 		.ascii	"ptr2DebounceArr\000"
 1662      4465626F 
 1662      756E6365 
 1662      41727200 
 1663              	.LASF69:
 1664 04a3 43617053 		.ascii	"CapSense_FLASH_STRUCT\000"
 1664      656E7365 
 1664      5F464C41 
 1664      53485F53 
 1664      54525543 
 1665              	.LASF84:
 1666 04b9 74756E65 		.ascii	"tunerFsm\000"
 1666      7246736D 
 1666      00
 1667              	.LASF44:
 1668 04c2 73746174 		.ascii	"status\000"
 1668      757300
 1669              	.LASF68:
 1670 04c9 77646774 		.ascii	"wdgtArray\000"
 1670      41727261 
 1670      7900
 1671              	.LASF73:
 1672 04d3 43617053 		.ascii	"CapSense_TU_CMD_RESTART_E\000"
 1672      656E7365 
 1672      5F54555F 
 1672      434D445F 
 1672      52455354 
 1673              	.LASF72:
 1674 04ed 43617053 		.ascii	"CapSense_TU_CMD_RESUME_E\000"
 1674      656E7365 
 1674      5F54555F 
 1674      434D445F 
 1674      52455355 
 1675              	.LASF15:
 1676 0506 63797374 		.ascii	"cystatus\000"
 1676      61747573 
 1676      00
 1677              	.LASF82:
 1678 050f 70747244 		.ascii	"ptrDsRam\000"
ARM GAS  C:\Users\Alan\AppData\Local\Temp\ccuEQKMk.s 			page 38


 1678      7352616D 
 1678      00
 1679              	.LASF76:
 1680 0518 43617053 		.ascii	"CapSense_TU_CMD_ENUM\000"
 1680      656E7365 
 1680      5F54555F 
 1680      434D445F 
 1680      454E554D 
 1681              	.LASF20:
 1682 052d 66696E67 		.ascii	"fingerTh\000"
 1682      65725468 
 1682      00
 1683              	.LASF32:
 1684 0536 43617053 		.ascii	"CapSense_RAM_WD_LIST_STRUCT\000"
 1684      656E7365 
 1684      5F52414D 
 1684      5F57445F 
 1684      4C495354 
 1685              	.LASF54:
 1686 0552 736E7254 		.ascii	"snrTestScanCounter\000"
 1686      65737453 
 1686      63616E43 
 1686      6F756E74 
 1686      657200
 1687              	.LASF89:
 1688 0565 474E5520 		.ascii	"GNU C 4.9.3 20150303 (release) [ARM/embedded-4_9-br"
 1688      4320342E 
 1688      392E3320 
 1688      32303135 
 1688      30333033 
 1689 0598 616E6368 		.ascii	"anch revision 221220] -mcpu=cortex-m0plus -mthumb -"
 1689      20726576 
 1689      6973696F 
 1689      6E203232 
 1689      31323230 
 1690 05cb 67202D4F 		.ascii	"g -Og -ffunction-sections -ffat-lto-objects\000"
 1690      67202D66 
 1690      66756E63 
 1690      74696F6E 
 1690      2D736563 
 1691              	.LASF21:
 1692 05f7 6E6F6973 		.ascii	"noiseTh\000"
 1692      65546800 
 1693              		.ident	"GCC: (GNU Tools for ARM Embedded Processors) 4.9.3 20150303 (release) [ARM/embedded-4_9-br
