ARM GAS  C:\Users\Alan\AppData\Local\Temp\cclPDjOa.s 			page 1


   1              		.cpu cortex-m0plus
   2              		.fpu softvfp
   3              		.eabi_attribute 20, 1
   4              		.eabi_attribute 21, 1
   5              		.eabi_attribute 23, 3
   6              		.eabi_attribute 24, 1
   7              		.eabi_attribute 25, 1
   8              		.eabi_attribute 26, 1
   9              		.eabi_attribute 30, 1
  10              		.eabi_attribute 34, 0
  11              		.eabi_attribute 18, 4
  12              		.code	16
  13              		.file	"main.c"
  14              		.text
  15              	.Ltext0:
  16              		.cfi_sections	.debug_frame
  17              		.section	.text.main,"ax",%progbits
  18              		.align	2
  19              		.global	main
  20              		.code	16
  21              		.thumb_func
  22              		.type	main, %function
  23              	main:
  24              	.LFB35:
  25              		.file 1 ".\\main.c"
   1:.\main.c      **** 
   2:.\main.c      **** #include <project.h>
   3:.\main.c      **** 
   4:.\main.c      **** int main()
   5:.\main.c      **** {
  26              		.loc 1 5 0
  27              		.cfi_startproc
  28 0000 08B5     		push	{r3, lr}
  29              		.cfi_def_cfa_offset 8
  30              		.cfi_offset 3, -8
  31              		.cfi_offset 14, -4
   6:.\main.c      ****     CyGlobalIntEnable; /* Enable global interrupts. */
  32              		.loc 1 6 0
  33              	@ 6 ".\main.c" 1
  34 0002 62B6     		CPSIE   i
  35              	@ 0 "" 2
   7:.\main.c      ****     SmartIO_Start();
  36              		.loc 1 7 0
  37              		.code	16
  38 0004 FFF7FEFF 		bl	SmartIO_Start
  39              	.LVL0:
   8:.\main.c      ****     
   9:.\main.c      ****     PWM_Start();
  40              		.loc 1 9 0
  41 0008 FFF7FEFF 		bl	PWM_Start
  42              	.LVL1:
  10:.\main.c      ****   
  11:.\main.c      ****     CapSense_Start();
  43              		.loc 1 11 0
  44 000c FFF7FEFF 		bl	CapSense_Start
  45              	.LVL2:
  12:.\main.c      ****     CapSense_InitializeAllBaselines();
ARM GAS  C:\Users\Alan\AppData\Local\Temp\cclPDjOa.s 			page 2


  46              		.loc 1 12 0
  47 0010 FFF7FEFF 		bl	CapSense_InitializeAllBaselines
  48              	.LVL3:
  13:.\main.c      ****     CapSense_ScanAllWidgets();
  49              		.loc 1 13 0
  50 0014 FFF7FEFF 		bl	CapSense_ScanAllWidgets
  51              	.LVL4:
  52              	.L3:
  14:.\main.c      **** 
  15:.\main.c      ****     for(;;)
  16:.\main.c      ****     {
  17:.\main.c      ****         if(!CapSense_IsBusy())
  53              		.loc 1 17 0
  54 0018 FFF7FEFF 		bl	CapSense_IsBusy
  55              	.LVL5:
  56 001c 0028     		cmp	r0, #0
  57 001e 1DD1     		bne	.L2
  18:.\main.c      ****         {
  19:.\main.c      ****             CapSense_ProcessAllWidgets();
  58              		.loc 1 19 0
  59 0020 FFF7FEFF 		bl	CapSense_ProcessAllWidgets
  60              	.LVL6:
  20:.\main.c      ****         
  21:.\main.c      ****             LED10_Write(!CapSense_IsWidgetActive(CapSense_BUTTON0_WDGT_ID));
  61              		.loc 1 21 0
  62 0024 0020     		mov	r0, #0
  63 0026 FFF7FEFF 		bl	CapSense_IsWidgetActive
  64              	.LVL7:
  65 002a 4342     		neg	r3, r0
  66 002c 5841     		adc	r0, r0, r3
  67 002e C0B2     		uxtb	r0, r0
  68 0030 FFF7FEFF 		bl	LED10_Write
  69              	.LVL8:
  22:.\main.c      ****             LED11_Write(!CapSense_IsWidgetActive(CapSense_BUTTON1_WDGT_ID));
  70              		.loc 1 22 0
  71 0034 0120     		mov	r0, #1
  72 0036 FFF7FEFF 		bl	CapSense_IsWidgetActive
  73              	.LVL9:
  74 003a 4342     		neg	r3, r0
  75 003c 5841     		adc	r0, r0, r3
  76 003e C0B2     		uxtb	r0, r0
  77 0040 FFF7FEFF 		bl	LED11_Write
  78              	.LVL10:
  23:.\main.c      ****             LED9_Write(!CapSense_IsWidgetActive(CapSense_BUTTON2_WDGT_ID));
  79              		.loc 1 23 0
  80 0044 0220     		mov	r0, #2
  81 0046 FFF7FEFF 		bl	CapSense_IsWidgetActive
  82              	.LVL11:
  83 004a 4342     		neg	r3, r0
  84 004c 5841     		adc	r0, r0, r3
  85 004e C0B2     		uxtb	r0, r0
  86 0050 FFF7FEFF 		bl	LED9_Write
  87              	.LVL12:
  24:.\main.c      ****                       
  25:.\main.c      ****             CapSense_UpdateAllBaselines();
  88              		.loc 1 25 0
  89 0054 FFF7FEFF 		bl	CapSense_UpdateAllBaselines
ARM GAS  C:\Users\Alan\AppData\Local\Temp\cclPDjOa.s 			page 3


  90              	.LVL13:
  26:.\main.c      ****             CapSense_ScanAllWidgets();
  91              		.loc 1 26 0
  92 0058 FFF7FEFF 		bl	CapSense_ScanAllWidgets
  93              	.LVL14:
  94              	.L2:
  27:.\main.c      ****         }
  28:.\main.c      ****         
  29:.\main.c      ****         P20_Write(!LED9_Read());
  95              		.loc 1 29 0
  96 005c FFF7FEFF 		bl	LED9_Read
  97              	.LVL15:
  98 0060 4342     		neg	r3, r0
  99 0062 5841     		adc	r0, r0, r3
 100 0064 C0B2     		uxtb	r0, r0
 101 0066 FFF7FEFF 		bl	P20_Write
 102              	.LVL16:
  30:.\main.c      ****     }
 103              		.loc 1 30 0
 104 006a D5E7     		b	.L3
 105              		.cfi_endproc
 106              	.LFE35:
 107              		.size	main, .-main
 108              		.text
 109              	.Letext0:
 110              		.file 2 "Generated_Source\\PSoC4/cytypes.h"
 111              		.file 3 "Generated_Source\\PSoC4/SmartIO.h"
 112              		.file 4 "Generated_Source\\PSoC4/PWM.h"
 113              		.file 5 "Generated_Source\\PSoC4/CapSense_Filter.h"
 114              		.file 6 "Generated_Source\\PSoC4/CapSense_Control.h"
 115              		.file 7 "Generated_Source\\PSoC4/CapSense_Sensing.h"
 116              		.file 8 "Generated_Source\\PSoC4/LED10.h"
 117              		.file 9 "Generated_Source\\PSoC4/LED11.h"
 118              		.file 10 "Generated_Source\\PSoC4/LED9.h"
 119              		.file 11 "Generated_Source\\PSoC4/CapSense_Structure.h"
 120              		.file 12 "Generated_Source\\PSoC4/P20.h"
 121              		.section	.debug_info,"",%progbits
 122              	.Ldebug_info0:
 123 0000 27020000 		.4byte	0x227
 124 0004 0400     		.2byte	0x4
 125 0006 00000000 		.4byte	.Ldebug_abbrev0
 126 000a 04       		.byte	0x4
 127 000b 01       		.uleb128 0x1
 128 000c 7D010000 		.4byte	.LASF28
 129 0010 01       		.byte	0x1
 130 0011 BB000000 		.4byte	.LASF29
 131 0015 3B020000 		.4byte	.LASF30
 132 0019 00000000 		.4byte	.Ldebug_ranges0+0
 133 001d 00000000 		.4byte	0
 134 0021 00000000 		.4byte	.Ldebug_line0
 135 0025 02       		.uleb128 0x2
 136 0026 01       		.byte	0x1
 137 0027 06       		.byte	0x6
 138 0028 0F020000 		.4byte	.LASF0
 139 002c 02       		.uleb128 0x2
 140 002d 01       		.byte	0x1
 141 002e 08       		.byte	0x8
ARM GAS  C:\Users\Alan\AppData\Local\Temp\cclPDjOa.s 			page 4


 142 002f 78000000 		.4byte	.LASF1
 143 0033 02       		.uleb128 0x2
 144 0034 02       		.byte	0x2
 145 0035 05       		.byte	0x5
 146 0036 5F010000 		.4byte	.LASF2
 147 003a 02       		.uleb128 0x2
 148 003b 02       		.byte	0x2
 149 003c 07       		.byte	0x7
 150 003d A8000000 		.4byte	.LASF3
 151 0041 02       		.uleb128 0x2
 152 0042 04       		.byte	0x4
 153 0043 05       		.byte	0x5
 154 0044 17000000 		.4byte	.LASF4
 155 0048 02       		.uleb128 0x2
 156 0049 04       		.byte	0x4
 157 004a 07       		.byte	0x7
 158 004b 96000000 		.4byte	.LASF5
 159 004f 02       		.uleb128 0x2
 160 0050 08       		.byte	0x8
 161 0051 05       		.byte	0x5
 162 0052 41010000 		.4byte	.LASF6
 163 0056 02       		.uleb128 0x2
 164 0057 08       		.byte	0x8
 165 0058 07       		.byte	0x7
 166 0059 FA000000 		.4byte	.LASF7
 167 005d 03       		.uleb128 0x3
 168 005e 04       		.byte	0x4
 169 005f 05       		.byte	0x5
 170 0060 696E7400 		.ascii	"int\000"
 171 0064 02       		.uleb128 0x2
 172 0065 04       		.byte	0x4
 173 0066 07       		.byte	0x7
 174 0067 ED000000 		.4byte	.LASF8
 175 006b 04       		.uleb128 0x4
 176 006c 5A000000 		.4byte	.LASF9
 177 0070 02       		.byte	0x2
 178 0071 9801     		.2byte	0x198
 179 0073 2C000000 		.4byte	0x2c
 180 0077 04       		.uleb128 0x4
 181 0078 DA000000 		.4byte	.LASF10
 182 007c 02       		.byte	0x2
 183 007d 9A01     		.2byte	0x19a
 184 007f 48000000 		.4byte	0x48
 185 0083 02       		.uleb128 0x2
 186 0084 04       		.byte	0x4
 187 0085 04       		.byte	0x4
 188 0086 54000000 		.4byte	.LASF11
 189 008a 02       		.uleb128 0x2
 190 008b 08       		.byte	0x8
 191 008c 04       		.byte	0x4
 192 008d C4000000 		.4byte	.LASF12
 193 0091 02       		.uleb128 0x2
 194 0092 01       		.byte	0x1
 195 0093 08       		.byte	0x8
 196 0094 4F010000 		.4byte	.LASF13
 197 0098 04       		.uleb128 0x4
 198 0099 00000000 		.4byte	.LASF14
ARM GAS  C:\Users\Alan\AppData\Local\Temp\cclPDjOa.s 			page 5


 199 009d 02       		.byte	0x2
 200 009e 3A02     		.2byte	0x23a
 201 00a0 48000000 		.4byte	0x48
 202 00a4 02       		.uleb128 0x2
 203 00a5 04       		.byte	0x4
 204 00a6 07       		.byte	0x7
 205 00a7 38010000 		.4byte	.LASF15
 206 00ab 05       		.uleb128 0x5
 207 00ac CB000000 		.4byte	.LASF31
 208 00b0 01       		.byte	0x1
 209 00b1 04       		.byte	0x4
 210 00b2 5D000000 		.4byte	0x5d
 211 00b6 00000000 		.4byte	.LFB35
 212 00ba 6C000000 		.4byte	.LFE35-.LFB35
 213 00be 01       		.uleb128 0x1
 214 00bf 9C       		.byte	0x9c
 215 00c0 7C010000 		.4byte	0x17c
 216 00c4 06       		.uleb128 0x6
 217 00c5 08000000 		.4byte	.LVL0
 218 00c9 7C010000 		.4byte	0x17c
 219 00cd 06       		.uleb128 0x6
 220 00ce 0C000000 		.4byte	.LVL1
 221 00d2 83010000 		.4byte	0x183
 222 00d6 06       		.uleb128 0x6
 223 00d7 10000000 		.4byte	.LVL2
 224 00db 8B010000 		.4byte	0x18b
 225 00df 06       		.uleb128 0x6
 226 00e0 14000000 		.4byte	.LVL3
 227 00e4 96010000 		.4byte	0x196
 228 00e8 06       		.uleb128 0x6
 229 00e9 18000000 		.4byte	.LVL4
 230 00ed 9D010000 		.4byte	0x19d
 231 00f1 06       		.uleb128 0x6
 232 00f2 1C000000 		.4byte	.LVL5
 233 00f6 A8010000 		.4byte	0x1a8
 234 00fa 06       		.uleb128 0x6
 235 00fb 24000000 		.4byte	.LVL6
 236 00ff B3010000 		.4byte	0x1b3
 237 0103 07       		.uleb128 0x7
 238 0104 2A000000 		.4byte	.LVL7
 239 0108 BE010000 		.4byte	0x1be
 240 010c 16010000 		.4byte	0x116
 241 0110 08       		.uleb128 0x8
 242 0111 01       		.uleb128 0x1
 243 0112 50       		.byte	0x50
 244 0113 01       		.uleb128 0x1
 245 0114 30       		.byte	0x30
 246 0115 00       		.byte	0
 247 0116 06       		.uleb128 0x6
 248 0117 34000000 		.4byte	.LVL8
 249 011b D4010000 		.4byte	0x1d4
 250 011f 07       		.uleb128 0x7
 251 0120 3A000000 		.4byte	.LVL9
 252 0124 BE010000 		.4byte	0x1be
 253 0128 32010000 		.4byte	0x132
 254 012c 08       		.uleb128 0x8
 255 012d 01       		.uleb128 0x1
ARM GAS  C:\Users\Alan\AppData\Local\Temp\cclPDjOa.s 			page 6


 256 012e 50       		.byte	0x50
 257 012f 01       		.uleb128 0x1
 258 0130 31       		.byte	0x31
 259 0131 00       		.byte	0
 260 0132 06       		.uleb128 0x6
 261 0133 44000000 		.4byte	.LVL10
 262 0137 E5010000 		.4byte	0x1e5
 263 013b 07       		.uleb128 0x7
 264 013c 4A000000 		.4byte	.LVL11
 265 0140 BE010000 		.4byte	0x1be
 266 0144 4E010000 		.4byte	0x14e
 267 0148 08       		.uleb128 0x8
 268 0149 01       		.uleb128 0x1
 269 014a 50       		.byte	0x50
 270 014b 01       		.uleb128 0x1
 271 014c 32       		.byte	0x32
 272 014d 00       		.byte	0
 273 014e 06       		.uleb128 0x6
 274 014f 54000000 		.4byte	.LVL12
 275 0153 F6010000 		.4byte	0x1f6
 276 0157 06       		.uleb128 0x6
 277 0158 58000000 		.4byte	.LVL13
 278 015c 07020000 		.4byte	0x207
 279 0160 06       		.uleb128 0x6
 280 0161 5C000000 		.4byte	.LVL14
 281 0165 9D010000 		.4byte	0x19d
 282 0169 06       		.uleb128 0x6
 283 016a 60000000 		.4byte	.LVL15
 284 016e 12020000 		.4byte	0x212
 285 0172 06       		.uleb128 0x6
 286 0173 6A000000 		.4byte	.LVL16
 287 0177 1D020000 		.4byte	0x21d
 288 017b 00       		.byte	0
 289 017c 09       		.uleb128 0x9
 290 017d 09000000 		.4byte	.LASF16
 291 0181 03       		.byte	0x3
 292 0182 1F       		.byte	0x1f
 293 0183 0A       		.uleb128 0xa
 294 0184 69010000 		.4byte	.LASF17
 295 0188 04       		.byte	0x4
 296 0189 3201     		.2byte	0x132
 297 018b 0B       		.uleb128 0xb
 298 018c 94020000 		.4byte	.LASF19
 299 0190 06       		.byte	0x6
 300 0191 39       		.byte	0x39
 301 0192 98000000 		.4byte	0x98
 302 0196 09       		.uleb128 0x9
 303 0197 1B020000 		.4byte	.LASF18
 304 019b 05       		.byte	0x5
 305 019c 52       		.byte	0x52
 306 019d 0B       		.uleb128 0xb
 307 019e 60000000 		.4byte	.LASF20
 308 01a2 07       		.byte	0x7
 309 01a3 5C       		.byte	0x5c
 310 01a4 98000000 		.4byte	0x98
 311 01a8 0B       		.uleb128 0xb
 312 01a9 86000000 		.4byte	.LASF21
ARM GAS  C:\Users\Alan\AppData\Local\Temp\cclPDjOa.s 			page 7


 313 01ad 07       		.byte	0x7
 314 01ae 5D       		.byte	0x5d
 315 01af 77000000 		.4byte	0x77
 316 01b3 0B       		.uleb128 0xb
 317 01b4 11010000 		.4byte	.LASF22
 318 01b8 06       		.byte	0x6
 319 01b9 3D       		.byte	0x3d
 320 01ba 98000000 		.4byte	0x98
 321 01be 0C       		.uleb128 0xc
 322 01bf 20000000 		.4byte	.LASF32
 323 01c3 0B       		.byte	0xb
 324 01c4 8B03     		.2byte	0x38b
 325 01c6 77000000 		.4byte	0x77
 326 01ca D4010000 		.4byte	0x1d4
 327 01ce 0D       		.uleb128 0xd
 328 01cf 77000000 		.4byte	0x77
 329 01d3 00       		.byte	0
 330 01d4 0E       		.uleb128 0xe
 331 01d5 E1000000 		.4byte	.LASF23
 332 01d9 08       		.byte	0x8
 333 01da 33       		.byte	0x33
 334 01db E5010000 		.4byte	0x1e5
 335 01df 0D       		.uleb128 0xd
 336 01e0 6B000000 		.4byte	0x6b
 337 01e4 00       		.byte	0
 338 01e5 0E       		.uleb128 0xe
 339 01e6 2C010000 		.4byte	.LASF24
 340 01ea 09       		.byte	0x9
 341 01eb 33       		.byte	0x33
 342 01ec F6010000 		.4byte	0x1f6
 343 01f0 0D       		.uleb128 0xd
 344 01f1 6B000000 		.4byte	0x6b
 345 01f5 00       		.byte	0
 346 01f6 0E       		.uleb128 0xe
 347 01f7 54010000 		.4byte	.LASF25
 348 01fb 0A       		.byte	0xa
 349 01fc 33       		.byte	0x33
 350 01fd 07020000 		.4byte	0x207
 351 0201 0D       		.uleb128 0xd
 352 0202 6B000000 		.4byte	0x6b
 353 0206 00       		.byte	0
 354 0207 0B       		.uleb128 0xb
 355 0208 38000000 		.4byte	.LASF26
 356 020c 05       		.byte	0x5
 357 020d 4D       		.byte	0x4d
 358 020e 98000000 		.4byte	0x98
 359 0212 0B       		.uleb128 0xb
 360 0213 73010000 		.4byte	.LASF27
 361 0217 0A       		.byte	0xa
 362 0218 32       		.byte	0x32
 363 0219 6B000000 		.4byte	0x6b
 364 021d 0F       		.uleb128 0xf
 365 021e D0000000 		.4byte	.LASF33
 366 0222 0C       		.byte	0xc
 367 0223 33       		.byte	0x33
 368 0224 0D       		.uleb128 0xd
 369 0225 6B000000 		.4byte	0x6b
ARM GAS  C:\Users\Alan\AppData\Local\Temp\cclPDjOa.s 			page 8


 370 0229 00       		.byte	0
 371 022a 00       		.byte	0
 372              		.section	.debug_abbrev,"",%progbits
 373              	.Ldebug_abbrev0:
 374 0000 01       		.uleb128 0x1
 375 0001 11       		.uleb128 0x11
 376 0002 01       		.byte	0x1
 377 0003 25       		.uleb128 0x25
 378 0004 0E       		.uleb128 0xe
 379 0005 13       		.uleb128 0x13
 380 0006 0B       		.uleb128 0xb
 381 0007 03       		.uleb128 0x3
 382 0008 0E       		.uleb128 0xe
 383 0009 1B       		.uleb128 0x1b
 384 000a 0E       		.uleb128 0xe
 385 000b 55       		.uleb128 0x55
 386 000c 17       		.uleb128 0x17
 387 000d 11       		.uleb128 0x11
 388 000e 01       		.uleb128 0x1
 389 000f 10       		.uleb128 0x10
 390 0010 17       		.uleb128 0x17
 391 0011 00       		.byte	0
 392 0012 00       		.byte	0
 393 0013 02       		.uleb128 0x2
 394 0014 24       		.uleb128 0x24
 395 0015 00       		.byte	0
 396 0016 0B       		.uleb128 0xb
 397 0017 0B       		.uleb128 0xb
 398 0018 3E       		.uleb128 0x3e
 399 0019 0B       		.uleb128 0xb
 400 001a 03       		.uleb128 0x3
 401 001b 0E       		.uleb128 0xe
 402 001c 00       		.byte	0
 403 001d 00       		.byte	0
 404 001e 03       		.uleb128 0x3
 405 001f 24       		.uleb128 0x24
 406 0020 00       		.byte	0
 407 0021 0B       		.uleb128 0xb
 408 0022 0B       		.uleb128 0xb
 409 0023 3E       		.uleb128 0x3e
 410 0024 0B       		.uleb128 0xb
 411 0025 03       		.uleb128 0x3
 412 0026 08       		.uleb128 0x8
 413 0027 00       		.byte	0
 414 0028 00       		.byte	0
 415 0029 04       		.uleb128 0x4
 416 002a 16       		.uleb128 0x16
 417 002b 00       		.byte	0
 418 002c 03       		.uleb128 0x3
 419 002d 0E       		.uleb128 0xe
 420 002e 3A       		.uleb128 0x3a
 421 002f 0B       		.uleb128 0xb
 422 0030 3B       		.uleb128 0x3b
 423 0031 05       		.uleb128 0x5
 424 0032 49       		.uleb128 0x49
 425 0033 13       		.uleb128 0x13
 426 0034 00       		.byte	0
ARM GAS  C:\Users\Alan\AppData\Local\Temp\cclPDjOa.s 			page 9


 427 0035 00       		.byte	0
 428 0036 05       		.uleb128 0x5
 429 0037 2E       		.uleb128 0x2e
 430 0038 01       		.byte	0x1
 431 0039 3F       		.uleb128 0x3f
 432 003a 19       		.uleb128 0x19
 433 003b 03       		.uleb128 0x3
 434 003c 0E       		.uleb128 0xe
 435 003d 3A       		.uleb128 0x3a
 436 003e 0B       		.uleb128 0xb
 437 003f 3B       		.uleb128 0x3b
 438 0040 0B       		.uleb128 0xb
 439 0041 49       		.uleb128 0x49
 440 0042 13       		.uleb128 0x13
 441 0043 11       		.uleb128 0x11
 442 0044 01       		.uleb128 0x1
 443 0045 12       		.uleb128 0x12
 444 0046 06       		.uleb128 0x6
 445 0047 40       		.uleb128 0x40
 446 0048 18       		.uleb128 0x18
 447 0049 9742     		.uleb128 0x2117
 448 004b 19       		.uleb128 0x19
 449 004c 01       		.uleb128 0x1
 450 004d 13       		.uleb128 0x13
 451 004e 00       		.byte	0
 452 004f 00       		.byte	0
 453 0050 06       		.uleb128 0x6
 454 0051 898201   		.uleb128 0x4109
 455 0054 00       		.byte	0
 456 0055 11       		.uleb128 0x11
 457 0056 01       		.uleb128 0x1
 458 0057 31       		.uleb128 0x31
 459 0058 13       		.uleb128 0x13
 460 0059 00       		.byte	0
 461 005a 00       		.byte	0
 462 005b 07       		.uleb128 0x7
 463 005c 898201   		.uleb128 0x4109
 464 005f 01       		.byte	0x1
 465 0060 11       		.uleb128 0x11
 466 0061 01       		.uleb128 0x1
 467 0062 31       		.uleb128 0x31
 468 0063 13       		.uleb128 0x13
 469 0064 01       		.uleb128 0x1
 470 0065 13       		.uleb128 0x13
 471 0066 00       		.byte	0
 472 0067 00       		.byte	0
 473 0068 08       		.uleb128 0x8
 474 0069 8A8201   		.uleb128 0x410a
 475 006c 00       		.byte	0
 476 006d 02       		.uleb128 0x2
 477 006e 18       		.uleb128 0x18
 478 006f 9142     		.uleb128 0x2111
 479 0071 18       		.uleb128 0x18
 480 0072 00       		.byte	0
 481 0073 00       		.byte	0
 482 0074 09       		.uleb128 0x9
 483 0075 2E       		.uleb128 0x2e
ARM GAS  C:\Users\Alan\AppData\Local\Temp\cclPDjOa.s 			page 10


 484 0076 00       		.byte	0
 485 0077 3F       		.uleb128 0x3f
 486 0078 19       		.uleb128 0x19
 487 0079 03       		.uleb128 0x3
 488 007a 0E       		.uleb128 0xe
 489 007b 3A       		.uleb128 0x3a
 490 007c 0B       		.uleb128 0xb
 491 007d 3B       		.uleb128 0x3b
 492 007e 0B       		.uleb128 0xb
 493 007f 27       		.uleb128 0x27
 494 0080 19       		.uleb128 0x19
 495 0081 3C       		.uleb128 0x3c
 496 0082 19       		.uleb128 0x19
 497 0083 00       		.byte	0
 498 0084 00       		.byte	0
 499 0085 0A       		.uleb128 0xa
 500 0086 2E       		.uleb128 0x2e
 501 0087 00       		.byte	0
 502 0088 3F       		.uleb128 0x3f
 503 0089 19       		.uleb128 0x19
 504 008a 03       		.uleb128 0x3
 505 008b 0E       		.uleb128 0xe
 506 008c 3A       		.uleb128 0x3a
 507 008d 0B       		.uleb128 0xb
 508 008e 3B       		.uleb128 0x3b
 509 008f 05       		.uleb128 0x5
 510 0090 27       		.uleb128 0x27
 511 0091 19       		.uleb128 0x19
 512 0092 3C       		.uleb128 0x3c
 513 0093 19       		.uleb128 0x19
 514 0094 00       		.byte	0
 515 0095 00       		.byte	0
 516 0096 0B       		.uleb128 0xb
 517 0097 2E       		.uleb128 0x2e
 518 0098 00       		.byte	0
 519 0099 3F       		.uleb128 0x3f
 520 009a 19       		.uleb128 0x19
 521 009b 03       		.uleb128 0x3
 522 009c 0E       		.uleb128 0xe
 523 009d 3A       		.uleb128 0x3a
 524 009e 0B       		.uleb128 0xb
 525 009f 3B       		.uleb128 0x3b
 526 00a0 0B       		.uleb128 0xb
 527 00a1 27       		.uleb128 0x27
 528 00a2 19       		.uleb128 0x19
 529 00a3 49       		.uleb128 0x49
 530 00a4 13       		.uleb128 0x13
 531 00a5 3C       		.uleb128 0x3c
 532 00a6 19       		.uleb128 0x19
 533 00a7 00       		.byte	0
 534 00a8 00       		.byte	0
 535 00a9 0C       		.uleb128 0xc
 536 00aa 2E       		.uleb128 0x2e
 537 00ab 01       		.byte	0x1
 538 00ac 3F       		.uleb128 0x3f
 539 00ad 19       		.uleb128 0x19
 540 00ae 03       		.uleb128 0x3
ARM GAS  C:\Users\Alan\AppData\Local\Temp\cclPDjOa.s 			page 11


 541 00af 0E       		.uleb128 0xe
 542 00b0 3A       		.uleb128 0x3a
 543 00b1 0B       		.uleb128 0xb
 544 00b2 3B       		.uleb128 0x3b
 545 00b3 05       		.uleb128 0x5
 546 00b4 27       		.uleb128 0x27
 547 00b5 19       		.uleb128 0x19
 548 00b6 49       		.uleb128 0x49
 549 00b7 13       		.uleb128 0x13
 550 00b8 3C       		.uleb128 0x3c
 551 00b9 19       		.uleb128 0x19
 552 00ba 01       		.uleb128 0x1
 553 00bb 13       		.uleb128 0x13
 554 00bc 00       		.byte	0
 555 00bd 00       		.byte	0
 556 00be 0D       		.uleb128 0xd
 557 00bf 05       		.uleb128 0x5
 558 00c0 00       		.byte	0
 559 00c1 49       		.uleb128 0x49
 560 00c2 13       		.uleb128 0x13
 561 00c3 00       		.byte	0
 562 00c4 00       		.byte	0
 563 00c5 0E       		.uleb128 0xe
 564 00c6 2E       		.uleb128 0x2e
 565 00c7 01       		.byte	0x1
 566 00c8 3F       		.uleb128 0x3f
 567 00c9 19       		.uleb128 0x19
 568 00ca 03       		.uleb128 0x3
 569 00cb 0E       		.uleb128 0xe
 570 00cc 3A       		.uleb128 0x3a
 571 00cd 0B       		.uleb128 0xb
 572 00ce 3B       		.uleb128 0x3b
 573 00cf 0B       		.uleb128 0xb
 574 00d0 27       		.uleb128 0x27
 575 00d1 19       		.uleb128 0x19
 576 00d2 3C       		.uleb128 0x3c
 577 00d3 19       		.uleb128 0x19
 578 00d4 01       		.uleb128 0x1
 579 00d5 13       		.uleb128 0x13
 580 00d6 00       		.byte	0
 581 00d7 00       		.byte	0
 582 00d8 0F       		.uleb128 0xf
 583 00d9 2E       		.uleb128 0x2e
 584 00da 01       		.byte	0x1
 585 00db 3F       		.uleb128 0x3f
 586 00dc 19       		.uleb128 0x19
 587 00dd 03       		.uleb128 0x3
 588 00de 0E       		.uleb128 0xe
 589 00df 3A       		.uleb128 0x3a
 590 00e0 0B       		.uleb128 0xb
 591 00e1 3B       		.uleb128 0x3b
 592 00e2 0B       		.uleb128 0xb
 593 00e3 27       		.uleb128 0x27
 594 00e4 19       		.uleb128 0x19
 595 00e5 3C       		.uleb128 0x3c
 596 00e6 19       		.uleb128 0x19
 597 00e7 00       		.byte	0
ARM GAS  C:\Users\Alan\AppData\Local\Temp\cclPDjOa.s 			page 12


 598 00e8 00       		.byte	0
 599 00e9 00       		.byte	0
 600              		.section	.debug_aranges,"",%progbits
 601 0000 1C000000 		.4byte	0x1c
 602 0004 0200     		.2byte	0x2
 603 0006 00000000 		.4byte	.Ldebug_info0
 604 000a 04       		.byte	0x4
 605 000b 00       		.byte	0
 606 000c 0000     		.2byte	0
 607 000e 0000     		.2byte	0
 608 0010 00000000 		.4byte	.LFB35
 609 0014 6C000000 		.4byte	.LFE35-.LFB35
 610 0018 00000000 		.4byte	0
 611 001c 00000000 		.4byte	0
 612              		.section	.debug_ranges,"",%progbits
 613              	.Ldebug_ranges0:
 614 0000 00000000 		.4byte	.LFB35
 615 0004 6C000000 		.4byte	.LFE35
 616 0008 00000000 		.4byte	0
 617 000c 00000000 		.4byte	0
 618              		.section	.debug_line,"",%progbits
 619              	.Ldebug_line0:
 620 0000 FD000000 		.section	.debug_str,"MS",%progbits,1
 620      0200DB00 
 620      00000201 
 620      FB0E0D00 
 620      01010101 
 621              	.LASF14:
 622 0000 63797374 		.ascii	"cystatus\000"
 622      61747573 
 622      00
 623              	.LASF16:
 624 0009 536D6172 		.ascii	"SmartIO_Start\000"
 624      74494F5F 
 624      53746172 
 624      7400
 625              	.LASF4:
 626 0017 6C6F6E67 		.ascii	"long int\000"
 626      20696E74 
 626      00
 627              	.LASF32:
 628 0020 43617053 		.ascii	"CapSense_IsWidgetActive\000"
 628      656E7365 
 628      5F497357 
 628      69646765 
 628      74416374 
 629              	.LASF26:
 630 0038 43617053 		.ascii	"CapSense_UpdateAllBaselines\000"
 630      656E7365 
 630      5F557064 
 630      61746541 
 630      6C6C4261 
 631              	.LASF11:
 632 0054 666C6F61 		.ascii	"float\000"
 632      7400
 633              	.LASF9:
 634 005a 75696E74 		.ascii	"uint8\000"
ARM GAS  C:\Users\Alan\AppData\Local\Temp\cclPDjOa.s 			page 13


 634      3800
 635              	.LASF20:
 636 0060 43617053 		.ascii	"CapSense_ScanAllWidgets\000"
 636      656E7365 
 636      5F536361 
 636      6E416C6C 
 636      57696467 
 637              	.LASF1:
 638 0078 756E7369 		.ascii	"unsigned char\000"
 638      676E6564 
 638      20636861 
 638      7200
 639              	.LASF21:
 640 0086 43617053 		.ascii	"CapSense_IsBusy\000"
 640      656E7365 
 640      5F497342 
 640      75737900 
 641              	.LASF5:
 642 0096 6C6F6E67 		.ascii	"long unsigned int\000"
 642      20756E73 
 642      69676E65 
 642      6420696E 
 642      7400
 643              	.LASF3:
 644 00a8 73686F72 		.ascii	"short unsigned int\000"
 644      7420756E 
 644      7369676E 
 644      65642069 
 644      6E7400
 645              	.LASF29:
 646 00bb 2E5C6D61 		.ascii	".\\main.c\000"
 646      696E2E63 
 646      00
 647              	.LASF12:
 648 00c4 646F7562 		.ascii	"double\000"
 648      6C6500
 649              	.LASF31:
 650 00cb 6D61696E 		.ascii	"main\000"
 650      00
 651              	.LASF33:
 652 00d0 5032305F 		.ascii	"P20_Write\000"
 652      57726974 
 652      6500
 653              	.LASF10:
 654 00da 75696E74 		.ascii	"uint32\000"
 654      333200
 655              	.LASF23:
 656 00e1 4C454431 		.ascii	"LED10_Write\000"
 656      305F5772 
 656      69746500 
 657              	.LASF8:
 658 00ed 756E7369 		.ascii	"unsigned int\000"
 658      676E6564 
 658      20696E74 
 658      00
 659              	.LASF7:
 660 00fa 6C6F6E67 		.ascii	"long long unsigned int\000"
ARM GAS  C:\Users\Alan\AppData\Local\Temp\cclPDjOa.s 			page 14


 660      206C6F6E 
 660      6720756E 
 660      7369676E 
 660      65642069 
 661              	.LASF22:
 662 0111 43617053 		.ascii	"CapSense_ProcessAllWidgets\000"
 662      656E7365 
 662      5F50726F 
 662      63657373 
 662      416C6C57 
 663              	.LASF24:
 664 012c 4C454431 		.ascii	"LED11_Write\000"
 664      315F5772 
 664      69746500 
 665              	.LASF15:
 666 0138 73697A65 		.ascii	"sizetype\000"
 666      74797065 
 666      00
 667              	.LASF6:
 668 0141 6C6F6E67 		.ascii	"long long int\000"
 668      206C6F6E 
 668      6720696E 
 668      7400
 669              	.LASF13:
 670 014f 63686172 		.ascii	"char\000"
 670      00
 671              	.LASF25:
 672 0154 4C454439 		.ascii	"LED9_Write\000"
 672      5F577269 
 672      746500
 673              	.LASF2:
 674 015f 73686F72 		.ascii	"short int\000"
 674      7420696E 
 674      7400
 675              	.LASF17:
 676 0169 50574D5F 		.ascii	"PWM_Start\000"
 676      53746172 
 676      7400
 677              	.LASF27:
 678 0173 4C454439 		.ascii	"LED9_Read\000"
 678      5F526561 
 678      6400
 679              	.LASF28:
 680 017d 474E5520 		.ascii	"GNU C 4.9.3 20150303 (release) [ARM/embedded-4_9-br"
 680      4320342E 
 680      392E3320 
 680      32303135 
 680      30333033 
 681 01b0 616E6368 		.ascii	"anch revision 221220] -mcpu=cortex-m0plus -mthumb -"
 681      20726576 
 681      6973696F 
 681      6E203232 
 681      31323230 
 682 01e3 67202D4F 		.ascii	"g -Og -ffunction-sections -ffat-lto-objects\000"
 682      67202D66 
 682      66756E63 
 682      74696F6E 
ARM GAS  C:\Users\Alan\AppData\Local\Temp\cclPDjOa.s 			page 15


 682      2D736563 
 683              	.LASF0:
 684 020f 7369676E 		.ascii	"signed char\000"
 684      65642063 
 684      68617200 
 685              	.LASF18:
 686 021b 43617053 		.ascii	"CapSense_InitializeAllBaselines\000"
 686      656E7365 
 686      5F496E69 
 686      7469616C 
 686      697A6541 
 687              	.LASF30:
 688 023b 5C5C766D 		.ascii	"\\\\vmware-host\\Shared Folders\\Documents\\PSoC Cr"
 688      77617265 
 688      2D686F73 
 688      745C5368 
 688      61726564 
 689 0269 6561746F 		.ascii	"eator\\SmartIO\\SmartIOCountUpExtClock.cydsn\000"
 689      725C536D 
 689      61727449 
 689      4F5C536D 
 689      61727449 
 690              	.LASF19:
 691 0294 43617053 		.ascii	"CapSense_Start\000"
 691      656E7365 
 691      5F537461 
 691      727400
 692              		.ident	"GCC: (GNU Tools for ARM Embedded Processors) 4.9.3 20150303 (release) [ARM/embedded-4_9-br
