ARM GAS  C:\Users\Alan\AppData\Local\Temp\ccV3Rbtr.s 			page 1


   1              		.cpu cortex-m0
   2              		.fpu softvfp
   3              		.eabi_attribute 20, 1
   4              		.eabi_attribute 21, 1
   5              		.eabi_attribute 23, 3
   6              		.eabi_attribute 24, 1
   7              		.eabi_attribute 25, 1
   8              		.eabi_attribute 26, 1
   9              		.eabi_attribute 30, 6
  10              		.eabi_attribute 34, 0
  11              		.eabi_attribute 18, 4
  12              		.code	16
  13              		.file	"ble_custom.c"
  14              		.text
  15              	.Ltext0:
  16              		.cfi_sections	.debug_frame
  17              		.global	cyBle_customs
  18              		.section	.rodata
  19              		.align	2
  20              		.type	cyBle_customs, %object
  21              		.size	cyBle_customs, 14
  22              	cyBle_customs:
  23 0000 0C00     		.short	12
  24 0002 0E00     		.short	14
  25 0004 0F00     		.short	15
  26 0006 0000     		.short	0
  27 0008 1100     		.short	17
  28 000a 1200     		.short	18
  29 000c 1300     		.short	19
  30 000e 0000     		.section	.text.CyBle_CustomInit,"ax",%progbits
  31              		.align	2
  32              		.global	CyBle_CustomInit
  33              		.code	16
  34              		.thumb_func
  35              		.type	CyBle_CustomInit, %function
  36              	CyBle_CustomInit:
  37              	.LFB2:
  38              		.file 1 ".\\Generated_Source\\PSoC4\\ble_custom.c"
   1:.\Generated_Source\PSoC4/ble_custom.c **** /***************************************************************************//**
   2:.\Generated_Source\PSoC4/ble_custom.c **** * \file CYBLE_custom.c
   3:.\Generated_Source\PSoC4/ble_custom.c **** * \version 2.30
   4:.\Generated_Source\PSoC4/ble_custom.c **** * 
   5:.\Generated_Source\PSoC4/ble_custom.c **** * \brief
   6:.\Generated_Source\PSoC4/ble_custom.c **** *  Contains the source code for the Custom Service.
   7:.\Generated_Source\PSoC4/ble_custom.c **** * 
   8:.\Generated_Source\PSoC4/ble_custom.c **** ********************************************************************************
   9:.\Generated_Source\PSoC4/ble_custom.c **** * \copyright
  10:.\Generated_Source\PSoC4/ble_custom.c **** * Copyright 2014-2015, Cypress Semiconductor Corporation.  All rights reserved.
  11:.\Generated_Source\PSoC4/ble_custom.c **** * You may use this file only in accordance with the license, terms, conditions,
  12:.\Generated_Source\PSoC4/ble_custom.c **** * disclaimers, and limitations in the end user license agreement accompanying
  13:.\Generated_Source\PSoC4/ble_custom.c **** * the software package with which this file was provided.
  14:.\Generated_Source\PSoC4/ble_custom.c **** *******************************************************************************/
  15:.\Generated_Source\PSoC4/ble_custom.c **** 
  16:.\Generated_Source\PSoC4/ble_custom.c **** 
  17:.\Generated_Source\PSoC4/ble_custom.c **** #include "ble_eventHandler.h"
  18:.\Generated_Source\PSoC4/ble_custom.c **** 
  19:.\Generated_Source\PSoC4/ble_custom.c **** #ifdef CYBLE_CUSTOM_SERVER
ARM GAS  C:\Users\Alan\AppData\Local\Temp\ccV3Rbtr.s 			page 2


  20:.\Generated_Source\PSoC4/ble_custom.c **** 
  21:.\Generated_Source\PSoC4/ble_custom.c **** /* If any custom service with custom characterisctis is defined in the
  22:.\Generated_Source\PSoC4/ble_custom.c **** * customizer's GUI their handles will be present in this array.
  23:.\Generated_Source\PSoC4/ble_custom.c **** */
  24:.\Generated_Source\PSoC4/ble_custom.c **** /* This array contains attribute handles for the defined Custom Services and their characteristics 
  25:.\Generated_Source\PSoC4/ble_custom.c ****    The array index definitions are located in the CYBLE_custom.h file. */
  26:.\Generated_Source\PSoC4/ble_custom.c **** const CYBLE_CUSTOMS_T cyBle_customs[0x01u] = {
  27:.\Generated_Source\PSoC4/ble_custom.c **** 
  28:.\Generated_Source\PSoC4/ble_custom.c ****     /* ledcapsense service */
  29:.\Generated_Source\PSoC4/ble_custom.c ****     {
  30:.\Generated_Source\PSoC4/ble_custom.c ****         0x000Cu, /* Handle of the ledcapsense service */ 
  31:.\Generated_Source\PSoC4/ble_custom.c ****         {
  32:.\Generated_Source\PSoC4/ble_custom.c **** 
  33:.\Generated_Source\PSoC4/ble_custom.c ****             /* led characteristic */
  34:.\Generated_Source\PSoC4/ble_custom.c ****             {
  35:.\Generated_Source\PSoC4/ble_custom.c ****                 0x000Eu, /* Handle of the led characteristic */ 
  36:.\Generated_Source\PSoC4/ble_custom.c ****                 
  37:.\Generated_Source\PSoC4/ble_custom.c ****                 /* Array of Descriptors handles */
  38:.\Generated_Source\PSoC4/ble_custom.c ****                 {
  39:.\Generated_Source\PSoC4/ble_custom.c ****                     0x000Fu, /* Handle of the Characteristic User Description descriptor */ 
  40:.\Generated_Source\PSoC4/ble_custom.c ****                     CYBLE_GATT_INVALID_ATTR_HANDLE_VALUE, 
  41:.\Generated_Source\PSoC4/ble_custom.c ****                 }, 
  42:.\Generated_Source\PSoC4/ble_custom.c ****             },
  43:.\Generated_Source\PSoC4/ble_custom.c **** 
  44:.\Generated_Source\PSoC4/ble_custom.c ****             /* capsense characteristic */
  45:.\Generated_Source\PSoC4/ble_custom.c ****             {
  46:.\Generated_Source\PSoC4/ble_custom.c ****                 0x0011u, /* Handle of the capsense characteristic */ 
  47:.\Generated_Source\PSoC4/ble_custom.c ****                 
  48:.\Generated_Source\PSoC4/ble_custom.c ****                 /* Array of Descriptors handles */
  49:.\Generated_Source\PSoC4/ble_custom.c ****                 {
  50:.\Generated_Source\PSoC4/ble_custom.c ****                     0x0012u, /* Handle of the capsensecccd descriptor */ 
  51:.\Generated_Source\PSoC4/ble_custom.c ****                     0x0013u, /* Handle of the Characteristic User Description descriptor */ 
  52:.\Generated_Source\PSoC4/ble_custom.c ****                 }, 
  53:.\Generated_Source\PSoC4/ble_custom.c ****             },
  54:.\Generated_Source\PSoC4/ble_custom.c ****         }, 
  55:.\Generated_Source\PSoC4/ble_custom.c ****     },
  56:.\Generated_Source\PSoC4/ble_custom.c **** };
  57:.\Generated_Source\PSoC4/ble_custom.c **** 
  58:.\Generated_Source\PSoC4/ble_custom.c **** 
  59:.\Generated_Source\PSoC4/ble_custom.c **** #endif /* (CYBLE_CUSTOM_SERVER) */
  60:.\Generated_Source\PSoC4/ble_custom.c **** 
  61:.\Generated_Source\PSoC4/ble_custom.c **** #ifdef CYBLE_CUSTOM_CLIENT
  62:.\Generated_Source\PSoC4/ble_custom.c ****     
  63:.\Generated_Source\PSoC4/ble_custom.c **** 
  64:.\Generated_Source\PSoC4/ble_custom.c **** static uint16 cyBle_customDisServIndex;
  65:.\Generated_Source\PSoC4/ble_custom.c **** static uint16 cyBle_customDisCharIndex;
  66:.\Generated_Source\PSoC4/ble_custom.c **** 
  67:.\Generated_Source\PSoC4/ble_custom.c **** #endif /* (CYBLE_CUSTOM_CLIENT) */
  68:.\Generated_Source\PSoC4/ble_custom.c **** 
  69:.\Generated_Source\PSoC4/ble_custom.c **** 
  70:.\Generated_Source\PSoC4/ble_custom.c **** /****************************************************************************** 
  71:.\Generated_Source\PSoC4/ble_custom.c **** * Function Name: CyBle_CustomInit
  72:.\Generated_Source\PSoC4/ble_custom.c **** ***************************************************************************//**
  73:.\Generated_Source\PSoC4/ble_custom.c **** * 
  74:.\Generated_Source\PSoC4/ble_custom.c **** *  This function initializes Custom Service.
  75:.\Generated_Source\PSoC4/ble_custom.c **** * 
  76:.\Generated_Source\PSoC4/ble_custom.c **** * \return
ARM GAS  C:\Users\Alan\AppData\Local\Temp\ccV3Rbtr.s 			page 3


  77:.\Generated_Source\PSoC4/ble_custom.c **** *  None
  78:.\Generated_Source\PSoC4/ble_custom.c **** * 
  79:.\Generated_Source\PSoC4/ble_custom.c **** ******************************************************************************/
  80:.\Generated_Source\PSoC4/ble_custom.c **** void CyBle_CustomInit(void)
  81:.\Generated_Source\PSoC4/ble_custom.c **** {
  39              		.loc 1 81 0
  40              		.cfi_startproc
  41 0000 80B5     		push	{r7, lr}
  42              		.cfi_def_cfa_offset 8
  43              		.cfi_offset 7, -8
  44              		.cfi_offset 14, -4
  45 0002 00AF     		add	r7, sp, #0
  46              		.cfi_def_cfa_register 7
  82:.\Generated_Source\PSoC4/ble_custom.c ****     
  83:.\Generated_Source\PSoC4/ble_custom.c **** #ifdef CYBLE_CUSTOM_CLIENT
  84:.\Generated_Source\PSoC4/ble_custom.c **** 
  85:.\Generated_Source\PSoC4/ble_custom.c ****     uint16 locServIndex;
  86:.\Generated_Source\PSoC4/ble_custom.c ****     uint16 locCharIndex;
  87:.\Generated_Source\PSoC4/ble_custom.c ****     uint16 locDescIndex;
  88:.\Generated_Source\PSoC4/ble_custom.c ****     
  89:.\Generated_Source\PSoC4/ble_custom.c ****     for(locServIndex = 0u; locServIndex < CYBLE_CUSTOMC_SERVICE_COUNT; locServIndex++)
  90:.\Generated_Source\PSoC4/ble_custom.c ****     {
  91:.\Generated_Source\PSoC4/ble_custom.c ****         for(locCharIndex = 0u; locCharIndex < cyBle_customCServ[locServIndex].charCount; locCharInd
  92:.\Generated_Source\PSoC4/ble_custom.c ****         {
  93:.\Generated_Source\PSoC4/ble_custom.c ****             cyBle_customCServ[locServIndex].customServChar[locCharIndex].
  94:.\Generated_Source\PSoC4/ble_custom.c ****                 customServCharHandle = 0u;
  95:.\Generated_Source\PSoC4/ble_custom.c ****             
  96:.\Generated_Source\PSoC4/ble_custom.c ****             for(locDescIndex = 0u; locDescIndex < 
  97:.\Generated_Source\PSoC4/ble_custom.c ****                 cyBle_customCServ[locServIndex].customServChar[locCharIndex].descCount; 
  98:.\Generated_Source\PSoC4/ble_custom.c ****                     locDescIndex++)
  99:.\Generated_Source\PSoC4/ble_custom.c ****             {
 100:.\Generated_Source\PSoC4/ble_custom.c ****                 cyBle_customCServ[locServIndex].customServChar[locCharIndex].
 101:.\Generated_Source\PSoC4/ble_custom.c ****                     customServCharDesc[locDescIndex].descHandle = 0u;
 102:.\Generated_Source\PSoC4/ble_custom.c ****             }
 103:.\Generated_Source\PSoC4/ble_custom.c ****         }
 104:.\Generated_Source\PSoC4/ble_custom.c ****     }
 105:.\Generated_Source\PSoC4/ble_custom.c **** 
 106:.\Generated_Source\PSoC4/ble_custom.c **** #endif /* (CYBLE_CUSTOM_CLIENT) */
 107:.\Generated_Source\PSoC4/ble_custom.c **** }
  47              		.loc 1 107 0
  48 0004 BD46     		mov	sp, r7
  49              		@ sp needed
  50 0006 80BD     		pop	{r7, pc}
  51              		.cfi_endproc
  52              	.LFE2:
  53              		.size	CyBle_CustomInit, .-CyBle_CustomInit
  54              		.text
  55              	.Letext0:
  56              		.file 2 ".\\Generated_Source\\PSoC4\\cytypes.h"
  57              		.file 3 ".\\Generated_Source\\PSoC4\\ble_StackGatt.h"
  58              		.file 4 ".\\Generated_Source\\PSoC4\\ble_custom.h"
  59              		.file 5 ".\\Generated_Source\\PSoC4\\ble_Stack.h"
  60              		.section	.debug_info,"",%progbits
  61              	.Ldebug_info0:
  62 0000 D0020000 		.4byte	0x2d0
  63 0004 0400     		.2byte	0x4
  64 0006 00000000 		.4byte	.Ldebug_abbrev0
ARM GAS  C:\Users\Alan\AppData\Local\Temp\ccV3Rbtr.s 			page 4


  65 000a 04       		.byte	0x4
  66 000b 01       		.uleb128 0x1
  67 000c 37050000 		.4byte	.LASF78
  68 0010 01       		.byte	0x1
  69 0011 73000000 		.4byte	.LASF79
  70 0015 98060000 		.4byte	.LASF80
  71 0019 00000000 		.4byte	.Ldebug_ranges0+0
  72 001d 00000000 		.4byte	0
  73 0021 00000000 		.4byte	.Ldebug_line0
  74 0025 02       		.uleb128 0x2
  75 0026 01       		.byte	0x1
  76 0027 06       		.byte	0x6
  77 0028 ED030000 		.4byte	.LASF0
  78 002c 02       		.uleb128 0x2
  79 002d 01       		.byte	0x1
  80 002e 08       		.byte	0x8
  81 002f 74030000 		.4byte	.LASF1
  82 0033 02       		.uleb128 0x2
  83 0034 02       		.byte	0x2
  84 0035 05       		.byte	0x5
  85 0036 46000000 		.4byte	.LASF2
  86 003a 02       		.uleb128 0x2
  87 003b 02       		.byte	0x2
  88 003c 07       		.byte	0x7
  89 003d E1050000 		.4byte	.LASF3
  90 0041 02       		.uleb128 0x2
  91 0042 04       		.byte	0x4
  92 0043 05       		.byte	0x5
  93 0044 3E020000 		.4byte	.LASF4
  94 0048 02       		.uleb128 0x2
  95 0049 04       		.byte	0x4
  96 004a 07       		.byte	0x7
  97 004b 7E040000 		.4byte	.LASF5
  98 004f 02       		.uleb128 0x2
  99 0050 08       		.byte	0x8
 100 0051 05       		.byte	0x5
 101 0052 04020000 		.4byte	.LASF6
 102 0056 02       		.uleb128 0x2
 103 0057 08       		.byte	0x8
 104 0058 07       		.byte	0x7
 105 0059 12020000 		.4byte	.LASF7
 106 005d 03       		.uleb128 0x3
 107 005e 04       		.byte	0x4
 108 005f 05       		.byte	0x5
 109 0060 696E7400 		.ascii	"int\000"
 110 0064 02       		.uleb128 0x2
 111 0065 04       		.byte	0x4
 112 0066 07       		.byte	0x7
 113 0067 56040000 		.4byte	.LASF8
 114 006b 04       		.uleb128 0x4
 115 006c 1B010000 		.4byte	.LASF70
 116 0070 02       		.byte	0x2
 117 0071 9301     		.2byte	0x193
 118 0073 3A000000 		.4byte	0x3a
 119 0077 02       		.uleb128 0x2
 120 0078 04       		.byte	0x4
 121 0079 04       		.byte	0x4
ARM GAS  C:\Users\Alan\AppData\Local\Temp\ccV3Rbtr.s 			page 5


 122 007a CB010000 		.4byte	.LASF9
 123 007e 02       		.uleb128 0x2
 124 007f 08       		.byte	0x8
 125 0080 04       		.byte	0x4
 126 0081 91060000 		.4byte	.LASF10
 127 0085 02       		.uleb128 0x2
 128 0086 01       		.byte	0x1
 129 0087 08       		.byte	0x8
 130 0088 32050000 		.4byte	.LASF11
 131 008c 02       		.uleb128 0x2
 132 008d 04       		.byte	0x4
 133 008e 07       		.byte	0x7
 134 008f 6A000000 		.4byte	.LASF12
 135 0093 05       		.uleb128 0x5
 136 0094 01       		.byte	0x1
 137 0095 05       		.byte	0x5
 138 0096 A4       		.byte	0xa4
 139 0097 18020000 		.4byte	0x218
 140 009b 06       		.uleb128 0x6
 141 009c 75010000 		.4byte	.LASF13
 142 00a0 00       		.sleb128 0
 143 00a1 06       		.uleb128 0x6
 144 00a2 EA000000 		.4byte	.LASF14
 145 00a6 01       		.sleb128 1
 146 00a7 06       		.uleb128 0x6
 147 00a8 5D080000 		.4byte	.LASF15
 148 00ac 02       		.sleb128 2
 149 00ad 06       		.uleb128 0x6
 150 00ae 33070000 		.4byte	.LASF16
 151 00b2 03       		.sleb128 3
 152 00b3 06       		.uleb128 0x6
 153 00b4 C4000000 		.4byte	.LASF17
 154 00b8 04       		.sleb128 4
 155 00b9 06       		.uleb128 0x6
 156 00ba D0020000 		.4byte	.LASF18
 157 00be 05       		.sleb128 5
 158 00bf 06       		.uleb128 0x6
 159 00c0 91070000 		.4byte	.LASF19
 160 00c4 20       		.sleb128 32
 161 00c5 06       		.uleb128 0x6
 162 00c6 90040000 		.4byte	.LASF20
 163 00ca 21       		.sleb128 33
 164 00cb 06       		.uleb128 0x6
 165 00cc 00000000 		.4byte	.LASF21
 166 00d0 22       		.sleb128 34
 167 00d1 06       		.uleb128 0x6
 168 00d2 EC020000 		.4byte	.LASF22
 169 00d6 23       		.sleb128 35
 170 00d7 06       		.uleb128 0x6
 171 00d8 3A040000 		.4byte	.LASF23
 172 00dc 24       		.sleb128 36
 173 00dd 06       		.uleb128 0x6
 174 00de 50000000 		.4byte	.LASF24
 175 00e2 25       		.sleb128 37
 176 00e3 06       		.uleb128 0x6
 177 00e4 87020000 		.4byte	.LASF25
 178 00e8 26       		.sleb128 38
ARM GAS  C:\Users\Alan\AppData\Local\Temp\ccV3Rbtr.s 			page 6


 179 00e9 06       		.uleb128 0x6
 180 00ea 68020000 		.4byte	.LASF26
 181 00ee 27       		.sleb128 39
 182 00ef 06       		.uleb128 0x6
 183 00f0 24000000 		.4byte	.LASF27
 184 00f4 28       		.sleb128 40
 185 00f5 06       		.uleb128 0x6
 186 00f6 C8040000 		.4byte	.LASF28
 187 00fa 29       		.sleb128 41
 188 00fb 06       		.uleb128 0x6
 189 00fc 09050000 		.4byte	.LASF29
 190 0100 2A       		.sleb128 42
 191 0101 06       		.uleb128 0x6
 192 0102 31060000 		.4byte	.LASF30
 193 0106 2B       		.sleb128 43
 194 0107 06       		.uleb128 0x6
 195 0108 E5040000 		.4byte	.LASF31
 196 010c 2C       		.sleb128 44
 197 010d 06       		.uleb128 0x6
 198 010e 99000000 		.4byte	.LASF32
 199 0112 C000     		.sleb128 64
 200 0114 06       		.uleb128 0x6
 201 0115 63040000 		.4byte	.LASF33
 202 0119 C100     		.sleb128 65
 203 011b 06       		.uleb128 0x6
 204 011c 27090000 		.4byte	.LASF34
 205 0120 C200     		.sleb128 66
 206 0122 06       		.uleb128 0x6
 207 0123 FD000000 		.4byte	.LASF35
 208 0127 C300     		.sleb128 67
 209 0129 06       		.uleb128 0x6
 210 012a 1B080000 		.4byte	.LASF36
 211 012e C400     		.sleb128 68
 212 0130 06       		.uleb128 0x6
 213 0131 B5070000 		.4byte	.LASF37
 214 0135 C500     		.sleb128 69
 215 0137 06       		.uleb128 0x6
 216 0138 FA070000 		.4byte	.LASF38
 217 013c C600     		.sleb128 70
 218 013e 06       		.uleb128 0x6
 219 013f CF030000 		.4byte	.LASF39
 220 0143 C700     		.sleb128 71
 221 0145 06       		.uleb128 0x6
 222 0146 13040000 		.4byte	.LASF40
 223 014a C800     		.sleb128 72
 224 014c 06       		.uleb128 0x6
 225 014d D1010000 		.4byte	.LASF41
 226 0151 C900     		.sleb128 73
 227 0153 06       		.uleb128 0x6
 228 0154 F4050000 		.4byte	.LASF42
 229 0158 CA00     		.sleb128 74
 230 015a 06       		.uleb128 0x6
 231 015b 35010000 		.4byte	.LASF43
 232 015f CB00     		.sleb128 75
 233 0161 06       		.uleb128 0x6
 234 0162 F9030000 		.4byte	.LASF44
 235 0166 CC00     		.sleb128 76
ARM GAS  C:\Users\Alan\AppData\Local\Temp\ccV3Rbtr.s 			page 7


 236 0168 06       		.uleb128 0x6
 237 0169 EA010000 		.4byte	.LASF45
 238 016d CD00     		.sleb128 77
 239 016f 06       		.uleb128 0x6
 240 0170 DC070000 		.4byte	.LASF46
 241 0174 CE00     		.sleb128 78
 242 0176 06       		.uleb128 0x6
 243 0177 91030000 		.4byte	.LASF47
 244 017b CF00     		.sleb128 79
 245 017d 06       		.uleb128 0x6
 246 017e BA080000 		.4byte	.LASF48
 247 0182 D000     		.sleb128 80
 248 0184 06       		.uleb128 0x6
 249 0185 12060000 		.4byte	.LASF49
 250 0189 D100     		.sleb128 81
 251 018b 06       		.uleb128 0x6
 252 018c AF020000 		.4byte	.LASF50
 253 0190 D200     		.sleb128 82
 254 0192 06       		.uleb128 0x6
 255 0193 47020000 		.4byte	.LASF51
 256 0197 D300     		.sleb128 83
 257 0199 06       		.uleb128 0x6
 258 019a 54010000 		.4byte	.LASF52
 259 019e D400     		.sleb128 84
 260 01a0 06       		.uleb128 0x6
 261 01a1 03090000 		.4byte	.LASF53
 262 01a5 D500     		.sleb128 85
 263 01a7 06       		.uleb128 0x6
 264 01a8 98080000 		.4byte	.LASF54
 265 01ac D600     		.sleb128 86
 266 01ae 06       		.uleb128 0x6
 267 01af 6F080000 		.4byte	.LASF55
 268 01b3 D700     		.sleb128 87
 269 01b5 06       		.uleb128 0x6
 270 01b6 4E030000 		.4byte	.LASF56
 271 01ba F000     		.sleb128 112
 272 01bc 06       		.uleb128 0x6
 273 01bd 6B070000 		.4byte	.LASF57
 274 01c1 F100     		.sleb128 113
 275 01c3 06       		.uleb128 0x6
 276 01c4 C5050000 		.4byte	.LASF58
 277 01c8 F200     		.sleb128 114
 278 01ca 06       		.uleb128 0x6
 279 01cb 8C010000 		.4byte	.LASF59
 280 01cf F300     		.sleb128 115
 281 01d1 06       		.uleb128 0x6
 282 01d2 22030000 		.4byte	.LASF60
 283 01d6 F400     		.sleb128 116
 284 01d8 06       		.uleb128 0x6
 285 01d9 A7040000 		.4byte	.LASF61
 286 01dd F500     		.sleb128 117
 287 01df 06       		.uleb128 0x6
 288 01e0 AA010000 		.4byte	.LASF62
 289 01e4 F600     		.sleb128 118
 290 01e6 06       		.uleb128 0x6
 291 01e7 4C070000 		.4byte	.LASF63
 292 01eb F700     		.sleb128 119
ARM GAS  C:\Users\Alan\AppData\Local\Temp\ccV3Rbtr.s 			page 8


 293 01ed 06       		.uleb128 0x6
 294 01ee 6E060000 		.4byte	.LASF64
 295 01f2 F800     		.sleb128 120
 296 01f4 06       		.uleb128 0x6
 297 01f5 FB060000 		.4byte	.LASF65
 298 01f9 F900     		.sleb128 121
 299 01fb 06       		.uleb128 0x6
 300 01fc 39080000 		.4byte	.LASF66
 301 0200 FA00     		.sleb128 122
 302 0202 06       		.uleb128 0x6
 303 0203 50060000 		.4byte	.LASF67
 304 0207 FA01     		.sleb128 250
 305 0209 06       		.uleb128 0x6
 306 020a B0030000 		.4byte	.LASF68
 307 020e FB01     		.sleb128 251
 308 0210 06       		.uleb128 0x6
 309 0211 40030000 		.4byte	.LASF69
 310 0215 FF01     		.sleb128 255
 311 0217 00       		.byte	0
 312 0218 04       		.uleb128 0x4
 313 0219 D9080000 		.4byte	.LASF71
 314 021d 03       		.byte	0x3
 315 021e 8801     		.2byte	0x188
 316 0220 6B000000 		.4byte	0x6b
 317 0224 07       		.uleb128 0x7
 318 0225 06       		.byte	0x6
 319 0226 04       		.byte	0x4
 320 0227 46       		.byte	0x46
 321 0228 45020000 		.4byte	0x245
 322 022c 08       		.uleb128 0x8
 323 022d 1E070000 		.4byte	.LASF72
 324 0231 04       		.byte	0x4
 325 0232 49       		.byte	0x49
 326 0233 18020000 		.4byte	0x218
 327 0237 00       		.byte	0
 328 0238 08       		.uleb128 0x8
 329 0239 22010000 		.4byte	.LASF73
 330 023d 04       		.byte	0x4
 331 023e 4B       		.byte	0x4b
 332 023f 45020000 		.4byte	0x245
 333 0243 02       		.byte	0x2
 334 0244 00       		.byte	0
 335 0245 09       		.uleb128 0x9
 336 0246 18020000 		.4byte	0x218
 337 024a 55020000 		.4byte	0x255
 338 024e 0A       		.uleb128 0xa
 339 024f 8C000000 		.4byte	0x8c
 340 0253 01       		.byte	0x1
 341 0254 00       		.byte	0
 342 0255 0B       		.uleb128 0xb
 343 0256 29020000 		.4byte	.LASF74
 344 025a 04       		.byte	0x4
 345 025b 4D       		.byte	0x4d
 346 025c 24020000 		.4byte	0x224
 347 0260 07       		.uleb128 0x7
 348 0261 0E       		.byte	0xe
 349 0262 04       		.byte	0x4
ARM GAS  C:\Users\Alan\AppData\Local\Temp\ccV3Rbtr.s 			page 9


 350 0263 50       		.byte	0x50
 351 0264 81020000 		.4byte	0x281
 352 0268 08       		.uleb128 0x8
 353 0269 B3000000 		.4byte	.LASF75
 354 026d 04       		.byte	0x4
 355 026e 53       		.byte	0x53
 356 026f 18020000 		.4byte	0x218
 357 0273 00       		.byte	0
 358 0274 08       		.uleb128 0x8
 359 0275 82030000 		.4byte	.LASF76
 360 0279 04       		.byte	0x4
 361 027a 56       		.byte	0x56
 362 027b 81020000 		.4byte	0x281
 363 027f 02       		.byte	0x2
 364 0280 00       		.byte	0
 365 0281 09       		.uleb128 0x9
 366 0282 55020000 		.4byte	0x255
 367 0286 91020000 		.4byte	0x291
 368 028a 0A       		.uleb128 0xa
 369 028b 8C000000 		.4byte	0x8c
 370 028f 01       		.byte	0x1
 371 0290 00       		.byte	0
 372 0291 0B       		.uleb128 0xb
 373 0292 12030000 		.4byte	.LASF77
 374 0296 04       		.byte	0x4
 375 0297 58       		.byte	0x58
 376 0298 60020000 		.4byte	0x260
 377 029c 0C       		.uleb128 0xc
 378 029d D9000000 		.4byte	.LASF81
 379 02a1 01       		.byte	0x1
 380 02a2 50       		.byte	0x50
 381 02a3 00000000 		.4byte	.LFB2
 382 02a7 08000000 		.4byte	.LFE2-.LFB2
 383 02ab 01       		.uleb128 0x1
 384 02ac 9C       		.byte	0x9c
 385 02ad 09       		.uleb128 0x9
 386 02ae 91020000 		.4byte	0x291
 387 02b2 BD020000 		.4byte	0x2bd
 388 02b6 0A       		.uleb128 0xa
 389 02b7 8C000000 		.4byte	0x8c
 390 02bb 00       		.byte	0
 391 02bc 00       		.byte	0
 392 02bd 0D       		.uleb128 0xd
 393 02be F5080000 		.4byte	.LASF82
 394 02c2 01       		.byte	0x1
 395 02c3 1A       		.byte	0x1a
 396 02c4 CE020000 		.4byte	0x2ce
 397 02c8 05       		.uleb128 0x5
 398 02c9 03       		.byte	0x3
 399 02ca 00000000 		.4byte	cyBle_customs
 400 02ce 0E       		.uleb128 0xe
 401 02cf AD020000 		.4byte	0x2ad
 402 02d3 00       		.byte	0
 403              		.section	.debug_abbrev,"",%progbits
 404              	.Ldebug_abbrev0:
 405 0000 01       		.uleb128 0x1
 406 0001 11       		.uleb128 0x11
ARM GAS  C:\Users\Alan\AppData\Local\Temp\ccV3Rbtr.s 			page 10


 407 0002 01       		.byte	0x1
 408 0003 25       		.uleb128 0x25
 409 0004 0E       		.uleb128 0xe
 410 0005 13       		.uleb128 0x13
 411 0006 0B       		.uleb128 0xb
 412 0007 03       		.uleb128 0x3
 413 0008 0E       		.uleb128 0xe
 414 0009 1B       		.uleb128 0x1b
 415 000a 0E       		.uleb128 0xe
 416 000b 55       		.uleb128 0x55
 417 000c 17       		.uleb128 0x17
 418 000d 11       		.uleb128 0x11
 419 000e 01       		.uleb128 0x1
 420 000f 10       		.uleb128 0x10
 421 0010 17       		.uleb128 0x17
 422 0011 00       		.byte	0
 423 0012 00       		.byte	0
 424 0013 02       		.uleb128 0x2
 425 0014 24       		.uleb128 0x24
 426 0015 00       		.byte	0
 427 0016 0B       		.uleb128 0xb
 428 0017 0B       		.uleb128 0xb
 429 0018 3E       		.uleb128 0x3e
 430 0019 0B       		.uleb128 0xb
 431 001a 03       		.uleb128 0x3
 432 001b 0E       		.uleb128 0xe
 433 001c 00       		.byte	0
 434 001d 00       		.byte	0
 435 001e 03       		.uleb128 0x3
 436 001f 24       		.uleb128 0x24
 437 0020 00       		.byte	0
 438 0021 0B       		.uleb128 0xb
 439 0022 0B       		.uleb128 0xb
 440 0023 3E       		.uleb128 0x3e
 441 0024 0B       		.uleb128 0xb
 442 0025 03       		.uleb128 0x3
 443 0026 08       		.uleb128 0x8
 444 0027 00       		.byte	0
 445 0028 00       		.byte	0
 446 0029 04       		.uleb128 0x4
 447 002a 16       		.uleb128 0x16
 448 002b 00       		.byte	0
 449 002c 03       		.uleb128 0x3
 450 002d 0E       		.uleb128 0xe
 451 002e 3A       		.uleb128 0x3a
 452 002f 0B       		.uleb128 0xb
 453 0030 3B       		.uleb128 0x3b
 454 0031 05       		.uleb128 0x5
 455 0032 49       		.uleb128 0x49
 456 0033 13       		.uleb128 0x13
 457 0034 00       		.byte	0
 458 0035 00       		.byte	0
 459 0036 05       		.uleb128 0x5
 460 0037 04       		.uleb128 0x4
 461 0038 01       		.byte	0x1
 462 0039 0B       		.uleb128 0xb
 463 003a 0B       		.uleb128 0xb
ARM GAS  C:\Users\Alan\AppData\Local\Temp\ccV3Rbtr.s 			page 11


 464 003b 3A       		.uleb128 0x3a
 465 003c 0B       		.uleb128 0xb
 466 003d 3B       		.uleb128 0x3b
 467 003e 0B       		.uleb128 0xb
 468 003f 01       		.uleb128 0x1
 469 0040 13       		.uleb128 0x13
 470 0041 00       		.byte	0
 471 0042 00       		.byte	0
 472 0043 06       		.uleb128 0x6
 473 0044 28       		.uleb128 0x28
 474 0045 00       		.byte	0
 475 0046 03       		.uleb128 0x3
 476 0047 0E       		.uleb128 0xe
 477 0048 1C       		.uleb128 0x1c
 478 0049 0D       		.uleb128 0xd
 479 004a 00       		.byte	0
 480 004b 00       		.byte	0
 481 004c 07       		.uleb128 0x7
 482 004d 13       		.uleb128 0x13
 483 004e 01       		.byte	0x1
 484 004f 0B       		.uleb128 0xb
 485 0050 0B       		.uleb128 0xb
 486 0051 3A       		.uleb128 0x3a
 487 0052 0B       		.uleb128 0xb
 488 0053 3B       		.uleb128 0x3b
 489 0054 0B       		.uleb128 0xb
 490 0055 01       		.uleb128 0x1
 491 0056 13       		.uleb128 0x13
 492 0057 00       		.byte	0
 493 0058 00       		.byte	0
 494 0059 08       		.uleb128 0x8
 495 005a 0D       		.uleb128 0xd
 496 005b 00       		.byte	0
 497 005c 03       		.uleb128 0x3
 498 005d 0E       		.uleb128 0xe
 499 005e 3A       		.uleb128 0x3a
 500 005f 0B       		.uleb128 0xb
 501 0060 3B       		.uleb128 0x3b
 502 0061 0B       		.uleb128 0xb
 503 0062 49       		.uleb128 0x49
 504 0063 13       		.uleb128 0x13
 505 0064 38       		.uleb128 0x38
 506 0065 0B       		.uleb128 0xb
 507 0066 00       		.byte	0
 508 0067 00       		.byte	0
 509 0068 09       		.uleb128 0x9
 510 0069 01       		.uleb128 0x1
 511 006a 01       		.byte	0x1
 512 006b 49       		.uleb128 0x49
 513 006c 13       		.uleb128 0x13
 514 006d 01       		.uleb128 0x1
 515 006e 13       		.uleb128 0x13
 516 006f 00       		.byte	0
 517 0070 00       		.byte	0
 518 0071 0A       		.uleb128 0xa
 519 0072 21       		.uleb128 0x21
 520 0073 00       		.byte	0
ARM GAS  C:\Users\Alan\AppData\Local\Temp\ccV3Rbtr.s 			page 12


 521 0074 49       		.uleb128 0x49
 522 0075 13       		.uleb128 0x13
 523 0076 2F       		.uleb128 0x2f
 524 0077 0B       		.uleb128 0xb
 525 0078 00       		.byte	0
 526 0079 00       		.byte	0
 527 007a 0B       		.uleb128 0xb
 528 007b 16       		.uleb128 0x16
 529 007c 00       		.byte	0
 530 007d 03       		.uleb128 0x3
 531 007e 0E       		.uleb128 0xe
 532 007f 3A       		.uleb128 0x3a
 533 0080 0B       		.uleb128 0xb
 534 0081 3B       		.uleb128 0x3b
 535 0082 0B       		.uleb128 0xb
 536 0083 49       		.uleb128 0x49
 537 0084 13       		.uleb128 0x13
 538 0085 00       		.byte	0
 539 0086 00       		.byte	0
 540 0087 0C       		.uleb128 0xc
 541 0088 2E       		.uleb128 0x2e
 542 0089 00       		.byte	0
 543 008a 3F       		.uleb128 0x3f
 544 008b 19       		.uleb128 0x19
 545 008c 03       		.uleb128 0x3
 546 008d 0E       		.uleb128 0xe
 547 008e 3A       		.uleb128 0x3a
 548 008f 0B       		.uleb128 0xb
 549 0090 3B       		.uleb128 0x3b
 550 0091 0B       		.uleb128 0xb
 551 0092 27       		.uleb128 0x27
 552 0093 19       		.uleb128 0x19
 553 0094 11       		.uleb128 0x11
 554 0095 01       		.uleb128 0x1
 555 0096 12       		.uleb128 0x12
 556 0097 06       		.uleb128 0x6
 557 0098 40       		.uleb128 0x40
 558 0099 18       		.uleb128 0x18
 559 009a 9742     		.uleb128 0x2117
 560 009c 19       		.uleb128 0x19
 561 009d 00       		.byte	0
 562 009e 00       		.byte	0
 563 009f 0D       		.uleb128 0xd
 564 00a0 34       		.uleb128 0x34
 565 00a1 00       		.byte	0
 566 00a2 03       		.uleb128 0x3
 567 00a3 0E       		.uleb128 0xe
 568 00a4 3A       		.uleb128 0x3a
 569 00a5 0B       		.uleb128 0xb
 570 00a6 3B       		.uleb128 0x3b
 571 00a7 0B       		.uleb128 0xb
 572 00a8 49       		.uleb128 0x49
 573 00a9 13       		.uleb128 0x13
 574 00aa 3F       		.uleb128 0x3f
 575 00ab 19       		.uleb128 0x19
 576 00ac 02       		.uleb128 0x2
 577 00ad 18       		.uleb128 0x18
ARM GAS  C:\Users\Alan\AppData\Local\Temp\ccV3Rbtr.s 			page 13


 578 00ae 00       		.byte	0
 579 00af 00       		.byte	0
 580 00b0 0E       		.uleb128 0xe
 581 00b1 26       		.uleb128 0x26
 582 00b2 00       		.byte	0
 583 00b3 49       		.uleb128 0x49
 584 00b4 13       		.uleb128 0x13
 585 00b5 00       		.byte	0
 586 00b6 00       		.byte	0
 587 00b7 00       		.byte	0
 588              		.section	.debug_aranges,"",%progbits
 589 0000 1C000000 		.4byte	0x1c
 590 0004 0200     		.2byte	0x2
 591 0006 00000000 		.4byte	.Ldebug_info0
 592 000a 04       		.byte	0x4
 593 000b 00       		.byte	0
 594 000c 0000     		.2byte	0
 595 000e 0000     		.2byte	0
 596 0010 00000000 		.4byte	.LFB2
 597 0014 08000000 		.4byte	.LFE2-.LFB2
 598 0018 00000000 		.4byte	0
 599 001c 00000000 		.4byte	0
 600              		.section	.debug_ranges,"",%progbits
 601              	.Ldebug_ranges0:
 602 0000 00000000 		.4byte	.LFB2
 603 0004 08000000 		.4byte	.LFE2
 604 0008 00000000 		.4byte	0
 605 000c 00000000 		.4byte	0
 606              		.section	.debug_line,"",%progbits
 607              	.Ldebug_line0:
 608 0000 94000000 		.section	.debug_str,"MS",%progbits,1
 608      02007B00 
 608      00000201 
 608      FB0E0D00 
 608      01010101 
 609              	.LASF21:
 610 0000 4359424C 		.ascii	"CYBLE_EVT_GAP_PASSKEY_ENTRY_REQUEST\000"
 610      455F4556 
 610      545F4741 
 610      505F5041 
 610      53534B45 
 611              	.LASF27:
 612 0024 4359424C 		.ascii	"CYBLE_EVT_GAP_DEVICE_DISCONNECTED\000"
 612      455F4556 
 612      545F4741 
 612      505F4445 
 612      56494345 
 613              	.LASF2:
 614 0046 73686F72 		.ascii	"short int\000"
 614      7420696E 
 614      7400
 615              	.LASF24:
 616 0050 4359424C 		.ascii	"CYBLE_EVT_GAP_AUTH_FAILED\000"
 616      455F4556 
 616      545F4741 
 616      505F4155 
 616      54485F46 
ARM GAS  C:\Users\Alan\AppData\Local\Temp\ccV3Rbtr.s 			page 14


 617              	.LASF12:
 618 006a 73697A65 		.ascii	"sizetype\000"
 618      74797065 
 618      00
 619              	.LASF79:
 620 0073 2E5C4765 		.ascii	".\\Generated_Source\\PSoC4\\ble_custom.c\000"
 620      6E657261 
 620      7465645F 
 620      536F7572 
 620      63655C50 
 621              	.LASF32:
 622 0099 4359424C 		.ascii	"CYBLE_EVT_GATTC_ERROR_RSP\000"
 622      455F4556 
 622      545F4741 
 622      5454435F 
 622      4552524F 
 623              	.LASF75:
 624 00b3 63757374 		.ascii	"customServHandle\000"
 624      6F6D5365 
 624      72764861 
 624      6E646C65 
 624      00
 625              	.LASF17:
 626 00c4 4359424C 		.ascii	"CYBLE_EVT_HCI_STATUS\000"
 626      455F4556 
 626      545F4843 
 626      495F5354 
 626      41545553 
 627              	.LASF81:
 628 00d9 4379426C 		.ascii	"CyBle_CustomInit\000"
 628      655F4375 
 628      73746F6D 
 628      496E6974 
 628      00
 629              	.LASF14:
 630 00ea 4359424C 		.ascii	"CYBLE_EVT_STACK_ON\000"
 630      455F4556 
 630      545F5354 
 630      41434B5F 
 630      4F4E00
 631              	.LASF35:
 632 00fd 4359424C 		.ascii	"CYBLE_EVT_GATTS_XCNHG_MTU_REQ\000"
 632      455F4556 
 632      545F4741 
 632      5454535F 
 632      58434E48 
 633              	.LASF70:
 634 011b 75696E74 		.ascii	"uint16\000"
 634      313600
 635              	.LASF73:
 636 0122 63757374 		.ascii	"customServCharDesc\000"
 636      6F6D5365 
 636      72764368 
 636      61724465 
 636      736300
 637              	.LASF43:
 638 0135 4359424C 		.ascii	"CYBLE_EVT_GATTC_READ_MULTI_RSP\000"
ARM GAS  C:\Users\Alan\AppData\Local\Temp\ccV3Rbtr.s 			page 15


 638      455F4556 
 638      545F4741 
 638      5454435F 
 638      52454144 
 639              	.LASF52:
 640 0154 4359424C 		.ascii	"CYBLE_EVT_GATTS_HANDLE_VALUE_CNF\000"
 640      455F4556 
 640      545F4741 
 640      5454535F 
 640      48414E44 
 641              	.LASF13:
 642 0175 4359424C 		.ascii	"CYBLE_EVT_HOST_INVALID\000"
 642      455F4556 
 642      545F484F 
 642      53545F49 
 642      4E56414C 
 643              	.LASF59:
 644 018c 4359424C 		.ascii	"CYBLE_EVT_L2CAP_CBFC_CONN_IND\000"
 644      455F4556 
 644      545F4C32 
 644      4341505F 
 644      43424643 
 645              	.LASF62:
 646 01aa 4359424C 		.ascii	"CYBLE_EVT_L2CAP_CBFC_DISCONN_CNF\000"
 646      455F4556 
 646      545F4C32 
 646      4341505F 
 646      43424643 
 647              	.LASF9:
 648 01cb 666C6F61 		.ascii	"float\000"
 648      7400
 649              	.LASF41:
 650 01d1 4359424C 		.ascii	"CYBLE_EVT_GATTC_READ_RSP\000"
 650      455F4556 
 650      545F4741 
 650      5454435F 
 650      52454144 
 651              	.LASF45:
 652 01ea 4359424C 		.ascii	"CYBLE_EVT_GATTC_WRITE_RSP\000"
 652      455F4556 
 652      545F4741 
 652      5454435F 
 652      57524954 
 653              	.LASF6:
 654 0204 6C6F6E67 		.ascii	"long long int\000"
 654      206C6F6E 
 654      6720696E 
 654      7400
 655              	.LASF7:
 656 0212 6C6F6E67 		.ascii	"long long unsigned int\000"
 656      206C6F6E 
 656      6720756E 
 656      7369676E 
 656      65642069 
 657              	.LASF74:
 658 0229 4359424C 		.ascii	"CYBLE_CUSTOMS_INFO_T\000"
 658      455F4355 
ARM GAS  C:\Users\Alan\AppData\Local\Temp\ccV3Rbtr.s 			page 16


 658      53544F4D 
 658      535F494E 
 658      464F5F54 
 659              	.LASF4:
 660 023e 6C6F6E67 		.ascii	"long int\000"
 660      20696E74 
 660      00
 661              	.LASF51:
 662 0247 4359424C 		.ascii	"CYBLE_EVT_GATTC_HANDLE_VALUE_IND\000"
 662      455F4556 
 662      545F4741 
 662      5454435F 
 662      48414E44 
 663              	.LASF26:
 664 0268 4359424C 		.ascii	"CYBLE_EVT_GAP_DEVICE_CONNECTED\000"
 664      455F4556 
 664      545F4741 
 664      505F4445 
 664      56494345 
 665              	.LASF25:
 666 0287 4359424C 		.ascii	"CYBLE_EVT_GAPP_ADVERTISEMENT_START_STOP\000"
 666      455F4556 
 666      545F4741 
 666      50505F41 
 666      44564552 
 667              	.LASF50:
 668 02af 4359424C 		.ascii	"CYBLE_EVT_GATTC_HANDLE_VALUE_NTF\000"
 668      455F4556 
 668      545F4741 
 668      5454435F 
 668      48414E44 
 669              	.LASF18:
 670 02d0 4359424C 		.ascii	"CYBLE_EVT_STACK_BUSY_STATUS\000"
 670      455F4556 
 670      545F5354 
 670      41434B5F 
 670      42555359 
 671              	.LASF22:
 672 02ec 4359424C 		.ascii	"CYBLE_EVT_GAP_PASSKEY_DISPLAY_REQUEST\000"
 672      455F4556 
 672      545F4741 
 672      505F5041 
 672      53534B45 
 673              	.LASF77:
 674 0312 4359424C 		.ascii	"CYBLE_CUSTOMS_T\000"
 674      455F4355 
 674      53544F4D 
 674      535F5400 
 675              	.LASF60:
 676 0322 4359424C 		.ascii	"CYBLE_EVT_L2CAP_CBFC_CONN_CNF\000"
 676      455F4556 
 676      545F4C32 
 676      4341505F 
 676      43424643 
 677              	.LASF69:
 678 0340 4359424C 		.ascii	"CYBLE_EVT_MAX\000"
 678      455F4556 
ARM GAS  C:\Users\Alan\AppData\Local\Temp\ccV3Rbtr.s 			page 17


 678      545F4D41 
 678      5800
 679              	.LASF56:
 680 034e 4359424C 		.ascii	"CYBLE_EVT_L2CAP_CONN_PARAM_UPDATE_REQ\000"
 680      455F4556 
 680      545F4C32 
 680      4341505F 
 680      434F4E4E 
 681              	.LASF1:
 682 0374 756E7369 		.ascii	"unsigned char\000"
 682      676E6564 
 682      20636861 
 682      7200
 683              	.LASF76:
 684 0382 63757374 		.ascii	"customServInfo\000"
 684      6F6D5365 
 684      7276496E 
 684      666F00
 685              	.LASF47:
 686 0391 4359424C 		.ascii	"CYBLE_EVT_GATTS_PREP_WRITE_REQ\000"
 686      455F4556 
 686      545F4741 
 686      5454535F 
 686      50524550 
 687              	.LASF68:
 688 03b0 4359424C 		.ascii	"CYBLE_EVT_LE_PING_AUTH_TIMEOUT\000"
 688      455F4556 
 688      545F4C45 
 688      5F50494E 
 688      475F4155 
 689              	.LASF39:
 690 03cf 4359424C 		.ascii	"CYBLE_EVT_GATTC_FIND_INFO_RSP\000"
 690      455F4556 
 690      545F4741 
 690      5454435F 
 690      46494E44 
 691              	.LASF0:
 692 03ed 7369676E 		.ascii	"signed char\000"
 692      65642063 
 692      68617200 
 693              	.LASF44:
 694 03f9 4359424C 		.ascii	"CYBLE_EVT_GATTS_WRITE_REQ\000"
 694      455F4556 
 694      545F4741 
 694      5454535F 
 694      57524954 
 695              	.LASF40:
 696 0413 4359424C 		.ascii	"CYBLE_EVT_GATTC_FIND_BY_TYPE_VALUE_RSP\000"
 696      455F4556 
 696      545F4741 
 696      5454435F 
 696      46494E44 
 697              	.LASF23:
 698 043a 4359424C 		.ascii	"CYBLE_EVT_GAP_AUTH_COMPLETE\000"
 698      455F4556 
 698      545F4741 
 698      505F4155 
ARM GAS  C:\Users\Alan\AppData\Local\Temp\ccV3Rbtr.s 			page 18


 698      54485F43 
 699              	.LASF8:
 700 0456 756E7369 		.ascii	"unsigned int\000"
 700      676E6564 
 700      20696E74 
 700      00
 701              	.LASF33:
 702 0463 4359424C 		.ascii	"CYBLE_EVT_GATT_CONNECT_IND\000"
 702      455F4556 
 702      545F4741 
 702      54545F43 
 702      4F4E4E45 
 703              	.LASF5:
 704 047e 6C6F6E67 		.ascii	"long unsigned int\000"
 704      20756E73 
 704      69676E65 
 704      6420696E 
 704      7400
 705              	.LASF20:
 706 0490 4359424C 		.ascii	"CYBLE_EVT_GAP_AUTH_REQ\000"
 706      455F4556 
 706      545F4741 
 706      505F4155 
 706      54485F52 
 707              	.LASF61:
 708 04a7 4359424C 		.ascii	"CYBLE_EVT_L2CAP_CBFC_DISCONN_IND\000"
 708      455F4556 
 708      545F4C32 
 708      4341505F 
 708      43424643 
 709              	.LASF28:
 710 04c8 4359424C 		.ascii	"CYBLE_EVT_GAP_ENCRYPT_CHANGE\000"
 710      455F4556 
 710      545F4741 
 710      505F454E 
 710      43525950 
 711              	.LASF31:
 712 04e5 4359424C 		.ascii	"CYBLE_EVT_GAP_KEYINFO_EXCHNGE_CMPLT\000"
 712      455F4556 
 712      545F4741 
 712      505F4B45 
 712      59494E46 
 713              	.LASF29:
 714 0509 4359424C 		.ascii	"CYBLE_EVT_GAP_CONNECTION_UPDATE_COMPLETE\000"
 714      455F4556 
 714      545F4741 
 714      505F434F 
 714      4E4E4543 
 715              	.LASF11:
 716 0532 63686172 		.ascii	"char\000"
 716      00
 717              	.LASF78:
 718 0537 474E5520 		.ascii	"GNU C 4.9.3 20150303 (release) [ARM/embedded-4_9-br"
 718      4320342E 
 718      392E3320 
 718      32303135 
 718      30333033 
ARM GAS  C:\Users\Alan\AppData\Local\Temp\ccV3Rbtr.s 			page 19


 719 056a 616E6368 		.ascii	"anch revision 221220] -mcpu=cortex-m0 -mthumb -g -O"
 719      20726576 
 719      6973696F 
 719      6E203232 
 719      31323230 
 720 059d 30202D66 		.ascii	"0 -ffunction-sections -ffat-lto-objects\000"
 720      66756E63 
 720      74696F6E 
 720      2D736563 
 720      74696F6E 
 721              	.LASF58:
 722 05c5 4359424C 		.ascii	"CYBLE_EVT_L2CAP_COMMAND_REJ\000"
 722      455F4556 
 722      545F4C32 
 722      4341505F 
 722      434F4D4D 
 723              	.LASF3:
 724 05e1 73686F72 		.ascii	"short unsigned int\000"
 724      7420756E 
 724      7369676E 
 724      65642069 
 724      6E7400
 725              	.LASF42:
 726 05f4 4359424C 		.ascii	"CYBLE_EVT_GATTC_READ_BLOB_RSP\000"
 726      455F4556 
 726      545F4741 
 726      5454435F 
 726      52454144 
 727              	.LASF49:
 728 0612 4359424C 		.ascii	"CYBLE_EVT_GATTC_EXEC_WRITE_RSP\000"
 728      455F4556 
 728      545F4741 
 728      5454435F 
 728      45584543 
 729              	.LASF30:
 730 0631 4359424C 		.ascii	"CYBLE_EVT_GAPC_SCAN_START_STOP\000"
 730      455F4556 
 730      545F4741 
 730      50435F53 
 730      43414E5F 
 731              	.LASF67:
 732 0650 4359424C 		.ascii	"CYBLE_EVT_PENDING_FLASH_WRITE\000"
 732      455F4556 
 732      545F5045 
 732      4E44494E 
 732      475F464C 
 733              	.LASF64:
 734 066e 4359424C 		.ascii	"CYBLE_EVT_L2CAP_CBFC_RX_CREDIT_IND\000"
 734      455F4556 
 734      545F4C32 
 734      4341505F 
 734      43424643 
 735              	.LASF10:
 736 0691 646F7562 		.ascii	"double\000"
 736      6C6500
 737              	.LASF80:
 738 0698 5C5C766D 		.ascii	"\\\\vmware-host\\Shared Folders\\Documents\\BLEIOSA"
ARM GAS  C:\Users\Alan\AppData\Local\Temp\ccV3Rbtr.s 			page 20


 738      77617265 
 738      2D686F73 
 738      745C5368 
 738      61726564 
 739 06c6 50505C50 		.ascii	"PP\\PSoC_Creator\\capsenseled\\145capsenseled-ble.c"
 739      536F435F 
 739      43726561 
 739      746F725C 
 739      63617073 
 740 06f6 7964736E 		.ascii	"ydsn\000"
 740      00
 741              	.LASF65:
 742 06fb 4359424C 		.ascii	"CYBLE_EVT_L2CAP_CBFC_TX_CREDIT_IND\000"
 742      455F4556 
 742      545F4C32 
 742      4341505F 
 742      43424643 
 743              	.LASF72:
 744 071e 63757374 		.ascii	"customServCharHandle\000"
 744      6F6D5365 
 744      72764368 
 744      61724861 
 744      6E646C65 
 745              	.LASF16:
 746 0733 4359424C 		.ascii	"CYBLE_EVT_HARDWARE_ERROR\000"
 746      455F4556 
 746      545F4841 
 746      52445741 
 746      52455F45 
 747              	.LASF63:
 748 074c 4359424C 		.ascii	"CYBLE_EVT_L2CAP_CBFC_DATA_READ\000"
 748      455F4556 
 748      545F4C32 
 748      4341505F 
 748      43424643 
 749              	.LASF57:
 750 076b 4359424C 		.ascii	"CYBLE_EVT_L2CAP_CONN_PARAM_UPDATE_RSP\000"
 750      455F4556 
 750      545F4C32 
 750      4341505F 
 750      434F4E4E 
 751              	.LASF19:
 752 0791 4359424C 		.ascii	"CYBLE_EVT_GAPC_SCAN_PROGRESS_RESULT\000"
 752      455F4556 
 752      545F4741 
 752      50435F53 
 752      43414E5F 
 753              	.LASF37:
 754 07b5 4359424C 		.ascii	"CYBLE_EVT_GATTC_READ_BY_GROUP_TYPE_RSP\000"
 754      455F4556 
 754      545F4741 
 754      5454435F 
 754      52454144 
 755              	.LASF46:
 756 07dc 4359424C 		.ascii	"CYBLE_EVT_GATTS_WRITE_CMD_REQ\000"
 756      455F4556 
 756      545F4741 
ARM GAS  C:\Users\Alan\AppData\Local\Temp\ccV3Rbtr.s 			page 21


 756      5454535F 
 756      57524954 
 757              	.LASF38:
 758 07fa 4359424C 		.ascii	"CYBLE_EVT_GATTC_READ_BY_TYPE_RSP\000"
 758      455F4556 
 758      545F4741 
 758      5454435F 
 758      52454144 
 759              	.LASF36:
 760 081b 4359424C 		.ascii	"CYBLE_EVT_GATTC_XCHNG_MTU_RSP\000"
 760      455F4556 
 760      545F4741 
 760      5454435F 
 760      5843484E 
 761              	.LASF66:
 762 0839 4359424C 		.ascii	"CYBLE_EVT_L2CAP_CBFC_DATA_WRITE_IND\000"
 762      455F4556 
 762      545F4C32 
 762      4341505F 
 762      43424643 
 763              	.LASF15:
 764 085d 4359424C 		.ascii	"CYBLE_EVT_TIMEOUT\000"
 764      455F4556 
 764      545F5449 
 764      4D454F55 
 764      5400
 765              	.LASF55:
 766 086f 4359424C 		.ascii	"CYBLE_EVT_GATTS_READ_CHAR_VAL_ACCESS_REQ\000"
 766      455F4556 
 766      545F4741 
 766      5454535F 
 766      52454144 
 767              	.LASF54:
 768 0898 4359424C 		.ascii	"CYBLE_EVT_GATTC_STOP_CMD_COMPLETE\000"
 768      455F4556 
 768      545F4741 
 768      5454435F 
 768      53544F50 
 769              	.LASF48:
 770 08ba 4359424C 		.ascii	"CYBLE_EVT_GATTS_EXEC_WRITE_REQ\000"
 770      455F4556 
 770      545F4741 
 770      5454535F 
 770      45584543 
 771              	.LASF71:
 772 08d9 4359424C 		.ascii	"CYBLE_GATT_DB_ATTR_HANDLE_T\000"
 772      455F4741 
 772      54545F44 
 772      425F4154 
 772      54525F48 
 773              	.LASF82:
 774 08f5 6379426C 		.ascii	"cyBle_customs\000"
 774      655F6375 
 774      73746F6D 
 774      7300
 775              	.LASF53:
 776 0903 4359424C 		.ascii	"CYBLE_EVT_GATTS_DATA_SIGNED_CMD_REQ\000"
ARM GAS  C:\Users\Alan\AppData\Local\Temp\ccV3Rbtr.s 			page 22


 776      455F4556 
 776      545F4741 
 776      5454535F 
 776      44415441 
 777              	.LASF34:
 778 0927 4359424C 		.ascii	"CYBLE_EVT_GATT_DISCONNECT_IND\000"
 778      455F4556 
 778      545F4741 
 778      54545F44 
 778      4953434F 
 779              		.ident	"GCC: (GNU Tools for ARM Embedded Processors) 4.9.3 20150303 (release) [ARM/embedded-4_9-br
