--------------- Clean Started: 02/26/2016 05:45:46 Project: 145capsenseled-ble, Configuration: ARM GCC 4.9-2015-q1-update Debug ---------------
Deleting file ".\CortexM0\ARM_GCC_493\Debug\main.o"
Deleting file ".\CortexM0\ARM_GCC_493\Debug\cyfitter_cfg.o"
Deleting file ".\CortexM0\ARM_GCC_493\Debug\cymetadata.o"
Deleting file ".\CortexM0\ARM_GCC_493\Debug\uart.o"
Deleting file ".\CortexM0\ARM_GCC_493\Debug\uart_SPI_UART.o"
Deleting file ".\CortexM0\ARM_GCC_493\Debug\uart_SPI_UART_INT.o"
Deleting file ".\CortexM0\ARM_GCC_493\Debug\uart_PM.o"
Deleting file ".\CortexM0\ARM_GCC_493\Debug\uart_UART.o"
Deleting file ".\CortexM0\ARM_GCC_493\Debug\uart_BOOT.o"
Deleting file ".\CortexM0\ARM_GCC_493\Debug\uart_UART_BOOT.o"
Deleting file ".\CortexM0\ARM_GCC_493\Debug\uart_SCBCLK.o"
Deleting file ".\CortexM0\ARM_GCC_493\Debug\uart_tx.o"
Deleting file ".\CortexM0\ARM_GCC_493\Debug\uart_tx_PM.o"
Deleting file ".\CortexM0\ARM_GCC_493\Debug\uart_rx.o"
Deleting file ".\CortexM0\ARM_GCC_493\Debug\uart_rx_PM.o"
Deleting file ".\CortexM0\ARM_GCC_493\Debug\Cm0Start.o"
Deleting file ".\CortexM0\ARM_GCC_493\Debug\CyBootAsmGnu.o"
Deleting file ".\CortexM0\ARM_GCC_493\Debug\CyFlash.o"
Deleting file ".\CortexM0\ARM_GCC_493\Debug\CyLib.o"
Deleting file ".\CortexM0\ARM_GCC_493\Debug\cyPm.o"
Deleting file ".\CortexM0\ARM_GCC_493\Debug\cyutils.o"
Deleting file ".\CortexM0\ARM_GCC_493\Debug\CyLFClk.o"
Deleting file ".\CortexM0\ARM_GCC_493\Debug\ble.o"
Deleting file ".\CortexM0\ARM_GCC_493\Debug\ble_gatt.o"
Deleting file ".\CortexM0\ARM_GCC_493\Debug\ble_eventHandler.o"
Deleting file ".\CortexM0\ARM_GCC_493\Debug\ble_HAL_INT.o"
Deleting file ".\CortexM0\ARM_GCC_493\Debug\ble_HAL_PVT.o"
Deleting file ".\CortexM0\ARM_GCC_493\Debug\ble_custom.o"
Deleting file ".\CortexM0\ARM_GCC_493\Debug\ble_bless_isr.o"
Deleting file ".\CortexM0\ARM_GCC_493\Debug\145capsenseled-ble.hex"
Deleting file ".\CortexM0\ARM_GCC_493\Debug\145capsenseled-ble.elf"
Deleting file ".\CortexM0\ARM_GCC_493\Debug\145capsenseled-ble.map"
Deleting file ".\145capsenseled-ble.cycdx"
Deleting file ".\145capsenseled-ble.svd"
Deleting file ".\145capsenseled-ble.rpt"
Deleting file ".\145capsenseled-ble_timing.html"
Deleting file ".\CortexM0\ARM_GCC_493\Debug\.deps\C_FILE.P"
Deleting file ".\CortexM0\ARM_GCC_493\Debug\.deps\ARM_C_FILE.P"
Deleting file ".\CortexM0\ARM_GCC_493\Debug\.deps\GNU_ARM_ASM_FILE.P"
--------------- Clean Succeeded: 02/26/2016 05:45:46 ---------------
