--------------- Rebuild Started: 02/26/2016 06:00:55 Project: 145capsenseled-ble, Configuration: ARM GCC 4.9-2015-q1-update Debug ---------------
cydsfit.exe -.appdatapath "C:\Users\Alan\AppData\Local\Cypress Semiconductor\PSoC Creator\3.3" -.fdsnotice -.fdswarpdepfile=warp_dependencies.txt -.fdselabdepfile=elab_dependencies.txt -.fdsbldfile=generated_files.txt -p "\\vmware-host\Shared Folders\Documents\BLEIOSAPP\PSoC_Creator\capsenseled\145capsenseled-ble.cydsn\145capsenseled-ble.cyprj" -d CYBLE-022001-00 -s "\\vmware-host\Shared Folders\Documents\BLEIOSAPP\PSoC_Creator\capsenseled\145capsenseled-ble.cydsn\Generated_Source\PSoC4" -- -yv2 -q10 -ygs -o2 -v3 -.fftcfgtype=LE
Elaborating Design...
HDL Generation ...
Synthesis ...
Place and Route ...
Tech mapping ...
Analog Placement ...
Analog Routing ...
Analog Code Generation ...
Digital Placement ...
Digital Routing ...
Bitstream Generation ...
Static timing analysis ...
API Generation ...
Dependency Generation ...
Clean Temporary Files ...
arm-none-eabi-gcc.exe -mcpu=cortex-m0 -mthumb -Wno-main -I. -IGenerated_Source\PSoC4 -Wa,-alh=.\CortexM0\ARM_GCC_493\Debug/main.lst -g -D DEBUG -Wall -ffunction-sections -O0 -ffat-lto-objects -c .\main.c -o .\CortexM0\ARM_GCC_493\Debug\main.o
arm-none-eabi-gcc.exe -mcpu=cortex-m0 -mthumb -Wno-main -I. -IGenerated_Source\PSoC4 -Wa,-alh=.\CortexM0\ARM_GCC_493\Debug/cyfitter_cfg.lst -g -D DEBUG -Wall -ffunction-sections -O0 -ffat-lto-objects -c .\Generated_Source\PSoC4\cyfitter_cfg.c -o .\CortexM0\ARM_GCC_493\Debug\cyfitter_cfg.o
arm-none-eabi-gcc.exe -mcpu=cortex-m0 -mthumb -Wno-main -I. -IGenerated_Source\PSoC4 -Wa,-alh=.\CortexM0\ARM_GCC_493\Debug/cymetadata.lst -g -D DEBUG -Wall -ffunction-sections -O0 -ffat-lto-objects -c .\Generated_Source\PSoC4\cymetadata.c -o .\CortexM0\ARM_GCC_493\Debug\cymetadata.o
arm-none-eabi-gcc.exe -mcpu=cortex-m0 -mthumb -Wno-main -I. -IGenerated_Source\PSoC4 -Wa,-alh=.\CortexM0\ARM_GCC_493\Debug/ble.lst -g -D DEBUG -Wall -ffunction-sections -O0 -ffat-lto-objects -c .\Generated_Source\PSoC4\ble.c -o .\CortexM0\ARM_GCC_493\Debug\ble.o
arm-none-eabi-gcc.exe -mcpu=cortex-m0 -mthumb -Wno-main -I. -IGenerated_Source\PSoC4 -Wa,-alh=.\CortexM0\ARM_GCC_493\Debug/ble_gatt.lst -g -D DEBUG -Wall -ffunction-sections -O0 -ffat-lto-objects -c .\Generated_Source\PSoC4\ble_gatt.c -o .\CortexM0\ARM_GCC_493\Debug\ble_gatt.o
arm-none-eabi-gcc.exe -mcpu=cortex-m0 -mthumb -Wno-main -I. -IGenerated_Source\PSoC4 -Wa,-alh=.\CortexM0\ARM_GCC_493\Debug/ble_eventHandler.lst -g -D DEBUG -Wall -ffunction-sections -O0 -ffat-lto-objects -c .\Generated_Source\PSoC4\ble_eventHandler.c -o .\CortexM0\ARM_GCC_493\Debug\ble_eventHandler.o
arm-none-eabi-gcc.exe -mcpu=cortex-m0 -mthumb -Wno-main -I. -IGenerated_Source\PSoC4 -Wa,-alh=.\CortexM0\ARM_GCC_493\Debug/ble_HAL_INT.lst -g -D DEBUG -Wall -ffunction-sections -O0 -ffat-lto-objects -c .\Generated_Source\PSoC4\ble_HAL_INT.c -o .\CortexM0\ARM_GCC_493\Debug\ble_HAL_INT.o
arm-none-eabi-gcc.exe -mcpu=cortex-m0 -mthumb -Wno-main -I. -IGenerated_Source\PSoC4 -Wa,-alh=.\CortexM0\ARM_GCC_493\Debug/ble_HAL_PVT.lst -g -D DEBUG -Wall -ffunction-sections -O0 -ffat-lto-objects -c .\Generated_Source\PSoC4\ble_HAL_PVT.c -o .\CortexM0\ARM_GCC_493\Debug\ble_HAL_PVT.o
arm-none-eabi-gcc.exe -mcpu=cortex-m0 -mthumb -Wno-main -I. -IGenerated_Source\PSoC4 -Wa,-alh=.\CortexM0\ARM_GCC_493\Debug/ble_custom.lst -g -D DEBUG -Wall -ffunction-sections -O0 -ffat-lto-objects -c .\Generated_Source\PSoC4\ble_custom.c -o .\CortexM0\ARM_GCC_493\Debug\ble_custom.o
arm-none-eabi-gcc.exe -mcpu=cortex-m0 -mthumb -Wno-main -I. -IGenerated_Source\PSoC4 -Wa,-alh=.\CortexM0\ARM_GCC_493\Debug/uart.lst -g -D DEBUG -Wall -ffunction-sections -O0 -ffat-lto-objects -c .\Generated_Source\PSoC4\uart.c -o .\CortexM0\ARM_GCC_493\Debug\uart.o
arm-none-eabi-gcc.exe -mcpu=cortex-m0 -mthumb -Wno-main -I. -IGenerated_Source\PSoC4 -Wa,-alh=.\CortexM0\ARM_GCC_493\Debug/uart_SPI_UART.lst -g -D DEBUG -Wall -ffunction-sections -O0 -ffat-lto-objects -c .\Generated_Source\PSoC4\uart_SPI_UART.c -o .\CortexM0\ARM_GCC_493\Debug\uart_SPI_UART.o
arm-none-eabi-gcc.exe -mcpu=cortex-m0 -mthumb -Wno-main -I. -IGenerated_Source\PSoC4 -Wa,-alh=.\CortexM0\ARM_GCC_493\Debug/uart_SPI_UART_INT.lst -g -D DEBUG -Wall -ffunction-sections -O0 -ffat-lto-objects -c .\Generated_Source\PSoC4\uart_SPI_UART_INT.c -o .\CortexM0\ARM_GCC_493\Debug\uart_SPI_UART_INT.o
arm-none-eabi-gcc.exe -mcpu=cortex-m0 -mthumb -Wno-main -I. -IGenerated_Source\PSoC4 -Wa,-alh=.\CortexM0\ARM_GCC_493\Debug/uart_PM.lst -g -D DEBUG -Wall -ffunction-sections -O0 -ffat-lto-objects -c .\Generated_Source\PSoC4\uart_PM.c -o .\CortexM0\ARM_GCC_493\Debug\uart_PM.o
arm-none-eabi-gcc.exe -mcpu=cortex-m0 -mthumb -Wno-main -I. -IGenerated_Source\PSoC4 -Wa,-alh=.\CortexM0\ARM_GCC_493\Debug/uart_UART.lst -g -D DEBUG -Wall -ffunction-sections -O0 -ffat-lto-objects -c .\Generated_Source\PSoC4\uart_UART.c -o .\CortexM0\ARM_GCC_493\Debug\uart_UART.o
arm-none-eabi-gcc.exe -mcpu=cortex-m0 -mthumb -Wno-main -I. -IGenerated_Source\PSoC4 -Wa,-alh=.\CortexM0\ARM_GCC_493\Debug/uart_BOOT.lst -g -D DEBUG -Wall -ffunction-sections -O0 -ffat-lto-objects -c .\Generated_Source\PSoC4\uart_BOOT.c -o .\CortexM0\ARM_GCC_493\Debug\uart_BOOT.o
arm-none-eabi-gcc.exe -mcpu=cortex-m0 -mthumb -Wno-main -I. -IGenerated_Source\PSoC4 -Wa,-alh=.\CortexM0\ARM_GCC_493\Debug/uart_UART_BOOT.lst -g -D DEBUG -Wall -ffunction-sections -O0 -ffat-lto-objects -c .\Generated_Source\PSoC4\uart_UART_BOOT.c -o .\CortexM0\ARM_GCC_493\Debug\uart_UART_BOOT.o
arm-none-eabi-gcc.exe -mcpu=cortex-m0 -mthumb -Wno-main -I. -IGenerated_Source\PSoC4 -Wa,-alh=.\CortexM0\ARM_GCC_493\Debug/ble_bless_isr.lst -g -D DEBUG -Wall -ffunction-sections -O0 -ffat-lto-objects -c .\Generated_Source\PSoC4\ble_bless_isr.c -o .\CortexM0\ARM_GCC_493\Debug\ble_bless_isr.o
arm-none-eabi-gcc.exe -mcpu=cortex-m0 -mthumb -Wno-main -I. -IGenerated_Source\PSoC4 -Wa,-alh=.\CortexM0\ARM_GCC_493\Debug/uart_SCBCLK.lst -g -D DEBUG -Wall -ffunction-sections -O0 -ffat-lto-objects -c .\Generated_Source\PSoC4\uart_SCBCLK.c -o .\CortexM0\ARM_GCC_493\Debug\uart_SCBCLK.o
arm-none-eabi-gcc.exe -mcpu=cortex-m0 -mthumb -Wno-main -I. -IGenerated_Source\PSoC4 -Wa,-alh=.\CortexM0\ARM_GCC_493\Debug/uart_tx.lst -g -D DEBUG -Wall -ffunction-sections -O0 -ffat-lto-objects -c .\Generated_Source\PSoC4\uart_tx.c -o .\CortexM0\ARM_GCC_493\Debug\uart_tx.o
arm-none-eabi-gcc.exe -mcpu=cortex-m0 -mthumb -Wno-main -I. -IGenerated_Source\PSoC4 -Wa,-alh=.\CortexM0\ARM_GCC_493\Debug/uart_tx_PM.lst -g -D DEBUG -Wall -ffunction-sections -O0 -ffat-lto-objects -c .\Generated_Source\PSoC4\uart_tx_PM.c -o .\CortexM0\ARM_GCC_493\Debug\uart_tx_PM.o
arm-none-eabi-gcc.exe -mcpu=cortex-m0 -mthumb -Wno-main -I. -IGenerated_Source\PSoC4 -Wa,-alh=.\CortexM0\ARM_GCC_493\Debug/uart_rx.lst -g -D DEBUG -Wall -ffunction-sections -O0 -ffat-lto-objects -c .\Generated_Source\PSoC4\uart_rx.c -o .\CortexM0\ARM_GCC_493\Debug\uart_rx.o
arm-none-eabi-gcc.exe -mcpu=cortex-m0 -mthumb -Wno-main -I. -IGenerated_Source\PSoC4 -Wa,-alh=.\CortexM0\ARM_GCC_493\Debug/uart_rx_PM.lst -g -D DEBUG -Wall -ffunction-sections -O0 -ffat-lto-objects -c .\Generated_Source\PSoC4\uart_rx_PM.c -o .\CortexM0\ARM_GCC_493\Debug\uart_rx_PM.o
arm-none-eabi-gcc.exe -mcpu=cortex-m0 -mthumb -Wno-main -I. -IGenerated_Source\PSoC4 -Wa,-alh=.\CortexM0\ARM_GCC_493\Debug/Cm0Start.lst -g -D DEBUG -Wall -ffunction-sections -O0 -ffat-lto-objects -c .\Generated_Source\PSoC4\Cm0Start.c -o .\CortexM0\ARM_GCC_493\Debug\Cm0Start.o
arm-none-eabi-as.exe -mcpu=cortex-m0 -mthumb -I. -IGenerated_Source\PSoC4 -alh=.\CortexM0\ARM_GCC_493\Debug/CyBootAsmGnu.lst -g -W -o .\CortexM0\ARM_GCC_493\Debug\CyBootAsmGnu.o .\Generated_Source\PSoC4\CyBootAsmGnu.s
arm-none-eabi-gcc.exe -mcpu=cortex-m0 -mthumb -Wno-main -I. -IGenerated_Source\PSoC4 -Wa,-alh=.\CortexM0\ARM_GCC_493\Debug/CyFlash.lst -g -D DEBUG -Wall -ffunction-sections -O0 -ffat-lto-objects -c .\Generated_Source\PSoC4\CyFlash.c -o .\CortexM0\ARM_GCC_493\Debug\CyFlash.o
arm-none-eabi-gcc.exe -mcpu=cortex-m0 -mthumb -Wno-main -I. -IGenerated_Source\PSoC4 -Wa,-alh=.\CortexM0\ARM_GCC_493\Debug/CyLib.lst -g -D DEBUG -Wall -ffunction-sections -O0 -ffat-lto-objects -c .\Generated_Source\PSoC4\CyLib.c -o .\CortexM0\ARM_GCC_493\Debug\CyLib.o
arm-none-eabi-gcc.exe -mcpu=cortex-m0 -mthumb -Wno-main -I. -IGenerated_Source\PSoC4 -Wa,-alh=.\CortexM0\ARM_GCC_493\Debug/cyPm.lst -g -D DEBUG -Wall -ffunction-sections -O0 -ffat-lto-objects -c .\Generated_Source\PSoC4\cyPm.c -o .\CortexM0\ARM_GCC_493\Debug\cyPm.o
arm-none-eabi-gcc.exe -mcpu=cortex-m0 -mthumb -Wno-main -I. -IGenerated_Source\PSoC4 -Wa,-alh=.\CortexM0\ARM_GCC_493\Debug/cyutils.lst -g -D DEBUG -Wall -ffunction-sections -O0 -ffat-lto-objects -c .\Generated_Source\PSoC4\cyutils.c -o .\CortexM0\ARM_GCC_493\Debug\cyutils.o
arm-none-eabi-gcc.exe -mcpu=cortex-m0 -mthumb -Wno-main -I. -IGenerated_Source\PSoC4 -Wa,-alh=.\CortexM0\ARM_GCC_493\Debug/CyLFClk.lst -g -D DEBUG -Wall -ffunction-sections -O0 -ffat-lto-objects -c .\Generated_Source\PSoC4\CyLFClk.c -o .\CortexM0\ARM_GCC_493\Debug\CyLFClk.o
arm-none-eabi-ar.exe -rs .\CortexM0\ARM_GCC_493\Debug\145capsenseled-ble.a .\CortexM0\ARM_GCC_493\Debug\cyfitter_cfg.o .\CortexM0\ARM_GCC_493\Debug\ble.o .\CortexM0\ARM_GCC_493\Debug\ble_gatt.o .\CortexM0\ARM_GCC_493\Debug\ble_eventHandler.o .\CortexM0\ARM_GCC_493\Debug\ble_HAL_INT.o .\CortexM0\ARM_GCC_493\Debug\ble_HAL_PVT.o .\CortexM0\ARM_GCC_493\Debug\ble_custom.o .\CortexM0\ARM_GCC_493\Debug\uart.o .\CortexM0\ARM_GCC_493\Debug\uart_SPI_UART.o .\CortexM0\ARM_GCC_493\Debug\uart_SPI_UART_INT.o .\CortexM0\ARM_GCC_493\Debug\uart_PM.o .\CortexM0\ARM_GCC_493\Debug\uart_UART.o .\CortexM0\ARM_GCC_493\Debug\uart_BOOT.o .\CortexM0\ARM_GCC_493\Debug\uart_UART_BOOT.o .\CortexM0\ARM_GCC_493\Debug\ble_bless_isr.o .\CortexM0\ARM_GCC_493\Debug\uart_SCBCLK.o .\CortexM0\ARM_GCC_493\Debug\uart_tx.o .\CortexM0\ARM_GCC_493\Debug\uart_tx_PM.o .\CortexM0\ARM_GCC_493\Debug\uart_rx.o .\CortexM0\ARM_GCC_493\Debug\uart_rx_PM.o .\CortexM0\ARM_GCC_493\Debug\CyBootAsmGnu.o .\CortexM0\ARM_GCC_493\Debug\CyFlash.o .\CortexM0\ARM_GCC_493\Debug\CyLib.o .\CortexM0\ARM_GCC_493\Debug\cyPm.o .\CortexM0\ARM_GCC_493\Debug\cyutils.o .\CortexM0\ARM_GCC_493\Debug\CyLFClk.o
arm-none-eabi-ar.exe: creating .\CortexM0\ARM_GCC_493\Debug\145capsenseled-ble.a
arm-none-eabi-gcc.exe -Wl,--start-group -o .\CortexM0\ARM_GCC_493\Debug\145capsenseled-ble.elf .\CortexM0\ARM_GCC_493\Debug\main.o .\CortexM0\ARM_GCC_493\Debug\cymetadata.o .\CortexM0\ARM_GCC_493\Debug\Cm0Start.o .\CortexM0\ARM_GCC_493\Debug\145capsenseled-ble.a "C:\Program Files (x86)\Cypress\PSoC Creator\3.3\PSoC Creator\psoc\content\cycomponentlibrary\CyComponentLibrary.cylib\BLE_v2_30\Library\gccCyBLEStack_BLE_SOC_PERIPHERAL.a" "C:\Program Files (x86)\Cypress\PSoC Creator\3.3\PSoC Creator\psoc\content\cycomponentlibrary\CyComponentLibrary.cylib\CortexM0\ARM_GCC_493\Debug\CyComponentLibrary.a" -mcpu=cortex-m0 -mthumb -g -ffunction-sections -O0 -L Generated_Source\PSoC4 -Wl,-Map,.\CortexM0\ARM_GCC_493\Debug/145capsenseled-ble.map -T Generated_Source\PSoC4\cm0gcc.ld -specs=nano.specs -Wl,--gc-sections -Wl,--end-group
cyelftool.exe -C "\\vmware-host\Shared Folders\Documents\BLEIOSAPP\PSoC_Creator\capsenseled\145capsenseled-ble.cydsn\CortexM0\ARM_GCC_493\Debug\145capsenseled-ble.elf" --flash_row_size 128 --flash_size 131072
cyelftool.exe -S "\\vmware-host\Shared Folders\Documents\BLEIOSAPP\PSoC_Creator\capsenseled\145capsenseled-ble.cydsn\CortexM0\ARM_GCC_493\Debug\145capsenseled-ble.elf"
Flash used: 75648 of 131072 bytes (57.7 %).
SRAM used: 9844 of 16384 bytes (60.1 %). Stack: 2048 bytes. Heap: 128 bytes.
--------------- Rebuild Succeeded: 02/26/2016 06:01:23 ---------------
